[array([-0.47888735,  4.34330522, -6.63482658,  5.02591244]), 99993.75672816801, 26.614034803428716]
[array([-1.82767397,  0.02380655, -6.20687914,  2.81703831]), 99993.25695576577, 22.60092613433823]
[array([-3.98579931,  0.95057947, -4.2098704 ,  5.15631436]), -4.063660365641173, 4.274005999110802]
[array([-1.95769112,  4.6192831 , -2.1340801 ,  1.53394902]), -4.867824351483576, 8.032017585601182]
[array([-3.18070652, -4.94029043, -8.11202266,  4.64185884]), -9.150046616763335, 11.965756270170145]
[array([-2.03118175, -2.79454405, -1.83699264, -2.22624365]), -3.1441451662314464, 3.4094556102719684]
[array([-0.70510222,  0.54325155, -4.07234363, -0.86688846]), 99993.40341782672, 24.674592778357244]
[array([-3.00764261, -2.70619677, -8.15993216,  0.75302693]), 99993.38022131057, 23.425784764052032]
[array([-7.79794572, -4.64733738, -9.6771477 ,  6.77496193]), -6.633248729158819, 7.155183828667108]
[array([-0.50517213, -4.55891234, -5.39826533,  2.5732112 ]), -8.425216110755375, 13.363132666104697]
[array([-1.9951663 , -0.55636453, -5.70143973,  5.07241653]), -8.475757195619225, 12.683796751727396]
[array([-1.71860647, -0.49087412, -5.28937021,  4.90774599]), -8.44671240166832, 12.645321928401843]
[array([-4.84461651, -0.38463589, -8.81442474,  5.37642447]), -8.392758978831093, 13.114502716266893]
[array([-1.36673262, -3.77051646, -8.63459855,  3.22314459]), 99993.1606666584, 20.29084459681309]
[array([-0.3720545 , -8.53233813, -8.31255656,  5.95406498]), -9.282372254816277, 12.470990672853759]
[array([ 0.91985378, -2.09566266, -5.78017712,  3.8911901 ]), 99993.24725594018, 21.460098152147005]
[array([ 1.96273312e+00,  5.40874980e-03, -8.35341089e+00,  1.55318245e+00]), 99993.79010730289, 26.850021851751322]
[array([-2.5634477 , -1.76997914, -8.421348  ,  4.2619378 ]), -7.200436430427218, 18.258920809205186]
[array([-2.57563724,  0.34917042, -6.56842894,  4.85836455]), -7.7556593874368644, 15.656847575354853]
[array([-1.40172942, -2.37646795, -3.52078306,  6.76432033]), -7.3895071234011835, 8.279478301054118]
[array([ 1.840203  , -0.22874557, -5.19305794,  3.42860368]), 99993.70951337375, 26.13423077426713]
[array([-3.79289652, -6.83272426, -5.05576932,  1.00178299]), -6.11774856313513, 6.5990560284233375]
[array([-0.48534722,  0.2743948 , -6.61134554,  5.35157609]), 99993.29603497525, 22.23864153725661]
[array([ 0.43708762, -7.16893652, -5.68504382,  2.31450253]), -8.654297807495277, 13.098229466311848]
[array([-2.09046112, -7.80726963, -9.65343039,  4.84882552]), -8.999627742121202, 12.737195144625208]
[array([ 2.33098231, -4.22258769, -8.18845306,  5.3021254 ]), 99993.52293798362, 22.99736285894918]
[array([ 1.23185708, -9.58839035, -7.82771653,  6.01580494]), -9.154864825072556, 12.656929482430302]
[array([ 3.50701369, -5.12394249, -1.24624611,  8.25133819]), -9.037614276354736, 10.85550367810691]
[array([ 1.36327357, -8.36932107, -6.02223327,  4.358199  ]), -9.094588630447086, 12.6170336922481]
[array([-2.42216006,  7.75582367, -5.17695202,  4.82674335]), -7.057879256482421, 23.17074681575342]
[array([-0.58785635, -9.83621915, -4.84000639,  8.01239944]), -8.205990481379658, 9.306277749493056]
[array([ -1.87995704,  -2.69692702, -10.88499446,   4.82784096]), 99993.55977017267, 23.97468071412872]
[array([-1.17283798, -5.25646829, -3.80230327,  7.37386504]), -7.470873184513484, 8.291583590419947]
[array([  2.72339194, -10.45492534,  -3.86290694,  10.60320129]), -9.002738009412715, 10.64593840301835]
[array([ 0.60984748, -7.42424007, -7.6770128 , 11.82726543]), -9.494256652716684, 11.88579772131082]
[array([ 6.50418626, -8.51219385, -6.79592128,  1.5269815 ]), 99993.7570048819, 26.31018639923385]
[array([  4.77016314, -10.72308853,  -8.57854645,   4.74923622]), 99993.04080957288, 16.820216574773635]
[array([-3.86431339, -3.45074756, -6.18956481,  5.23654407]), -7.759283965165279, 8.848611084402847]
[array([ 5.25072236, -8.24774178, -2.08171573,  6.45495016]), -9.411901676399836, 12.210809229526943]
[array([ 5.53700753, -4.74528376, -3.76942818,  5.67010011]), 99992.93197069704, 17.31638688930903]
[array([ -2.54897954, -10.83567181,  -3.54499204,   7.21425839]), -4.5340206220365, 4.520941501632902]
[array([  1.02864844, -13.98521711,  -7.85949245,   5.5408359 ]), -9.533952157483391, 12.082392420554878]
[array([  3.7741189 , -10.9008267 ,  -6.28828132,   4.72714834]), -8.717187705368888, 13.103955740713184]
[array([ 0.05989631, -9.41544442, -9.08098001,  3.72049045]), -8.270339465095486, 13.802875473129248]
[array([ -1.50590517, -15.77635763, -10.64833512,  10.63441925]), -9.254651584530821, 11.162663824529634]
[array([-1.08369121, -6.40162661, -5.77766469,  6.83133269]), -9.025845278217663, 10.835935871269777]
[array([ -1.16361451, -17.2096249 , -10.74844259,  14.92504476]), -8.966013448597849, 10.583357202067516]
[array([ 1.39134312, -2.41041158, -4.07430743,  5.31565074]), -8.304105517045366, 13.730129510422465]
[array([  8.03225534, -11.06950691,  -2.52928393,  11.41418753]), -9.58704649585019, 12.232921434635212]
[array([ 2.05317734, -7.37342594, -4.63118942,  7.06048834]), -9.415069348976962, 11.965742712778162]
[array([  7.34748785, -19.33490463,  -5.96036481,  10.7064122 ]), -9.654664615894974, 12.135028730906438]
[array([  5.21865547, -12.61158923,  -4.17607194,   9.55156617]), -9.526804843729272, 11.891679271532183]
[array([ -0.27821276, -20.35845574,  -5.06627645,  -1.50145704]), -8.42866616419172, 9.646187855375041]
[array([ 12.77867794, -40.25233241,  -9.48352063,  14.14719614]), -9.611310823814975, 11.969852316179065]
[array([ 16.2648435 , -19.93553981,  -7.63433499,  17.13801043]), -8.819655125618544, 12.708168600398919]
[array([  7.40901482, -10.15980337,  -8.94674578,   9.90017403]), 99992.93367474317, 16.279508304694026]
[array([ 7.45549554, -9.7977596 , -6.49989444, 11.92815024]), -8.778229805680201, 12.934070530964648]
[array([ 3.72330129, -8.87797738, -6.6894626 , 11.87068942]), -9.530536915679104, 12.381728887110963]
[array([ 6.25945738, -1.22384008, -7.6764268 , 12.47408163]), 99993.47784744235, 21.26364247959379]
[array([  5.7636747 , -16.58506544,  -8.45723068,  13.6388808 ]), -9.674170273706391, 12.311126209906252]
[array([-2.12969359, -8.46864669, -2.31201779,  9.59338429]), -3.4483888584596354, 3.3590505549207053]
[array([ 11.36224901, -17.09782817,   0.76752553,  10.41711963]), -9.449786428811084, 11.602100585178437]
[array([ 24.95710507, -41.25488215,  -4.19716771,  23.88534259]), -9.848980639231879, 12.26796117812924]
[array([ 12.95442976, -24.01352257,  -1.23666624,  10.52152583]), -9.590033687648068, 11.907953862703701]
[array([ 14.70669215, -25.60219898,  -3.32042898,  20.66916169]), -9.518148844649412, 11.761387927392166]
[array([ 14.99499166, -23.41813343,  -4.49703255,  15.58873808]), -9.660950729188478, 12.485877795098917]
[array([  5.79988516, -16.66714783, -11.2227316 ,  21.04029861]), -9.729622912754039, 12.234235004181219]
[array([ 2.19265111, -9.12849779, -2.80653543,  4.00078772]), -9.153815990108086, 11.132204798894874]
[array([  5.75859525, -29.43437209, -12.65275546,  14.6059826 ]), -9.64805112211556, 12.017279098186394]
[array([  8.39103503, -26.04039368, -13.62633008,  10.41513264]), -9.13024725052416, 12.711795644668081]
[array([ 16.07770101, -30.60357086,  -7.04101365,  19.93866503]), -9.813699581551052, 12.297180526196646]
[array([  8.27772506, -18.62241822,  -7.4741608 ,  16.42987698]), -9.707122983080506, 12.209719242569442]
[array([  7.78949871, -15.55298917,  -6.64874816,  18.24689913]), -9.644273718802285, 12.0418534261212]
[array([-0.90536645, -3.48681492, -7.31539219, -1.35372737]), 99993.73686093016, 26.432506507012558]
[array([ 38.09903485, -60.78486891,  -8.32065501,  40.40932678]), -9.981985412106088, 12.317398791016446]
[array([ 22.25498835, -42.78368522,  -5.43757412,  27.53411935]), -9.52176261842289, 11.859928733116275]
[array([ 34.44639654, -27.89609985,  -4.26208771,  33.59783232]), -8.97656754346605, 12.678232913322587]
[array([ 27.63914632, -53.04835184, -14.85881608,  42.19545055]), -9.901146624044726, 12.278192183701476]
[array([ 10.45818051, -28.59072774, -11.59389006,  18.63723546]), -9.793187006091323, 12.338198605192968]
[array([-1.40797526,  1.45570984, -6.33824712, 11.63025099]), -9.208487915538132, 11.800460844015758]
[array([ 16.32934402, -40.01759902,  -8.43410358,  24.57615496]), -9.484266896650851, 11.74988077554584]
[array([ 21.0171581 , -36.30574875,  -5.8457587 ,  23.7785333 ]), -9.830581440295724, 12.260038634301369]
[array([ 60.57271755, -83.56819923,  -2.95422491,  49.41526964]), -9.912394961576059, 12.378357312484262]
[array([ 28.95106386, -76.40709412, -20.78553226,  42.77289495]), -9.634600173997818, 12.08825693707775]
[array([ 38.48838246, -48.57143876,   6.51945926,  32.61417106]), -9.511452450713508, 11.875520712438828]
[array([ 46.86272792, -89.82210445, -15.06061723,  41.71447954]), -9.991897112554959, 12.37013742071791]
[array([ 28.98086716, -33.67164638,   6.02824698,  22.65032347]), -9.601745318886442, 11.958449126631974]
[array([ 24.38348393, -34.10074884, -10.71222092,  36.31530388]), -9.67809350763068, 12.486732744849528]
[array([ 30.10911132, -40.70580622,  -3.35014561,  31.31947567]), -9.901815275287232, 12.33682947664951]
[array([ 5.95495338e+01, -7.87181114e+01,  4.86929030e-03,  5.15045881e+01]), -10.023654471185656, 12.306653159592585]
[array([ 38.60575413, -71.57877256,  -0.36648596,  29.0753636 ]), -9.466413574646845, 11.850544119375021]
[array([ 17.85599959, -36.84764316, -13.21626015,  23.80248839]), -9.613526824583932, 12.575858355773768]
[array([ 43.48582815, -16.56248635,   5.31602581,  41.96751137]), -8.772532626636085, 12.621066378354952]
[array([ 38.17227991, -57.75146246,  -3.20067122,  42.45255212]), -9.611752570566434, 12.038346560654075]
[array([ 71.9357534 , -83.40831802,   7.55764027,  30.13905057]), -9.424888562961486, 12.703700928966676]
[array([ 42.70749029, -34.87376007, -16.51875127,  34.07361366]), 99993.28050631509, 17.342941890860434]
[array([ 7.55786711e+01, -1.27657111e+02,  1.12673447e-01,  5.49243109e+01]), -9.595729793999919, 12.015123254349305]
[array([ 68.91941405, -72.05145396,  -7.09502892,  51.24640258]), -9.130867133650032, 12.775732925662428]
[array([ 32.83022815, -75.14857184, -14.70773625,  66.46036444]), -9.353306282576302, 11.199125017753124]
[array([ 48.95801529, -86.6012885 , -19.56479476,  53.43265727]), -9.702437571338496, 12.376098579571742]
[array([  87.34154098, -127.50178808,  -12.31875634,   80.28838813]), -9.92914203905869, 12.384375681967343]
[array([ 40.83299196, -49.52736393,   1.64979283,  45.52665984]), -9.60946799064752, 12.031690553598915]
