[array([-1.24662185,  3.92370156, -4.27873987, -0.33700107]), -7.242814335071006, 23.67707032359554]
[array([ 0.88083957,  1.67761378, -1.40004852,  0.50383569]), -6.960390395701935, 20.992737765853377]
[array([-0.51653099,  0.6090951 , -7.16969314, -0.98460949]), 99993.7726541293, 26.76997574170799]
[array([-0.23672169, -2.11833687, -7.70575193,  1.89599256]), 99993.721836166, 26.22062266915883]
[array([ 0.79024478, -0.10128648, -5.30648816,  2.70900195]), 99993.678373293, 25.931996970604587]
[array([-3.90194051,  0.33543242, -4.01128545,  1.68258588]), -4.009253270399316, 4.366944492659533]
[array([-2.36337746,  0.23581088, -3.60044336, -0.21036464]), -6.727884805636528, 13.328870436725216]
[array([-1.92017332,  4.49907303, -5.75668269,  1.65992874]), 99993.39863501657, 25.45773170342617]
[array([-1.02546848,  4.49728518, -3.16036159, -0.9857089 ]), -7.654524416654406, 20.370195796251107]
[array([ 1.59138387,  6.58713716, -3.48130174,  2.9696806 ]), 99993.60293065381, 26.372782769737828]
[array([-6.04519991,  2.10075739, -6.2267717 ,  0.9734459 ]), -4.542760146458952, 6.422995306705148]
[array([-2.28364471, -0.24318355, -7.2641206 ,  5.53028579]), -7.677627977011147, 15.91010791763927]
[array([-0.47307187,  3.64940524, -4.29945441, -0.8323811 ]), 99993.06444378557, 25.126708265840914]
[array([-6.76177901,  1.90147914, -9.44050306,  4.41858252]), -7.591004324853888, 15.43652395609568]
[array([0.31895263, 5.45426285, 0.7802089 , 0.01328861]), -3.501012515951906, 5.637706058660406]
[array([ 0.33869795,  3.52738577, -6.94177027, -0.93497125]), 99993.7536297887, 26.783855976508445]
[array([ -5.94700886,   2.92949439, -11.27482457,   8.34428153]), -7.256335015790336, 18.18543983810609]
[array([ 2.67519538,  5.42151796, -6.01267102,  5.04834684]), 99993.78871746587, 26.842482969921107]
[array([-3.79595168,  3.23356238, -7.60692278,  4.28404556]), 99993.43117595883, 24.108199106515794]
[array([-3.67443387, -0.0515971 , -9.39687656,  4.86523939]), 99993.17284036537, 21.323150985262473]
[array([-2.2898938 ,  2.11299921, -5.20763969,  2.52197619]), 99993.20737098846, 22.117279870060162]
[array([-5.7220279 , -2.98935444, -5.22899633,  1.45548189]), 99997.77654513065, 2.2671558466704305]
[array([-0.67847144, -2.82485164, -2.99942884,  1.45900473]), -8.169612503202313, 10.68087581049305]
[array([-2.53409504,  1.38737337, -4.09500743,  4.64176755]), -7.372553511373897, 9.135671229588203]
[array([-2.78188831,  7.42543245, -4.22943054,  0.82918148]), -7.3775626402316, 16.82883630203116]
[array([ -5.43559983,   1.21233959, -10.05524891,   5.84759428]), -7.361554224317726, 17.835376397077248]
[array([-2.49880008,  3.61668236, -2.33623337,  0.80534421]), -3.793920639792729, 5.686836663412306]
[array([-0.46789602, -0.29925926, -2.73560285,  0.26206331]), -7.059800559570369, 18.55561255012649]
[array([-0.30980381,  4.69754373, -0.34758406, -3.51444072]), -5.07718726033558, 9.333744552145344]
[array([-1.85135772,  2.58240503, -3.92850303,  4.55465025]), -7.5182579057488645, 13.591535617956625]
[array([-1.1329441 ,  0.783061  , -3.65619407,  3.45147844]), -7.71843344193471, 14.17128284408812]
[array([-4.53213817,  0.58438427, -8.48376385,  1.87525653]), 99993.43824745313, 24.152329055091627]
[array([ 0.07433609, -1.28573501, -2.51746152,  0.28916391]), -7.234852075218178, 17.84502902877425]
[array([-0.68315623, -1.3517105 , -4.50092934,  1.40272568]), -7.018650453568927, 20.495308670984738]
[array([-2.27629659,  3.87902059, -4.30976845,  0.55088011]), -7.366224862679955, 20.2868212843249]
[array([-0.54025642, -0.54862395, -4.90929986,  1.99927317]), 99993.32168666982, 23.13745754331672]
[array([-3.09393497, -0.79491196, -3.54659669,  6.42276824]), -4.402144113994612, 4.555030957547044]
[array([-1.55449231,  1.99131925, -3.29220804,  2.24126654]), -7.047467202445349, 15.748148059182903]
[array([-2.88543242,  1.31717702, -5.76274718,  2.21509685]), -6.899973918931678, 21.083614661311795]
[array([-2.39429011,  2.67861385, -5.76532992,  4.32959806]), 99993.12985238062, 21.58937331205778]
[array([-1.52287085,  2.99961025, -2.81741871, -1.1750127 ]), -7.170429716534574, 16.145652515879593]
[array([-2.61265647,  4.49378732, -2.63935355,  5.31690471]), -3.8080187016259366, 4.207012424547105]
[array([-0.35128475,  2.80992185, -5.86787197,  1.99768403]), 99993.74047251775, 26.56491400811994]
[array([-4.06543283,  0.57992304, -9.52136876,  6.3250871 ]), -7.326569232744696, 17.65289082083857]
[array([-3.50199605, -0.39400924, -9.51396787,  2.2702854 ]), 99993.67983914398, 25.953977383292155]
[array([-3.05303379,  3.87764348, -7.24200851, -0.21647673]), 99993.29983803185, 25.661262485747258]
[array([-4.51917399,  0.21500346, -5.88069101,  3.7523206 ]), -7.017923068354854, 8.274160527927872]
[array([-0.11609842,  2.24634173, -1.49592859,  3.82863678]), -7.033759402580003, 10.391187271776998]
[array([-0.75808474, -2.96888917, -6.77079708,  5.21092601]), -8.124317451793807, 14.183059256175293]
[array([-3.88793075,  3.72927754, -5.24871095,  6.05288493]), -7.066261450610952, 9.210989901960994]
[array([-1.57443832,  0.83244939, -5.22903706,  3.25508536]), -6.982417450481346, 20.76622365192443]
[array([-4.23919617,  1.11092187, -6.55187786,  5.82304481]), -8.198675815457388, 10.352988847157913]
[array([-2.59933817,  3.82776493, -1.98915215, -3.34974298]), -3.4677992800307837, 5.702957313084748]
[array([-4.65488625,  1.10679338, -9.05335504,  5.38887531]), -7.341161149392864, 18.050750403581564]
[array([-3.36410404, -3.66783326, -6.43787231,  5.3475967 ]), -8.52109418590836, 10.080188477014275]
[array([-0.54933023, -1.94832951, -4.40159589,  7.062938  ]), -8.99512262618225, 11.11571159720682]
[array([ -1.03229006,   0.16709211, -10.4194017 ,   7.04918946]), 99993.68990362185, 25.622736814728977]
[array([-1.74034942,  1.44564   , -5.22184416,  6.73915655]), -8.443638297306618, 12.561219274279415]
[array([-1.04467373,  1.52027932, -4.69203542,  8.70051273]), -8.883335733809396, 11.49669770596849]
[array([-1.31620062, -0.95303675, -5.51592799, 10.4480436 ]), -8.977245199592035, 10.821445583626463]
[array([-1.59395438, -1.2516918 , -8.39683749, 10.16681878]), -8.979120562298778, 12.697181801744637]
[array([-1.89048318, -0.69297537, -7.62093124,  7.52369158]), -8.349579587359536, 13.645918864571797]
[array([-2.88452675, -1.70351651, -9.98721747,  5.7761221 ]), 99992.90921427564, 18.28147041385669]
[array([-2.2154593 , -5.07287617, -8.20493824,  7.57269877]), -9.349982251493572, 11.937296034805719]
[array([-4.10877573, -3.29695787, -7.80656618,  5.46805883]), -8.94312885246586, 11.010143052378911]
[array([ 0.3937754 , -3.62818851, -4.84410873,  7.38797239]), -9.26389279772308, 11.818232600741228]
[array([-4.15405772, -0.60112055, -7.45074   ,  5.01288299]), -8.595748270237914, 11.849456322203528]
[array([-1.29329724, -2.01854406, -7.75471381, 10.62152771]), -9.323271839566113, 12.188293401889993]
[array([-2.18850102, -3.48730888, -8.76392135, 14.25882755]), -9.270061480091341, 11.262664271824773]
[array([-1.28291364, -3.59089836, -5.41699751, 13.51732775]), -8.219410544185346, 9.335789323329951]
[array([-0.49354649, -1.12110004, -5.03696981,  7.20242233]), -8.999695560955628, 12.057160548994467]
[array([-0.92610793, -5.67238538, -6.73465697,  8.53226445]), -9.308502947521937, 11.497127148806278]
[array([-0.80958385,  2.55271083, -5.5600788 ,  8.42687356]), -7.902972686052777, 14.964341047280293]
[array([ 0.05622461, -3.36817623, -5.47821552,  8.04542781]), -9.288717906715462, 11.92526793770849]
[array([-1.55490616, -7.25877321, -8.79434121,  8.11263097]), -9.446654924817576, 12.063382491775815]
[array([ 1.3522318 , -6.28721539, -4.11026445,  5.57041296]), -9.303475961999085, 11.778966963927148]
[array([ -4.80278551,  -4.08158875, -12.67174529,  12.34456329]), -9.47366099360207, 12.155192026392658]
[array([-1.8057544 , -4.10245853, -7.47112154, 11.52921693]), -9.173415731951525, 11.082878358418014]
[array([-4.5587047 , -2.89718905, -8.79593093,  6.34079267]), -9.100179145893211, 11.454004006384288]
[array([  2.64979001, -11.13760253,  -7.21478002,  11.81303783]), -9.551008122286717, 11.95424641528567]
[array([-0.38504731, -7.83733574, -4.72864275,  6.54761941]), -8.715458242974012, 10.202144548889413]
[array([-3.1427516 ,  0.0259449 , -8.37240198, 12.1429177 ]), -9.270841025174603, 11.556073858163332]
[array([ 1.01861506, -3.03181974, -3.25754141,  6.82864357]), -9.107889682602954, 11.317491971791084]
[array([ -2.2816809 ,  -5.61836573, -11.40566883,  10.59660799]), -9.257417862254412, 12.575020021763606]
[array([ 2.44291985, -6.24942847, -3.67681346,  8.40597713]), -9.349694990590335, 11.604092921712693]
[array([ -1.30633386, -14.04040009, -13.16514369,  12.48662437]), -9.625218043584221, 12.132478586359714]
[array([  2.71394405, -13.89394595,  -8.73731311,  11.17740668]), -9.617720752329477, 12.183291069706252]
[array([-0.19216811, -5.11175361, -8.27223853, 11.10902241]), -9.452954171716831, 12.26144934610528]
[array([-0.46658142, -9.39932328, -9.3597211 ,  4.92273276]), -8.878399269091787, 12.921755839402007]
[array([-0.7774575 , -9.18575525, -6.57064341,  8.50953287]), -9.033960777742983, 10.740437462439735]
[array([ 2.6279693 , -5.60148667, -4.91147838,  7.05755385]), -9.011099922228823, 12.722514421876307]
[array([-1.25414914, -0.07096706, -5.8273351 ,  7.72982562]), -8.858408006090741, 12.345846767154713]
[array([  0.71130106,  -9.97582755, -11.88310934,  14.43443315]), -9.53736313421722, 12.487403580092202]
[array([ -3.87161616, -19.44288976, -21.52491229,  15.30443937]), -9.618399854571104, 12.512501191058538]
[array([ -2.34059816,  -9.64041311, -15.10518836,  14.55310722]), -9.49746563500798, 12.529435168225687]
[array([ 3.63284847, -9.26590425, -1.6868541 ,  4.54767266]), -9.206178823172587, 11.229709963024728]
[array([  9.18705873, -24.00706665,  -7.40022696,  13.00216648]), -9.719583409315982, 12.211129501171783]
[array([  7.04154381, -12.14259278,  -6.60122968,  15.59869068]), -9.624879588205973, 12.407112319002872]
[array([ 1.19246906, -0.10899506, -3.59447646,  8.50571564]), -9.00332139974499, 12.179883280163446]
[array([  9.15931804, -20.85519108,  -8.40962686,  10.75216946]), -9.406936509889114, 12.650769943089301]
[array([ 4.60134408, -9.15866443, -4.34844486,  4.29307311]), -8.527861297719358, 13.382445004403124]
[array([-1.06529398, -5.36613463, -2.96282638,  1.72070436]), -7.416859601622828, 8.422540185563017]
[array([  8.70449742, -11.63031405,  -1.93139987,  12.22697048]), -9.591144845644575, 12.091657705546526]
