[array([-0.2407022 ,  1.25114763, -5.12767037, -0.82095216]), 99993.67405643305, 26.365101053250914]
[array([ 2.51561159, -3.60228948, -5.88701541,  3.89764611]), 99993.42077350784, 22.456330531718987]
[array([-2.01588514, -4.74611565, -3.65937087,  7.52298565]), -6.129010028452187, 6.47695894969046]
[array([ -1.30494603,  -2.64495149, -11.74129797,   0.99506467]), 99993.78815319021, 26.831400585279034]
[array([-1.57875674,  1.96328734, -5.69652969, -0.56373428]), 99993.51479628007, 25.805039004337946]
[array([ 2.14917827, -0.22060147, -5.60327187,  2.61532448]), 99993.76840481015, 26.66958345735727]
[array([-3.94971304,  2.60063662, -8.01725422,  2.829968  ]), 99993.56995740993, 25.289083907830165]
[array([-2.12147733, -5.71682349, -1.69470713,  8.5956967 ]), 99997.35803377474, 2.568030289614433]
[array([-1.06516995,  0.37988708, -5.87889059,  3.74039559]), 99993.27496761493, 22.62680885797074]
[array([-0.25924582, -6.64310166, -2.72184463,  1.35267766]), -8.050679265485376, 9.345224494180101]
[array([-2.37703647, -0.78986603, -3.53865031,  1.0226084 ]), -6.726349863494659, 8.868327771121148]
[array([-0.31062635, -3.08297473, -8.78359678,  5.79420888]), 99993.06197843637, 18.678477609276865]
[array([ 0.12352834, -2.89429565, -5.66725971,  3.38257488]), -7.3536250648440715, 17.30517186564888]
[array([ 1.95272028, -5.37729132, -7.04901784, -0.56534951]), 99993.76272832078, 26.572440130567916]
[array([-0.42490254, -9.07025049, -4.22848058,  7.20309801]), -8.07952689700229, 9.131669713473507]
[array([ 1.40291478, -3.2832651 , -5.45045956,  7.65318507]), -8.789804891738697, 12.955901074484801]
[array([ 0.5498655 ,  1.38292982, -1.67046423,  6.85272188]), -8.098632195363614, 9.754029822406082]
[array([ 3.44882139, -7.7817908 , -3.53393271,  8.60445009]), -9.42249987366152, 11.759743004392806]
[array([ 0.32024661, -3.18083831, -7.78799921,  3.80380658]), 99993.45543049154, 22.9942218693605]
[array([-2.68291487, -1.04032948, -4.03631248, -3.51818269]), -7.04228578323519, 16.15889655891338]
[array([ -0.62211427, -10.12124657,  -5.25194246,  11.2640229 ]), -8.019780104883303, 8.994762642532173]
[array([ 5.67329626, -6.04253154, -4.05378112,  9.95586732]), -8.991333348768453, 12.814996398052616]
[array([-0.37283954,  3.7479823 , -7.73901022,  4.87988739]), 99993.77859188628, 26.76602205244312]
[array([ 2.71360585, -5.23875639,  1.95890249,  2.67288011]), -5.0221409370824786, 5.246181065953302]
[array([ 4.45035979, -5.72306391, -5.92554511,  4.0788914 ]), 99993.43738845529, 21.839272864621574]
[array([ 7.74670178, -6.40020951, -2.70297773,  8.03867547]), -8.002405230447065, 14.257381818328021]
[array([ 1.384402  , -5.46160853, -5.50784296,  9.88536655]), -9.431778463482718, 11.904118308332732]
[array([ 9.42806033, -6.85472532, -8.69602652,  7.3353145 ]), 99993.77798603367, 26.59340034632082]
[array([ 8.46513089, -9.86739951, -0.52344319, 11.45872732]), -9.508916438282425, 11.855627693323537]
[array([ 9.77220541, -8.9595551 , -4.8183616 , 14.86948153]), -9.03004475731463, 12.760360615258506]
[array([ 1.93436948, -6.12661553, -5.03076658,  1.81456056]), -7.35286152098993, 16.72732131723997]
[array([  6.36450244,  -8.88735515, -12.05617227,   4.32576978]), 99993.78700654603, 26.780085460030367]
[array([-4.20847956, -2.72948475, -9.54759638,  6.13206389]), -8.86016183634371, 12.619506139978517]
[array([-2.85026801, -7.04314846, -7.76528902,  9.32534285]), -8.79287713373973, 10.299734682396485]
[array([12.63845587, -2.81733204, -2.51045135, 14.40894197]), 99993.15872186417, 17.106416385428126]
[array([ 11.04985329, -16.95431878,  -4.35152811,  16.14783019]), -9.701229422373784, 12.296314784852441]
[array([ 2.12613659, -3.89605981, -5.57026739,  5.29060214]), -7.437323389649969, 16.0695192777088]
[array([  6.9246673 , -13.84581845,  -4.56507741,  10.5411314 ]), -9.612106130247456, 12.266125313026325]
[array([  9.37141435, -14.55519536,  -2.83875096,  14.48110385]), -9.590627793593773, 11.949905014298958]
[array([  6.08702324, -17.50596875,  -1.56048828,  15.75846728]), -8.335158659746297, 9.440822059789472]
[array([ 7.81978889, -0.77986323, -5.71748553,  2.54073469]), 99993.7908015578, 26.855129270315555]
[array([-0.70904588, -4.97626463, -1.90171904, 13.35845699]), -4.7813331525479255, 4.797566335484149]
[array([ 7.35507994, -9.20711193, -4.17280387, 15.90006023]), -9.619584122825094, 12.199513516431738]
[array([ 2.12039586, -6.26822317, -2.63744602, 13.30459614]), -8.323279472490764, 9.471625177494586]
[array([ 9.32164472, -5.28663653, -1.0977523 ,  7.43794307]), -7.314954926120289, 15.94895413344101]
[array([  7.29321878, -11.39569083,  -7.09341074,  16.6057549 ]), -9.569610425733861, 12.505699912852469]
[array([ 21.82416173, -21.60552485,  -3.22876408,  30.40202305]), -9.768976109746035, 12.407274117709708]
[array([ 13.74434641, -27.09024343,  -1.358381  ,  26.77669077]), -8.799226045772802, 10.376715050094537]
[array([  2.1138304 , -10.22751811,  -7.9598069 ,  11.40834281]), -9.57435149111501, 12.193680966667964]
[array([  8.91679815, -10.21717699,  -4.19027989,  13.97156507]), -9.441682514590559, 12.576661519335621]
[array([  8.22824372, -12.83487841,  -6.95545248,  20.9952243 ]), -9.696707919674589, 12.199775731676871]
[array([  9.04602269, -19.15318809,  -7.7596613 ,  19.03430044]), -9.709221463797988, 12.162606897279723]
[array([ 16.81941731, -10.7384107 ,  -0.58738393,  22.14072099]), -9.53104160136274, 12.58600354453713]
[array([ -0.27144772, -12.99929581,  -9.81821505,  16.01655369]), -9.167001795491961, 10.978953108227902]
[array([  8.59000568, -20.11674963,  -9.43364425,  19.51683563]), -9.746973555747193, 12.260635170917322]
[array([ 15.14996672, -14.30109213,  -3.3473046 ,  20.67712028]), -9.538141499631692, 12.591918835544728]
[array([  8.31578108, -15.97420643,  -6.7076694 ,  23.86454792]), -9.456959617261765, 11.607080602033653]
[array([ 12.37225104, -27.34368641,  -8.91755893,  29.75804576]), -9.44978573872803, 11.619250106904293]
[array([ 16.63604446, -27.58947115, -11.98575908,  32.06652794]), -9.798473928073888, 12.396353095056812]
[array([  4.36378828, -16.58257017,  -4.82268086,  28.09352582]), -8.069145342695835, 8.993886972005761]
[array([  8.46117552, -12.36204974,  -4.60585786,  17.21957742]), -9.648137860775972, 12.12232749579259]
[array([ 23.03810112, -35.81471053,  -4.83544947,  35.83884138]), -9.49951227369042, 11.819270055630533]
[array([ 11.0157934 , -18.27037624, -11.95954985,  25.21228839]), -9.549325602095873, 12.615036195821885]
[array([ 25.36157046, -19.89200425,   5.0897659 ,  19.5466951 ]), -9.605744194359332, 12.55036537633056]
[array([ 16.90213227, -20.14910818, -12.20094353,  33.87403462]), -9.51037785017164, 12.665824813977636]
[array([ 20.99258742, -32.98011293,  -4.65139093,  35.85812075]), -9.448229849948602, 11.63918889875826]
[array([ 4.24519713,  4.69739664, -0.36705956,  5.92444466]), 99993.60182135314, 25.438605872581704]
[array([ 12.36325688, -25.57958574, -13.98931729,  23.52727691]), -9.517099519372456, 12.652094994294446]
[array([ 10.96858773, -12.30079759,  -6.51011099,  20.80801986]), -9.537794515755449, 12.581995646076958]
[array([ 17.9188319 , -16.57279412,  -4.88545749,  17.13699462]), -8.524103800799015, 12.87747996005067]
[array([ 22.78488578, -36.49935584,  -8.60336416,  36.37645317]), -9.751060538461424, 12.184687710427905]
[array([ 27.23549429, -43.13106943, -16.74306595,  45.37683667]), -9.669567547566851, 12.462312001672622]
[array([  0.92836311, -14.20378132,  -9.54441174,  11.31019037]), -9.52868499881834, 11.823542509708153]
[array([15.07199801, -2.61749844, -2.16584632, 17.42367056]), 99993.15345982408, 16.881873239415107]
[array([ 17.21019074, -36.06425307,  -5.47422781,  28.09142717]), -9.383103015647736, 11.400983556473614]
[array([ 28.12704676, -32.78093423,  -5.66788238,  43.86565778]), -9.833715446446481, 12.249148022593761]
[array([  6.91268171, -27.72845114, -14.8857326 ,  27.12501128]), -9.55149909581514, 11.862042544161561]
[array([  9.59472276, -26.87120497, -17.03449732,  24.6171359 ]), -9.596924052008776, 12.588143389760514]
[array([ 16.41158515, -33.64345049, -19.64005986,  48.47678237]), -9.824891666659314, 12.245659720052013]
[array([ 18.50556722, -35.6933643 ,  -8.3351088 ,  23.52297819]), -9.847565790417525, 12.287586212000948]
[array([  3.57099599, -14.98019664, -10.56883802,  12.39932613]), -9.557298022665284, 12.512148167572198]
[array([ 2.90076323e-03, -2.61843256e+01, -1.40036453e+01,  1.86463836e+01]), -9.07413078614604, 10.82983647559602]
[array([ 21.68619372, -30.56155488, -17.74737781,  32.97753554]), -9.047421819248306, 12.710045732809618]
[array([  5.39644318, -16.89987029,  -5.76458179,  10.81613798]), -9.520743658364145, 11.776823533454145]
[array([  9.58654004, -19.67248263, -13.9397638 ,  28.2411458 ]), -9.716396629414549, 12.452141389086261]
[array([ 27.97562902, -27.20887247,   1.39551937,  23.25718294]), -9.557884782051646, 12.625089314834764]
[array([ 21.29097606, -47.69174082, -16.04463975,  36.72683824]), -9.854615412329212, 12.26122362339037]
[array([ 31.62581765, -43.88698896,  -5.40210732,  44.05295617]), -9.674478702980398, 12.120043888201769]
[array([ 23.05707781, -46.88867922, -16.69053292,  42.45890467]), -9.882348672850236, 12.272768416137124]
[array([ 12.56745073, -21.83453987, -10.41464203,  29.83144536]), -9.790335266261675, 12.234265068734514]
[array([ 11.34549579, -30.78762397, -17.58210123,  31.02958268]), -9.856830254850491, 12.348429783720041]
[array([  6.10009751, -22.47300148, -14.07125903,  24.7188305 ]), -9.699234231648122, 12.10508896161601]
[array([ 25.54673845, -29.14996079,  -3.84418361,  40.27042371]), -9.696132755339184, 12.12134843099955]
[array([ 29.26840391, -30.04501386,  -4.94672336,  31.6688629 ]), -9.449158989982456, 12.694748851624068]
[array([ 37.09233378, -61.66033045, -17.80126124,  56.99828044]), -10.013851538416363, 12.334532212473881]
[array([ 25.34401264, -32.64034633,  -6.02383397,  45.8527613 ]), -9.543529764991561, 11.918584418797789]
[array([ 13.90994639, -35.46812794,  -8.32205283,  24.90810529]), -9.434393875243, 11.573647211254562]
[array([ 18.41705032, -24.73016433, -15.26496712,  33.05129229]), -9.283464967348838, 12.732199421857903]
[array([  9.43247506, -30.61248839, -16.08470005,  26.13476598]), -9.827525695229204, 12.268172449859955]
[array([ 28.09527166, -51.84200548, -13.54015911,  44.56166454]), -9.764945720053813, 12.222352916018693]
[array([ 17.25326356, -56.16087174, -28.93123203,  41.54999243]), -9.926588287123556, 12.364858038455086]
[array([ 15.42825626, -43.42489311, -15.51350974,  38.56966878]), -9.45436676420459, 11.716970653917196]
[array([ 14.74161082, -22.55329831, -11.5434887 ,  24.74757657]), -9.430502622530266, 12.68641079728384]
[array([ 10.5273018 , -28.39812834, -13.70889961,  22.10617117]), -9.772256908823652, 12.39890181786199]
[array([  7.09809171, -22.56127342, -18.47724768,  30.53264704]), -9.772054023391826, 12.407017232350846]
[array([ 25.30482364, -41.92794855, -13.37601742,  48.26171365]), -9.7380987802489, 12.193580065336151]
[array([ 36.98583871, -71.29007819, -23.72837701,  59.23873134]), -10.023820888888563, 12.348994477419692]
[array([ 29.97664603, -67.43749397, -27.66557487,  54.84377161]), -9.975229583846133, 12.368244329632347]
[array([ 70.44822858, -87.67228973, -15.03628717,  86.15219479]), -9.631389393872853, 12.358510113392006]
[array([ 31.21393983, -52.5454779 , -23.07033329,  52.83133039]), -9.582737547249604, 12.642755728679132]
[array([ 18.05155544, -45.95746767, -26.68903394,  47.1202728 ]), -9.838417738762839, 12.384360508898634]
[array([ 34.38210466, -55.31814277, -12.12157139,  49.61116787]), -9.88168414302722, 12.272933169168855]
[array([ 37.7650734 , -37.72969127, -13.88795275,  47.93471995]), -9.160375867074494, 12.769643993054364]
[array([ 27.00649197, -58.8285769 , -18.87223095,  52.56320836]), -9.601711196000208, 12.025899966343632]
[array([ 27.77498885, -57.21787494, -27.53407217,  55.03870728]), -9.681029838653807, 12.410944536485577]
[array([ 27.61494874, -54.30806232, -19.87718099,  47.33773759]), -9.969996108329338, 12.349705529284481]
[array([ 30.91602916, -49.8942606 , -12.90941324,  37.00670372]), -9.625728136441493, 12.525728368463097]
[array([ 43.63479723, -98.50194922, -36.87748446,  71.4263927 ]), -9.997128509137122, 12.388126405167561]
[array([ 11.91849445, -31.67594694, -14.025458  ,  28.93609225]), -9.723916000808028, 12.143768115046269]
[array([ 43.79280328, -79.92435099, -19.19970947,  59.60083312]), -9.9952154088707, 12.279120025770794]
[array([ 59.78005589, -90.56354672, -16.57736893,  74.73975394]), -10.062283364323568, 12.3359166601034]
[array([ 52.35312285, -95.70446648, -32.11591316,  85.65727696]), -10.05970783376601, 12.367994683510384]
[array([ 35.50250338, -93.63594734, -35.87180628,  62.81200416]), -10.045568512399303, 12.293817661079483]
[array([ 41.17028305, -79.01808494, -26.0490628 ,  53.84800964]), -9.583764101912095, 12.532038721960118]
