[array([-2.83996189,  0.65177644, -3.02007629,  3.15726823]), -4.098616726526708, 4.370810148908281]
[array([-2.44029533,  3.23471195, -2.09079087,  0.48816312]), -3.204878248314014, 4.602296820894207]
[array([ 1.55928246,  2.4620122 , -6.86019741,  2.79675978]), 99993.78767092663, 26.833993947873072]
[array([-3.29944136, -0.70120672, -6.18378107, -1.26574737]), 99993.26806410325, 23.038658774740064]
[array([ 0.01872158, -4.17842689, -4.58579903,  4.13185966]), -8.982331914118546, 12.12615318965722]
[array([ 0.27126297,  2.1262589 , -3.0349233 ,  1.11580682]), 99993.40346638249, 24.441366397545483]
[array([-1.04396378, -4.48010163, -7.57613876, -1.23983534]), 99993.69223357282, 26.015500218295536]
[array([ 2.23169047,  0.39323138, -4.46543969,  5.789177  ]), 99993.41222775842, 23.119997827595462]
[array([-3.09221916,  1.90244207, -4.5046695 , -4.15031381]), -7.344886868736398, 16.72934096165317]
[array([-1.62147147, -4.25943509, -2.24822366,  0.53969247]), -5.088062234529969, 5.4552009686623855]
[array([ 1.01966349, -3.35406754, -1.60706631,  1.64325823]), -8.39870650067075, 10.90399443980796]
[array([-2.15804842,  4.79333842, -6.57762901,  5.74450425]), 99993.58969692221, 25.365037051537563]
[array([-2.65781421, -0.29114059, -7.4724732 ,  9.6474331 ]), -9.19021709483728, 11.771598898919178]
[array([-0.80831936,  3.64213629, -4.75540135,  3.55181428]), 99993.55926964925, 25.262498776300408]
[array([ 1.48706199, -5.16034653, -2.00438209,  8.98875488]), -8.124839017950203, 9.235970371194465]
[array([ 4.73396633, -0.52102353, -4.4803947 ,  0.58292043]), 99993.78897772348, 26.84197722432966]
[array([-0.21978397, -0.14381975, -6.84974937,  7.69536121]), -7.5186206360025984, 16.071157887846578]
[array([-1.45188791, -4.71400825, -3.15934941,  2.51993688]), -7.06965517059373, 7.911526530356224]
[array([-0.56050179,  0.97000914, -5.89948556, 12.55978394]), -9.288359941068185, 11.755478353858253]
[array([ 0.82371975, -3.85500332, -2.75502143,  9.90778989]), -8.257126706463923, 9.451378981806293]
[array([-1.71671194, -1.35238594, -9.05111238,  6.19248442]), 99993.0009110312, 18.845249213857432]
[array([-2.03299079,  3.322783  , -1.79408435,  3.8215851 ]), -3.0132736215602347, 3.2605052494271867]
[array([-0.36399011, -0.87921782, -2.75429003,  6.18240054]), -8.108783913067978, 9.516941553006989]
[array([ 2.17227784, -5.37172858, -8.45825346, 10.33332892]), -8.430075254791983, 13.482929501804113]
[array([-0.33828093, -1.04398535, -3.20478109, 10.12452945]), -7.985319087528982, 9.09606407269953]
[array([-2.14435304,  2.23426599, -5.38146814, 15.08919823]), -8.090175018633866, 9.210736985438901]
[array([  6.3038422 , -10.05130288,  -5.40205837,  14.70073096]), -9.615989181319057, 12.280732028933695]
[array([ 2.16469566, -5.59807792, -6.05651504, 16.95561995]), -9.317595691712608, 11.316172293824641]
[array([ 1.896812  , -2.69124563, -9.56463084, 17.65023259]), -9.309572386679571, 12.615603521207248]
[array([ 4.70658753, -3.26331656, -5.15235733, 14.9637093 ]), -9.383375188109346, 12.51052443986226]
[array([10.15135869, -1.16109991, -8.81176852, 12.25975798]), 99993.78814680883, 26.801763740376828]
[array([ -3.43307913,  -1.58819642, -12.81275411,  11.47241554]), -8.078209250280919, 14.156101675079533]
[array([ 5.00278577, -4.92710379, -1.44160328,  5.76268084]), -8.921444788444143, 12.731411245823104]
[array([2.30598287, 3.80208464, 0.76734869, 6.79931891]), -7.341633870590331, 9.264987468227394]
[array([ 4.39391461, -7.77424995, -4.6231416 , 18.47094783]), -9.23937756416871, 11.129726648581968]
[array([ 1.47277006,  1.17206893, -6.72748845, 11.85068352]), -7.771114998363439, 14.91553096773282]
[array([ 8.46144794, -2.49825242, -8.41328691, 14.81066805]), 99993.43288172463, 19.738092756945267]
[array([ 6.42248106, -5.76263915, -8.73464402,  7.1562898 ]), 99993.72048131189, 25.528995511871116]
[array([ 8.32807767, -2.58327265, -4.43273611, 22.74458295]), -9.577995937829934, 12.444507111715584]
[array([15.87772948, -6.96641955, -9.74382717, 12.13471126]), 99993.79011879198, 26.837038473948944]
[array([ 4.80496781, -5.80359533, -3.81138326, 11.4324295 ]), -9.473221247642506, 12.300240279979462]
[array([  4.43157112,  -5.77113755, -10.23568143,  13.2947316 ]), -7.471092000830229, 15.262491201003245]
[array([ 11.70215548, -10.20155797,  -4.00144491,   7.96343435]), 99993.12758909258, 16.898066151051378]
[array([  8.09863478, -14.29182618,  -7.13958669,  20.77797791]), -9.674361875778075, 12.106582275447929]
[array([ 6.99027106, -1.06350751, -8.73372688,  9.18643215]), 99993.78714835207, 26.79418963497894]
[array([  5.70075927, -15.47307991,  -0.95501378,  13.19051185]), -8.336749067353306, 9.448821615106283]
[array([13.58276559, -5.48919958, -6.51574928, 21.56290919]), -7.686124504722479, 14.52692383058432]
[array([20.52037833, -8.18489416, -3.79108382, 21.39224288]), 99993.15873329101, 16.864748498523195]
[array([ 17.40879188, -14.32464297,  -4.43498351,  34.89971442]), -9.776338201379305, 12.222720873678163]
[array([ 1.60990867, -2.49036199, -6.054341  , 10.16349796]), -8.951575660944302, 12.799039491192806]
[array([ 8.04625488, -9.75288751, -1.7348184 , 17.45083557]), -9.3296335490738, 11.326327456399891]
[array([ 11.29172964, -17.52913957,  -2.03337699,  29.22857012]), -8.850863530343695, 10.436419572033122]
[array([ 12.47259912, -21.73554547,  -2.80479775,  21.25700624]), -9.356763369130114, 11.377815268210592]
[array([ 5.39238524, -4.95173996, -6.06707485, -0.92346083]), 99993.7895763789, 26.84365747521675]
[array([  8.25127619, -11.44362566,   2.17206197,   9.2775674 ]), -8.852321659481005, 10.358519157419327]
[array([ 4.88382475, -9.31340695, -6.48553944, 15.97749277]), -9.613870932352892, 12.136549966066518]
[array([ 17.01674883, -11.22814287,  -2.67405996,  39.16140849]), -9.523234705767836, 11.786587767766834]
[array([ 17.61601803, -16.30778891,  -7.80991026,  31.75396576]), -9.548136042346057, 12.627828632728685]
[array([  7.72403914, -12.61125125,   0.56218067,   8.45148324]), -9.173524401739844, 11.000667027633966]
[array([ 20.5327174 , -19.42775612,  -4.94025958,  36.88274985]), -9.833220773399542, 12.280456494865183]
[array([ 21.45477685, -23.76307347,   2.48447251,  33.14479238]), -9.246847789709618, 11.12549072737059]
[array([ 19.98695974, -23.91149444,  -0.42081424,  35.57351692]), -9.318786785591689, 11.258965518117337]
[array([ 22.96836711, -17.33781614,  -6.91693485,  40.54182769]), -9.598044367597439, 12.59441536018737]
[array([ 12.25032501, -22.31982545,  -5.10468114,  27.47322416]), -9.332878235729986, 11.314123255503388]
[array([ 10.65097309, -10.50737899,  -1.593964  ,  19.81130255]), -9.542180505749263, 11.812347921094945]
[array([ 9.20916629, -8.62918325, -9.71733171, 20.66551514]), -8.785917198942803, 12.797989059881289]
[array([  2.20724532,  -2.04798483, -12.63568536,  15.41997124]), 99993.04662087942, 16.67549759107014]
[array([ 42.78317685, -29.93428668,  -1.25971487,  57.46801351]), -9.627139563352431, 12.521873947594973]
[array([ 39.91831002, -32.92354471,  -6.48750054,  70.91316093]), -9.917398808002318, 12.28043557121006]
[array([ 18.06955072, -14.35570939, -10.21297907,  16.17840317]), 99993.39137229552, 17.463890743340077]
[array([ 22.84678095, -30.99996985,  -1.8276873 ,  42.57681939]), -9.287324743801175, 11.161459901908144]
[array([ 36.54352374, -31.24201723, -10.34047436,  60.20192523]), -9.591971993786874, 12.606965740704428]
[array([ 24.05381386, -33.01532162, -13.12897572,  58.95375985]), -9.561729262882173, 11.961734783976427]
[array([ 16.83956828, -15.89810775,   3.42976788,  17.27531156]), -9.557918012305223, 11.837623808084631]
[array([ 27.96041284, -12.98263386,  -7.28558491,  47.78496341]), -9.303188026539262, 12.730930668685758]
[array([  7.7685792 , -15.83984854, -14.32239286,  27.19791022]), -9.612354223346836, 12.55516781393905]
[array([ 34.03453797, -27.04331148, -22.88964568,  79.5098346 ]), -9.529701234560614, 12.726306039933274]
[array([ 48.58648287, -19.22916555,  -7.81463348,  95.50509711]), -9.691873778864686, 12.403006614025067]
[array([ 13.89029366, -14.74057472, -20.35765483,  40.27596408]), -9.024380255881805, 12.699168438766923]
[array([ 40.80309527, -42.89453405, -13.65887879,  57.82044072]), -9.510245606661256, 12.706272426408402]
[array([ 26.41221142, -17.83001711, -17.85875783,  54.36212384]), -9.104733572555336, 12.740709701713959]
[array([16.73125804, -7.71849494, -2.67761658, 55.74443701]), -9.017271880390137, 10.754461225668619]
[array([ 17.66921977, -12.8421853 ,   4.86225864,  28.71573254]), -9.041543152975358, 10.76384029652073]
[array([14.34871965, -9.75612334, -1.98398703, 38.53767558]), -9.266258764256602, 11.179250125920033]
[array([ 45.44361564, -33.2440491 , -10.75686671,  76.27805477]), -9.585547618525379, 12.624559046441743]
[array([ 39.19765655, -19.96913158,   3.18165912,  71.43553934]), -9.504154653599265, 11.889595584894138]
[array([ 32.40042049, -40.7490733 ,   0.90250544,  52.480406  ]), -9.333128799058361, 11.207731790148744]
[array([ 77.67832037, -21.19763205,  -5.85299656, 141.69158807]), -9.588340961293827, 12.64783793790375]
[array([ 44.14458778, -13.09195803,  -3.63639148,  80.6233002 ]), -9.598763905673657, 12.58025201375916]
[array([ 19.0971723 , -17.20543049,   0.34093835,  39.00584586]), -9.248172091024891, 11.129344405681048]
[array([ 48.99049364, -21.26368606,  -7.22352426, 100.72072661]), -10.019649678858697, 12.326014925215274]
[array([ 32.90737275, -19.94639453,  -4.02475546,  24.027954  ]), 99993.2987471728, 17.380692754356183]
[array([ 28.5375811 , -47.94190648,  -7.30564758,  65.93270274]), -9.0876798984251, 10.832667867273072]
[array([ 52.11197159, -19.06323524, -14.30868193,  86.88528993]), -9.028687266625068, 12.69948879857117]
[array([ 38.13119507, -22.42985246, -12.33465836,  65.10048966]), -9.335790170632905, 12.733469645174155]
[array([ 27.17521899, -10.02810751, -21.97774656,  68.06588524]), -8.989957356858861, 12.678034709517352]
[array([ 34.0466405 , -28.16004582, -23.71338885,  79.93861623]), -9.529340448967572, 12.727622227839435]
[array([ 76.53347142, -16.142846  , -15.21302802, 149.51056715]), -9.483068909899856, 12.63701933990035]
[array([ 62.1271732 , -27.768079  ,   7.85014708,  89.44177446]), -10.010963810554035, 12.33647227728501]
[array([ 66.82534599, -33.2887886 , -21.41349397, 142.21147362]), -9.561655598400538, 12.46541114847551]
[array([ 26.09474949, -38.87064716, -24.6212886 ,  67.02144886]), -9.87081639736024, 12.378040525449348]
[array([ 79.40645125, -21.87237022,  -0.85719997, 147.62321527]), -9.999612312227942, 12.387960247659757]
[array([ 85.34559171, -38.63039358,  -8.96517155, 169.73757349]), -10.050867038727977, 12.252561541986717]
[array([ 80.07485082, -20.5779699 ,   0.62947128, 130.91939068]), -9.567957995945054, 12.76468879345952]
[array([ 78.42683194, -32.56871937,  10.03190424, 101.91292756]), -9.583160935607268, 12.572509411046815]
[array([ 51.71893076, -21.63685489,   8.38919571,  67.47876045]), -9.773214914903203, 12.403611953923702]
