[array([ 2.30392769,  4.64585962,  2.00463828, -0.35420902]), -5.480507388273302, 6.4484879181966415]
[array([ 0.13726432,  9.36356196, -4.69762448, -2.73575288]), -12.063716952981732, 12.797791600595303]
[array([-0.23254997,  5.46431184, -5.5727467 , -2.39426695]), -11.628341393813614, 12.861406171258]
[array([ 0.6646048 , -1.72581201, -1.18373028,  3.62705481]), -7.375079472566594, 8.240717978342435]
[array([-0.58732209,  1.01295044, -1.45153239,  2.20342599]), -6.433827608696922, 6.820980156116894]
[array([ 5.658835  , 10.24409401, -0.79040478, -7.80525895]), -12.284220313469607, 12.923612351696725]
[array([-0.45210739,  9.82506299, -5.99943415, -3.10218568]), -12.259857591064305, 12.853736758207592]
[array([ 1.64553787, 10.85524279,  0.95300634, -2.10438433]), -5.882287527430329, 8.258410543358291]
[array([ 6.82698779, 12.85049402, -8.1108297 , -4.29180647]), -11.184127830036147, 12.997113027156894]
[array([ 0.953967  ,  9.49205349, -1.50738047, -4.09081676]), -9.177928551719985, 11.304242479890481]
[array([ 2.00547744, 10.20363693, -4.69317025, -0.85457657]), -11.941580687945985, 12.896644477441999]
[array([ 1.22677887, 16.75438976, -5.75090467,  2.05139491]), -12.425604097482521, 12.881634975758319]
[array([-1.09538739, 11.94271637, -4.66143916, -2.08848945]), -10.769064180249504, 12.263091164748761]
[array([-5.23966545, 12.58424748, -7.40353671,  5.36744068]), -9.942015432661218, 11.477465302237746]
[array([ 11.78769412,  21.12447507,  -3.65116181, -11.97117776]), -12.844473194397738, 12.89896217300165]
[array([  5.35317737,  41.36381156, -22.63138536,  -3.89008849]), -11.841979020124123, 12.886614058228925]
[array([ 8.72137165,  9.68065539, -3.21468776, -7.71609693]), -11.625425135886822, 12.955442410164238]
[array([ 9.09026901, 17.43792034, -4.31969411,  2.32550994]), -11.18119566040546, 12.949786571969431]
[array([ 7.78965972, 22.63565505,  0.06180386, -3.78686627]), -12.059736462492104, 12.851129539510303]
[array([ 3.74072486, 16.98666906, -0.51680671, -5.37382701]), -9.9566069846618, 11.906203911486372]
[array([ -4.47939114,  24.72421323,  -8.7366346 , -10.87795684]), -7.894672191343759, 10.952792102732078]
[array([20.06694804, 24.07286247, -6.74214097, -6.21547429]), -11.161285996943771, 13.067813404552071]
[array([17.93475259, 46.03437657, -6.34014124, -7.56255259]), -12.931223616507856, 12.90369666269269]
[array([  6.1442002 ,  29.41415172, -21.06055708,  -4.23712278]), -11.178906107320321, 13.142381494921953]
[array([  9.0916589 ,  42.94202608,  -9.14751443, -12.83572226]), -12.487903445048648, 13.067260705413318]
[array([13.68293393, 10.56094297, -3.76724056, -7.40349927]), -11.110769742440432, 12.769302744577175]
[array([17.22123491, 14.51840323,  0.52007985,  1.93588097]), -11.02348644287585, 12.583097445405627]
[array([-0.4921622 , 10.42430973, -1.92174688, -6.46720332]), -6.707363875651499, 9.479240862157823]
[array([-0.2382406 , 26.79174586, -2.65439899, -9.51735475]), -5.982204911909133, 9.28178503210269]
[array([ 8.15642579, 13.40537619,  0.1980512 , -3.1376657 ]), -12.500606357061947, 12.886066775088562]
[array([ 13.84419737,  26.55330857,  -6.40528313, -16.89270462]), -12.924947480577597, 12.901522137355869]
[array([ 13.50413206,  30.79411634,  -0.95785695, -13.50934483]), -12.46259589490399, 13.05486486565626]
[array([  9.40815581,  38.01409677, -14.50082482,  -9.23105952]), -12.84805225603179, 12.881945487445433]
[array([10.81212014, 38.93739759, -7.22900749, -0.157761  ]), -12.891757995069806, 12.90291913826734]
[array([-3.47351114, 30.78115617, -5.74568551,  5.27954704]), -6.819197676590585, 9.926064415776443]
[array([ 23.4855012 ,  29.99133126,  -8.74432017, -19.14270066]), -11.718512095107844, 12.908148298714135]
[array([ 18.39435158,  31.74679024,  -3.7465882 , -25.96564886]), -12.583715204649673, 13.022443516998484]
[array([ 13.27887984,  56.98470362,  -8.15241591, -11.61943211]), -12.427211836621012, 12.999396358919919]
[array([-0.19772399, 33.91677988, -8.3400362 ,  1.15269818]), -11.62272142958823, 12.596518736369786]
[array([  6.069497  ,  23.83806589,  -5.78019266, -10.68896869]), -12.485604428887994, 13.063023004284352]
[array([10.93976494, 38.43304959, -7.77775737,  1.74312147]), -12.728247484885733, 12.869087343001809]
[array([  6.35184636,  37.22679748, -10.85894359, -12.89375234]), -12.533279751270328, 13.106853017764823]
[array([  3.99639123,  48.4736345 , -12.62343037,  -6.20046873]), -12.385180211922039, 12.971024877484092]
[array([ 28.14657048,  48.90882715, -10.30410693, -11.37002527]), -11.798420285064424, 12.90110086624335]
[array([  2.94692349,  25.71505111, -23.37133705, -25.8925233 ]), -12.843821049542365, 12.880529556552984]
[array([ 16.93127901,   8.12540791,  -7.15358822, -10.5302034 ]), -11.02171011555926, 12.579998936175123]
[array([ 12.74434849,  42.99660171, -10.04481117,   5.761032  ]), -11.878009049456677, 12.88123637606403]
[array([ 18.07377423,  47.62745119,  -7.7162768 , -18.94816543]), -12.574157249584466, 13.003717923261405]
[array([  8.94228688,  39.92169689, -11.29874336, -21.82054506]), -12.498311516904032, 13.072571392797416]
[array([ 14.67824101,  13.12803984,  -2.38955692, -20.59819711]), -12.729063904343413, 12.871668813771086]
[array([ 13.1500707 ,  31.46373066, -23.16692778, -13.79448847]), -11.164207305985675, 13.161466028647782]
[array([  9.3743548 ,  52.00716508, -36.31302077, -14.46372975]), -11.559246058599353, 12.913911103818588]
[array([ 14.69215622,  48.01803961, -29.46277459, -31.14916018]), -12.07247542248547, 12.78313969991527]
[array([ 5.53270329, 29.14825788, -2.53633547,  1.22006012]), -12.061083444134582, 12.84353711677396]
[array([ 10.37764313,  34.54363788, -18.59722124, -35.38852094]), -12.711437951950344, 12.962013282093622]
[array([ 21.21813259,  46.67155397, -12.1598934 , -12.15052941]), -12.03475671030593, 12.831933950492655]
[array([ 11.89037542,  41.45594779, -18.89649009, -17.28620061]), -12.69322957964003, 12.85038642809835]
[array([  9.93168976,  55.2238573 , -11.13363605, -14.40543973]), -12.385400462332534, 12.964331731695559]
[array([ -2.32685965,   2.40199671, -20.43934841, -23.71933266]), -11.551761981137311, 12.948338910622399]
[array([ 17.65148   ,  25.87932011, -13.51741429, -19.01295457]), -11.532623373812097, 12.924173795932921]
[array([ 27.71107026,   9.07227311,  -4.76916779, -54.07431522]), -12.860756441614178, 12.882811597714715]
[array([ 19.7392417 ,  22.84301015,  -2.27823541, -32.31902218]), -12.634600033177573, 12.987824914062648]
[array([  7.76386366,  23.92356924, -12.75640414, -10.91963913]), -12.00246131222043, 12.86421720405124]
[array([ 11.09636768,  17.22291028,   9.36101188, -22.78274991]), -5.254390042202166, 8.534766212254913]
[array([ 19.5179907 ,   5.91913274,   7.03158357, -30.62252123]), -12.489888414482477, 13.069338185037706]
[array([ 18.80223615,  -5.78191378,  13.56800991, -30.43386   ]), -10.606924107975237, 12.200995450667453]
[array([ 18.19977626,  40.91699172, -25.57378455, -36.43109362]), -11.988009941533697, 12.825842586482125]
[array([ 18.68681125,  21.4207301 ,  -4.31537711, -18.91622873]), -12.103171387727631, 12.845653176442232]
[array([ 34.29592362,  16.17516408, -19.67025908, -56.53057014]), -11.309299335407278, 12.957724471371579]
[array([ 32.3139382 ,   1.56399525,   2.45187004, -75.12906649]), -12.559651710928414, 12.991651449685365]
[array([ 31.10149408,  -3.15012316,  20.4048588 , -29.72945557]), -12.644424327906004, 12.978680659833383]
[array([ 42.59450988,  45.29076339,   2.559363  , -50.47461055]), -12.742430752159553, 12.966381505741833]
[array([ 33.03486311,  12.51668164,  -1.03072442, -74.30838688]), -12.548439543564795, 12.985071586423246]
[array([ 10.41913579,   7.58880638,  -3.20934058, -45.493488  ]), -12.044519331920968, 12.709632412149901]
[array([  7.39908782,  32.02133754, -26.79464493, -35.9646998 ]), -12.99870694795864, 12.910541841057027]
[array([ 21.72669062,   9.60080378,   4.85071657, -42.78626586]), -12.462687413198756, 13.046016513271628]
[array([ 39.78484991,  54.58752939, -15.39888212, -55.07703554]), -13.136231590598006, 12.944323938021364]
[array([ 26.21897251, -17.5233049 ,   3.78301076, -61.66911418]), -12.806380417113193, 12.876089792939903]
[array([ 14.2259271 , -14.52547112, -10.00902864, -63.72883081]), -12.940320117294917, 12.89716123972897]
[array([ 41.53564563,  63.29329711, -17.19737523, -28.58661248]), -11.82160084424404, 12.905854212662579]
[array([ 42.75089393,  74.96671851,  -1.54674945, -32.27768201]), -12.672403053156081, 12.993784548117638]
[array([ 36.33974687, -19.67490752,  18.1822103 , -40.64002884]), -11.174380624555505, 13.04375340857176]
[array([ 23.06632413,  63.27885693, -13.53907581, -59.81867359]), -12.345581539527936, 12.94907105076606]
[array([ 48.99422033,  94.78867187, -37.88100161, -59.70151337]), -11.946088404078559, 12.813380233184379]
[array([47.05551723, 75.85214802, -0.44851564, -5.84702095]), -11.878017240027084, 12.881394134016759]
[array([ 37.6538326 ,   0.52301722,  -3.0113706 , -49.80497254]), -11.157023182719456, 13.177102038053764]
[array([  6.00605378, -29.88393215,  -2.57759667, -45.30887241]), -12.224950684865947, 12.881338943877632]
[array([ 39.62566567,  19.46391916,  17.03016871, -41.64922552]), -12.574299159991993, 13.06879129864242]
[array([ 21.37832522,  -9.17972361,  -7.89003246, -67.40654013]), -12.947704321602513, 12.899294076168099]
[array([ 18.37484839,  58.45457893, -31.53968996, -64.19308349]), -12.584767252716752, 13.013061009577116]
[array([ -6.89932424, -25.33464598, -10.27316275, -46.57143869]), -9.016614200643959, 11.406846360108396]
[array([  22.6731406 ,  -34.84250859,  -22.16272761, -154.90504558]), -12.564147477765054, 12.97284813894658]
[array([ 22.32390441, -24.18658684, -11.35152024, -61.53335117]), -11.162821934215438, 13.043083937483697]
[array([ 38.32916807,  48.12238501, -26.84152602, -39.78522041]), -11.314313736018283, 12.941724876518293]
[array([  9.944123  ,  18.14042866, -10.60410777,   7.78118635]), -11.021196712984214, 12.57935722354375]
[array([ 29.5934921 ,  -6.70108222,  -1.44675843, -70.47152767]), -13.022017115041496, 12.91157875716195]
[array([ 32.15275621,  19.19661757,  -0.92977027, -69.57672188]), -12.568234281684859, 13.021023827095465]
[array([ 52.64510622,  41.96465001,  -6.6513386 , -97.3919318 ]), -12.872776806319768, 12.92694917181508]
[array([ 33.6794811 ,  21.54623916,   6.00356724, -44.11867913]), -12.772932014999983, 12.9423831153287]
[array([ 21.51209876,  57.67419737, -29.98129629, -50.65154388]), -13.023087595580362, 12.912721892196796]
[array([ 33.00635297,  27.78188726, -25.58926685, -53.48806143]), -11.411328064694805, 12.919087281357436]
[array([ 52.13879033,  -9.95849539,  16.5400617 , -93.70868136]), -12.817268429625813, 12.93142255937032]
[array([ 31.87289375, -27.60937327,   0.83852081, -69.77311017]), -11.347070168124567, 12.982400780329609]
[array([ 11.26073842, -30.04040405,  -4.78394319, -70.87462016]), -12.63613640431572, 13.007981988296878]
[array([ 32.65752707,  37.43363847, -19.93764894, -84.78685725]), -12.914289237931166, 12.886942888249697]
[array([ 23.72106352,  35.12768172,   1.19529013, -51.36912469]), -12.260596349977408, 12.765534266769446]
[array([ 36.50191079,  39.50965921,  -5.08011915, -48.86773167]), -13.010131082391887, 12.90962557734521]
[array([ 17.29123103,  64.77956095, -22.65785246, -11.03682685]), -12.681321833431529, 12.840085043907706]
[array([ 25.34417886,  65.37320012, -27.32346959, -55.84894356]), -12.944528076100978, 12.862892961853628]
[array([ 11.2713027 ,  19.5559327 , -33.59633833, -68.05293685]), -13.000753381538527, 12.916498473109913]
[array([ 11.2847898 , -13.12298016,   8.35894242,  -3.68051577]), -7.835824586913279, 8.961886388737575]
[array([ 33.55347886,  42.03581402,  -9.02136682, -55.85519254]), -12.918665816777665, 12.883844492814506]
[array([ 33.43483818,  70.98980673, -43.23266253, -81.98697261]), -13.192335133907012, 12.954486562838385]
[array([ 12.95433694,  88.55268307, -44.5887382 , -42.05684625]), -12.972665532165388, 12.844458059449911]
[array([ 23.01423508,  27.00946552, -30.89738663, -67.75626197]), -11.929641469983318, 12.852675446935853]
[array([ 41.34606719, 104.07211528, -53.61362408, -95.42984876]), -12.999166890367007, 12.906799488274249]
[array([ 10.39574457,  18.5309831 ,  -1.28457681, -44.42611259]), -10.071463353700679, 11.917521878213902]
[array([ 15.12381369, 102.10116928, -86.69433617, -64.3983621 ]), -11.851067596725299, 12.86898389457564]
[array([ 61.02583954,  88.03327382, -37.22079652, -99.38835895]), -12.928414347269337, 12.933720473888732]
[array([  38.65071409,   27.98474623,  -27.04484805, -107.36817912]), -13.07627939210989, 12.918282135513376]
[array([  5.7895343 , 105.47841588, -81.44328852, -89.15149931]), -12.970342721781394, 12.8775608701992]
[array([ 38.66772101, 102.66968318, -55.92288254, -95.05228614]), -13.011695411059184, 12.904733975991961]
[array([ 26.8576537 ,  48.58171948, -37.8418266 , -96.24551852]), -12.975427421601832, 12.863723311738829]
[array([  30.98851812,   48.26204304,  -36.95146052, -106.38677441]), -12.98542319161028, 12.820850145565668]
[array([ 21.6462186 ,  44.57223056, -37.25994509, -89.27831397]), -12.974177597490138, 12.840832196368348]
[array([ 19.42754701, 122.74817185, -62.93660029, -35.87960161]), -13.055157760937158, 12.948552214464108]
[array([ 11.59301224,   9.14415034, -36.74622756, -77.19728062]), -12.029863099815984, 12.788086271780713]
[array([  71.34542939,   87.78878838,  -29.64328475, -117.33676574]), -13.146375731435409, 12.932865965525181]
[array([ 35.58346731,  63.17257642, -24.29950615, -90.29565305]), -12.487899808787441, 12.966113750548878]
[array([  6.38060574,  30.05992601, -25.08757248, -44.4512806 ]), -12.784235971533649, 12.94105375806169]
[array([  44.34156518,   28.791598  ,  -19.49399024, -114.75897192]), -12.97733141725614, 12.851639275317783]
[array([ 28.28959272,  79.13970567, -47.63891971, -70.99692706]), -13.194818259182835, 12.960786517619779]
[array([ 14.34337631,  56.06076114, -27.99028574, -57.64970119]), -12.56988171941376, 12.987218398475726]
[array([ 40.74186434,  75.44122765, -45.35241248, -86.9959841 ]), -12.625352698388964, 12.844454763563352]
[array([ 43.30978955,  73.03172349, -47.87940453, -97.34828274]), -12.37934032985889, 12.747314834020326]
[array([ 46.6295288 , 106.08953248, -51.48425669, -97.2203797 ]), -13.04061625276186, 12.90467209184267]
[array([ 38.48268379,  71.16310798, -37.58450711, -72.26471821]), -12.61268851496408, 12.829647333062766]
[array([ 51.02387282, 172.21014793, -82.87097812, -93.64785907]), -13.23921168039299, 12.966654556858867]
[array([ 32.30800099,  80.35817955, -39.11158874, -63.30761243]), -13.167188526185477, 12.944691778079108]
[array([ 21.71704463,  61.44801924, -23.73033356,  -5.868992  ]), -11.627084326874943, 12.913317942646067]
[array([  69.95292385,  148.27429919,  -50.71872113, -100.60043855]), -13.055570479764885, 12.902927625262102]
[array([ 40.52630906,  50.40871334, -27.43290899, -86.52166112]), -13.157813330805194, 12.942121158129385]
[array([  62.94173094,  112.98366307,  -47.1693467 , -107.31887264]), -13.215578042622324, 12.95672267898363]
[array([  60.55880308,  140.21152528,  -58.36458021, -110.59716111]), -12.984983211182696, 12.90825632149928]
[array([ 39.20819869,  53.84516697, -37.72820951, -86.38930636]), -12.098065818176542, 12.63101003453726]
[array([ 60.71999865, 141.01917429, -47.94155644, -94.33010798]), -12.972736896648314, 12.935043663043405]
[array([ 51.96195584, 129.77848823, -33.91574332, -56.05839381]), -12.974089188995572, 12.927785241363713]
[array([ 55.89909216, 142.02188252, -53.52199773, -87.36261814]), -12.998286688047639, 12.903973045184335]
[array([  42.94181794,   35.1034003 ,  -22.99442193, -102.93345722]), -13.024372930222265, 12.911117906419076]
[array([ 50.64230476, 136.56839386, -55.13087199, -86.36328156]), -12.989421537317984, 12.908106882095383]
[array([ 81.62333233, 150.27846688, -34.04983589, -69.12145614]), -12.797361484188718, 12.919219107678371]
[array([ 31.98394388,  82.53850505, -57.33350466, -91.15537299]), -13.172145493403026, 12.96816698086607]
[array([  72.80432547,  183.32525852,  -80.36379872, -100.47175996]), -12.118019242908852, 12.59620547051403]
[array([ 47.02504505,  67.51099944, -15.84947577, -59.09304378]), -13.151010918720266, 12.941422065981278]
[array([  68.14111776,   88.57711395,  -33.24700171, -119.54164042]), -13.086147451040631, 12.913948806428191]
[array([ 43.79429003,  59.90353721, -28.15772146, -82.92115615]), -13.187600973978945, 12.956739418990674]
[array([ 15.1410789 , 114.48891492, -59.122903  , -10.15513114]), -11.82828453195086, 12.873743794224957]
[array([  57.83558764,   54.08546641,  -30.90502273, -119.00325121]), -13.187342544222705, 12.969161451102407]
[array([  37.74486342,  -18.35219615,    1.09393328, -100.87224669]), -12.942088959484998, 12.887383796360075]
[array([ 45.36914949,  54.95233031, -23.23944534, -88.75649406]), -13.02114577117837, 12.910513172748644]
[array([ 63.02339822,  22.74709922,  24.62528827, -57.41585527]), -13.03646666900077, 12.913765272316867]
[array([ 63.69300925,  51.49908088,   1.00525433, -74.39615566]), -13.15589683731903, 12.943729216286561]
[array([ 48.40536311,  60.63437846,  -1.09836314, -46.59147942]), -12.984484067156883, 12.90754852131029]
[array([  51.3719891 ,  129.84926603,  -63.54511272, -120.7567103 ]), -12.969152192677562, 12.94031845496553]
[array([ 52.55484002, 101.68736813, -27.58654102, -62.41859012]), -13.1012257122204, 12.921499852205406]
[array([ 52.24433597, 101.8576093 , -36.73134427, -84.85721884]), -13.004456472918854, 12.907030860825271]
[array([ 35.35309406, 125.36437712, -58.89150221, -63.30913031]), -13.20416771875894, 12.954312732104531]
[array([ 37.75669287,  48.6026625 ,  -5.33050728, -43.69510864]), -12.998988011761583, 12.908130317536852]
[array([  60.09741036,   61.72121415,  -26.72226661, -111.03083791]), -13.209825082975096, 12.959751123433486]
[array([ 45.71441555, 130.65553302, -66.38453432, -92.1802221 ]), -13.230275958511541, 12.96424762841851]
[array([ 40.22789796, 128.37179549, -62.57875841, -76.71708584]), -13.218723776537205, 12.95949971297339]
[array([ 57.89261155, 111.52365812, -40.40258368, -88.97082739]), -13.122290282996849, 12.925293280838957]
[array([ 52.86409412, 112.81572926, -38.57768909, -75.09165215]), -13.082338178140896, 12.914475020688869]
[array([  56.80808608,   82.01708649,  -40.08233988, -100.92121939]), -12.64336919710248, 12.862260715056097]
[array([ 33.40162399,  23.17559758, -12.76632645, -71.33780374]), -13.082875023081513, 12.924030487894143]
[array([  48.72775893,   45.09551698,  -28.50272954, -113.56945917]), -13.086261063716725, 12.918125807361987]
[array([ 33.25010877,  81.27434274, -45.56391352, -72.7163277 ]), -13.170666315431298, 12.963627573957332]
[array([  45.56949856,  151.11741986,  -87.01753444, -111.63520803]), -13.241338050379708, 12.96865179288345]
[array([ 27.75620631,  86.15844474, -59.03114922, -81.52395577]), -13.109451031293755, 12.95932215506878]
[array([  66.77943154,  150.22265234,  -56.76520366, -100.59222144]), -13.154425762229357, 12.934613063097764]
[array([ 29.72970327,  80.20108144, -52.44481367, -83.26677808]), -13.204311562071426, 12.95884629528744]
[array([ 64.10802347, 128.62568449, -48.60731058, -94.79902995]), -13.234293027205753, 12.967213006461836]
[array([ 55.80760958, 129.4296363 , -55.82171377, -90.65153237]), -13.237019257305086, 12.971966544846616]
[array([ 39.32771546, 159.20615399, -75.4321599 , -70.16791534]), -13.220393979774615, 12.958295909467546]
[array([ 36.32591733, 115.01183339, -69.64628425, -93.38084313]), -13.232372916309544, 12.97294910176832]
[array([ 58.20114755,  86.55718987, -26.85227645, -83.02491033]), -13.20472752056103, 12.957358877033938]
[array([ 41.38245322,  98.73598088, -50.21724785, -82.37309228]), -13.2198148353198, 12.966260173527987]
[array([ 35.14297985,  73.41690695, -56.05209572, -92.13625675]), -12.053277612948081, 12.604046308571759]
[array([ 53.37705564, 134.47751367, -51.59458889, -77.71507752]), -13.173140149439995, 12.941490423052002]
[array([ 57.85759871, 182.58220172, -73.4455456 , -77.39166468]), -13.242009803167097, 12.969533359131791]
[array([  51.07782029,  160.71719973,  -96.36825282, -119.67446921]), -12.932892281845756, 12.95785525567334]
[array([  51.60706142,  164.60293185,  -84.55819761, -107.7452847 ]), -13.226044641011804, 12.958627429780059]
[array([  55.43833109,  108.96244757,  -56.29371719, -109.6492119 ]), -13.231325291568032, 12.976518651640722]
[array([ 48.02043967, 129.08847181, -61.97882809, -90.54481733]), -13.22068958782393, 12.95914537676565]
[array([  50.38203702,  152.16754952,  -82.26690099, -113.16208185]), -13.224897584389735, 12.958413986860245]
[array([  48.02875823,  157.0399745 ,  -97.50967161, -132.03150704]), -13.240958791513508, 12.966608922984873]
[array([ 36.97541149,  68.53495336, -31.70373485, -74.39966402]), -13.039601391673441, 12.911506278678107]
[array([  63.82315107,  198.01661063,  -87.90961139, -107.01807165]), -13.214684633007307, 12.95315459527522]
[array([ 45.36435976, 164.49833928, -87.4866386 , -93.98688984]), -13.23570072823157, 12.98106668684431]
[array([  37.49393854,  124.87509495,  -80.38006465, -108.53730022]), -13.237604365308352, 12.968636404232246]
[array([ 58.00045685, 180.96083807, -81.64846421, -97.17856643]), -13.235688770002874, 12.963488518821404]
[array([  54.77714369,  204.2315168 ,  -95.93836356, -100.237293  ]), -13.191550371690425, 12.946133151205501]
[array([ 60.43120154, 157.40730744, -69.60434306, -98.7987546 ]), -13.24520882086739, 12.974215584048805]
[array([  68.65743832,  137.26915985,  -65.95190759, -126.65326825]), -13.24689963061802, 12.978415546595878]
[array([ 45.56539027,  90.71763042, -40.91082305, -80.81659629]), -13.212460186869604, 12.962444682799909]
[array([ 49.77056078, 126.19180839, -60.63439103, -92.22519973]), -13.23487545197662, 12.968860687193601]
[array([  63.52666915,  138.5871198 ,  -69.32844314, -126.06463144]), -13.233837623604451, 12.963094629717268]
[array([  74.57812144,  188.3970949 ,  -80.71559426, -118.57420752]), -13.247652354181639, 12.971963654566565]
[array([  63.55386002,  151.2889946 ,  -80.46274918, -134.13911544]), -13.243442133667237, 12.968907630527312]
[array([  65.1607274 ,  176.27013623,  -78.71722894, -107.08340608]), -13.24879928084279, 12.975417137230819]
[array([ 65.81324867,  84.84550703, -18.57999635, -79.8328697 ]), -13.179159123544292, 12.96683298404376]
[array([  71.41468779,   74.3435785 ,  -33.02993993, -125.22801705]), -12.981794747001981, 12.94667030601007]
[array([  54.67208468,  111.01502988,  -78.35322693, -146.50858678]), -13.216331614316163, 12.980661892159194]
[array([ 54.03555336, 124.27773643, -56.84837963, -94.1983167 ]), -13.236587246833226, 12.972355866652986]
[array([  69.06916529,  125.40940828,  -60.03354357, -118.24950064]), -12.623309905280635, 12.890028114932782]
[array([  62.24524608,  100.88740199,  -52.85789915, -122.91278724]), -13.216776770963087, 12.978039278578791]
[array([  73.77119061,  194.85499821,  -82.61544058, -114.28506078]), -13.247742430031629, 12.971954325291414]
[array([  63.80785433,  180.52078376,  -98.06759319, -131.76837972]), -13.223114352994529, 12.983010068435533]
[array([  68.61399024,  171.17862191,  -75.6826201 , -123.8915029 ]), -13.10497230181263, 12.917003303702462]
[array([ 53.58742219, 148.50985669, -70.79119672, -97.43935001]), -13.241225889791501, 12.97045043747505]
[array([ 57.72233357, 200.04088538, -92.89085048, -94.81868315]), -13.25111465375363, 12.980579656328182]
[array([  80.89644994,  167.71713447,  -67.63069407, -133.74802318]), -13.16050597252309, 12.936742600547285]
[array([ 55.63797844, 109.29780575, -41.90709239, -83.38332433]), -13.2261378690051, 12.968267058717299]
[array([  75.80450635,  197.48800261,  -87.86602442, -127.59202692]), -13.243124139759603, 12.966850162150658]
[array([ 61.83147139,  81.46592446, -18.25694028, -79.55267911]), -13.178956423141603, 12.94692316810744]
[array([  79.10707674,  178.7375288 ,  -78.89397537, -132.83929152]), -13.250005997460615, 12.974607359599435]
[array([  69.01769039,  131.7653396 ,  -60.8732297 , -126.60568402]), -13.235561716595939, 12.964576829251406]
[array([  69.64983328,  231.00367426, -100.79768364,  -99.73745436]), -13.247686453257927, 12.983830168032082]
[array([  64.64853587,  204.93802805,  -93.86202552, -108.9295583 ]), -13.246236880203584, 12.970138768478291]
[array([  67.68264588,  185.41686746,  -92.03361717, -121.89886268]), -13.202265482176937, 12.982378107455414]
[array([  71.63378111,  171.02468971,  -95.72842071, -153.47879264]), -13.245036147686688, 12.983676845399785]
[array([  76.86315512,  134.96457894,  -46.06490352, -108.80652319]), -13.237874812789292, 12.967513394478209]
[array([  72.52161385,  186.33896355, -104.34189511, -154.94083056]), -13.23411718659488, 12.983717600894243]
[array([  67.03736374,  199.58699947,  -97.66813006, -125.94462991]), -13.248650487560779, 12.97225981408861]
[array([  46.6955806 ,  165.36142445,  -92.68765701, -110.02607387]), -13.245754817485729, 12.97203249692614]
[array([  72.35427027,  223.78506911,  -90.10622215, -100.21371058]), -13.237182077721394, 12.962488423500615]
[array([  71.12389902,  217.28990917,  -96.77702136, -113.14750758]), -13.252407775550791, 12.977014618067141]
