[array([ 0.85913613, -1.18434911, -2.55473485,  2.91007781]), -14.538298163251259, 11.103694056710085]
[array([-5.7438947 , -1.22024473, -7.79854482,  3.85624174]), -9.932069134849872, 8.623155955496694]
[array([-0.24364792,  0.3761628 , -3.46114689,  5.57579803]), -12.86437740592216, 10.529517520665651]
[array([ 4.14990902, -2.5517072 , -4.28479787,  5.53646125]), -18.588856397980287, 11.673753121920535]
[array([ 5.61734893,  4.90422869, -3.84773997,  1.96442807]), -21.28175743459942, 11.187046119216342]
[array([ 1.19727221,  0.29587607, -6.02898325,  1.38777978]), -21.222426213800066, 11.183033107116076]
[array([-0.20978864, -0.4709739 , -5.34226972,  1.07172942]), -20.665901892603546, 11.161600723713356]
[array([-1.18957247, -1.91863849, -2.09869088, -0.05680788]), -7.654354834453051, 6.887217390848125]
[array([-6.4687233 , -2.76597004, -7.41010313,  5.40245914]), -5.87311887109976, 5.179219691472637]
[array([ 0.1099673 ,  0.29561847, -8.75051429,  3.86350289]), -21.2311199035326, 11.193716321442245]
[array([-2.56747407,  1.88154354, -9.31934536, -5.7048731 ]), -20.579818048333433, 11.205424324512453]
[array([ 5.16864014,  4.30775442, -4.49797836,  3.4559593 ]), -21.283432154966153, 11.187108176519684]
[array([ 1.39612565,  0.96502713, -9.21976388,  2.34177494]), -21.28448441417905, 11.187561776946675]
[array([ 1.3829647 , -0.81200873, -1.82300164, -0.57698587]), -18.848206029196515, 10.811159091705209]
[array([ 9.47098514, 12.37277786, -5.18153592,  2.27727524]), -21.28317874281659, 11.18215234700512]
[array([ 7.84574786,  5.08904412, -9.21026149, -1.69198832]), -21.28693043087995, 11.187670052835994]
[array([  7.03117971,   0.75570194, -10.01609159,   3.40102675]), -21.286945166786214, 11.187682321435956]
[array([ 9.73716438,  2.47001514, -3.0578236 ,  6.35657514]), -21.28554770366768, 11.187855711216784]
[array([ 0.50654506,  1.29894225, -4.39868289,  5.30908125]), -18.38112721246494, 11.453409648864598]
[array([12.4834126 ,  6.7580023 , -3.03196025,  1.65854464]), -21.286920462789755, 11.187674816066377]
[array([ 5.38541722,  5.61531503, -2.28534795, -1.3841508 ]), -21.01888652848659, 11.11239847666535]
[array([  7.19658109,   5.04554557, -16.81241347,   5.31531395]), -21.286953263025556, 11.187681898649226]
[array([  2.69251945,  -0.78131676, -10.45634803,   4.58830544]), -21.28353271239284, 11.188260556275353]
[array([  7.55953716,  11.00456445, -17.53987224,   8.38898157]), -21.286953264770244, 11.18768189886827]
[array([ 17.20594459,   6.54914039, -19.82450094,   5.28317749]), -21.286953265550032, 11.18768189897003]
[array([ -2.46838263,  -1.95454777, -10.17975439,   5.59124673]), -18.20282985382031, 11.709562315541818]
[array([  9.5859729 ,   2.96486699, -11.88657909,   0.1453234 ]), -21.286953234820484, 11.18768189512529]
[array([  2.50973737,   5.60206437, -15.74946239,   5.51449242]), -21.286952536654283, 11.187681793815221]
[array([ 0.68778759,  3.75240236, -9.5453506 , -0.82358626]), -21.282207879624483, 11.186919587164159]
[array([ 16.88228291,   7.30480877, -18.50453962,   8.84159987]), -21.286953265549986, 11.187681898970023]
[array([  5.61033883,   9.17538106, -27.49751425,   7.13798603]), -21.2869532655498, 11.187681898969988]
[array([ 14.64914391,   3.47709901, -19.91359564,   1.66315565]), -21.286953265549986, 11.187681898970023]
[array([ -1.23752563,   4.429043  , -15.48744927,  -8.73034139]), -21.21372984835285, 11.034688608263695]
[array([ 19.63152313,   6.52497777, -10.08120802,   7.13355027]), -21.2869532655408, 11.187681898969013]
[array([ 16.83595629,  14.20465878, -25.32434651,  -8.94723602]), -21.286953265124993, 11.18768189505121]
[array([ 26.27764823,  11.19892165, -35.04809472,  -9.24247965]), -21.286953265550032, 11.18768189897003]
[array([ 10.49059297,  13.10894404, -20.35879016,   9.24366071]), -21.286953265546263, 11.187681898969544]
[array([ 19.88717117,  14.54962756, -18.16883162,  21.70157486]), -21.286953265549773, 11.187681898970075]
[array([ 8.55727428, 17.91765293, -5.61583141, -8.81748745]), -20.09191991982066, 11.87698819122337]
[array([ 34.99855102,  12.47760722,  -8.5095382 , -13.78688034]), -21.286953263744376, 11.18768187643155]
[array([ -6.22438434,  -3.07623819, -12.11940327,   2.75992056]), -17.55374446165128, 11.67937091898921]
[array([-7.17628319e+00, -7.74888723e-03, -7.93858417e+00, -1.86110124e+01]), -8.671149781435524, 7.078761093811415]
[array([ 34.72625403,   0.59965089, -29.58546157,   0.6649158 ]), -21.286953265550032, 11.18768189897003]
[array([ -0.65922173,   3.74749078, -33.01209203,  -0.42985914]), -21.286953265549062, 11.18768189896991]
[array([ 29.41197598,   7.41269727, -33.68251739,  16.8016965 ]), -21.286953265550032, 11.18768189897003]
[array([ 25.65522407,   7.70982558,  -2.61280216, -17.59124183]), -21.283806935689697, 11.153136389939677]
[array([ 25.92879357,  16.76392869, -43.60301326, -13.09666856]), -21.286953265550032, 11.18768189897003]
[array([ 33.88652397,  -6.78910447, -18.35231169,   0.80112011]), -21.286953265550032, 11.18768189897003]
[array([ 35.52847236,  -2.01672162, -46.26176657,  26.73531587]), -21.286953265550032, 11.18768189897003]
[array([ 40.15381093, -12.27827658, -14.71466606,  -8.49562572]), -21.286953265550032, 11.18768189897003]
[array([ 48.35908683, -15.30321054, -29.27316414,  -4.40993073]), -21.286953265550032, 11.18768189897003]
[array([ 43.96391172,  19.55854715, -20.57754583,  -0.20561647]), -21.286953265550032, 11.18768189897003]
[array([ 28.6710714 ,   5.27353691, -27.01787427, -11.90561242]), -21.286953265550032, 11.18768189897003]
[array([ 35.17597078, -11.36670624, -50.08817985,  14.20046063]), -21.286953265550032, 11.18768189897003]
[array([ 26.09199313, -11.04741573, -27.32430351,  10.20978253]), -21.286953265549997, 11.187681898970045]
[array([ 34.98935674,   1.49584997, -17.0111573 ,  11.45976342]), -21.286953265550032, 11.18768189897003]
[array([ 23.94650248,   6.49624822, -20.87990849,   7.00818623]), -21.286953265550032, 11.18768189897003]
[array([ 16.23251778, -10.57420259, -31.15402407,  10.51161386]), -21.286953265535868, 11.187681898973974]
[array([ 64.30825104,   7.73891985, -28.62195801,  25.16886706]), -21.286953265550032, 11.18768189897003]
[array([ 44.32670242,  11.14170696, -37.90230214,  33.94876527]), -21.286953265550032, 11.18768189897003]
[array([ 21.28450609,   1.86807316, -45.12676231,  20.06309365]), -21.286953265550032, 11.18768189897003]
[array([ 56.01395058,  14.07292599, -46.31014495,   4.65509293]), -21.286953265550032, 11.18768189897003]
[array([ 42.77518602, -15.82912008, -67.92159949,   9.57214056]), -21.286953265550032, 11.18768189897003]
[array([ 27.72600373, -14.03804559, -16.61341   ,  17.3097076 ]), -21.286946703065023, 11.187684143135739]
[array([ 51.31490453, -10.13122864, -12.11889978,  16.76199163]), -21.286953265550032, 11.18768189897003]
[array([ 26.52220001,  16.02085252, -14.09853179,  38.21099773]), -21.28695322961399, 11.187681909231946]
[array([ 50.23096962,   5.81477793, -23.71250655,  13.35933381]), -21.286953265550032, 11.18768189897003]
[array([ 54.23024589, -39.89624832, -41.57059935,   6.34057323]), -21.286953265550032, 11.18768189897003]
[array([ 70.87841078,  18.66888754, -53.29517156,  55.88140424]), -21.286953265550032, 11.18768189897003]
[array([ 61.8302541 ,  11.11029006, -58.61916559,  39.0285075 ]), -21.286953265550032, 11.18768189897003]
[array([ 71.74372388,   5.20736009, -74.30057146,  34.68962261]), -21.286953265550032, 11.18768189897003]
[array([30.95324083, 17.43272554, 16.12025591, 45.03957089]), -12.636391251156375, 10.63830038871397]
[array([ 60.47591242,   4.24312223, -38.92502885,  59.82337047]), -21.286953265550032, 11.18768189897003]
[array([ 60.01570181,  -9.26791337, -55.70785962,  25.85695729]), -21.286953265550032, 11.18768189897003]
[array([ 62.18244744, -12.49163198, -42.16414364,   6.51717279]), -21.286953265550032, 11.18768189897003]
[array([ 54.73532379,  22.09010463, -32.59314768,  47.93458261]), -21.286953265550032, 11.18768189897003]
[array([ 32.77525043,  21.12123811, -84.81504078,  44.33173143]), -21.286953265550032, 11.18768189897003]
[array([ 43.96448095,  38.07539976, -28.55210953,  17.5526851 ]), -21.286953265550032, 11.18768189897003]
[array([ 82.02437719,  30.30119958, -36.46085914,  30.44566841]), -21.286953265550032, 11.18768189897003]
[array([ 43.15508448,  -4.20130889, -35.9092295 ,  92.64583137]), -16.25067221230685, 11.923082875638068]
[array([ 39.89104655,  -3.13101609, -26.60552424,  16.55325395]), -21.286953265550032, 11.18768189897003]
[array([100.65144003,  26.15774595, -64.70393815,  64.65020867]), -21.286953265550032, 11.18768189897003]
[array([ 89.33632463,  18.03565402, -75.27219205,  89.15285892]), -21.286953265550032, 11.18768189897003]
[array([ 90.08914281,  34.86938191, -35.07598503,  74.40700266]), -21.286953265550032, 11.18768189897003]
[array([ 28.89686321,  -7.18397766, -51.6294648 ,   6.03856051]), -21.286953265550032, 11.18768189897003]
[array([ 96.28665846,  22.40932478, -57.86306506,  84.84982179]), -21.286953265550032, 11.18768189897003]
[array([ 46.28219241,  27.97378312, -37.47116232,  50.26485729]), -21.286953265550032, 11.18768189897003]
[array([ 73.18318637,  23.94939579, -15.79933321,  29.16131607]), -21.286953265550032, 11.18768189897003]
[array([144.71594229,  40.38187377, -57.61449066,  27.85023198]), -21.286953265550032, 11.18768189897003]
[array([121.04944074,  34.94345325, -71.02480113,  96.86760149]), -21.286953265550032, 11.18768189897003]
[array([122.83400397,  23.26915716, -51.15923659,  65.07829196]), -21.286953265550032, 11.18768189897003]
[array([ 79.88569484,   6.77578947, -49.01889935,  22.20070333]), -21.286953265550032, 11.18768189897003]
[array([ 76.24293755,  12.68801635, -52.61128573,  46.14196786]), -21.286953265550032, 11.18768189897003]
[array([ 41.26883086,   1.70036746, -45.20453464,  52.04246054]), -21.286953265550032, 11.18768189897003]
[array([ 46.2912072 ,   9.36429942, -48.64082209,  25.67252115]), -21.286953265550032, 11.18768189897003]
[array([ 79.54204797,  24.18007729, -42.55781709,  32.10053031]), -21.286953265550032, 11.18768189897003]
[array([96.8273668 , -4.93670452, -5.98143562, 38.31104523]), -21.286953265550032, 11.18768189897003]
[array([ 88.14607968,  44.89186886, -70.86957371,  86.65987547]), -21.286953265550032, 11.18768189897003]
[array([115.25001986,  61.74260333, -57.45054733,  54.83510792]), -21.286953265550032, 11.18768189897003]
[array([ 96.50286877,   6.71030702, -22.05521433,  19.41966655]), -21.286953265550032, 11.18768189897003]
[array([ 38.48132161,  38.07233191, -37.09251997,  56.08475642]), -21.286953265550032, 11.18768189897003]
[array([101.72977222,  29.06252514, -28.5732595 , -14.10061391]), -21.286953265550032, 11.18768189897003]
[array([75.18116495, 28.11682753, -2.96608928,  2.0617095 ]), -21.286953265550032, 11.18768189897003]
[array([137.23517307,  89.14041711, -34.03030036,  87.44542857]), -21.286953265550032, 11.18768189897003]
[array([86.15918662, 61.75730284, -6.58511105, 38.56092688]), -21.286953265550032, 11.18768189897003]
[array([113.55717109,  76.26104834,  -8.47771556,  50.49708661]), -21.286953265550032, 11.18768189897003]
[array([ 69.3062385 ,  39.13857579, -43.73393787,  22.5907752 ]), -21.286953265550032, 11.18768189897003]
