[array([ 8.43711197,  5.33086108, -5.3592064 , -2.03102027]), -10.861447861340613, 17.412987033812836]
[array([ 8.45087797,  2.55689571, -1.60455295, -1.96307486]), -10.860426786266725, 17.40957835153217]
[array([-0.37058828, -0.09211197, -2.16112937,  0.6154368 ]), -8.54892796544173, 11.800935054172317]
[array([ 1.70661343,  8.12559267,  2.37090642, -1.61474827]), 99997.24569674222, 4.072041319611091]
[array([ 3.3680589 ,  1.7080069 , -1.87367302, -4.55634105]), -10.678572819728108, 16.56629215363416]
[array([ 2.48670572,  4.50398647, -0.12388658, -7.71967076]), -8.41575560774119, 12.123889517165704]
[array([ 4.45686635,  5.2024266 , -5.24243159, -3.75089547]), -10.851723935752407, 17.190666874956698]
[array([ 6.50598267,  5.50873149, -1.31903739, -5.22359416]), -10.773769442773999, 16.55130461373575]
[array([ 8.69535218,  2.7734231 , -0.42620684, -6.00595259]), -10.846323614645787, 17.11558717038925]
[array([ 4.37550838, -0.70245771, -2.64511636, -2.12883803]), -10.84633832020034, 17.38065052859415]
[array([10.41921606,  6.74696758, -4.77653266, -7.85578815]), -10.858625876020417, 17.19861723127946]
[array([11.02296287,  1.57252523,  0.24071888, -8.62712859]), -10.853831246781079, 17.173815206228277]
[array([ 10.11185801,   5.87465134, -10.93590625,   4.91251188]), -10.861517715887484, 17.414113368629845]
[array([ 8.65283357, -0.14561954, -3.05445371, -1.36436946]), -10.861379194196848, 17.413805319636612]
[array([6.65367018, 8.67018617, 1.76000778, 0.40057574]), -10.518138010866505, 16.029807248233674]
[array([  5.87931645,   4.10235561,  -5.31392957, -10.39942709]), -10.80668813397914, 16.631897147827402]
[array([ 4.1531578 ,  3.40801165, -5.3030648 , -1.99077738]), -10.859036064661044, 17.398625159810706]
[array([ 15.42739125,   8.27978087, -19.92423527,   5.76450876]), -10.861517727906428, 17.414113395828522]
[array([12.97214642,  2.1148885 , -5.21339729, -0.1710015 ]), -10.861517498127942, 17.41411287577298]
[array([ 7.88914595,  8.95323692, -2.68726304,  0.97499349]), -10.859124610865681, 17.366667903218907]
[array([  8.61855814,  10.05046509, -10.72528252,   1.95887404]), -10.861517326704782, 17.414104701781234]
[array([ 11.58307252,   3.86064192, -18.93972691,   8.32308004]), -10.861517727904003, 17.41411339580918]
[array([ 16.22559901,   7.25239971, -10.67967631,   7.02956301]), -10.861517727872812, 17.41411339574553]
[array([ 13.18491186,   9.03825904, -14.31350148,   7.50960059]), -10.861517727886993, 17.414113395785883]
[array([ 18.12572155,  10.22425376, -16.41110289,  -2.10276774]), -10.86151772790448, 17.414113395698664]
[array([ 5.99924429,  4.08609427, -8.76393744,  0.96267738]), -10.861509994215, 17.414093384474725]
[array([ 9.8088545 ,  5.91455215, -9.64861556,  0.37012886]), -10.86151761014413, 17.41411259802142]
[array([ 18.94983579,  14.4777506 , -29.93243664,   1.67807586]), -10.861517727906445, 17.41411339582855]
[array([  4.85746374,   7.42394954, -17.68967706,   2.55947241]), -10.861517723462828, 17.414113374198777]
[array([ 21.78647432,  16.79709202, -20.95612877,  -3.12897778]), -10.861517727906195, 17.41411339577014]
[array([  9.81588639,  11.07050649, -16.89205056,  -0.16880755]), -10.861517725761301, 17.414113282393867]
[array([10.81283501,  2.25386085, -9.45097198,  4.02170946]), -10.86151770009807, 17.41411328263024]
[array([ 13.24664549,   8.62376064, -19.57517775,   5.21540412]), -10.861517727906332, 17.414113395828206]
[array([  8.36304807,  -0.74361387, -11.5309124 ,   6.01248199]), -10.861517024746119, 17.414108463843256]
[array([ 22.71528988,   1.4388649 , -17.37944362,  11.928125  ]), -10.861517727906397, 17.414113395828284]
[array([13.70840899, 10.47500954, -7.40964665,  2.26081733]), -10.861517654910593, 17.414111740058217]
[array([ 7.34488217,  5.18793339, -5.63610206, -4.77685095]), -10.860749137200289, 17.38496540836313]
[array([22.66428911,  3.5151486 , -5.95061299, -6.74558863]), -10.861517727751611, 17.41411338929711]
[array([ 10.37058192,  10.49459668, -23.46350318,   7.59597297]), -10.861517727906397, 17.414113395828444]
[array([ 26.91985731,   7.21764185, -21.75754841,   9.83862654]), -10.861517727906445, 17.41411339582855]
[array([ 11.16451287,  10.06701254, -11.39266617,  -6.9258332 ]), -10.861504445478007, 17.412167431197716]
[array([  8.02752107,  14.40076455, -27.34015068,  11.39976084]), -10.861517727906428, 17.414113395828515]
[array([  1.23010184,   9.34383695, -30.68021325,  -2.02856731]), -10.861517727893414, 17.414113395118214]
[array([  9.45929649,  -2.82416891, -12.52740021,  -2.41536856]), -10.861517723303129, 17.414113382945423]
[array([  8.69864688,   9.56887124, -49.73633156,   2.39898893]), -10.861517727906445, 17.41411339582855]
[array([ 21.58799994,  -6.03413993, -10.11721513,   8.81205433]), -10.861517710741074, 17.414113325758773]
[array([ 15.13822787,   6.48383642, -22.49659193,  13.73766614]), -10.861517727906419, 17.414113395828384]
[array([ 13.02253352,   4.48771346, -21.97995865,   8.54154404]), -10.861517727906426, 17.414113395828377]
[array([  6.66356943,   9.34576149, -18.49875216,   4.05770707]), -10.861517727542823, 17.41411339365905]
[array([  2.16043931,  -0.14306123, -34.23182283,   8.29355408]), -10.861517727906193, 17.41411339582707]
[array([ 26.81896771,   6.48501172, -34.51112027,  14.16855326]), -10.861517727906445, 17.41411339582855]
[array([ 25.43893893,   4.72715175, -31.59600588,   3.12780589]), -10.861517727906445, 17.41411339582855]
[array([ 21.57672976,  15.65189117, -39.30530595,  15.70180586]), -10.861517727906445, 17.41411339582855]
[array([ 16.69441332,  -0.50067821, -26.54296043,   3.3635505 ]), -10.861517727906445, 17.41411339582855]
[array([ 10.66705136,  20.76074287, -30.25502711,  -0.85461404]), -10.86151772790022, 17.41411339395357]
[array([ 22.48952935,   5.55776026, -10.92394729,  10.06574696]), -10.86151772790629, 17.414113395827428]
[array([ 17.91930093,  12.45305713, -12.80583536,  -4.31568739]), -10.86151772476791, 17.41411295117174]
[array([ 20.1632495 ,  11.87350293, -40.22021597,  11.80878043]), -10.861517727906445, 17.41411339582855]
[array([ 18.2007794 ,  12.38895743, -27.35485727,   4.08317061]), -10.861517727906445, 17.41411339582855]
[array([ 16.53609715,  14.80527251, -44.47957972,  12.09967361]), -10.861517727906445, 17.41411339582855]
[array([ 30.68186668,   0.51314846, -26.44688503,   8.82203348]), -10.861517727906445, 17.41411339582855]
[array([ 20.83404684,  12.73781642, -34.07144391,  15.11129051]), -10.861517727906445, 17.41411339582855]
[array([ 19.88715115,  14.27542892, -35.32498614,  20.79024812]), -10.861517727906445, 17.41411339582855]
[array([ 14.86384875, -11.29844734, -28.57048269,   5.1022638 ]), -10.861517727905797, 17.41411339582595]
[array([ 32.59627318,  13.51428113, -41.31138824,  19.07049905]), -10.861517727906445, 17.41411339582855]
[array([ 16.13061336,  11.54597115, -32.6539424 ,   9.5995264 ]), -10.861517727906445, 17.41411339582855]
[array([ 29.7612395 ,  16.59406281, -18.7596781 ,  -1.80783672]), -10.861517727906444, 17.41411339582851]
[array([ 31.97634429,   2.81085758, -43.8819025 ,   6.48050197]), -10.861517727906445, 17.41411339582855]
[array([ 33.24537813,  11.54506637, -31.32562432,  -4.61066571]), -10.861517727906445, 17.41411339582855]
[array([ 20.34844118,  21.31907556, -36.20818004,  12.8464723 ]), -10.861517727906445, 17.41411339582855]
[array([ 21.39314463,  28.16582942, -45.74782137,   7.51847094]), -10.861517727906445, 17.41411339582855]
[array([ 23.5728354 ,  -0.07042899, -20.60688396,   9.1771978 ]), -10.861517727906445, 17.41411339582854]
[array([ 15.09663454,  15.72761521, -37.73306862,  -6.59003775]), -10.861517727906445, 17.414113395828526]
[array([ 34.12525377,   4.13008933, -44.25634789,  15.81370014]), -10.861517727906445, 17.41411339582855]
[array([ 33.81665356,  17.33359254, -52.79697186,  14.86037469]), -10.861517727906445, 17.41411339582855]
[array([  9.16028396,  23.84043572, -31.67594949,  16.68916319]), -10.861517727906444, 17.414113395828544]
[array([ 30.69107351,  -1.41660856, -31.22086797,  16.50847093]), -10.861517727906445, 17.41411339582855]
[array([ 20.30611458,  14.75858721, -42.00370241,   7.16958681]), -10.861517727906445, 17.41411339582855]
[array([ 17.97107996,  16.12940872, -46.87723391,  11.7090671 ]), -10.861517727906445, 17.41411339582855]
[array([ 21.26250198,   3.71897741, -34.53892893, -13.86667685]), -10.861517727906445, 17.41411339582855]
[array([ 45.21375791,   7.98356661, -39.12283089,  -2.45791638]), -10.861517727906445, 17.41411339582855]
[array([ 31.41949073,  13.24792143, -45.29402981,  11.85137526]), -10.861517727906445, 17.41411339582855]
[array([ 43.38996221,  10.04809752, -45.31429022,  18.16707938]), -10.861517727906445, 17.41411339582855]
[array([ 34.0222076 ,  12.09112295, -53.51528365,   5.76396294]), -10.861517727906445, 17.41411339582855]
[array([ 18.16310764,  15.53909946, -30.61850875,   0.73657951]), -10.861517727906445, 17.414113395828544]
[array([ 37.45366108,   2.72202125, -26.18549139,   2.84471747]), -10.861517727906445, 17.41411339582855]
[array([ 44.9111197 ,   2.78350152, -46.30653634,  18.39277563]), -10.861517727906445, 17.41411339582855]
[array([ 31.23227386,   9.76904181, -47.28336761,  14.39488624]), -10.861517727906445, 17.41411339582855]
[array([ 28.92211275,  13.68523119, -41.30070318,  -8.49021148]), -10.861517727906445, 17.41411339582855]
[array([  0.67182897,  20.25899562, -40.83862776,  -5.19772837]), -10.861517727823973, 17.414113351616617]
[array([ 16.1905929 ,  15.31022633, -48.21033729,  12.61551183]), -10.861517727906445, 17.41411339582855]
[array([ -2.34456076,  16.64312232, -31.07425096,  11.92372529]), -10.861517727897704, 17.414113395788334]
[array([ 10.47043821,  18.20501266, -43.73915838,  13.43428657]), -10.861517727906445, 17.41411339582855]
[array([ 21.81341515,  12.24669806, -47.89205294,  22.47121144]), -10.861517727906445, 17.41411339582855]
[array([ 15.76140349,   7.93624942, -22.48581125,  10.9097526 ]), -10.861517727906447, 17.41411339582854]
[array([ 14.00743107,  10.97101787, -43.96810257,   3.48528741]), -10.861517727906445, 17.41411339582855]
[array([ 26.41796186,  20.01033349, -48.45057844,  12.26705378]), -10.861517727906445, 17.41411339582855]
[array([ 24.4768331 ,   5.1833583 , -26.83009545,   5.96353929]), -10.861517727906445, 17.41411339582855]
[array([ 18.5995293 ,  12.04919149, -34.23888559,  -0.44915794]), -10.861517727906445, 17.41411339582855]
[array([ 14.02706722,  11.34841396, -39.88466328,   9.2190943 ]), -10.861517727906445, 17.41411339582855]
[array([ 23.36914708,   5.7646203 , -26.84390195,  11.6516529 ]), -10.861517727906445, 17.41411339582855]
[array([ 14.59245263,  11.41948504, -34.16177527,   8.08745059]), -10.861517727906445, 17.41411339582855]
[array([ 22.8308761 ,   9.03101565, -36.37215815,  -3.67779234]), -10.861517727906445, 17.41411339582855]
[array([ 22.11598089,  11.59269455, -44.99660034,   7.60882651]), -10.861517727906445, 17.41411339582855]
[array([ 19.76736765,  10.79989944, -37.5218543 ,  18.96400803]), -10.861517727906445, 17.41411339582855]
[array([ 27.9978813 ,  17.64611102, -45.79464882,   8.20908351]), -10.861517727906445, 17.41411339582855]
[array([ 18.50442857,  15.25693159, -31.67352045,  10.05163816]), -10.861517727906445, 17.41411339582855]
