[array([-1.04762158,  0.07591563, -2.70294767,  1.03651414]), -9.932615255558975, 9.710971702014687]
[array([ 1.14491998,  2.55276654, -1.99661979, -0.98445385]), -13.002358244848192, 11.627932669522368]
[array([ 0.10221057,  0.37430709, -1.26764631,  7.23199336]), -6.864254915874356, 6.601702597998494]
[array([ 0.94562877,  3.60559855, -1.68893998,  4.14583723]), -12.144632387397328, 11.513633324412547]
[array([ 1.15965659, -4.5223526 , -6.10279201,  5.2608299 ]), -11.31148682545291, 13.192327603753503]
[array([-0.25806955,  0.14415904, -6.66315759,  5.32043412]), -13.14898760394793, 12.92519518227479]
[array([ -1.67075863,   3.47914648, -10.00219921,   4.14220594]), -13.735865658547313, 12.705615873513286]
[array([ 0.54806591,  0.41715223, -3.63534089,  6.28619765]), -11.15674256352107, 12.209852141967781]
[array([-4.51293822, -1.14586762, -8.49764606,  2.36528631]), -12.33498250842001, 12.51033808738982]
[array([ 1.9873088 ,  2.64495861, -7.69188007,  5.3651254 ]), -13.737993990232829, 12.709447992516216]
[array([ 2.76199637,  1.88395906, -6.81025455,  3.86172029]), -13.739104416992994, 12.708833460456345]
[array([ -2.5353077 ,  -1.56943155, -12.12833965,   6.12828069]), -13.45322195097802, 12.8757303357053]
[array([ -3.82752005,   0.52018186, -11.6741609 ,   1.80490561]), -13.729778832807336, 12.703445206483018]
[array([ 3.10400022,  6.53361106, -5.0164967 ,  3.30920573]), -13.737869442407552, 12.700636485608515]
[array([ -1.66892525,   7.36597656, -12.40328081,   0.73999505]), -13.744827485301567, 12.702936550544269]
[array([-1.34996665,  3.64687107, -6.37516424,  1.85172084]), -13.621990714083735, 12.577188713410182]
[array([ 0.5842182 ,  2.92162423, -6.45266402,  2.56776644]), -13.723544238935803, 12.694053779032435]
[array([ 0.86678423, -0.60366664, -5.53327186,  3.2861633 ]), -13.506597150643525, 12.757080720657157]
[array([ -3.20407051,   0.37458762, -10.03223583,   1.61566589]), -13.708639930681764, 12.692169715910401]
[array([  2.83390165,   6.75016093, -12.65991402,   1.32035869]), -13.742082334176457, 12.709719946224391]
[array([  3.4963128 ,   9.14257064, -14.67125718,   1.5499867 ]), -13.742081411765996, 12.709732649213644]
[array([ -1.6764551 ,  10.08944997, -11.90644152,   7.49841533]), -13.741478177074839, 12.708857473028365]
[array([  3.46073236,   4.10321777, -12.57826168,   9.66111062]), -13.742007945429046, 12.709776343385485]
[array([ -2.51062648,   8.08948929, -11.12804752,   1.19033176]), -13.770142108329175, 12.643549939385128]
[array([ 2.28515755,  2.09805966, -6.58900657,  3.99840959]), -13.736330221197868, 12.707844619174052]
[array([ 1.6827045 ,  3.98124708, -0.67684299,  1.31144385]), -12.086342701928716, 10.915710542278946]
[array([-0.27901504,  5.3366484 , -6.79363164,  2.93787508]), -13.716680950411115, 12.675475509641736]
[array([ 0.3984287 ,  6.61886463, -9.06923409, -0.49027216]), -13.75756498378685, 12.674413552891616]
[array([-2.31395956,  6.94511672, -9.42551371,  2.16052561]), -13.74553328658323, 12.652288017766095]
[array([  3.67865433,  13.39402403, -14.0117792 ,  -0.57813855]), -13.744110102686916, 12.705042501860124]
[array([-1.79905408, -2.92882817, -6.89316519, -0.84684029]), -13.47664324129007, 12.627973847948402]
[array([ 5.40470117, 10.42152238, -7.18617002,  2.36647109]), -13.743836073974684, 12.70600995214047]
[array([ 0.62028792,  9.88795772, -9.9223298 ,  1.92240236]), -13.754305412081344, 12.683781828209018]
[array([  2.8841964 ,   7.39218148, -12.41607206,  -6.91466797]), -13.77006156841621, 12.644436917522201]
[array([  2.4497351 ,   8.40390458, -14.48839351,   0.93654537]), -13.742090196604034, 12.709713244184067]
[array([-3.9416277 ,  4.20816435, -7.07127824,  2.36061169]), -12.952644005371571, 11.879488213885871]
[array([ -5.79668662,   3.795981  , -10.20221626,  -0.64975411]), -13.613629598209567, 12.200372596887156]
[array([ -2.33951756,  15.03724009, -13.74132182,  -3.62661167]), -14.269569350476786, 12.133353032968163]
[array([-1.48933661, 10.35557983, -9.34920045, -0.42874759]), -14.142621752836089, 12.100598608377553]
[array([  4.50500863,   3.4935554 , -11.48025539,   2.59492169]), -13.742074826524485, 12.70973995886804]
[array([  7.8545794 ,  12.33825208, -15.47571676,   0.16175351]), -13.74207859194242, 12.709738729797795]
[array([ 2.18917738, -2.82272627, -8.43095818,  2.0230598 ]), -13.733852475461308, 12.713147183299649]
[array([ 10.58182803,  10.48214224, -10.8506952 ,  -4.12449637]), -13.742161516104728, 12.709544484340434]
[array([ -4.93323438,   4.58928354, -12.05395767,   2.22980024]), -13.728164054770046, 12.691193462700719]
[array([ 1.25054823,  3.58240354, -9.77711564, -0.12699517]), -13.741902029860022, 12.709117731746499]
[array([  0.13927004,   9.2765526 , -10.12934778,  -5.4315531 ]), -14.23440232289923, 12.058421597199693]
[array([ 6.10670218,  8.73254634, -8.42495867,  5.27163435]), -13.742070890072867, 12.709725418055935]
[array([-1.52450586, 16.1663023 , -9.11615926,  1.7350025 ]), -14.176308258455132, 12.069864255436597]
[array([  4.71692055,  11.68989182, -10.39829476,  -1.85096814]), -13.759726850214747, 12.669323618550314]
[array([-2.55990684, 10.59621093, -8.99097507, -5.53719938]), -13.745895731067217, 11.68980508924522]
[array([  0.99125913,  14.48394192, -14.0347945 ,   0.52297022]), -13.769322766987752, 12.646746599455312]
[array([ -2.6253672 ,  26.90035237, -13.73894762, -10.08400686]), -12.781787248587678, 11.326249975117692]
[array([-1.22626745,  9.89786433, -9.32746589, -4.26419137]), -14.215029549127008, 12.10300320262544]
[array([ -7.6215429 ,  12.02607953, -13.85255012, -11.0076138 ]), -11.597358094019565, 10.57621596166799]
[array([-2.33253525,  1.41915972, -9.39411097,  6.09297684]), -13.511589202610827, 12.791120381090769]
[array([-6.79662992,  5.24106862, -7.8455003 ,  1.90344055]), -8.538872630633794, 7.934564037616264]
[array([ -2.31308345,  10.81784002, -11.75041545,  -7.45321495]), -14.243006152711072, 12.134589253628347]
[array([  6.77583335,   7.34929739,  -8.05834166, -10.54655826]), -14.07006738417472, 12.110511192135064]
[array([ -3.14816049,   7.7785115 , -13.3456862 ,  -3.76373298]), -13.97072498466501, 12.29109493090341]
[array([ -2.49296019,  14.88673517, -14.95600969,  -1.04936429]), -14.151271512526128, 12.063876656151624]
[array([  0.63792539,   8.23516056, -10.75130388,  -5.16415672]), -14.023621899318096, 12.204834881820446]
[array([ -7.1080728 ,  15.34776379, -14.07299007,   1.73599364]), -14.119276634755874, 12.019177371547567]
[array([ -6.14847361,  11.65182727, -10.88392336,  -0.97643801]), -13.096135030418612, 11.282043825292906]
[array([ 0.49316889,  3.28200137, -8.71423397, -4.34866516]), -13.774148206821971, 12.640622302816254]
[array([-8.07235631, 12.73552165, -9.63366625, -9.72071098]), -5.314652747069117, 6.316512626949606]
[array([ -3.36207758,   6.71834603, -12.78168034,  -4.58800551]), -14.041807194121487, 12.202222284341673]
[array([-3.9581743 , 11.18536493, -5.88623593, -2.08197204]), -7.606566401604776, 7.6236186863075694]
[array([  5.89926495,  14.50849976, -12.04967494,  -0.04664641]), -13.744690661323652, 12.703623553291457]
[array([ -6.47500471,  19.6143605 , -14.87533402,  -1.70035045]), -14.011385547983792, 11.818508986780495]
[array([-0.46723328,  6.58981296, -9.0130119 , -3.26039005]), -13.987185470079737, 12.27433249499218]
[array([  0.15224091,   9.34548249, -14.49389286,  -3.79611328]), -13.761868031286673, 12.664919826262693]
[array([-0.48542464,  8.36639101, -7.13750477, -0.22247607]), -14.03511377727709, 12.15120587557175]
[array([ -5.74348923,  21.50004786, -17.05551184,   6.30528647]), -14.199050501860116, 12.049548440932451]
[array([ -9.73351204,  20.04175231, -16.02228703,  -4.72667937]), -11.084967007578589, 10.303255540733405]
[array([ -5.56762949,  16.23845366, -14.37755759,  -5.63534372]), -14.092768852676798, 11.869471799563149]
[array([ -1.76123293,  13.58621927, -14.11606179,   0.33309443]), -13.89368132154199, 12.396709687177198]
[array([-1.34153745, 11.81311664, -9.19806769, -6.08547725]), -14.107760714285513, 11.941853263235597]
[array([ -3.21628697,  18.62113437, -12.27655382,   5.50708386]), -14.215340747186866, 12.073604716559158]
[array([ -1.96016316,  16.59104493, -10.79789328,  -2.43707794]), -14.21016876559165, 12.045613942961383]
[array([-3.25255784, 16.17242067, -9.43385446,  0.99011345]), -13.743281152783352, 11.695747437163593]
[array([ -4.21031901,  11.57661096, -10.20050319,  -1.86168879]), -13.863034039291534, 11.801572774860947]
[array([-4.69454634, 16.72924918, -7.92385642, -2.70300627]), -8.165266521598616, 8.09929514414079]
[array([ -4.12244957,  18.19881884, -11.23698775,   6.81638415]), -14.166663759376101, 12.066112778045602]
[array([ -6.87191983,  21.8361345 , -15.16104462,   5.4302297 ]), -14.203654461513233, 12.085612695562665]
[array([ -3.07087845,  14.55314138, -15.21386816,   8.34463548]), -13.742503101956219, 12.708563991480517]
[array([ -7.51762345,  24.21950706, -18.60603306,   5.04767159]), -14.262580462659486, 12.163657167670051]
[array([ -2.92911683,  11.51010438, -11.14475067,  -1.08548131]), -14.212510858436247, 12.081930300053912]
[array([  0.84109991,  21.88892536, -16.03991302,  13.35886188]), -13.742114570193861, 12.709663482879543]
[array([ -4.11850619,  20.76155727, -18.97394646,  -0.97221903]), -14.292059315084302, 12.020301977720035]
[array([ -3.22311658,  11.31628846, -14.25856804,   1.421761  ]), -13.782316910128014, 12.626601443187234]
[array([ -4.7874115 ,  21.30121872, -13.69967519,   9.09768074]), -14.174181670712299, 12.08607541495597]
[array([ -1.21756477,  30.71998969, -22.83852537,   0.39693551]), -14.318087074675072, 11.934470380522537]
[array([ -8.40181501,  17.08804139, -16.29190986,   3.05955035]), -14.20452656752916, 12.095733902228929]
[array([ -8.24952045,  27.0738963 , -18.60378961,   5.84755544]), -14.262350241896742, 12.127674231754378]
[array([-5.00558323, 17.88541063, -9.87292969,  1.93192433]), -12.197126185567333, 10.772319357557267]
[array([ -6.18922811,  18.41640782, -13.95018901,   3.00158175]), -14.174312930005634, 12.058964867966175]
[array([ -6.90906228,  26.81519559, -20.27804637,   3.20587629]), -14.261609785720657, 12.199927088648861]
[array([ -1.96865992,  13.29124159, -16.52438693, -13.5434921 ]), -14.259980591119092, 12.220353921809982]
[array([ -0.49015211,  19.54131104, -23.20506803,  -5.34296651]), -13.87324999128776, 12.344279934174693]
[array([ -1.01099734,  24.02317587, -22.24773811,  -1.01426415]), -14.031565100412775, 12.098206883037012]
[array([ -5.38868012,  27.74082428, -19.53329885,   3.23323365]), -14.262009403917403, 12.197897275772913]
[array([ -1.42575901,  27.14991342, -23.49813114, -10.72070162]), -14.247124803172413, 12.234528516750991]
[array([ -0.9188013 ,  14.62957141, -15.70093544,  -1.4322156 ]), -13.894639129325418, 12.37022979292188]
[array([-11.17322255,  12.94250549, -16.50619985,  -2.7746022 ]), -12.89418795924757, 11.17885649193676]
[array([  6.33195166,  13.64759654, -14.35010044, -10.86137549]), -14.041918956543928, 12.091218981732922]
[array([ -7.10629105,  36.71218467, -25.35582389,   3.02501657]), -14.251670315126486, 12.242342986733552]
[array([ -1.2999885 ,  19.13797385, -16.18849956,  -1.20501535]), -14.252730655012076, 11.991944953430433]
[array([ -3.11205316,  20.25142349, -18.304128  ,   0.72144571]), -14.177009726678548, 12.020457307775718]
[array([ -2.33630113,  11.53739761, -10.8384648 ,  -6.02996568]), -14.20435764076855, 12.067548136474928]
[array([ -3.16968924,  27.95996403, -19.56319718,   2.09062814]), -14.286477311911803, 12.113809334394691]
[array([ -4.08265023,  31.86976221, -22.76328711,  -0.19406204]), -14.253386103599201, 12.221053293036471]
[array([ -5.26463333,  25.17579583, -23.63164235,  -0.12989313]), -14.285895152539718, 11.956419214490506]
[array([ -2.0497402 ,  33.33746426, -26.12531085,  -1.91858105]), -14.331799302990136, 11.967202063647767]
[array([ -3.33916519,  26.64227011, -24.89676427,  -4.62866355]), -14.325704077783861, 11.965073185540922]
[array([ -5.36624562,  31.80096393, -24.15115377,  -2.80425351]), -14.250230232393452, 12.244386108578476]
[array([ -9.40526506,  30.94476533, -22.26746762,   3.46266569]), -14.29928713808484, 12.131124494686029]
[array([ -6.38325109,  17.29247804, -16.14213587,  -3.2606446 ]), -14.249419558772317, 12.09300191688074]
[array([  3.33822864,  26.70605021, -27.44383561, -14.89710205]), -14.315402682421896, 11.898166119909527]
[array([ -0.75232307,  22.03919717, -19.62397503,  -7.87367294]), -14.285233570242964, 12.12682305946323]
[array([  1.84456023,  29.57280864, -25.98276288, -10.60613062]), -14.34531873611721, 11.92642176853098]
[array([ -1.84487487,  29.63197727, -23.60006483,   0.06581414]), -14.289980462442083, 11.93389696477957]
[array([ -6.6855268 ,  33.18151759, -26.09918175,   8.06813868]), -14.204746751974913, 11.981506975374216]
[array([ -5.72094187,  29.29603968, -24.72833822,  -3.39852135]), -14.252215339041095, 12.224080717313234]
[array([ -0.53980267,  40.49895816, -29.99726439,  -0.47887875]), -14.345629062165404, 11.887479115225517]
[array([ -3.16855801,  32.99340048, -31.62574021,  -3.10281005]), -14.176424828400533, 11.986926336709788]
[array([ -3.02572437,  30.90186594, -24.42834942,   0.22362357]), -14.324645098924352, 11.951816793921473]
[array([ -5.64965466,  30.44003945, -31.69468727,  -6.08127733]), -14.337650371251065, 11.906594712025646]
[array([ -4.39277555,  40.62666018, -33.99878202,  -2.45802927]), -14.345816265041577, 11.93322083352362]
[array([ -5.0954004 ,  49.33624053, -35.79915409,  -5.67769853]), -14.233700136224165, 12.26861106749845]
[array([  3.73150828,  38.94198033, -32.15860407, -10.36267165]), -14.35481802285163, 11.866947620265236]
[array([ -3.63976926,  34.78949699, -29.38779757, -12.75671743]), -14.239688025472386, 12.257303892207048]
[array([ -2.92930247,  30.95635646, -24.90084353,  -2.24637537]), -14.313429374008695, 12.036630527839693]
[array([  3.40722201,  26.47987996, -22.64619751,  -9.59841018]), -14.32944566252635, 11.904335664386307]
[array([  1.73389574,  42.15324536, -30.06319903, -10.16400039]), -14.253676036233896, 12.217272237197559]
[array([-10.22978488,  22.68690099, -22.35406066,   3.41918678]), -14.276011231733424, 12.112144577290048]
[array([  2.71210278,  35.16923069, -27.49154664,  -1.07970774]), -14.074848198318973, 12.026655587475124]
[array([  0.29674779,  34.03036561, -31.16292118,  -1.55227281]), -13.934352372753079, 12.158861275928095]
[array([  1.84124176,  30.25155201, -25.47085654,  -7.5027217 ]), -14.332905620974149, 11.898013369809812]
[array([ -3.14047568,  38.54910212, -29.25793784,  -4.84599963]), -14.253312073432184, 12.217528148336642]
[array([  1.97296578,  40.52640483, -35.43045031,  -9.23297444]), -14.29470133992547, 11.908850399977513]
[array([ 2.94190753e-02,  3.61791056e+01, -2.78863610e+01, -8.71440417e+00]), -14.271645201136913, 12.178117154427454]
[array([  2.51179173,  30.66611722, -31.40786553, -16.72479836]), -14.361253453337325, 11.869999560738698]
[array([ -4.87106319,  43.34179189, -35.19662399,  -3.15078034]), -14.309274808955607, 12.071646475774141]
[array([ -1.60054336,  25.49532581, -24.5988738 , -13.41135583]), -14.249836858873298, 12.2265989233181]
[array([  9.29695907,  42.34710049, -37.28730071, -12.64937857]), -14.059756050390453, 12.004533692549591]
[array([ -1.94323739,  34.94756133, -30.02740695,  -6.43156001]), -14.33692748492894, 11.964948397306555]
[array([  8.10204069,  50.30760155, -39.05807004, -17.20936255]), -14.371531724427191, 11.856449295685549]
[array([ -7.52538182,  26.82321324, -24.93468463,  -1.71512393]), -14.270757681745676, 12.16991073617175]
[array([  6.26772777,  49.62958742, -39.67306684, -16.44241665]), -14.367668406768184, 11.86584488133313]
[array([  8.02422551,  59.92814146, -46.76105711, -23.60649052]), -14.315547264259319, 12.0671466517927]
[array([  6.7021289 ,  49.51587405, -44.33451378, -19.70133387]), -14.369629398669874, 11.848519560911807]
[array([ -1.16726909,  38.45380202, -33.66644602, -11.48325978]), -14.30764545761265, 12.080500001000127]
[array([  8.64434804,  49.34471995, -46.09901645, -26.99058999]), -14.39569108066406, 11.827547925021484]
[array([ -0.96002152,  51.83653001, -46.18526391, -11.75009711]), -14.381690429177787, 11.842777071289634]
[array([ 11.97035116,  36.23900448, -37.19890269, -30.29740557]), -14.360908647684012, 11.85497240046126]
[array([  5.65693952,  51.39908804, -37.42451971, -18.29053457]), -14.261257084682862, 12.212422177944354]
[array([ -2.52706521,  42.17738825, -35.87996478,  -6.40292892]), -14.350422894588187, 11.922553480159786]
[array([ -6.96000497,  57.17008261, -49.11079385,   1.04974994]), -14.303399501867336, 11.90068509590512]
[array([ 18.72136332,  69.59398924, -66.78048401, -44.87359573]), -14.361232820099257, 11.837558744370542]
[array([  8.7516008 ,  33.28544935, -36.99578008, -29.70439014]), -14.380869683996808, 11.842179014928599]
[array([ -6.53944672,  26.11466501, -23.24094617, -11.1585595 ]), -14.328658878498016, 12.100900946022138]
[array([  6.3642425 ,  43.8035684 , -42.84869186, -25.57595713]), -14.383843701430193, 11.837827560064383]
[array([  9.0499171 ,  55.97474341, -45.8146158 , -25.93520286]), -14.33772286001343, 11.9659269598128]
[array([ 16.40506963,  77.81577069, -63.80836031, -24.59056656]), -14.138711701046295, 12.066035021435658]
[array([  8.68484958,  41.48408076, -40.05366323, -22.83172507]), -14.27822821662184, 11.920073904978143]
[array([  5.47340964,  65.38712763, -66.74026068, -27.04095901]), -14.151316495757232, 12.049244946726803]
[array([ 11.78599445,  67.60131985, -68.77866197, -39.38753026]), -14.316930299196908, 11.869511874686012]
[array([  6.13880006,  36.79188531, -44.09441298, -27.48339581]), -14.173010352761814, 12.0124452490543]
[array([ 20.77720503,  61.39000453, -60.15699222, -54.74590088]), -14.369472165623979, 11.827924516185458]
[array([  5.21997823,  37.07740843, -33.85728742,  -9.9920836 ]), -14.086004173842957, 12.011946627946193]
[array([ -0.66125435,  32.46384051, -32.72495125, -14.18567138]), -14.34955113285492, 11.92419270435064]
[array([ 13.3704535 ,  26.05600372, -29.87713511, -37.56732254]), -14.348976479384952, 11.925731073324483]
[array([  5.01113733,  40.22939165, -32.86706209,  -7.17105858]), -14.142261795704622, 12.009775614165413]
[array([  9.63381141,  33.62625314, -44.5518707 , -35.97528622]), -14.179248407488338, 12.011264566436832]
[array([ 12.03438324,  42.08228952, -50.73727052, -32.62311498]), -14.081754321665542, 11.998486132880117]
[array([ 11.46780413,  35.40110214, -32.60495345, -27.19667482]), -14.375260293405368, 11.852562599288015]
[array([  9.19134717,  55.8248288 , -56.24391793, -34.30708838]), -14.412775819074042, 11.820617758548563]
[array([ 14.02289121,  35.72390036, -39.63571835, -38.03687469]), -14.39458430189078, 11.831479316662087]
[array([  0.47813311,  51.1837933 , -40.77224413,  -9.64399043]), -14.346351806650103, 11.936584307251582]
[array([ 10.04066241,  55.30304171, -50.20161449, -33.87383485]), -14.346579894920755, 11.925354416208684]
[array([ 14.92109328,  40.34044056, -45.181866  , -34.56017235]), -14.118264266366019, 12.034302336578675]
[array([  0.97166124,  35.14732297, -28.54217907, -11.66679794]), -14.28126560568525, 12.156685126655212]
[array([ 12.35554575,  65.49224514, -65.07266953, -40.3915092 ]), -14.424994363857145, 11.816802901058674]
[array([  7.98251756,  51.69514113, -47.26677425, -26.92648813]), -14.37842651314737, 11.837704811459812]
[array([  9.00513688,  42.47451201, -39.06335405, -29.34467382]), -14.33603798594475, 11.975097170862727]
[array([ -2.63742689,  59.47617665, -54.64876263, -13.17172355]), -14.3920274893204, 11.830687798472598]
[array([ 11.64989898,  43.35607875, -41.75167391, -29.05263087]), -14.373483191812117, 11.845385239131126]
[array([  3.46198669,  69.61405017, -67.6729761 , -27.67296503]), -14.417031544451872, 11.819845498942103]
[array([  1.05093285,  36.85513266, -41.19968864, -20.74171036]), -14.360837976827167, 11.85754821994474]
[array([ 22.0420408 ,  51.77212003, -48.467595  , -42.71434033]), -14.356557009601234, 11.848627775404466]
[array([ 20.16123592,  61.64735496, -55.01632057, -43.89683659]), -14.395325115664841, 11.818389467268132]
[array([  8.86218087,  49.34561566, -54.3352451 , -36.10378008]), -14.381670457743335, 11.837753163100341]
[array([ 13.73328317,  74.0826179 , -69.29520492, -38.56774632]), -14.416122558706903, 11.818242955208598]
[array([ 10.35593529,  51.6749751 , -62.85470359, -48.81544484]), -14.42209602862659, 11.817569123406436]
[array([ 13.05890391,  47.92080634, -44.27803231, -28.01021175]), -14.295871869800816, 11.901491203637073]
[array([ 17.51103147,  30.96729105, -41.97045395, -45.18292432]), -14.164099865723085, 12.027996514303284]
[array([  8.84739934,  72.58042473, -66.41972894, -31.25578994]), -14.423028774742734, 11.816221511073374]
[array([ 24.9885802 ,  42.90602722, -45.98822125, -52.89008288]), -14.38566897261792, 11.8330004989532]
[array([  7.67711197,  35.08116317, -37.17684254, -25.41819643]), -14.344545872592402, 11.868115738561933]
[array([ -2.72102964,  86.14928026, -71.70449705, -10.26369592]), -14.402022941130246, 11.819192220074202]
[array([  5.84014857,  82.07537239, -73.99348273, -30.62384672]), -14.38538703265559, 11.818781465527133]
[array([  2.38753706,  64.24658107, -67.13518503, -27.92780046]), -14.305560193280156, 11.886257681617982]
[array([  6.53856344,  64.7531878 , -73.42332876, -44.34151277]), -14.425134479891335, 11.816556120709421]
[array([ -0.97501086,  50.92576548, -50.9604824 , -17.62069776]), -14.38571868689971, 11.837908884430576]
[array([  3.79345529,  64.18547752, -67.16236893, -39.75832595]), -14.356616390069652, 11.878154821874254]
[array([ 10.72839131,  67.10861879, -70.96038716, -43.75351833]), -14.415458241462254, 11.818744966790709]
[array([ 18.04995776,  79.83105563, -76.42004674, -54.09640692]), -14.375503785768943, 11.817285275925176]
[array([ -4.8579962 ,  39.59854062, -35.07653423,  -1.44243901]), -14.321801041253742, 11.89504587904411]
[array([  0.73597179,  57.15841921, -62.94462544, -24.80906866]), -14.17605856638443, 12.020423751481784]
[array([ 16.0249572 ,  60.60784564, -71.43454158, -61.83333158]), -14.400407188958413, 11.816037687560206]
[array([  6.08543294,  79.63395938, -88.556943  , -48.11057317]), -14.406772415420575, 11.81708032413678]
[array([  5.86005231,  81.3709644 , -78.84410544, -31.14820212]), -14.319403815020161, 11.864732384396557]
[array([  5.03620462,  84.67516516, -70.24432942, -19.33369394]), -14.421729390457074, 11.81620883156477]
[array([ 14.64593402,  55.90971573, -67.36325312, -53.5443409 ]), -14.34380505910747, 11.849489100681785]
[array([ 13.54566627,  90.00667417, -93.2975929 , -53.3608097 ]), -14.381134679694265, 11.81922899415043]
[array([ -4.04271209,  74.20465086, -66.67543878, -14.79726053]), -14.38000202918064, 11.829753766593477]
[array([  3.86636658,  85.76676746, -84.74783554, -33.35845961]), -14.383708016047153, 11.826227218349237]
[array([  5.70742965,  33.84366146, -31.4730683 , -18.82463974]), -14.368429141243348, 11.866908441097742]
[array([  9.57703552,  62.90256659, -66.69452579, -41.68662574]), -14.425460536758777, 11.816542443418257]
[array([ 13.26499033,  82.60928274, -77.44327218, -36.78578406]), -14.26855564986185, 11.909189848974735]
[array([  0.49148102,  93.8562342 , -90.18366744, -31.08067177]), -14.43760265105826, 11.813179996989806]
[array([ 16.3387416 ,  81.55285434, -79.61090506, -48.28068306]), -14.41853052343544, 11.814320246872448]
[array([  3.91812101,  70.18175305, -67.61956982, -32.4581739 ]), -14.370556074040714, 11.833033810644702]
[array([  0.85388947,  91.95394209, -77.41699626, -15.6383344 ]), -14.42791484944353, 11.815510717132636]
[array([  1.90003491,  80.62998925, -85.1607263 , -34.58341308]), -14.298895891668563, 11.880497380312736]
[array([  8.79826556,  50.63565558, -57.70609993, -40.80230018]), -14.414007858986073, 11.820480329251081]
[array([  5.26388604,  69.66209652, -70.93342668, -31.86310153]), -14.332793004967733, 11.860576454409834]
[array([ 14.42616075,  86.53408179, -86.99814982, -53.55346444]), -14.440257792461322, 11.812967844899458]
[array([ -7.02549076,  85.92501809, -81.27693915, -19.42108753]), -14.380015072744088, 11.822429302325427]
[array([  4.74790169,  82.73280461, -81.30878402, -37.3513911 ]), -14.408414970329417, 11.815640672150383]
[array([  -1.17887927,  112.5213344 , -103.7854588 ,  -26.44570236]), -14.427136257566433, 11.81143576759406]
[array([  2.79062428,  57.88329362, -58.44583848, -26.88991423]), -14.40643950142203, 11.822359174499123]
[array([  8.88623871,  57.0495437 , -53.55317649, -31.99222752]), -14.376575391436182, 11.833007270220175]
[array([  10.40240442,  124.28670552, -115.31498847,  -44.8458295 ]), -14.4016144851524, 11.809089527994738]
[array([  0.26779293, 101.4075988 , -91.005248  , -24.95193084]), -14.429435338465094, 11.813950225204167]
[array([   7.20564051,  111.80979701, -114.36351563,  -54.73099818]), -14.465304169649146, 11.809553131234665]
[array([ -0.82066434,  61.11344297, -66.88549135, -33.74566437]), -14.370513829685313, 11.837969415878485]
[array([  7.21451888,  99.62083945, -91.67944499, -36.08442158]), -14.447990396937724, 11.811572497063585]
[array([  8.05350401,  84.11662378, -87.12662345, -47.17922515]), -14.43910666492134, 11.812977887706325]
[array([  17.38387645,  122.45837803, -117.33064008,  -61.76673474]), -14.473007119310855, 11.808310147161032]
[array([   4.32562075,  120.45623393, -117.27317483,  -44.00145536]), -14.431917431915439, 11.807183441850025]
[array([   7.33236111,  120.76269222, -119.21154235,  -52.74188124]), -14.467973595510255, 11.809779235427003]
[array([  13.51167371,  145.40339235, -134.73234136,  -55.82040621]), -14.46229862180367, 11.804182996387953]
[array([   1.93733417,  117.20394694, -103.67079449,  -25.75844225]), -14.427161959477136, 11.81075256557081]
[array([  8.66822253,  87.94691638, -82.31179192, -35.09414398]), -14.41238814699735, 11.816941876396182]
[array([ 16.4880405 ,  94.18715251, -98.39827645, -62.57890284]), -14.458099042075142, 11.808637441296892]
[array([  -1.66537587,  120.51588961, -105.17132036,  -21.45053278]), -14.451945313360119, 11.811022415247656]
[array([ 13.09449163, 108.6414903 , -97.05026759, -46.69077937]), -14.377862703129635, 11.815741347403222]
[array([  30.09442661,  133.41361771, -137.16335276,  -92.83393909]), -14.450118934190463, 11.80182349553545]
[array([  13.83935392,  115.73761198, -118.80857666,  -62.33401115]), -14.387839104460038, 11.809435314114303]
[array([  32.13156425,  201.45121714, -197.56355286, -111.04367034]), -14.494915315134246, 11.803308014025223]
[array([  22.48672085,  133.92320715, -131.77394692,  -81.33264005]), -14.40233479388201, 11.816273084828909]
[array([   4.37962896,   92.35848018, -107.04891729,  -59.74520572]), -14.456040767650137, 11.80909361144037]
[array([ -2.87094968,  98.70021086, -95.97757898, -29.46244981]), -14.440705321237768, 11.812755137059156]
[array([  20.40437109,  160.61166395, -165.24378186,  -89.5133322 ]), -14.421668452206234, 11.800202149123137]
[array([  17.56309052,  107.26435884, -112.33663452,  -69.36296976]), -14.459597770196694, 11.806212316231708]
[array([   8.23490355,  115.75582523, -102.54694129,  -41.68983715]), -14.369291541135604, 11.815810978988933]
