[array([ 1.06241432,  4.84769949,  0.30579127, -3.15015042]), -7.917925217005632, 9.2847900956441]
[array([-2.11601893,  4.38312603, -3.71879585, -6.15604677]), -9.877284805805765, 11.847017235185898]
[array([-2.10354421,  1.94825985, -1.70558678, -6.04361305]), -4.437666960733606, 4.7806800063876365]
[array([ 0.47671886,  2.97549895, -8.33101682, -9.62823511]), -19.489614271790064, 18.276048260138754]
[array([-1.08960899,  8.99866451, -2.34593988, -7.54022641]), -7.987852827365071, 9.724607265318475]
[array([-0.79125952, 10.15108744, -7.40156345, -8.90614136]), -16.30030110135776, 16.62366065743451]
[array([-2.956501  ,  5.85136571, -4.79296519, -2.50397835]), -11.257016230469999, 13.049983238554033]
[array([-2.29204326,  2.0443578 , -2.38830592, -8.78844373]), -5.897379516330696, 6.537706359545079]
[array([ -4.37547284,   0.60689456,  -4.29533509, -10.8518361 ]), -5.488408536564945, 5.921556512712478]
[array([-0.4755349 ,  5.08571756, -3.76476286, -6.61803636]), -13.722777778642435, 15.283480340701471]
[array([ 0.19062628,  2.54586039, -1.61088945, -7.96902106]), -10.42607525464317, 12.441198130967592]
[array([-3.62109841,  1.90820425, -3.61050966, -6.42577814]), -5.562614206282626, 6.2012498311323485]
[array([ -0.48736856,  14.05379611, -11.20430188,  -8.28370759]), -18.06417305357586, 17.641502699490026]
[array([-0.50169822,  3.45119946, -7.6259143 , -9.20867712]), -18.580103489602884, 17.973376061522266]
[array([ 3.43118204,  3.04358609, -6.75478905, -9.92541965]), -19.74111624914042, 18.260945526345544]
[array([-4.64854028,  7.43430762, -7.84413823, -5.14947617]), -13.158280970920456, 14.94283209528602]
[array([ -6.84556161,   2.93083769,  -9.4960022 , -13.08962817]), -10.88947457912236, 13.295219544502432]
[array([ -0.914815  ,   5.43692556, -11.13938728,  -9.44740967]), -19.544470643828433, 18.33307407489033]
[array([-1.57016321, 11.21107088, -5.59576516,  0.73043799]), -15.809584536782374, 16.485350379484217]
[array([ -1.97803028,   3.56534412, -10.79618214,  -6.13768832]), -19.763721997647483, 18.179884310537744]
[array([ -1.33831165,   9.65461695,  -1.69655251, -11.16270426]), -6.236897639630383, 6.723223548780067]
[array([ -6.80982524,   3.67912013, -17.83586569,  -9.5804304 ]), -19.802907547445145, 18.22951802858263]
[array([ -0.90793045,  -2.28299581,  -9.39443572, -15.70087271]), -19.17977538806445, 18.232277447824487]
[array([ -1.8553949 ,   0.85896911,  -5.40571312, -14.99788727]), -12.742044617997053, 14.771452533701577]
[array([ 6.76008549,  4.52770583, -1.06715927, -3.96259218]), -19.711850734837125, 18.161632338442292]
[array([ -4.593764  ,   7.10762648, -11.30212582,  -1.52938455]), -19.43263959380068, 18.14193919867277]
[array([ 4.30059164,  7.74955665, -7.13551983, -2.89638988]), -19.81149710751709, 18.1479492123033]
[array([-2.57615175,  0.34064704, -6.75742707, -2.20243969]), -19.014688914493306, 17.671027516940512]
[array([ -0.11244862,   2.93687588, -11.14190069, -10.30648958]), -19.803654919580982, 18.228576796330238]
[array([ 1.92978708,  4.71042302, -8.33724208, -4.56069387]), -19.79895423451198, 18.145783625393406]
[array([ 0.80589441,  4.27261836, -9.81608249, -5.22924112]), -19.800300105718843, 18.144746945085053]
[array([ -1.01703066,   7.53692881, -15.4799143 ,  -5.21806317]), -19.80308352306958, 18.139443735875293]
[array([  2.47592219,   5.05321057, -12.40185362,  -7.22628826]), -19.792977374612953, 18.13660293101718]
[array([ 9.39310063,  6.79679521, -7.61144333, -8.76188822]), -19.809891197594318, 18.139442348628588]
[array([ -3.89783764,   3.10670485, -10.24932078,  -9.44056726]), -18.00370946003398, 17.663226962125073]
[array([  4.4240049 ,   2.87863763, -16.19603917,  -9.01948259]), -19.78475972995084, 18.13429025611832]
[array([-2.79274957,  3.64139897, -5.91481873,  0.93080136]), -17.674561597556213, 16.848716944015244]
[array([ -2.33625395,  -1.26207127, -10.89498659,  -7.54922419]), -19.76822931387613, 18.131374190907287]
[array([ -2.03548477,   5.92316384, -13.67350799,  -9.15989187]), -19.773902063054056, 18.288012777106633]
[array([  0.68670813,   6.57183158, -12.66487241, -10.78727285]), -19.808874083612643, 18.300037781496037]
[array([ 8.93696306,  0.51516943, -8.72349348, -9.36126544]), -19.78477863333385, 18.13430038777889]
[array([ 12.89190313,   6.89164648, -13.29895127, -16.76691444]), -19.79561237490059, 18.13560239420902]
[array([  5.30240564,   9.37863967, -11.14205848,  -0.8861443 ]), -19.784944510829455, 18.134361380440055]
[array([ 5.87511701,  2.12924981, -9.34867982, -6.39426063]), -19.78480448985803, 18.13432723422803]
[array([-2.98759537,  8.73339596, -8.53665977, -4.46342631]), -16.9690464637948, 17.06934100801774]
[array([-2.12425018, 13.44052955, -6.64510692, -4.64054358]), -13.748307364525525, 15.430835867515388]
[array([ 8.26370027,  6.47747383, -9.90657004, -8.88483338]), -19.792374316627004, 18.135756547448544]
[array([-0.86635057,  9.21962594, -7.8730996 , -8.66835756]), -17.00315333699285, 16.962373577187044]
[array([  7.21968076,   1.34496405, -15.7098816 , -18.12774933]), -19.78911621345375, 18.13490204111939]
[array([ 12.91491422,   3.28671721, -16.34495904, -16.84998084]), -19.784756220235817, 18.134286942416036]
[array([ 15.38305392,   5.52285045,  -7.9355018 , -13.16550394]), -19.78611359161185, 18.13448551394528]
[array([  9.03838612,   4.8135511 , -24.73179328, -19.69218063]), -19.7847545416876, 18.134286441494588]
[array([11.3035679 , 11.06746093, -7.52844642, -6.68519175]), -19.81938762183314, 18.140355178999517]
[array([ 14.00742262,   3.50576879, -29.78280341, -19.88329414]), -19.784740477318163, 18.134284819307286]
[array([  6.84109486,   7.33799304, -14.84304699, -12.76155317]), -19.809005637409328, 18.137794398451977]
[array([  4.1987633 ,   3.01811387, -20.57755588, -12.54803272]), -19.784754053453806, 18.13428731067952]
[array([ 2.25877446,  6.62201608, -5.72470263, -9.98311235]), -17.976663760116175, 17.612360577857586]
[array([-1.32520988, 10.35503274, -4.78724575, -8.91336497]), -11.608690520559737, 14.053380965140832]
[array([ 12.17052027,   6.85466949, -19.8144746 , -20.8022445 ]), -19.786696953172687, 18.134495573314194]
[array([ 6.2476284 ,  0.19793775, -7.69454374, -3.50664391]), -19.78468606190902, 18.13425843402812]
[array([ 10.77363056,   4.05782244,  -1.85981106, -11.28416617]), -19.82836905737957, 18.23684542776685]
[array([  3.87568535,   8.02863877, -16.29924259, -15.02537902]), -19.869934634568068, 18.172525933888817]
[array([ 10.70079101,   8.68280845, -11.61116179, -12.4990211 ]), -19.819727698733224, 18.139247417137906]
[array([  2.32712111,   7.84973067, -20.71447752, -11.90316389]), -19.78990130563467, 18.135003777213235]
[array([ 12.04672278,   9.84888852,  -7.00928365, -15.60077831]), -19.85712216306271, 18.345180228128694]
[array([ 14.41508596,  11.0525807 , -11.6644594 , -12.91736394]), -19.800729583332114, 18.136228908672518]
[array([  2.69983813,   2.96988591, -12.34404136,  -5.02884767]), -19.784763760850673, 18.13431082026597]
[array([  7.46627678,   9.68029995, -11.90277906,  -9.51315215]), -19.84607299454357, 18.145315579063563]
[array([ 22.11427625,  12.38703976, -18.5510083 , -21.65696617]), -19.784942121615003, 18.13430419824582]
[array([ -5.53155217,   7.03045065, -15.74352647,   2.1827628 ]), -19.78201010833591, 18.133247290667846]
[array([ -5.17837598,  -1.02602393, -13.14467109, -17.36042958]), -18.03425017091021, 17.658096746201718]
[array([ 5.15862382,  8.614466  , -7.32771823, -7.47776065]), -19.797900640993188, 18.287969076665792]
[array([ 13.45466295,   9.17870693, -11.55428978, -19.18455675]), -19.870410786768623, 18.15937688142869]
[array([  9.3047618 ,  11.34459292, -16.96984533, -14.11695542]), -19.830239580160548, 18.140026144447273]
[array([ 5.84339421, 16.82755833, -4.89107698, -7.73909504]), -17.77542122725283, 17.284778833010602]
[array([ -4.58818149,   6.0210829 , -19.35581639, -13.94660541]), -19.806811166684792, 18.350641848817197]
[array([ 0.81544652,  9.27023669, -3.22769102, -9.90723538]), -12.644407765480274, 14.782111173953783]
[array([  6.01089114,   6.61735114, -16.61151457, -11.3292472 ]), -19.786041442620302, 18.13448392064389]
[array([ 10.75198142,   5.81790904, -17.68239194, -26.18651409]), -19.871665536570408, 18.153447299250782]
[array([  8.97274817,   7.28284966,  -8.48509242, -12.28499908]), -19.87027832546594, 18.17316134490635]
[array([  1.75898291,   6.34534712, -11.65740253, -20.59525937]), -18.18885445447122, 17.82281936001572]
[array([ 17.19301488,   5.83659603, -31.15229984, -39.96650318]), -19.79577345010758, 18.135203752204227]
[array([ 14.49726246,   6.95142533, -13.42358813, -24.62785196]), -19.86946985338258, 18.15465620097453]
[array([  6.61211272,   6.95779865, -17.29126801, -25.05713986]), -19.875152970183834, 18.35269921507396]
[array([ 10.53466763,  11.26349405, -14.67929613, -19.31116668]), -19.86455648155347, 18.19740045883683]
[array([  2.79264872,   0.52592114, -17.19740402, -24.81307498]), -19.865513694334, 18.265305474171672]
[array([  8.23887927,   5.36282986,  -9.35287051, -10.86411209]), -19.811946097616893, 18.139553368987237]
[array([ 13.28118413,   4.71914379, -11.3885924 , -25.54217898]), -19.866423815826693, 18.211181633659223]
[array([ 12.08738035,   2.36627758, -15.04466708, -29.34869067]), -19.860809469803048, 18.165970110413973]
[array([ 12.30965761,   7.78177405, -15.59390148, -12.03154552]), -19.784784566147852, 18.134290859927546]
[array([ 18.99454989,  11.98302478, -14.67379631, -27.68930564]), -19.854508169237548, 18.15960189705271]
[array([ 15.12699301,   3.47603309, -22.9555391 , -34.7158484 ]), -19.867321167776538, 18.14397230359112]
[array([ -1.75851985,   7.33815479, -23.81554384, -28.52579155]), -19.448856989790166, 18.498181185776538]
[array([  9.80824031,   1.88412704, -18.59040668, -42.31907638]), -19.766599707805348, 18.530294594037112]
[array([ 14.00929118,   7.74285986, -15.70683877, -19.77766396]), -19.799800544340233, 18.135963093181324]
[array([ -2.78365727,   4.76290294, -16.85390219, -25.59594938]), -17.984582253423135, 17.46456485420511]
[array([ -1.06993757,   7.35481212, -14.23113673, -23.02979993]), -17.81240862127394, 17.218231937566713]
[array([  1.50731053,   5.88752962, -24.51526266, -25.25112188]), -19.862448031885044, 18.18342120382476]
[array([ -3.75151203,   4.90178446, -25.98383968, -15.64859378]), -19.807240677135585, 18.137449260966182]
[array([ 15.3783922 ,   5.11288561,  -5.82718529, -19.23901057]), -19.86887847279556, 18.17171805702266]
[array([  0.43280302,   1.78912109, -23.87582403, -18.93860148]), -19.788665430420092, 18.134805175518178]
[array([ 12.76732991,   2.8017893 ,  -8.40126051, -17.4285044 ]), -19.82443576305271, 18.140290153699542]
[array([ 10.58022566,   5.025237  , -13.71795216, -25.01996697]), -19.86766384366916, 18.221765661582804]
[array([ 24.38307644,   6.82798989, -12.82668427, -32.60378089]), -19.914231864310757, 18.153198514507285]
[array([ 16.09781394,   3.30773776,  -6.60186989, -21.50374282]), -19.882290392178778, 18.156400273419123]
[array([ 13.55309674,   1.14876248, -16.7062455 , -30.46639122]), -19.8978150167339, 18.150625234450217]
[array([ 11.00947938,   5.42719978, -13.90700128, -17.23218876]), -19.7986300537208, 18.13603596051395]
[array([ 19.39036533,   4.2011041 , -18.74326562, -38.4633459 ]), -19.86983621083174, 18.146828668528002]
[array([  7.76232306,   6.43687563, -15.55782521, -20.6477099 ]), -19.865502783052026, 18.17127678279431]
[array([ 14.15890675,  12.07719209, -19.36001564, -28.98634196]), -19.865730925477664, 18.19252289288749]
[array([ 12.68998275,   2.5770353 ,  -3.40838903, -18.12709802]), -19.846181193755548, 18.29062283427557]
[array([ 16.91252079,  -0.63979195, -21.23871465, -45.77791672]), -19.852559587780554, 18.156656021628983]
[array([ 17.64986901,   1.22049997,   1.05630297, -10.12878652]), -19.785333176298693, 18.134467841836145]
[array([ 24.08852687,   3.32267442, -13.70960658, -45.69575813]), -19.880480633445693, 18.282582523072698]
[array([ 26.21112752,  -0.37174121, -21.13022555, -38.94828217]), -19.7847641173041, 18.134286938632332]
[array([ 16.86460339,   8.04899755, -20.11458649, -31.35358143]), -19.912864342960805, 18.153108421502438]
[array([ 17.70225112,   1.56284506, -12.51685353, -31.35696719]), -19.89256176540419, 18.151730742040805]
[array([ 24.4526603 ,   5.54065287, -11.63989148, -40.27774987]), -19.875799832888323, 18.244321904055994]
[array([ 22.19690445,   4.32055154, -16.68222818, -37.9348209 ]), -19.902788206097465, 18.15144436729275]
[array([ 13.97014233,   0.94979446,  -3.94089292, -23.10348126]), -19.847492964030113, 18.352008251682758]
[array([ 27.37653412,  -3.10273348, -20.91025364, -50.01748581]), -19.815743005536643, 18.137009801591994]
[array([ 19.43767887,   9.53152844, -18.93254335, -29.37408896]), -19.88375457637915, 18.146570458749977]
[array([ 25.6564822 ,   6.18226572, -19.21328239, -45.01270617]), -19.844826697164166, 18.143064133359996]
[array([ 21.90560118,   2.87079949, -18.86504165, -33.13742508]), -19.786025886051714, 18.13440503563123]
[array([ 19.78200737,   2.76394604,  -9.74941825, -36.60189652]), -19.882009788055875, 18.34323284751253]
[array([ 24.89806986,   0.66039385, -20.11707975, -51.96387108]), -19.843981973974145, 18.1473087590599]
[array([ 12.67066772,   5.3060841 , -20.09621734, -35.30893415]), -19.86914893506529, 18.209160929795654]
[array([ 24.81814737,  11.9227005 , -19.37842615, -28.36708717]), -19.78772581419155, 18.134547929684103]
[array([ 23.54665993,   6.85991972, -15.7269423 , -29.30819336]), -19.79126226492699, 18.13490212450709]
[array([ 12.41321622,   9.70621093, -24.65825975, -29.97085224]), -19.911431968610312, 18.152944860035]
[array([ 25.34709561,   9.75455974, -16.15986525, -34.22593558]), -19.921234136500107, 18.154385584899703]
[array([ 15.38426015,   4.11542679, -25.47792193, -37.60160082]), -19.895838687485103, 18.14846820873208]
[array([ 15.31186903,   9.81589327, -30.98541297, -38.30668591]), -19.92246682779229, 18.153741223356985]
[array([ 16.5318345 ,   7.47248979, -24.68241043, -36.06108434]), -19.920971559990274, 18.15424365338426]
[array([  7.22310671,   4.4227535 , -18.09547986, -24.84439662]), -19.864459226141967, 18.164707641757197]
[array([ 14.79223665,  16.73162876, -37.86332142, -41.43367193]), -19.88478911531644, 18.146653573831163]
[array([ 10.25421725,  11.01929136, -21.5861845 , -24.60844886]), -19.873545141684847, 18.150197791169358]
[array([ 20.91445109,   8.93638086,  -7.44702081, -26.54821757]), -19.870909087161333, 18.229577898126163]
[array([ 20.70253138,   4.24270823, -23.664017  , -42.23440828]), -19.924173711639128, 18.154509736455722]
[array([ 16.41676838,  10.42977587, -22.82381394, -30.23114696]), -19.909796562412165, 18.15151773649292]
[array([ 24.35896769,   8.90950612, -39.64490683, -54.92777262]), -19.8560470530584, 18.140271827779518]
[array([  6.46531438,  11.96183206, -15.44960031, -13.63312136]), -19.865746416896293, 18.17792948915973]
[array([ 12.19569765,   7.60362905, -23.83018243, -36.01495966]), -19.861708118295596, 18.175971477874818]
[array([ 25.69648737,   3.07086062, -23.95871048, -51.64540583]), -19.88916249855179, 18.147806375635614]
[array([ 19.64298792,   2.42202519, -31.09139745, -50.02336257]), -19.922776535175814, 18.15330822914468]
[array([ 14.76867719,  11.16624489, -27.86450258, -36.64094304]), -19.863889462102776, 18.14478883974909]
[array([ 29.87670518,   3.83906294, -32.29330604, -56.24978834]), -19.801134438616362, 18.135402524754475]
[array([ 27.78535316,   3.45810888, -25.76444686, -54.42666564]), -19.921659271362405, 18.154614544942394]
[array([ 16.15038188,   7.33875987, -25.83859994, -41.53632511]), -19.845057999058678, 18.147688305266406]
[array([ 17.94931685,   1.6806985 , -22.60569562, -36.17991139]), -19.794380522669417, 18.135182772716174]
[array([ 29.78574155,   0.08542954, -11.51636474, -47.17030022]), -19.847797157702622, 18.14492789005484]
[array([ 29.27255656,   4.56570156, -19.05396177, -47.84195852]), -19.91338359223719, 18.15292411599937]
[array([ 24.06381908,   4.72535767, -32.75519124, -55.53911978]), -19.93874495016644, 18.158248809553676]
[array([ 26.6811993 ,   3.95165728, -19.38083799, -42.59476091]), -19.88368996552553, 18.145779746552822]
[array([ 19.08854274,  14.95982866, -35.01571382, -43.52982475]), -19.9219822015024, 18.15467962492251]
[array([ 20.95012924,  -3.39967424, -22.36893799, -47.07148127]), -19.8780648625903, 18.145133803751516]
[array([ 12.08625424,  13.863933  , -32.72310662, -32.97091046]), -19.92384268376341, 18.1543318088157]
[array([ 14.13423764,   5.41848667, -35.71537324, -41.12210753]), -19.790044339062515, 18.134713349424395]
[array([ 27.89131381,   2.01276113, -25.83508002, -55.34623358]), -19.933146026446845, 18.157108836121395]
[array([ 15.15201567,  -5.53161471, -32.63696168, -57.08063694]), -19.918968926116705, 18.154116636373708]
[array([ 24.21966033,   0.99036004, -39.37184955, -62.56639834]), -19.86162809635073, 18.14096360446298]
[array([ 33.92333677,   1.56331885, -41.03251966, -79.62709241]), -19.932387787635328, 18.15699793766731]
[array([ 33.41264421,   0.67657137, -29.43131447, -70.54461752]), -19.830926656877406, 18.137524331788207]
[array([ 32.87846951,  10.95425101, -22.09251344, -51.45073224]), -19.837042794648685, 18.13957233561826]
[array([ 23.20941956,  -1.34661189, -23.02423417, -54.47325943]), -19.84038768270086, 18.143219829416118]
[array([ 20.99471775,   4.29792323, -23.79339055, -39.12927866]), -19.81612537873922, 18.13718122387177]
[array([ 25.27955586,  13.66426575, -43.28613996, -52.90306728]), -19.802138294499915, 18.135357159171974]
[array([ 26.84189736,   5.37194056, -30.40581617, -58.48844172]), -19.863388141908764, 18.14216002594585]
[array([  6.11844241,   1.07371312, -43.04679583, -50.0901104 ]), -19.92689642684213, 18.154622946446576]
[array([ 33.64959871,   3.84371167, -31.77409985, -66.84877299]), -19.93053054158488, 18.156608090318297]
[array([ 34.32755698,  -0.17525157, -32.15102137, -73.12033713]), -19.90256479554935, 18.149630152908077]
[array([ 26.8858476 ,   6.03918225, -16.97918247, -46.31172884]), -19.85486129155959, 18.15631045308294]
[array([ 12.71383936,   9.38308043, -19.14864397, -28.05922121]), -19.8557798200044, 18.160680114849782]
[array([ 29.26386085,   4.75914814, -49.17229932, -75.82851374]), -19.935236316997216, 18.15399146054206]
[array([ 34.19830414,  -2.9812346 , -41.01755811, -80.3484165 ]), -19.93521644064351, 18.15432691616524]
[array([ 26.20062294,   4.22481736, -70.40555733, -92.44320277]), -19.86198099639245, 18.138556136924798]
[array([ 38.24328937,  -0.77037707, -36.4648627 , -81.17153329]), -19.94041891163495, 18.15912578064641]
[array([ 35.7183898 ,  -0.27048358, -32.35460777, -71.99189463]), -19.947094677595683, 18.160118111618612]
[array([ 26.91649489,   9.24324791, -45.39573058, -77.14920575]), -19.85939432827936, 18.143824553674786]
[array([ 23.81882459,   4.28369762, -42.58422184, -72.79753958]), -19.827957569964724, 18.142270932360397]
[array([ 37.3193605 ,  -3.62605433, -46.39451343, -89.21933831]), -19.92937071108596, 18.15147675750892]
[array([ 3.93781302e+01, -1.33858617e-03, -4.00648342e+01, -7.80567023e+01]), -19.813514492084906, 18.135835634850576]
[array([ 22.43228171,   6.40191145, -26.77176968, -54.37362691]), -19.869903310014756, 18.188392578885107]
[array([ 44.09571988,   5.78272266, -31.54216893, -73.77750894]), -19.950319995450734, 18.160967759258273]
[array([ 41.4101347 ,  -6.00299614, -39.26109   , -92.29541094]), -19.947852054043032, 18.1610922740951]
[array([ 33.08146082,  -3.01820798, -31.13618861, -66.69801462]), -19.84120639819431, 18.138679828827463]
[array([ 24.53278871,   1.09780396, -26.47324025, -58.30165859]), -19.838377382417004, 18.144324800182332]
[array([ 46.05907151,  -9.38371414, -30.34521569, -88.52659994]), -19.94381590657242, 18.157495858936137]
[array([ 40.65387474,  -2.03742555, -46.16756767, -89.58626683]), -19.891466761621036, 18.142834324463415]
[array([ 30.30005962,  -5.98381642, -55.12445224, -87.31037575]), -19.78698557045769, 18.134383929919892]
[array([  58.930347  ,  -11.2030463 ,  -35.40686183, -111.3075332 ]), -19.954281102558372, 18.16282560291043]
[array([  69.77530258,   -1.40435551,  -31.48011478, -108.75039476]), -19.95538099099751, 18.16318486929732]
[array([  58.02321775,   -5.07027789,  -47.72311777, -120.73727139]), -19.925451225269974, 18.154538368891664]
[array([ 31.46781485,   7.17647942, -23.88436426, -52.01367725]), -19.933567607265662, 18.157252639973123]
[array([ 48.10316753,  -8.04554521, -32.39038576, -92.44850441]), -19.95149367378514, 18.161100017009083]
[array([ 38.82723172,  -0.72526658, -51.154662  , -92.87871531]), -19.93533522168114, 18.152772418238495]
[array([ 33.52376931,  10.30499597, -29.69612537, -56.77584831]), -19.943359458271086, 18.159478354701243]
[array([ 39.87712668,   9.41686929, -29.65374288, -62.11593548]), -19.932169616044384, 18.15393218166987]
[array([ 24.45736843,   3.55052732, -37.0279991 , -58.67429904]), -19.894204628348422, 18.1459685346474]
[array([ 51.47262598,   4.82139261, -42.24572648, -96.92437459]), -19.936918388772803, 18.158057180709058]
[array([  61.01415603,   -7.87382452,  -31.35626428, -108.17741609]), -19.93605648530836, 18.15782242244903]
[array([  87.66051596,  -28.40070457,  -41.39863029, -164.33688322]), -19.95738017254798, 18.163807820710566]
[array([ 63.81334494,   2.66477583, -18.13892081, -82.8505255 ]), -19.950514745292832, 18.160320789514472]
[array([  99.77743945,   -5.62331426,  -27.35398547, -142.53082997]), -19.95343966697168, 18.162864310594077]
[array([  79.75426696,   -9.72745213,  -37.10562585, -132.99675731]), -19.95692235852557, 18.163617810243633]
[array([  57.81938423,   -7.07535201,  -41.28286626, -116.22440853]), -19.901645575499902, 18.147909903453762]
[array([  72.62565436,   -6.26615759,  -27.61492596, -107.3686956 ]), -19.895377225602058, 18.14210442230577]
[array([  61.94341571,  -23.15005309,  -44.93201031, -136.08209732]), -19.95622744982613, 18.163376912563088]
[array([ 64.04812103,  -6.96671942, -26.93341669, -98.75919814]), -19.89437974059613, 18.142865662471603]
[array([ 64.09444877,   3.79419914, -21.19905437, -86.09354801]), -19.953233341559717, 18.162070956695665]
[array([  93.98951045,  -19.75303958,  -48.64256759, -163.38660819]), -19.89607732214696, 18.138651477632962]
[array([  57.72235625,  -19.43075474,  -31.18921914, -117.25060822]), -19.902489366547496, 18.14855653091801]
[array([  57.47472379,   -5.63150193,  -34.66006349, -104.0295489 ]), -19.95192404815247, 18.16228373549841]
[array([ 28.16476282, -19.75996293, -42.12269917, -88.61587516]), -19.813071181411363, 18.136057223324404]
[array([ 109.26155402,  -19.99548276,  -31.54881975, -163.7348512 ]), -19.944965848026627, 18.15160295345979]
[array([  73.27155069,  -24.42341024,  -57.22942598, -159.42492636]), -19.955104188598725, 18.160881544925466]
[array([  85.78133899,  -31.95994005,  -61.77242841, -181.39697327]), -19.925097337891366, 18.142921171951507]
[array([  84.61048114,  -21.17913059,  -19.18487964, -130.77009406]), -19.955994324086134, 18.163240748768548]
[array([ 137.30776999,  -65.79603884,  -78.40415812, -290.13526029]), -19.957863802921416, 18.16395504761721]
[array([ 103.80068507,  -11.38411603,  -12.83004771, -131.42834745]), -19.95018395567232, 18.157511437735955]
[array([ 103.93208704,  -45.34890622,  -43.94618819, -196.34748869]), -19.946867094495875, 18.152072798472176]
[array([  97.86956551,  -18.84389349,  -41.47782382, -159.75062116]), -19.916388333563923, 18.141839037302194]
[array([  80.81440234,  -46.27474618,  -61.74371496, -197.02637601]), -19.95760027498301, 18.16404416137925]
[array([ 127.38856871,  -61.10313416,  -70.15866305, -270.47544505]), -19.957887120791096, 18.16422342883126]
[array([ 111.68229349,  -14.52495614,  -75.56803188, -201.99002311]), -19.857382007283103, 18.13477733883456]
[array([ 109.44725853,  -28.99158898,  -73.16939115, -210.26509017]), -19.807966091250428, 18.134337900755508]
[array([  65.98467547,  -72.28415728,  -90.15065615, -238.00398863]), -19.95766738310749, 18.16413095607767]
[array([ 188.93643228,  -48.92853515,  -48.32152254, -290.99710192]), -19.95513756100339, 18.152713402493443]
[array([ 120.94970016,  -34.31578519,  -48.94378993, -204.94663388]), -19.881931635695324, 18.136091003820077]
[array([ 161.90538693,  -37.29863879,  -72.37455788, -298.20976081]), -19.85098950369037, 18.128353747933616]
[array([ 119.7687104 , -100.16809734, -144.70599146, -379.02053456]), -19.957922503006234, 18.1642399626138]
[array([  37.32403337,  -69.97914246,  -51.21892474, -163.02424859]), -19.953796391446097, 18.162076311855074]
[array([ 133.11115282,  -79.83510478, -107.51775814, -322.26722944]), -19.914840261737748, 18.135148172010727]
[array([ 120.20311514,  -80.85953638, -154.85430566, -371.3697691 ]), -19.957922663605448, 18.16424136192545]
[array([  41.91442582,  -22.73586519,  -70.81532262, -144.086696  ]), -19.951603055517115, 18.162305766972977]
[array([  36.06424615,  -31.63990622,  -60.17916321, -119.94638357]), -19.78478843925538, 18.134286651878057]
[array([ 130.85399575,  -79.77840469,  -93.49034789, -321.20597113]), -19.9576188220419, 18.164156017893387]
[array([ 118.37920772,  -84.3980086 ,  -73.67375785, -277.98079146]), -19.91040252043629, 18.13698202363059]
[array([  87.32664931,    2.798373  ,  -22.59581959, -124.66079774]), -19.815368457562816, 18.146120249250764]
[array([ 132.58104497,  -54.972107  ,  -71.23720907, -258.83733565]), -19.848503432884264, 18.13438759693184]
[array([ 135.01307141,  -88.42930412, -121.56825607, -378.00937923]), -19.778025584553134, 18.12017780986356]
[array([ 116.07600757,  -39.63714826,  -46.51362773, -234.57613283]), -19.86919076565081, 18.133713015011526]
[array([  67.98303186,  -52.37671509, -121.66606448, -264.77312127]), -19.81584971219942, 18.12422611231057]
[array([ 185.69969374, -182.09881167, -182.28850713, -556.96458196]), -19.957399631631272, 18.150756465594576]
[array([  40.55737936,  -39.91838609,  -97.1066772 , -198.76435942]), -19.798166124242343, 18.143344429871455]
[array([  94.07101038, -146.90161411, -220.94350055, -478.93329546]), -19.957923233269906, 18.16424206545085]
[array([ 173.64183692, -126.0760788 , -201.6938593 , -533.34878958]), -19.957794438468188, 18.16421565626652]
[array([  64.03522509,  -55.76997237, -101.3464472 , -240.33210943]), -19.839634931183156, 18.129096595988045]
[array([  1.91075137, -13.91758656, -39.65491784, -56.72401414]), -19.90744883852854, 18.15071991296014]
[array([ 108.80036617,  -89.61118875, -177.4401386 , -376.28514414]), -19.854574952585786, 18.133719003383654]
[array([  98.15668237, -183.72529387, -255.9595252 , -560.18556688]), -19.9579231422657, 18.16424247024753]
[array([ 113.73387139, -195.32174548, -207.92057763, -550.33177267]), -19.9176328650397, 18.15177332553599]
[array([  50.32878159, -175.44593596, -208.12938744, -429.12562043]), -19.785439126745935, 18.134279477259028]
[array([ 242.4196051 , -219.23603627, -121.83607721, -604.93116938]), -19.95792327655745, 18.164242491570732]
[array([ 356.8855902 , -239.23093781, -319.06410597, -947.72642292]), -19.957923304172056, 18.164242510736887]
[array([ 200.84284611, -176.58193262, -218.66706886, -627.55935046]), -19.957922001177362, 18.164242264497602]
[array([  75.02947352,  -51.22341997,  -40.03668621, -169.57457977]), -19.94922008928904, 18.156976438929437]
[array([ 251.34061683, -204.22497089, -229.08762005, -720.17536274]), -19.95792314055433, 18.164242484123967]
[array([ -21.90066653, -141.55934855, -129.5621449 , -268.55067843]), -19.853466282884174, 18.145331272187033]
[array([ 238.01270233, -365.26363214, -169.0685924 , -785.70605261]), -19.95792238881056, 18.16416431492184]
[array([ 260.29224507, -206.14227162, -109.47575304, -601.16446809]), -19.957922790043153, 18.164242400543404]
[array([ 118.72155684, -169.04813328, -184.54795936, -506.38469811]), -19.861248063368254, 18.127983938429065]
[array([ 393.17674466, -205.49808   , -200.70248827, -826.44025561]), -19.957923304170237, 18.16424250788481]
[array([ -0.79739451,  21.4780888 , -21.05725666,   2.59602755]), -19.812938040973012, 18.138720585080907]
[array([ 224.36932662, -285.91668335, -372.19120254, -895.99052367]), -19.957921947022765, 18.162498171072002]
[array([ 149.26090654, -167.43022801, -103.5757193 , -443.35853871]), -19.953479728959802, 18.163020372999142]
[array([  487.36451756,  -273.95936693,  -237.86864251, -1047.77155459]), -19.95792330416993, 18.164242510792427]
[array([ 211.28218431, -131.55121239,  -71.74250077, -421.45956137]), -19.95751548539521, 18.159751595548755]
[array([ 205.52873321, -322.12986549, -380.90330842, -963.24672777]), -19.957666436878036, 18.164211195800487]
[array([  477.61600501,  -423.53920178,  -386.88139648, -1341.62221269]), -19.957923304172063, 18.164242510792615]
[array([ 507.90986356, -328.94182208,  -59.28823788, -951.39855667]), -19.955354124961943, 18.163907550698674]
[array([ 508.03516283, -130.29347976,  -75.22922314, -753.3436809 ]), -19.957923303693253, 18.164242510731846]
[array([ 369.98850069, -142.40913138,   69.44323629, -449.49894267]), -19.957322485585316, 18.15667388578743]
[array([ 371.2003263 , -215.90670327, -250.90958374, -815.83521269]), -19.784740477121584, 18.134284819282946]
[array([ 377.35544074, -332.02340781, -166.40549619, -898.78158453]), -19.957923304080932, 18.164242444946332]
[array([ 183.26886435, -121.28698065, -155.58559897, -456.99316581]), -19.78752274326866, 18.134255998257572]
[array([ 317.70567176, -281.71619914, -341.3128571 , -987.20464861]), -19.95792330401041, 18.16424251077574]
[array([ 447.43516911, -107.40739405,  -12.4014711 , -614.2346826 ]), -19.93251592243851, 18.158831179420982]
[array([ 255.86663309, -231.78525934, -171.95672235, -692.75258489]), -19.957920590301782, 18.164242009214597]
[array([  513.93313436,  -580.00399256,  -552.06172212, -1704.69033967]), -19.957923304172063, 18.164242510792615]
[array([  570.16140731,  -338.54184876,  -269.59149418, -1227.44903689]), -19.957923304172063, 18.164242510792615]
[array([  701.38227844,  -428.646668  ,  -359.93065139, -1575.87176626]), -19.95792330415372, 18.164242510791954]
[array([  532.90629901,  -376.32261813,  -335.0455715 , -1270.59487187]), -19.95792330416363, 18.16424178965579]
[array([  609.7188282 ,  -345.12317634,  -214.82456214, -1199.40036549]), -19.957923304171814, 18.16424249897803]
[array([  380.1621876 ,  -426.95081935,  -381.4744209 , -1243.82232411]), -19.95792330414344, 18.164242510790324]
[array([  622.24327827,  -436.69057691,  -465.65620425, -1615.95046092]), -19.957923303963504, 18.16424251078565]
[array([ 178.06791185, -186.14396619,   39.8755261 , -313.62059146]), -19.78474313963931, 18.134284862025194]
[array([  573.82937872,  -410.98009781,  -407.39188508, -1443.97347578]), -19.957923304172063, 18.164242510792615]
[array([  420.71037015,  -523.67425169,  -467.47896038, -1456.89600665]), -19.957923304172063, 18.164242510792604]
[array([  287.28563312,  -431.7091913 ,  -601.74903891, -1364.56707764]), -19.957923304172063, 18.16424251079258]
[array([  366.13117397,  -479.23145698,  -400.49061054, -1334.71899964]), -19.84183056731187, 18.1197649493937]
[array([  342.21601127,  -376.09553585,  -508.95646351, -1283.78964965]), -19.95792330417204, 18.16424251079261]
[array([  382.12549168,  -463.57577336,  -499.35772315, -1440.44571968]), -19.880306775480193, 18.131648535434636]
[array([  587.57795131,  -412.21151241,  -460.58226403, -1547.8314307 ]), -19.95792330391487, 18.164242510783065]
[array([  485.34584628,  -419.25828135,  -395.26234395, -1338.75904907]), -19.957923304172063, 18.16424251078873]
[array([  411.37426083,  -529.57264539,  -508.65659643, -1477.92049307]), -19.957923304170723, 18.164242259125317]
[array([  592.66984261,  -676.71000576,  -589.5244277 , -1896.1267563 ]), -19.957923304172063, 18.164242506919553]
[array([  511.75600768,  -617.70813694,  -711.57128312, -1911.44122899]), -19.957923304172063, 18.164242510792615]
[array([  472.71278043,  -505.22114613,  -674.80512248, -1692.25807687]), -19.957923304172063, 18.164242510571192]
[array([ 114.29698354, -310.55392786, -404.95125413, -870.81037468]), -19.957922698919912, 18.164242421788504]
[array([  488.18312248,  -545.48965088,  -471.07988562, -1546.50919253]), -19.957923304172063, 18.164242510791695]
[array([  501.63842254,  -653.58753955,  -749.27797435, -1971.82039637]), -19.957923304172063, 18.164242510792615]
[array([  621.94141286,  -484.27943372,  -434.29950796, -1591.11625296]), -19.957923304172063, 18.164242510792615]
[array([  519.23700317,  -592.39841743,  -615.80182684, -1770.51682165]), -19.957923304172063, 18.164242510787226]
[array([ 131.73801207, -130.72942135, -436.16011429, -718.62497679]), -19.957923302227236, 18.16424059855786]
[array([  -27.07348707,  -390.85640916,  -925.17489214, -1284.07613404]), -19.784840757665645, 18.134284008060078]
[array([  163.440735  ,  -416.47335255,  -459.97512961, -1078.25004784]), -19.95792330416907, 18.164242510792196]
[array([  504.42654568,  -647.29104225,  -587.94875741, -1795.15024317]), -19.957923304172063, 18.164242510792615]
[array([  433.38887298,  -493.40603024,  -330.33139477, -1324.15509223]), -19.95792227894607, 18.164242431412646]
[array([ 288.44110585, -263.82608986, -395.51314572, -985.50937355]), -19.957923304172056, 18.16424251079222]
[array([  659.09783454,  -587.25996084,  -587.48171626, -1884.00572755]), -19.957923304172063, 18.16424251079258]
[array([  827.79050094,  -737.72060475,  -823.94395518, -2450.41143059]), -19.957923304172063, 18.164242510792615]
[array([  333.28904907,  -501.98264586,  -542.42795577, -1430.0002736 ]), -19.957923304172063, 18.164242510792615]
[array([  752.20483221,  -649.27241053,  -601.63895223, -2074.76953582]), -19.957923304172063, 18.164242510792615]
[array([  420.05279816,  -431.82401622,  -286.99301194, -1182.13916946]), -19.957923304171967, 18.1642425107926]
[array([  370.93642226,  -354.06625692,  -474.72922158, -1243.7265985 ]), -19.957923304172063, 18.1642425107926]
[array([  118.61564073,  -482.0779575 ,  -889.41693871, -1539.23309725]), -19.957923304172063, 18.164242510792615]
[array([ -54.22696233, -384.28384813, -558.18887947, -910.50496021]), -19.95792330400233, 18.16424244290928]
[array([  564.6747751 ,  -539.44953527,  -458.38067171, -1609.91141323]), -19.957923304172063, 18.164242510792604]
[array([  776.64043736,  -555.45706305,  -609.7597553 , -1987.52898772]), -19.957923304172063, 18.16424251075868]
[array([  983.2837963 ,  -833.0964709 ,  -547.98870333, -2467.68764839]), -19.957923304172063, 18.164242510792615]
[array([  517.70578985,  -505.23706891,  -797.40980735, -1865.54301005]), -19.957923304172063, 18.164242510776923]
[array([  425.89356737,  -443.76057631,  -659.35657003, -1559.99320565]), -19.95792330417191, 18.164242182804404]
[array([  436.25083441,  -536.39204031,  -596.61927978, -1624.96748649]), -19.957923304172063, 18.164242510792615]
[array([  491.47427581,  -428.02474331,  -553.71968493, -1500.13687585]), -19.95792330416432, 18.1642336718202]
[array([  691.37921935,  -691.63395863,  -541.23725889, -1975.10316366]), -19.957923304172063, 18.1642425107926]
[array([  490.20986736,  -587.35549901,  -959.71714137, -2091.57768418]), -19.957923304172063, 18.16424251079259]
[array([  722.21779664,  -597.00942691,  -355.52626353, -1734.31258913]), -19.957923304172063, 18.164242510792615]
[array([  600.29511781,  -681.17601881,  -710.00822784, -2051.57014875]), -19.957923304172063, 18.164242510792615]
[array([  796.63608613,  -485.77084446,  -410.97833738, -1743.94842563]), -19.957923304172063, 18.1642425107926]
[array([  724.26430271,  -395.31326482,  -623.03640271, -1811.22260867]), -19.957923304172063, 18.164242510792615]
[array([  905.33056782,  -605.49483258,  -622.99166643, -2200.73942467]), -19.957923304172063, 18.164242510792615]
[array([  772.48690995,  -527.55990374,  -717.51953191, -2085.8243286 ]), -19.957923304172063, 18.164242510792615]
[array([  207.30513751,  -391.16344325,  -636.99145441, -1274.64156905]), -19.957923304172063, 18.164242510791063]
[array([ 1219.82053769, -1107.68435101,  -896.12749748, -3303.92410704]), -19.957923304172063, 18.164242510792615]
[array([  683.36523776,  -663.94816698,  -872.42464683, -2281.74432368]), -19.957923304172063, 18.164242510792615]
[array([  827.25620094,  -646.84163311,  -826.89031965, -2372.66091325]), -19.957923304172063, 18.164242510792615]
[array([  967.67649466,  -652.88980241,  -810.51619571, -2501.25507108]), -19.957923304172063, 18.164242510792615]
[array([  494.90500813,  -796.3098044 ,  -754.03283841, -2136.22073642]), -19.957923304172063, 18.164242510792615]
[array([  753.32867839,  -538.49223155,  -494.3192876 , -1849.84465952]), -19.957923304172063, 18.164242510792615]
[array([  845.25599321,  -724.00944136,  -633.98720037, -2234.82677523]), -19.9579233041718, 18.164065635141707]
[array([  820.00372459,  -673.68439603,  -936.9146943 , -2501.85151152]), -19.957923304172063, 18.164242510792615]
[array([  805.63149589,  -305.44805983,  -252.15340159, -1406.97184691]), -19.957923304172063, 18.164242510791883]
[array([  527.3263579 ,  -456.9429848 ,  -480.27574659, -1519.69863916]), -19.957923304172063, 18.164242510792615]
[array([  580.3887561 ,  -503.44252761,  -479.62764701, -1623.92970631]), -19.957923304172063, 18.164242510792615]
[array([  590.17911046,  -405.73007061,  -327.89214813, -1374.35378717]), -19.957923304172063, 18.164242510792615]
[array([  855.2183303 ,  -617.05788111,  -561.41526083, -2099.5091942 ]), -19.957923304172063, 18.164242510792615]
[array([  809.87848083,  -550.52873915,  -756.45104711, -2185.3815543 ]), -19.957923304172063, 18.164242510792615]
[array([  868.62503924,  -532.10982737,  -665.18560501, -2129.20148631]), -19.957923304172063, 18.164242510792615]
[array([  750.57142098,  -462.77089966,  -499.90329071, -1783.97616868]), -19.957923304172063, 18.164242510792615]
[array([ 1224.76355614,  -678.62385309,  -653.14978722, -2659.60380836]), -19.957923304172063, 18.164242510792615]
[array([  779.9656359 ,  -492.1680476 ,  -447.02976243, -1765.65242022]), -19.957923304172063, 18.164242510791674]
[array([  751.45066158,  -639.08552123,  -699.68061376, -2154.76829373]), -19.957923304172063, 18.164242510792615]
[array([  951.05155254,  -524.34184998,  -543.00777772, -2091.07700086]), -19.957923304172063, 18.164242510792615]
[array([  567.48051841,  -559.18880773,  -579.05003974, -1755.42758682]), -19.957923304172063, 18.164242510792604]
[array([  987.40638967,  -711.6522225 ,  -726.31235718, -2507.86998754]), -19.957923304172063, 18.164242510792615]
[array([  800.00266182,  -585.64971243,  -640.39292701, -2085.17501148]), -19.957923304172063, 18.164242510792615]
[array([  944.63047593,  -492.21603182,  -496.45896863, -1986.41764215]), -19.957923304172063, 18.16424251079256]
[array([  674.90171064,  -611.90860485,  -606.82758229, -1938.19403959]), -19.957923304172063, 18.16424251077628]
[array([  855.13220856,  -589.842147  ,  -566.30839858, -2078.19082492]), -19.957923304172063, 18.164242510792615]
[array([ 1229.48952281,  -769.72718884,  -649.0912834 , -2758.01076878]), -19.957923304172063, 18.164242510792615]
[array([  844.48562368,  -253.46116423,  -390.88810463, -1574.01866609]), -19.957923304172063, 18.164242510792615]
[array([  851.50384015,  -346.33210875,  -187.14030917, -1459.20450042]), -19.957923304172056, 18.164242510792615]
[array([  833.4056571 ,  -404.63543111,  -445.80031015, -1736.20598913]), -19.957923304172063, 18.164242510792604]
[array([  909.26437381,  -452.98066011,  -275.88691462, -1686.58926174]), -19.957923304172063, 18.164242510792548]
[array([ 1121.72999763,  -622.4107342 ,  -464.65399475, -2306.61969296]), -19.957923304172063, 18.164242510792615]
[array([  965.16810309,  -671.49193194,  -555.97989529, -2273.35993569]), -19.957923304172063, 18.164242510792615]
[array([  691.61714171,  -374.22613895,  -530.06433512, -1664.25754148]), -19.957923304172063, 18.164242510792615]
[array([ 1307.52269805,  -838.42290813,  -832.60193407, -3108.92007747]), -19.957923304172063, 18.164242510792615]
[array([ 1196.50340512,  -763.89684567,  -835.24588736, -2915.7264807 ]), -19.957923304172063, 18.164242510792615]
[array([  787.64124463,  -563.37734619,  -568.0373847 , -1980.95143361]), -19.957923304172063, 18.164242510792615]
[array([ 1155.61199782,  -426.0235865 ,  -220.31070891, -1896.5531119 ]), -19.957923304172063, 18.164242510792615]
[array([  696.01860428,  -542.5380591 ,  -645.42148684, -1952.58741548]), -19.957923304172063, 18.164242510792615]
[array([ 1224.84601965,  -748.61412517,  -764.09038956, -2830.01372065]), -19.957923304172063, 18.164242510792615]
[array([ 1190.133449  ,  -495.78258909,  -519.20023876, -2298.22889185]), -19.957923304172063, 18.164242510792615]
[array([  785.95174269,  -198.195937  ,  -364.63829239, -1411.27788763]), -19.957923304172063, 18.164242510792615]
[array([ 1058.25127642,  -767.05097589,  -741.9657766 , -2658.62562131]), -19.957923304172063, 18.164242510792615]
[array([  602.11842744,  -548.73490932,  -611.55526402, -1821.12389973]), -19.957923304172063, 18.164242510792615]
[array([  903.33182607,  -464.1676764 ,  -607.07879316, -2051.6665529 ]), -19.957923304172063, 18.164242510792615]
[array([ 1122.15939007,  -647.00585273,  -547.3039595 , -2404.29353911]), -19.957923304172063, 18.164242510792615]
[array([ 1050.52829721,  -421.15258885,  -565.9803251 , -2117.1649991 ]), -19.957923304172063, 18.164242510792615]
[array([ 1255.57343937,  -672.41761575,  -529.15785035, -2550.44141389]), -19.957923304172063, 18.164242510792615]
[array([  535.15430047,  -551.75102097,  -623.19393653, -1772.06596329]), -19.957923304172063, 18.164242510792615]
[array([  949.19204179,  -685.44780758,  -678.27725779, -2400.02016384]), -19.957923304172063, 18.164242510792615]
[array([ 1152.79479068,  -621.39363148,  -730.60659257, -2609.3340504 ]), -19.957923304172063, 18.164242510792615]
[array([ 1168.6600086 ,  -652.97938325,  -555.86017949, -2481.64106036]), -19.957923304172063, 18.164242510792615]
[array([ 1149.90164578,  -792.21190152,  -929.35999873, -3000.33786482]), -19.957923304172063, 18.164242510792615]
[array([ 1034.61937975,  -705.69919921,  -652.12370065, -2486.57103469]), -19.957923304172063, 18.164242510792615]
[array([ 1397.08560061,  -732.85973239,  -685.1502071 , -2944.73785443]), -19.957923304172063, 18.164242510792615]
[array([  881.44407791,  -522.92517099,  -567.0952926 , -2055.76520118]), -19.957923304172063, 18.164242510792615]
[array([ 1123.29683188,  -361.25427698,  -337.50527687, -1896.10122495]), -19.957923304172063, 18.164242510792615]
[array([ 1072.89305828,  -640.17616502,  -618.24768808, -2402.57622179]), -19.957923304172063, 18.164242510792615]
[array([  696.33175379,  -168.40068532,  -314.29959169, -1227.81469462]), -19.957923304172063, 18.16424251079261]
[array([ 1102.09610575,  -482.90302848,  -484.05633188, -2156.7294366 ]), -19.957923304172063, 18.164242510792615]
[array([  974.27907058,  -454.55609205,  -363.22501629, -1842.15311711]), -19.957923304172063, 18.164242510792427]
[array([ 1281.22858302,  -481.0599421 ,  -442.88860236, -2302.39226316]), -19.957923304172063, 18.164242510792615]
[array([  957.5522325 ,  -435.73684399,  -438.10524477, -1914.4836887 ]), -19.957923304172063, 18.164242510792615]
[array([ 1114.85271443,  -428.38203397,  -446.96557947, -2075.20219233]), -19.957923304172063, 18.164242510792615]
[array([ 1181.09713598,  -507.21599957,  -422.84100906, -2184.42114675]), -19.957923304172063, 18.164242510792615]
