[array([ 6.93754001,  2.26703452, -5.04892956,  0.44944465]), -11.013210207715181, 21.468276425014153]
[array([ 3.40084066, -3.92811439, -5.75884186, -3.59884229]), -11.01267858503492, 21.461947032844588]
[array([ 1.93639065,  1.74615552, -2.44043162, -3.56685903]), -10.715506540293298, 21.579881518544052]
[array([ 1.36738354, -0.8341138 , -4.04600877,  4.6019644 ]), -11.42613660554518, 16.31688969975634]
[array([-1.80786808, -4.98290781, -4.51040443,  5.28575642]), -8.214707011104519, 8.055802385152957]
[array([ 3.74802963, -1.1343358 , -6.77339342, -5.43825063]), -11.012721146863568, 21.468384341567198]
[array([ 4.36409242,  3.47599753, -4.93975892,  6.47315076]), -11.01506792033992, 21.43930394519419]
[array([ 3.19899823, -5.49070217, -3.08800181,  6.5448274 ]), -11.369986692923383, 12.014115370184637]
[array([ 5.46498082, -0.57733808, -4.64045386, -0.10591003]), -11.01306304693047, 21.46579256701535]
[array([ 3.21706757,  4.29812459, -0.16140329, -2.88146765]), -10.2024395280891, 21.294066466019412]
[array([ 5.81441456, -1.05562482,  3.04081462,  2.07943232]), -10.785940410383803, 13.3670527812253]
[array([ 5.62492392, -2.49428846, -9.32660923,  1.94957631]), -11.013303490480808, 21.468142133473517]
[array([ 3.36777123, -3.88718172, -2.10966523,  0.87363364]), -11.303336012341829, 17.760469145269777]
[array([ 1.4300966 ,  0.2010127 , -2.72456749, -3.29275478]), -10.783106581173076, 21.14694197835269]
[array([-2.14270363, -3.68026538, -3.13339506,  5.92618525]), -5.074351150060122, 5.135708960014827]
[array([ 4.8974564 ,  1.09230989, -1.00557912,  2.55880866]), -11.011454497620898, 21.173361648798473]
[array([ 5.7500843 , -2.42373155, -0.20834069, -0.93454783]), -11.011972217357608, 21.1852936512734]
[array([ 3.14420294,  0.18611533, -7.68878161,  7.69889795]), -11.040131125009516, 21.130529108780454]
[array([ 0.80953248, -0.11214596, -5.260968  ,  2.63715371]), -11.043940913091944, 20.88370402036057]
[array([ 1.04390194,  0.11295611, -7.89231441,  2.28070621]), -11.014046625570117, 21.445754799891485]
[array([ 1.50799087, -0.14805023,  1.02233595,  1.73485938]), -5.479105523024896, 5.827435597190822]
[array([-0.40837375, -0.56160333, -3.41209829,  2.6067161 ]), -10.954674193858716, 14.06396988201673]
[array([ 4.38409545, -1.45016651, -1.44624073,  6.55681482]), -11.65231553133703, 13.767262933545979]
[array([-0.90262844, -4.88478409, -5.52987404,  2.70686638]), -11.368429197033056, 12.526394688176573]
[array([ 0.82911937,  0.444588  , -3.0383517 , -0.78545276]), -10.81545973582704, 20.67714234892422]
[array([ 1.42662842,  1.99143886, -4.03492835,  2.17715371]), -10.986809418775309, 21.221320346642145]
[array([ 4.1483737 , -2.76876982, -2.97260289,  2.68874945]), -11.158481161776, 19.717035571830692]
[array([ 2.77964962, -0.01973211, -3.18931595,  7.86804085]), -11.650326150511574, 14.043993933206046]
[array([ 3.62062117, -2.53840988, -1.79145293,  5.56786293]), -11.595204253062994, 13.175665983508773]
[array([ 0.72037619, -2.02319755, -2.91231386,  7.67060786]), -9.789731960440315, 9.865136186252942]
[array([ 1.6418099 , -1.61889866, -1.65998609, 10.46293826]), -8.578760085610265, 8.338546864246101]
[array([ 4.41067218, -3.89017573, -0.71576178,  4.0631496 ]), -11.528606955340042, 12.930213726098524]
[array([-1.09074899,  0.28937145, -3.97904211,  8.91505073]), -9.085221783944382, 9.100964992092557]
[array([ 0.76972079, -1.58071365, -0.10463738,  8.98313543]), -4.709296128592185, 4.794027833702533]
[array([ 0.27032778, -4.65859998, -1.409394  ,  5.13219116]), -6.464155020904446, 6.398886771257732]
[array([ 8.8775187 ,  1.02619874,  0.80563748, 12.2795309 ]), -11.798166843100807, 13.800176643176352]
[array([ 6.13243317, -3.88990535, -1.24381421,  4.39567829]), -11.538997651621429, 15.552381029641234]
[array([ 5.49691497, -6.22470537, -1.83311269,  6.10802022]), -11.726036086457396, 12.676209606281587]
[array([ 4.54835267,  1.08529636, -2.40879945,  6.74376795]), -11.20388606456516, 19.17920029350013]
[array([ 3.55567876, -2.86733937,  0.02958516, 13.55664107]), -7.806976370779896, 7.434747449266097]
[array([ 0.90626354,  0.32510115, -9.11681888,  2.05827244]), -11.013346946996542, 21.462745936588817]
[array([ 7.78236781, -0.74582727,  0.42023204,  7.58595692]), -11.548272570787464, 15.472501696840078]
[array([-1.09976919, -1.32074632, -1.88570129,  4.60765123]), -5.258218658308254, 5.377232357631639]
[array([ 8.02266011, -2.84396753, -4.21280747,  6.66206967]), -11.052752243173783, 20.935131448980044]
[array([ 5.87255516, -4.02085548, -0.34061919,  7.74525408]), -11.38807801998949, 12.05711295304411]
[array([12.19508923,  4.85971482, -0.25955027, 12.32862556]), -11.018534223686887, 21.402289394355414]
[array([ 2.85257833, -1.74379583, -4.9747204 , 15.42279264]), -11.076607713734504, 11.467152565779381]
[array([14.20216129,  2.5546725 ,  2.41219845, 18.28656464]), -11.828550544991955, 14.186755596316987]
[array([12.20592053,  4.5454509 , -0.02235698, 21.13240372]), -11.86411222047217, 14.047752696028251]
[array([18.29268711, -6.70247837, -3.05700774, 18.06901708]), -11.487394392484722, 15.365092222794578]
[array([17.22960811, 13.1409551 , -1.16827409, 19.58790461]), -11.01328125601015, 21.468420986254863]
[array([11.85550695, -2.24349147, -0.08485002,  7.3463837 ]), -11.068867101871277, 20.715378360935564]
[array([ 9.65336599, -4.28527685, -1.34432174, 14.56220242]), -11.932765398113057, 12.619399927812413]
[array([12.40540494,  8.33188673,  3.21539411, 12.53574784]), -11.020237124593177, 21.37990531490129]
[array([14.32678674, 12.2733    , -4.59333492, 34.27280819]), -11.498528308701562, 15.342709035080636]
[array([ 2.45610988, -5.73788772, -2.37221015, 13.91215134]), -8.483862491495403, 8.013289707225017]
[array([20.04217879, -1.34050286,  3.8650233 , 17.36980056]), -11.493083062896167, 15.366311650461085]
[array([ 9.83277104, -0.89449274, -3.6569224 ,  2.6931505 ]), -11.013327742983043, 21.467770332383747]
[array([11.67082333,  0.80552888,  3.53941726, 14.93178472]), -11.745243173350262, 12.549949179920603]
[array([ 10.5992254 , -10.63651307,   0.25585183,   8.38905124]), -11.745099035962852, 12.376001978561316]
[array([19.28684633, -9.2618935 ,  8.27390988, 28.19098779]), -9.404061483376271, 8.920793437617297]
[array([ 6.87988552,  4.99381268, -9.85143413, 12.87151555]), -11.013382352563232, 21.467128207016785]
[array([21.9947158 , -3.48930162, 14.78950082, 23.57911932]), -8.938783559133952, 8.393728227840164]
[array([17.53047878,  3.62745214, -9.56998205, 32.52355299]), -11.107834101917753, 15.90710326191905]
[array([12.41153413,  4.67641985,  1.32624104, 24.95450207]), -11.79003818301312, 12.40884419689923]
[array([14.3683258 ,  5.44921626, -2.6769559 , 20.42021452]), -11.06168026848348, 20.65316965177442]
[array([18.38366894, -6.22715   , 13.5866161 ,  9.51038163]), -9.310154561652714, 9.007038313775139]
[array([12.34725148, -6.96909224,  6.64459233, 18.40029541]), -8.216571410200787, 7.6809313821548795]
[array([12.89892513,  2.48974613, -0.39624558, 13.55987477]), -11.068551648333596, 20.673044075178915]
[array([13.50815556, -1.67966856,  2.48787684, 18.63215685]), -11.765895749905697, 12.382960788198845]
[array([16.35227799,  3.60301903,  4.69291469, 32.74308579]), -10.748504055428628, 10.829783958956355]
[array([ 8.41499339,  3.60790051, -0.75815213, 11.55747032]), -11.179585559290553, 19.37974040054747]
[array([ 7.95925217,  2.06735592,  2.05953119, 10.92682268]), -11.65746457977019, 13.218557939852394]
[array([ 8.35211464, -3.10438341, -9.46735523, 19.99841399]), -11.798387014491475, 14.54044929877586]
[array([ -0.49484295,  -1.30140708, -12.00803628,   1.1760822 ]), -11.01337567627458, 21.466328197799726]
[array([14.33204567, -6.41026857,  3.69172965, 14.92603506]), -11.47291941672251, 12.046150685279386]
[array([16.05951729, -4.85827129, -2.24266147, 21.3515856 ]), -12.016340790687696, 13.504339781093499]
[array([ 10.126988  ,   0.57880596, -14.61502334,  13.31696792]), -11.013278856782481, 21.46844104444981]
[array([17.47995361, -0.06265211, -2.74072947, 15.27078172]), -11.016522179806895, 21.414177704053646]
[array([ 8.39088732,  4.56991962, -1.0676309 , 11.72123182]), -11.085043416873464, 20.578988464297687]
[array([ 9.59317835, -8.37301106, -6.8128204 ,  7.58243329]), -11.163598622767019, 18.69543045751751]
[array([ 6.00098901,  2.65703369, -7.16662864, 10.62583418]), -11.017339570521953, 21.416489366756828]
[array([10.89922675, -9.7275479 , -1.83482823, 16.81338482]), -11.359391795227927, 11.909534782768151]
[array([ 9.23883605, -3.50471442, -3.85354273,  9.84278627]), -11.28086200074283, 17.30736119046225]
[array([11.01481707, -8.59899773, -5.71099872, 30.22269617]), -11.010856751304559, 11.349894080231005]
[array([ 6.46541062, -7.87582927, -6.91461381, 22.82308614]), -11.032162536493953, 11.376239751940771]
[array([ 15.97978688, -12.65568328,  -1.49532335,  20.52327425]), -11.804418025045567, 12.398923011587845]
[array([10.8112485 ,  0.92057332, -5.35259125, 19.85693097]), -11.531739828638626, 15.281756786742214]
[array([11.16699236, -8.4513754 , -0.69380876,  5.88111797]), -11.62677295882656, 14.994079679505509]
[array([ 10.03636835, -18.77584255,  -4.01970265,   5.18088466]), -12.05408882734006, 12.620785160021521]
[array([ 7.4962995 , -6.15808768, -6.40402808,  6.18567512]), -11.102344554948276, 20.111607009134136]
[array([11.35722847, -5.45413036, -3.32276151, 17.64065785]), -12.114488689279481, 12.894785088612949]
[array([ 15.14163688, -19.32906461,  -3.29416275,  12.83416047]), -12.099427084575852, 12.57156147826491]
[array([ 11.97883113,  -2.93159461, -10.03000186,  18.79028284]), -11.13055364596515, 18.619002704555594]
[array([ 10.97123229, -17.75372709,  -7.72537026,   8.74866096]), -11.995762809672076, 13.602127010558405]
[array([ 8.45023713, -8.29396394, -3.40995351,  4.10800451]), -11.346104326899809, 16.75014678539822]
[array([11.83062629,  3.70173602, -5.57868282, 27.39808186]), -11.9055529360886, 14.02865212805879]
[array([16.70848681,  1.92584775,  4.3429865 , 28.75964768]), -11.208755468246606, 11.681875980407185]
[array([ 11.46762419, -10.40708574,  -1.51519579,  14.60669662]), -11.670739402539427, 12.272547506821288]
[array([ 18.54960812, -17.37865092,  -8.15585924,  16.38406268]), -11.741532270507197, 14.911839770037993]
[array([ 11.07829192, -19.254882  ,  -3.92735877,   9.3858079 ]), -11.744862947489487, 12.343960461908747]
[array([ 12.06950009, -25.12626794,  -1.63831639,  -3.20033105]), -12.092841356902778, 12.839386716509015]
[array([ 12.93915717, -21.27558198,  -6.06666949,   8.51993497]), -12.19466981447004, 12.82809314156313]
[array([12.78276529, -8.54935143, -8.33924317, 25.68290718]), -12.243603770176845, 12.68253158140869]
[array([13.82725509,  5.99647193,  1.5219026 , 22.8360833 ]), -11.881067914545278, 13.970377784791149]
[array([16.05377516, -7.31182681,  2.7946361 , 17.69596474]), -11.755877139751966, 12.351820753275234]
[array([ 18.49042589, -12.78554199,  -5.54786676,  22.90720841]), -12.119362508062654, 13.104229934555796]
[array([ 7.15753222,  5.73323856,  0.30235845, 16.15548184]), -11.750695765200227, 13.206774284639998]
[array([15.79387433, -8.85820395, -2.27116028, 13.92161293]), -11.73429508504768, 14.80909673459945]
[array([  4.63477296, -15.15792161,  -7.15198983,  -0.571809  ]), -11.67783708322789, 14.80576076856182]
[array([ 17.30739745, -23.34675669,  -1.7638211 ,   8.37729635]), -12.19577934432098, 12.641179954818679]
[array([ 14.9663689 , -25.98825665,  -9.17631752,  15.04575279]), -12.21267941097032, 12.595219068795048]
[array([12.47120351, -7.32369439, -7.5305545 , 24.02141727]), -12.208584795791259, 12.814049370645703]
[array([ 12.5774174 , -16.71595485,  -4.38372731,  15.41366456]), -11.806517818871498, 12.398777524578826]
[array([ 11.92439832, -22.38473337, -11.26411078,  11.23708474]), -12.053606329105696, 13.339208822851079]
[array([18.32246776, -7.72870635, -2.35144757, 28.10990629]), -12.141286085784047, 12.582043082991538]
[array([ 17.60849078, -16.12191603,  -9.51025503,  23.0237762 ]), -12.038435123190668, 13.365668617512757]
[array([20.82047886, -9.95633331, -9.01821325, 26.54021525]), -11.685194853689591, 15.274123294617272]
[array([ 15.79900701, -23.12171724, -14.84423685,  25.27748086]), -12.32959138668671, 12.68378377584]
[array([ 10.50686789, -16.4105449 ,  -3.89502092,  10.73064417]), -11.783193733960676, 12.374713013347165]
[array([ 11.53491646, -24.48553784, -19.30371863,  21.46306801]), -12.137502789268526, 13.00564246600126]
[array([15.52650884, -2.16586845, -8.19367439, 42.84629267]), -11.878220102605642, 12.471594953920192]
[array([ 20.91816566, -26.39791687, -16.06748699,  23.17451208]), -11.885504076273046, 14.24537501626382]
[array([ 19.23654075, -15.38340659, -16.41859205,  34.92550843]), -11.97257524075003, 13.644235581424242]
[array([ 16.50328036, -17.96744791,  -9.51575996,  26.24394473]), -12.22292110835101, 12.592984109784886]
[array([ 24.30786386, -22.32822635,  -2.9078175 ,  23.008346  ]), -12.27308306767045, 12.60430955315456]
[array([ 17.28172127, -29.56035738, -15.78054118,  21.69931944]), -12.303806680697429, 12.723558672652196]
[array([ 20.17191677, -12.1828095 ,  -6.52657978,  30.75327986]), -12.30723121509799, 12.661504245687548]
[array([ 13.72628901, -31.05186337,  -7.28059579,   5.66354587]), -12.124298153047691, 12.576031760900998]
[array([ 19.09155784, -25.83612486, -11.89030262,  27.13713211]), -12.218168472220126, 12.588039051127543]
[array([ 13.83691242, -15.79681295, -14.68603988,  26.91402242]), -12.154996757395493, 12.982624960432501]
[array([ 15.01622372, -25.18148408, -12.62395117,  26.19117107]), -11.99013797113369, 12.554297999710991]
[array([ 27.11626237, -27.51526276, -14.22647993,  32.51269315]), -12.013498501352739, 13.275350106784249]
[array([ 15.658035  , -13.0566779 ,  -0.64379479,  17.099012  ]), -11.887660839901345, 12.454340905449394]
[array([ 18.10618847,  -8.03385246, -21.38520562,  50.50995495]), -12.105306209601286, 12.996560830186692]
[array([ 13.91109367, -33.05386668, -20.40640168,  25.39376574]), -12.231579294785703, 12.584295792359532]
[array([ 15.12982849, -15.44989056,  -7.50214113,  18.7794283 ]), -12.165020065049681, 12.976566324208783]
[array([ 15.94378268,  -9.88784466, -12.65434987,  27.91890365]), -11.844451915537293, 14.395867419634877]
[array([ 18.84760531, -19.07380055, -15.14357946,  23.88686788]), -11.726860705072623, 14.959677786158405]
[array([  9.35621529, -53.60549059, -26.61953893,  12.03079979]), -12.062938743394366, 12.621228099176081]
[array([ 21.2386167 , -31.46799048, -11.90702433,  29.68903894]), -12.036500464066702, 12.596364413451566]
[array([ 18.67399006, -16.38731612,  -8.07216171,  25.08584782]), -12.260190066697776, 12.777759826451714]
[array([ 19.32358656, -22.73860735, -17.27256804,  51.39138828]), -11.528129815304833, 12.182039105330604]
[array([ 18.52867158, -35.39546771, -23.8967268 ,  36.01952149]), -12.274319663334754, 12.573408711521996]
[array([ 22.16797337, -21.69011447, -12.57202662,  29.06382772]), -12.055206235319229, 13.200213313105895]
[array([  7.85707434, -29.85742686, -14.92912726,  10.56627453]), -12.098147291525207, 12.572884526106561]
[array([ 26.02337211, -11.85994044,   9.86422552,  19.26138637]), -11.725310914581772, 12.331026559536838]
[array([ 11.22010481, -12.43780861, -16.87000994,  29.74749013]), -12.164869197090336, 12.962818491638078]
[array([ 26.55337849, -28.51886093, -14.61960871,  45.44669481]), -12.084207237202527, 12.64441969115597]
[array([ 13.25399092, -34.50019223, -33.76766117,  32.81302882]), -11.965329518051561, 13.497799416163877]
[array([ 23.48479592, -31.89380022, -14.07232477,  33.78920823]), -12.149297279600052, 12.608163512103568]
[array([24.43565147, -9.27637156, -9.49207012, 47.93500193]), -12.262943005604164, 12.584880127675499]
[array([ 23.71459379, -24.25362216, -22.79502559,  46.78734352]), -12.29027572975998, 12.68915583346027]
[array([ 15.78084324, -30.45785555, -17.92477446,  27.09401234]), -12.223482664054165, 12.585644855405457]
[array([ 23.81582153, -19.70542829, -13.42052571,  48.68134624]), -12.054268650612437, 12.618409367264874]
[array([ 25.61701045, -27.82239858, -25.04552155,  44.98041757]), -11.960653279800933, 13.454865740954618]
[array([ 26.41922287, -45.33493935, -28.40918109,  38.68459474]), -12.332556506933702, 12.634376167266787]
[array([ 22.38999076, -35.77644904, -23.40120813,  44.95909402]), -12.115647229601565, 12.633947973898108]
[array([  4.80023979, -31.06386171, -22.22670406,  21.72948444]), -11.759133515248637, 12.384531618597716]
[array([ 19.29245905, -54.08510464, -47.02358973,  48.523379  ]), -12.419055715284314, 12.600140483689403]
[array([ 19.90239713, -68.35809347, -39.88911497,  24.79770384]), -12.432483661214803, 12.626893879651425]
[array([ 26.865732  , -36.27209993, -12.18557558,  26.51618723]), -12.394041034923532, 12.638498757900178]
[array([ 17.07386084, -37.25493459, -36.4511833 ,  45.74389694]), -12.395216158529376, 12.631978775133199]
[array([31.12029759, -6.41724668, -4.0609527 , 42.9800876 ]), -11.966471772282251, 13.702227597793822]
[array([ 22.72289917, -26.52955547, -25.50174414,  45.26694766]), -12.115064439592333, 12.890532661477547]
[array([ 40.59553754, -21.78705671, -20.99371362,  75.39495298]), -12.466566784279006, 12.66120311811014]
[array([ 36.08402648, -19.54935191, -18.02432979,  59.87853628]), -12.016904760552539, 13.086229539047789]
[array([ 25.92828625, -20.14870094, -18.73696332,  48.07677784]), -12.285573235410034, 12.70096918984686]
[array([ 28.50547371, -61.25945471, -34.20614277,  37.49462666]), -12.465946305024971, 12.656400861891008]
[array([ 42.80248999, -47.39510516, -18.63602672,  41.56723611]), -11.94641626442674, 13.357557066348587]
[array([ 43.54396611, -47.11068897, -23.09545059,  64.88573148]), -12.274461032816108, 12.543450807126664]
[array([ 35.79519489, -39.26567468, -55.220978  ,  90.68832145]), -11.899293063018439, 13.714954678414227]
[array([ 23.616131  , -23.60597523, -36.9686954 ,  67.75424764]), -12.20995118717499, 12.679040686010762]
[array([ 27.88564442, -70.5945043 , -40.25774751,  35.98129498]), -12.462482970723881, 12.632945855882895]
[array([ 18.61993113, -51.86443124, -28.44483052,  19.61800784]), -12.254423829457105, 12.71365221727802]
[array([ 49.34894088, -86.673147  , -40.20169262,  70.79492131]), -12.1025741143572, 12.665219061875213]
[array([ 54.26506279, -38.07101422, -22.61527652,  74.49801453]), -11.952188204933572, 13.114070532890546]
[array([ 29.87730401, -66.18822266, -46.89608676,  36.98855688]), -11.931869964221256, 14.246379780703847]
[array([ 25.73631305, -31.28487267, -17.42289104,  42.50280036]), -12.213552821344589, 12.577168888717749]
[array([ 50.78009291, -88.24095663, -39.50201087,  62.60179009]), -12.301656991959414, 12.53181637190343]
[array([ 24.68116182, -23.32302786, -24.44908836,  38.45025729]), -11.676401758503065, 15.059021525914837]
[array([ 43.42668581, -51.6418652 , -25.31974834,  69.04398641]), -12.107405330521908, 12.645042731875417]
[array([ 35.44655568, -49.90257862, -31.58781851,  56.69067015]), -12.481963674215466, 12.687947538370219]
[array([ 31.69224683, -12.49362461, -14.6545019 ,  64.96386462]), -12.3059918717795, 12.57394262746665]
[array([  6.32229848, -77.70524775, -41.71284034,  12.21031188]), -12.064032117962574, 12.602799566892509]
[array([ 32.93950283, -68.95937348, -20.30154572,  34.94800346]), -11.883606731104893, 12.504557860832032]
[array([ 39.2614867 , -39.75806055, -22.58439584,  65.56141424]), -12.211833170041196, 12.551565239907347]
[array([  50.99808324, -128.53718899,  -38.34578371,   35.0510909 ]), -11.987439515219807, 12.680289412158384]
[array([ 31.92649278, -94.98822437, -40.94474153,  28.217259  ]), -12.237405003578994, 12.53630277120586]
[array([ 44.70029057, -41.13550842, -33.86387316,  84.35180243]), -12.495012682267106, 12.71825216186821]
[array([ 22.94980787, -45.39249562, -38.24968647,  52.09266975]), -12.472479091214463, 12.678925977601438]
[array([ 21.29260178, -38.96790931, -21.80681082,  29.98369864]), -12.415859597142925, 12.6469068821349]
[array([ 42.22506009, -74.67945772, -18.21033036,  31.40435569]), -12.111481824599805, 12.63895550146662]
[array([ 37.23975543, -76.23140058, -30.04429247,  40.40691317]), -12.144037874053438, 12.590129363956953]
[array([ 45.90677053, -75.04944869, -31.9331479 ,  53.11869235]), -12.409514548849742, 12.602464253503385]
[array([ 34.95552848, -54.86467607, -39.28055178,  74.23089888]), -12.132563363617244, 12.59965417084394]
[array([ 29.9508008 , -78.05310016, -45.17860334,  53.96726971]), -12.103457036882995, 12.653725453763291]
[array([ 10.79790113, -61.42160304, -34.79228212,   7.54116679]), -12.22484933587568, 12.750536647241335]
[array([ 48.30074564, -55.64264564, -22.00657818,  57.88849207]), -12.4781097824907, 12.690472093456725]
[array([ 31.97183606, -59.08648227, -37.49386557,  52.52777156]), -12.483003416711615, 12.698232347155786]
[array([ 32.30173672,  -8.47460956, -22.50206744,  79.63167476]), -12.453213205803745, 12.663904420765778]
[array([ 24.0047197 , -54.31731985, -27.1539834 ,  25.67933574]), -12.418358112168113, 12.643535778915293]
[array([ 50.80586015, -53.66670671, -48.76830826,  99.99977016]), -12.460021882934784, 12.545708103137715]
[array([ 33.05363388, -54.07160479, -53.87473549,  90.74776645]), -12.324881098008472, 12.541731988224674]
[array([ 58.91004403, -64.10418349, -47.36157896, 102.96320692]), -12.501882728267802, 12.670135075332306]
[array([ 29.77299195, -46.80159975, -31.52103281,  51.75840134]), -12.468042353060598, 12.678552411290402]
[array([ 40.81387587, -51.16476571, -26.21202232,  68.12723096]), -12.066924713286612, 12.69678428804303]
[array([ 33.22794347, -35.04978107, -25.02843754,  59.78663446]), -12.434819893200691, 12.643167223505742]
[array([ 49.20449728, -19.43652782, -22.01991871, 102.4255586 ]), -12.185273107055858, 12.550892469674395]
[array([ 48.84566085, -49.46784705, -55.84357177, 108.34462258]), -12.212632940064731, 12.539725845057308]
[array([ 51.33259381, -68.68780193, -55.25505676,  90.16659518]), -12.051651066330587, 12.630450508908279]
[array([ 62.63099606, -54.63465761, -67.39182356, 145.9533659 ]), -12.484939763188736, 12.521192635419169]
[array([ 46.082737  , -28.74245161, -24.40334997,  83.93037699]), -12.486889513356896, 12.701949310115626]
[array([ 69.14210382, -67.60569704, -44.11125573, 112.68193888]), -12.500005931316615, 12.763096251337647]
[array([ 12.80143984, -75.94584459, -51.81484075,  28.06428562]), -12.473162626916542, 12.684782872127286]
[array([ 34.77657961, -47.56469461, -37.78680987,  65.67310273]), -12.464327791047914, 12.621642487600152]
[array([ 58.19785197, -67.51624958, -33.95413084,  76.6195185 ]), -12.491601274504978, 12.628368078185906]
[array([ 40.04286748, -86.97880546, -42.30861626,  39.26634918]), -12.39133188132925, 12.552797675811963]
[array([ 79.65861232, -61.82024286, -40.77336601, 130.62205034]), -12.502848939069906, 12.782513912867524]
[array([ 62.48637737, -52.16698535, -45.81551127, 120.17554015]), -12.50051918458214, 12.755849928990697]
[array([ 66.83183148, -89.71356438, -61.08210033, 114.0940705 ]), -12.497235563075558, 12.781493052388232]
[array([ 67.87974191, -60.93936554, -41.31173207, 120.40026924]), -12.346959576386066, 12.537206268281572]
[array([ 60.1156952 , -10.15109663, -19.69638063, 113.67756827]), -12.456891094349112, 12.589348354293604]
[array([ 82.66620421, -53.63312912, -20.19870127, 123.09531222]), -12.157370915117138, 12.541278931109114]
[array([ 57.60476324, -38.8157936 , -19.64756761,  82.75953394]), -12.486194361499937, 12.663852167183586]
[array([ 82.79366375, -31.52320158,  -5.78597613, 116.61497287]), -12.295414810259603, 12.531291812805241]
[array([ 74.51069872, -83.29033268, -53.09983125, 122.48526131]), -12.527654030893029, 12.779386794648264]
[array([ 80.50778292, -73.33440919, -50.29606573, 136.94339525]), -12.518426475509656, 12.792460161113743]
[array([ 82.63074423, -44.32011931, -34.29022715, 138.28721159]), -12.50422686800578, 12.60888866541371]
[array([  85.82687262, -129.70179183,  -71.16817701,  106.11396363]), -12.138401364868395, 12.501224148562486]
[array([ 55.69896278, -48.19277005, -52.18681061, 125.47421604]), -12.515190263985678, 12.763410507430633]
[array([ 77.69649013, -80.29026799, -73.45154921, 165.27464282]), -12.55617505251619, 12.742682340111266]
[array([ 84.38654632, -95.94574937, -48.99675431, 123.6291124 ]), -12.442249798235695, 12.590350927289563]
[array([ 31.02958294,   6.58820779, -22.29306067,  83.74389823]), -11.966067422922913, 13.349208594791172]
[array([ 88.84732178, -74.73110576, -64.31543503, 171.15817877]), -12.51238603852523, 12.812353878057307]
[array([106.85475729, -89.85077799, -40.81420282, 141.03425188]), -12.514317664423782, 12.61019331103242]
[array([ 85.27044681, -95.70615992, -49.02821086, 124.4013646 ]), -12.489615054046963, 12.639316677910568]
[array([ 102.14673073, -100.48699174,  -65.49762461,  164.56731636]), -12.495527696366782, 12.754074088106147]
[array([ 83.3143483 , -24.28807574, -50.45925961, 192.54266734]), -12.54176505670019, 12.752881872420767]
[array([ 77.68672783, -38.31320339, -48.27794026, 162.25074128]), -12.497254608989394, 12.776890768397514]
[array([ 77.6155741 ,  11.86094956, -48.89020786, 215.4031002 ]), -12.52053382610857, 12.786192487779495]
[array([  69.45596402, -113.20122487, -104.44980122,  161.82578288]), -12.494017970706238, 12.759532365670449]
[array([ 70.22537352, -14.08146043, -35.45993885, 154.85307841]), -12.504538090890621, 12.765073536881207]
[array([  62.71569511, -109.66135204,  -76.16208521,  116.7109936 ]), -12.534619503389038, 12.702533195142983]
[array([ 35.958417  , -58.95447096, -29.74462859,  43.58595685]), -12.451868861638618, 12.626195598023667]
[array([  83.32391607, -120.81798643,  -96.80542219,  173.57114573]), -12.546516781462211, 12.681390732878576]
[array([ 52.34707329, -25.1219238 , -43.37104568, 123.95568478]), -12.487256490504963, 12.597254119953245]
[array([107.02825068, -47.37685815, -79.43669375, 246.7711279 ]), -12.502766834294768, 12.736486990735067]
[array([105.07904192, -89.01122066, -70.04362156, 177.70521039]), -12.420609553695876, 12.498953905311154]
[array([ 75.0193667 , -53.17338347, -53.7662844 , 153.39101612]), -12.510802665453364, 12.793651640045583]
[array([  84.82314846, -143.99674674,  -64.34003675,   98.15446634]), -12.554989648690523, 12.749170903588254]
[array([ 95.33802415, -26.64409423, -10.7198204 , 138.1346518 ]), -12.490120871800828, 12.574008662539974]
[array([  52.08872849, -132.25937846, -106.29007388,  122.18253437]), -12.515610101583137, 12.814685412224227]
[array([ 82.32308943, -79.45099948, -94.86900524, 209.11959524]), -12.571010641821125, 12.72660153893244]
[array([  74.78839824, -110.93018297,  -96.13629415,  167.13366474]), -12.570062038374838, 12.737115160279444]
[array([ 77.05447822, -87.23562214, -69.04053806, 147.92962572]), -12.52581392760635, 12.801658799137257]
[array([  46.59233355, -147.81641318, -106.73322999,  106.2976017 ]), -12.360884421717266, 12.521041408216204]
[array([ 73.34397005, -92.20580474, -47.06422579,  94.38184194]), -12.493126615657204, 12.547371655949695]
[array([ 142.62232223, -120.15245926,  -85.19471313,  246.45291016]), -12.521974781379997, 12.838799030298897]
