[array([ 3.55917881, -2.29933694,  1.31438176, -2.76216137]), -12.676795221473974, 14.486571976798489]
[array([ 5.05679926,  2.24272377, -4.92270238, -1.85930801]), -15.901828920485661, 18.498326179055997]
[array([ 3.34031489,  4.40967736, -1.21101982, -0.32628552]), -15.464629190415332, 17.857679086363756]
[array([ 6.33545194,  1.79503027, -5.75999177,  4.2810412 ]), -15.903305663714384, 18.500390623879877]
[array([13.18717941,  5.94294499, -2.71494502, -3.98959357]), -15.903733056893227, 18.501105021965436]
[array([ 2.92326391, -2.15250694, -6.00176985, -0.80468674]), -15.897618041520696, 18.49293114886126]
[array([ 4.26787354,  6.29215953, -6.25276695,  1.90213198]), -15.902586332400276, 18.499339010973426]
[array([  5.10615581,   7.98618437, -11.67173746,  -2.57078083]), -15.903711351137536, 18.501049668725184]
[array([-0.04029128,  5.20166909, -2.66807478, -1.98818716]), -12.41748354077478, 13.770952480968386]
[array([-5.01994861, -6.22314265, -8.29515329, -0.02194849]), -11.464653153157727, 11.845295314539555]
[array([ 8.34720244,  0.65603372,  2.63643984, -3.24053756]), -15.774031127236258, 18.324810764189905]
[array([  2.26723213,   6.86299884,  -5.01068367, -10.02815032]), -15.574855893951423, 16.31483876598938]
[array([ 5.98920208,  1.589996  , -5.69424008, -2.90505462]), -15.90331322569048, 18.500350914025145]
[array([ 9.65904212,  7.37734935,  2.82126678, -4.65389794]), -15.807569142609509, 17.601402364944715]
[array([  4.11129326,   4.47766212,  -9.75025856, -10.78381774]), -15.957786908189826, 18.621494156573995]
[array([12.01910982, 10.14723631, -5.30083676, -1.67350677]), -15.903769486673418, 18.50131371291065]
[array([16.81425358,  2.6771514 ,  5.49623242,  7.83248695]), -15.901037553547647, 18.4993869929466]
[array([-0.19879804,  1.06048717, -2.72194645, -4.41102761]), -12.714154224055491, 14.301561920901333]
[array([ 11.4506656 ,  10.12057509,  -2.5060368 , -12.11073684]), -16.039135248800847, 18.40798229665131]
[array([ 6.09958527, 16.95126052, -4.10538157, -6.77421106]), -15.811139166111733, 16.33845656786212]
[array([ 17.19970325,  12.34182963, -12.3871838 , -14.63982872]), -15.903962139620653, 18.50830471200451]
[array([12.95017641,  1.95080193, -8.80540827, -3.85284131]), -15.903643097732136, 18.50081437588477]
[array([ 5.11850335,  2.26109021,  1.48276585, -6.16760564]), -14.092368627465095, 15.387945582803265]
[array([-1.0810281 ,  9.43702536, -3.49203059, -4.55342842]), -9.281485051924319, 10.775488063939104]
[array([20.08870008, 17.73967311,  2.6535659 , -8.25993825]), -16.051599474446103, 18.65611600025958]
[array([  6.86328944,   0.66662939, -11.3566473 , -14.24041566]), -15.904421109315928, 18.505075982960435]
[array([ 18.1809918 ,   5.5632697 , -13.73781837,  -0.10992575]), -15.903643109387955, 18.500814392906868]
[array([ 5.8783305 , -3.17309528,  5.33806707, -8.31307478]), -6.001303954110961, 7.193123117414285]
[array([14.64293275, 20.73466562, -4.79006824, -8.77149737]), -16.053186826034533, 18.64880768258183]
[array([ 22.563087  ,   7.21415859,  -9.50109423, -21.16766403]), -15.903733306409956, 18.50345795504595]
[array([ 13.87279468,   1.92185209,   0.1941431 , -13.57626987]), -15.972137569531757, 18.637662911280948]
[array([22.11855902, 35.85714405, -5.95546842, -7.8315854 ]), -16.05792874030741, 18.665990831840027]
[array([ 31.96207192,  29.90556565,  -9.07472525, -10.10528591]), -15.903913272073227, 18.528810265087436]
[array([23.96969703, 10.95548996,  8.05302157, -5.21512409]), -15.92410352805661, 18.574782352472116]
[array([ 11.34339167,  29.49299676,   0.75753048, -12.62242066]), -13.024735934750987, 14.533531782876217]
[array([ 15.68142484,   6.37243065,   8.94927332, -20.60150374]), -12.763016553333754, 14.013588129761649]
[array([ 16.85728322,  18.25696038,   9.24579355, -22.95226765]), -10.348303206573013, 12.015212016279131]
[array([ 5.51343377, 35.25929741,  1.58694478,  2.4681353 ]), -8.052820959368407, 9.371596187982387]
[array([ 10.63161761,   8.5773512 ,   8.08582605, -15.28624195]), -7.493515511423516, 8.960639567998097]
[array([14.96093631, 23.83145149, -4.02575496, -0.64379775]), -16.04634812934236, 18.75090105610602]
[array([13.20494577, 41.55544034, -7.45134664, -5.35056863]), -15.932189178503789, 16.411519259538796]
[array([ 24.92416657,  24.43791847,  -9.68371593, -20.71278514]), -16.063206444054607, 18.81476421076471]
[array([41.74417865, 21.78160517,  5.73627379, 13.06765958]), -15.903643109388458, 18.50081439290768]
[array([ 2.63660709e+00,  3.02532666e+01, -1.39599242e+01,  1.27427509e-03]), -16.017113532219724, 17.83321594700283]
[array([  0.27754675,  18.15141525, -14.72326174,  13.39270386]), -15.903631251008274, 18.500797471606457]
[array([ 24.35968671,  17.48413202,  -6.12603607, -19.51789415]), -16.038183312115134, 18.706876825598602]
[array([38.75776642, 23.85739383, -0.09854383, -6.81551732]), -15.903643846130157, 18.500844096323522]
[array([24.88945057, 55.18840802, -3.25656265,  3.24499467]), -16.02494088995466, 17.856980632651293]
[array([ 23.34890902,  38.54178874,   4.88209398, -10.11132995]), -15.84862460704946, 15.658348901427358]
[array([ 19.45154238,  13.72787479, -12.49912635,  -8.97197527]), -15.903643846313772, 18.500825067915432]
[array([ 31.371085  ,  21.69761143,  -9.15856269, -24.72305443]), -15.970481976384747, 18.628141283749265]
[array([ 15.51893125,  16.99426684, -14.35787823, -15.96899773]), -15.937224776069263, 18.620317015123696]
[array([50.92510242, 45.292694  ,  5.88491785,  5.92293565]), -15.903645944562887, 18.501169032323656]
[array([  7.83892913,   6.46162665, -13.75800549,  -8.14208855]), -15.90366359695806, 18.500925606572345]
[array([31.74914785, 13.23257139, -3.70087551, -2.93966373]), -15.90364310946582, 18.500814393412373]
[array([14.32111361, 33.39892364, -5.44575419, -0.33638648]), -16.039632659902992, 18.200824052056177]
[array([16.96970984, 47.3172393 , -8.16111181, -6.19798636]), -15.964036942837563, 16.792297460698936]
[array([ 34.21409901,  -1.12726106,   5.89429213, -14.60467156]), -15.903643118579406, 18.500814436787863]
[array([ 46.67733142,  33.63975501,   8.01826331, -22.5142371 ]), -16.052036338524182, 18.793665356712182]
[array([ 17.34458748,  30.60192549,  10.61997303, -16.81448043]), -8.758611263059944, 10.183978091434708]
[array([ 38.95071868,  44.80770444, -10.28144405,  -0.82645487]), -15.90365284641394, 18.50352230320539]
[array([ 15.89087478,  50.40834824, -16.1073084 ,   3.62878313]), -16.05434585176942, 18.782943685690803]
[array([ 31.93381545,  51.19746019,  15.72733768, -21.86520194]), -11.980148512381357, 13.770902225135547]
[array([26.58438334, 16.69399935, -6.11506137, 12.73117989]), -15.903643109388163, 18.500814392907216]
[array([ 36.92597898,  30.96586522,  -5.41556249, -16.72360653]), -15.945307308768587, 18.62136988782731]
[array([ 39.26776077,  19.80893416,   9.51904161, -17.90969094]), -16.05796216692917, 18.7788847740386]
[array([54.61038876, 57.42200206, 13.92703496,  1.87301125]), -16.054165647796786, 18.785851123508163]
[array([ 36.56436928,  38.05357911,   9.66413459, -22.78788896]), -15.928413560851322, 16.43449912589235]
[array([ 45.13944769,  39.6028863 , -11.51183224,  -5.76224956]), -15.903643114014002, 18.500815664525916]
[array([ 21.70945565,  24.82780429,  -2.94241584, -22.31290287]), -16.007758876077176, 17.60920926311014]
[array([34.75261142, 26.59931346,  0.58515345, -0.65419105]), -15.903647255254684, 18.50092168933184]
[array([ 26.38364705,  25.64158091, -12.09666302, -11.78126491]), -15.904013118366835, 18.52832865560313]
[array([45.95113779, 38.5638498 , 19.70666299, -5.25136796]), -16.04925960935021, 18.328137472831592]
[array([ 36.88612525,  21.29865412,  -4.57922103, -29.24185112]), -16.05267325636599, 18.70858433156911]
[array([ 21.79455069,  19.48189567, -15.81037211, -27.87906994]), -16.062856968306335, 18.78603509912014]
[array([ 58.64836066,  22.57783999,  -6.23172837, -37.87178745]), -15.90364369468014, 18.501958283597705]
[array([ 52.97098564,  49.21872556,  -5.384695  , -16.57110173]), -15.935778676260949, 18.617653146249573]
[array([37.89094019, 49.45558077,  9.34136693,  6.62847504]), -16.057692145535736, 18.751794973669252]
[array([ 33.52189237,  22.73910383,  -7.30597773, -42.62984182]), -16.05543956059719, 18.595760996481147]
[array([ 40.68419072,  26.53293956,   6.01793963, -13.14849933]), -15.971807610166328, 18.633336700456496]
[array([ 25.54176439,  29.65185256, -10.12124678,  -9.13369214]), -15.921552662881426, 18.61424668248531]
[array([ 41.09114289,  39.72664898, -10.66215084,  -4.00016022]), -15.90364325936614, 18.500847659196655]
[array([ 36.41935981,  32.57316301,  14.08076263, -14.72740164]), -15.965768392663733, 16.841145309909525]
[array([  2.19117442,   8.16129599,  -8.78500685, -20.50084105]), -15.681071921842673, 15.805527244428712]
[array([ 22.39757585,  30.32041354,   3.73923586, -32.7758029 ]), -14.911537724442798, 15.276972283025474]
[array([ 11.24289395,  28.18343244, -24.9353702 ,  -1.22593779]), -15.903646699945032, 18.500937164744215]
[array([ 30.73619337,  37.18750483,  -6.35493907, -26.69920007]), -16.052346109024057, 18.169405602605536]
[array([ 18.04650515,  20.98033322, -15.95928074, -17.41767518]), -15.95497660976248, 18.627228499570585]
[array([ 18.78803503,  25.44481504,  -6.0291446 , -26.92120166]), -15.968777717614225, 16.857597183712155]
[array([ 42.22994393,  37.09023619,  -1.02344035, -18.60270324]), -16.06687119389762, 18.830912312691204]
[array([ 21.99652555,  30.7986799 ,  -9.60617373, -30.43910966]), -16.001782658270578, 17.54324739509107]
[array([37.92574536, 34.15487024,  1.26805723,  3.68951933]), -15.903648656801312, 18.501031756694637]
[array([ 31.20324816,  15.31637221,   3.34420353, -29.43646606]), -16.054474601207797, 18.532214421561253]
[array([ 29.60087255,  25.89992884, -13.73578528, -37.13842833]), -16.051915464938446, 18.799598980428637]
[array([ 46.60121608,  39.75033419,   3.25997939, -26.02780548]), -16.06475444656211, 18.80029740577339]
[array([ 26.25302885,  31.68673682, -15.60896023, -28.12370692]), -16.046689463793143, 18.7821680102804]
[array([ 18.14870445,  28.69861438, -16.16483092, -27.63210408]), -16.052938602355965, 18.423554685387842]
[array([ 36.158327  ,  42.72462384,  -4.61202893, -24.1424882 ]), -16.05261503999426, 18.42872137253]
[array([ 44.32339873,  39.40197503,  -7.7821061 , -24.16546068]), -16.060021907137386, 18.702919905005235]
[array([ 43.46643549,  34.93131639, -15.25902924, -31.42685199]), -15.938994931035602, 18.617804106182884]
[array([47.93915309, 56.8524692 ,  7.93175913,  4.51134356]), -16.064923912099577, 18.826788500551004]
[array([ 36.61308994,  36.28329463, -18.32855516, -17.19686766]), -15.903671999025327, 18.519962538750335]
[array([37.53458946, 49.17219308,  6.05165794, -5.47064029]), -16.04762525268187, 18.1460612598724]
[array([ 41.38769682,  29.30813683,   2.2407275 , -30.26566916]), -16.063231102675633, 18.782259124450025]
[array([ 64.33842554,  50.59970896,  12.8538163 , -16.06216215]), -16.06829385217612, 18.850154065369736]
[array([ 57.94309169,  49.6717177 ,  15.34418763, -32.20760118]), -16.001025462595564, 17.638671595743382]
[array([ 46.68504886,  28.83732737,  -0.80972819, -31.77143169]), -16.06788098673009, 18.830184243643185]
[array([ 36.89070027,  31.40177669,  -5.18236998, -28.86746676]), -16.047147775240607, 18.784359533963404]
[array([ 39.37818713,  26.27681402, -10.41935039, -39.33435424]), -16.066239366665982, 18.83741945707856]
[array([ 43.46379748,  20.53797721,   5.21949005, -17.98688979]), -15.904853339567898, 18.563637340566924]
[array([63.02332897, 48.91914805, 13.38870332, -3.60785038]), -15.90615395391381, 18.609473580513992]
[array([ 64.3667045 ,  40.50544966,  16.90062476, -16.0424638 ]), -16.035754212122082, 18.65474062635165]
[array([ 41.04047657,  45.99427425, -14.35430269,  -6.81512622]), -15.90365338026342, 18.50783488854166]
[array([ 57.60450032,  52.66229621,   4.41941849, -14.38417638]), -16.068447431753082, 18.81406231795919]
[array([ 81.81538239,  53.75230194,  18.25161971, -32.42003049]), -16.058630733309137, 18.78030947185726]
[array([ 78.78908117,  58.03566895,  23.0116134 , -25.55483102]), -16.066855027802163, 18.834619163126195]
[array([ 51.91618337,  29.013301  ,   1.37277833, -37.4915703 ]), -16.066596071235317, 18.839936914861816]
[array([ 35.02914709,  37.39328638, -10.42091906, -21.03838371]), -16.067450017139386, 18.834595509554035]
[array([ 47.36190841,  39.74097835,   1.72688762, -30.09206941]), -16.06562829337627, 18.793625911426453]
[array([ 51.28100389,  40.11575763,   1.20850872, -10.16345265]), -15.903877749115983, 18.56035029515709]
[array([ 81.71665821,  52.29906014,  17.80991949, -14.24418414]), -15.903947052460273, 18.607065454787925]
[array([65.3399717 , 76.43898078, 14.51633047,  1.59911296]), -16.058066474994675, 18.81983922758202]
[array([ 63.98798655,  45.94955839,   3.80722531, -22.38595342]), -15.946456925559886, 18.618074859676444]
[array([ 44.03032743,  44.78908794,   7.44930085, -14.36203627]), -16.05425431923225, 18.522750868785717]
[array([73.74846839, 70.38641995, 11.93891728, -1.3718669 ]), -15.995315550295112, 18.62190437076526]
[array([ 50.48157629,  39.85138248,   0.96021914, -11.8659913 ]), -15.905047701174185, 18.603183892319446]
[array([38.48534957, 44.8729258 ,  6.41190163, -8.72105101]), -16.05165424065132, 18.320030154656678]
[array([ 70.1722324 ,  48.11332743,   2.65568155, -32.88329384]), -16.054990943958074, 18.645535618566964]
[array([ 77.38703237,  71.04387638,   3.8792551 , -13.29987877]), -15.96465817240611, 18.617524346087936]
[array([ 54.27590275,  56.06159759,  -4.53819542, -25.67459349]), -16.042228697324198, 18.75117858371742]
[array([ 23.23992084,  40.22818233, -14.43116899, -26.55370491]), -16.047530631163117, 18.080189823139257]
[array([33.94259226, 46.44541028, -0.43934374,  3.21458446]), -16.06022522367736, 18.77671594419336]
[array([53.42803202, 45.96462479, 14.32345418, -5.47991951]), -16.06394326958503, 18.82282056427434]
[array([ 62.79228176,  66.8126484 ,  -1.6208925 , -12.39405118]), -16.067140417980006, 18.72410822483469]
[array([83.689489  , 87.04437197, 16.85561851,  5.15343608]), -16.066721879914525, 18.707638362032103]
[array([52.5982918 , 61.55776591,  3.07081276, -6.60270666]), -16.049599109506225, 18.76832785717059]
[array([ 87.31240632,  59.82360276,  12.81428888, -23.70292004]), -15.920436200565234, 18.616495525566513]
[array([95.08555087, 74.63539331, 26.64268247, -1.07460406]), -15.912319346918899, 18.616356061386238]
[array([ 46.86715847,  43.05741822,   1.42443247, -22.13090587]), -16.04623392074278, 18.78539707714676]
[array([ 64.66497004,  56.01683064,   1.53018146, -19.3014891 ]), -16.046931352218124, 18.640711714493744]
[array([ 68.59394112,  56.36596146,  -3.04179109, -21.45605258]), -15.905967126785892, 18.616015475972258]
[array([ 95.05098115,  83.12375862,   8.3352579 , -11.61220821]), -15.905187450418529, 18.616230336404378]
[array([ 48.76093348,  40.7326576 ,   8.42485538, -21.88230071]), -16.062251277705922, 18.73892407523591]
[array([ 68.76077835,  46.00073069,  21.03849115, -19.94341824]), -16.048107892493356, 18.767449774841044]
[array([ 90.55272758, 101.70750082,  15.82434295,  13.37172757]), -16.038582130322272, 18.62507718183206]
[array([ 49.90477069,  44.5951797 ,  -1.01262603, -26.58770232]), -16.042691798182616, 18.760529280816524]
[array([ 58.67650208,  33.55032419,  -1.98174262, -38.0957245 ]), -16.030905883921914, 18.63184493044856]
[array([ 79.42663742,  62.37102081,  15.53443026, -14.93829797]), -16.06029035230887, 18.66758411694391]
[array([ 58.2278145 ,  58.60119847,   7.14705672, -10.53633057]), -16.058021568596153, 18.790807332432585]
[array([ 53.1017357 ,  33.06446121,  10.72146776, -25.66056569]), -16.048714242178132, 18.77302695584843]
[array([ 68.99097561,  55.07761131,   9.40870587, -20.47355109]), -16.06943533312251, 18.83854742901739]
[array([66.36902118, 62.92750435, 14.35412331, -6.56093352]), -16.063395257183817, 18.816488572135405]
[array([68.6723692 , 54.96433371, 34.37312742, -8.13278314]), -16.02959476335141, 17.90407328618165]
[array([69.90606254, 66.83233482,  7.06616055, -9.09523266]), -16.058929101963074, 18.664972756416837]
[array([ 59.54685898,  48.32211946,  13.31239846, -16.33275512]), -16.04465171372513, 18.76643474734495]
[array([58.05484935, 58.75333012,  9.93784111, -0.99558182]), -16.064880107963592, 18.76181361930295]
[array([62.87795705, 69.82149945, 15.1347639 , 11.24824986]), -16.060535309684514, 18.72306865726634]
[array([71.02112677, 69.13085852, 11.43946763, -5.89271332]), -16.06926549439524, 18.819058317201126]
[array([ 65.92395369,  59.89031266,  11.23168791, -18.95986052]), -16.04557876459681, 18.792139847482854]
[array([56.03591805, 57.66366509,  6.57947704, -7.95062488]), -16.06479004804591, 18.827362781150754]
[array([60.96035661, 60.03660322, 10.07061926, -7.3163601 ]), -16.065613007193555, 18.832405379904817]
[array([97.01724432, 85.28022961, 24.41488768, -4.77132059]), -16.069616207944954, 18.764449723788402]
[array([ 67.47934492,  64.8865346 ,  12.33573192, -10.02211874]), -16.05651840753554, 18.78133524038365]
[array([ 63.05218459,  47.71297633,   2.31316628, -23.72704001]), -16.023281695114044, 18.628604433796287]
[array([69.93449552, 72.49400732,  7.3743576 , -0.38179675]), -16.003401377570754, 18.62280286422974]
[array([79.58325894, 73.82295735, 19.07376698,  1.66572852]), -16.045086055295222, 18.642418641399058]
[array([ 55.71664482,  41.2205733 ,   4.14639661, -25.48623438]), -16.06835330744743, 18.850120572634506]
[array([ 62.89727671,  39.45936432,   3.13295737, -30.86406514]), -16.023640926890117, 18.629491446707426]
[array([ 62.89479622,  48.11155479,   4.86863242, -26.09543336]), -16.069313182821446, 18.852112425604183]
[array([97.30479155, 85.9103741 , 23.16290209,  1.59590634]), -15.942948895282907, 18.61691915922132]
[array([95.3918115 , 79.86554015, 17.86566997, -5.14570313]), -15.906895887522815, 18.616226158488498]
[array([ 88.33786132,  78.85637857,   8.98581904, -15.14732724]), -16.043901691709973, 18.62465758386653]
[array([74.12601703, 78.00192367,  7.90352991, -7.7572883 ]), -16.069531643579097, 18.87100973008732]
[array([ 83.96897668,  66.76554779,  22.73678134, -17.45343949]), -16.04839782296892, 18.75565063861889]
[array([77.50078119, 73.81503992, 16.75090667, -2.0447059 ]), -16.068888798171404, 18.790155115672277]
[array([80.99541104, 63.88720525, 22.77769473, -6.24592371]), -16.054531773187502, 18.66276708945559]
[array([ 76.61405442,  59.67593128,  17.08605048, -13.03581439]), -16.06365330845393, 18.701001997193586]
[array([ 67.64689637,  66.98594304,   6.29993008, -13.23892648]), -16.068823584311108, 18.859946835603747]
[array([99.91059011, 90.42219203, 21.38241663, -5.56036004]), -16.068084317750127, 18.688788978978177]
[array([ 77.73351202,  81.67226922,  14.15412291, -10.50431539]), -16.04793512054968, 18.8042036967776]
[array([73.10119968, 75.58433918, 10.3942503 , -2.19956342]), -16.06843865009094, 18.76292402709741]
[array([76.04904135, 81.12028132, 10.88886681, -6.98244979]), -16.060460876999837, 18.786289019451882]
[array([61.59757749, 67.93287607,  7.4469127 , -0.15074725]), -16.068431230435277, 18.807642436372454]
[array([75.07622484, 82.20344273,  7.75559552, -1.63250992]), -16.069437626405144, 18.78244006529689]
[array([55.31076261, 61.17999882,  1.40088692, -5.3700554 ]), -16.065406807771037, 18.742597461878383]
[array([84.28193917, 96.4048709 , 10.95712502, -1.45181045]), -16.06747834881312, 18.82513724886042]
[array([85.92449884, 86.0274202 , 13.01540322, -1.91161121]), -16.06121164018291, 18.651452601530096]
[array([62.27709068, 85.96090557,  3.99949353, -1.80495152]), -16.068779128776626, 18.836653169945723]
[array([ 73.14611401,  58.74513402,  13.44338444, -19.84677764]), -16.068012475258666, 18.849555050102694]
[array([59.49490845, 74.43115454,  3.69280803,  3.15019285]), -16.06912549101695, 18.8469157956581]
[array([50.57682122, 70.71906415,  4.09519804,  1.54027869]), -16.061812246239885, 18.81898921507231]
[array([79.56233813, 83.44744252, 18.40409053, -2.37973722]), -16.03746078677973, 18.750987113228682]
[array([64.97800132, 80.89343302,  3.30014538, -5.69438536]), -16.037166769868595, 18.750752363309445]
[array([73.91876671, 79.34180702,  7.30783871, -3.39787729]), -16.069137666859213, 18.77019509486703]
[array([54.15424881, 65.83905603,  1.0576107 , -7.32968619]), -16.048277090103074, 18.762772560140213]
[array([ 80.99480831, 106.00350822,   6.42223374,  11.04459716]), -16.07000591443528, 18.865712829340715]
[array([ 73.03363976,  54.23557018,  18.46168895, -20.42722026]), -16.05232397426345, 18.769641846966326]
[array([70.319526  , 80.47627125,  5.36856642, -5.06945634]), -16.068622241751477, 18.85345802875809]
[array([91.94231184, 97.02825292, 18.34507954, -1.32304786]), -16.06713831873356, 18.820937773644758]
[array([ 68.84054491, 105.66947872,   5.24823996,  26.02164136]), -16.069430218878516, 18.804381864172935]
[array([85.12578432, 81.08883189, 18.52009065, -2.29755477]), -16.069679502490825, 18.805256051151527]
[array([106.30509697, 130.14536165,  17.53983887,  19.78258695]), -16.070594773754337, 18.782009557589312]
[array([ 57.37222263,  60.19905862,   2.88339005, -11.47704088]), -16.067327164355625, 18.845061753512898]
[array([ 64.75916737,  73.56902149,   1.89054194, -10.96248694]), -16.062951746391747, 18.802094027129375]
[array([68.47846542, 95.17082898,  2.98531958, 12.09323751]), -16.069809804021585, 18.84732366882286]
[array([ 96.86797285, 128.3165125 ,  13.52667391,  19.55877734]), -16.070042122786237, 18.8807171729563]
[array([ 71.05622429, 100.68914512,  -1.66940583,   4.24290776]), -16.06871110800229, 18.843433957204855]
[array([77.82509467, 90.75632684,  6.16853861,  0.98132683]), -16.070040761568045, 18.81248970865355]
[array([ 70.04440785, 108.69575316,   0.94716786,  17.80835968]), -16.06917628117426, 18.859232701185825]
[array([1.01619620e+02, 1.50532567e+02, 8.91168671e-02, 2.27420995e+01]), -16.07063751208372, 18.85490314195822]
[array([ 86.01776564, 124.95737504,   5.62801637,  23.19699995]), -16.07023631809421, 18.857601747855675]
[array([115.70725116, 100.04598261,  33.86283386,  -5.76450523]), -16.069821777479156, 18.884468787536616]
[array([49.00052719, 74.48089069, -0.46349354,  7.97772784]), -16.06067673916324, 18.803832028770813]
[array([ 86.1814321 , 116.3678158 ,   9.95470376,  15.59821754]), -16.06947904452506, 18.853579335933745]
[array([108.21050197, 121.94461455,  15.60014861,  16.19229217]), -15.94628876610524, 18.6164896283197]
[array([136.81260123, 130.36618263,  34.66475308,  -3.37323969]), -16.070516241653625, 18.885922251594597]
[array([135.96256147, 186.75576774,  15.5151129 ,  37.69695494]), -16.071080180601964, 18.75119173862863]
[array([105.61878686, 106.22144802,  24.56941833,   2.04339074]), -16.069838473144827, 18.88232142140542]
[array([101.25858517, 110.47948198,  22.24260123,  16.25367978]), -16.052892309158405, 18.62987524629717]
[array([109.71434765, 172.29896573,  -5.80740515,  15.76639327]), -16.06593135407673, 18.759410850659545]
[array([175.14214239, 255.98409243,  19.28628205,  62.86832187]), -16.07122113803147, 18.764619408857083]
[array([184.1936999 , 203.24891165,  45.74762018,  32.02626309]), -16.071182124583608, 18.744111692048318]
[array([137.61581587, 156.32805592,  13.59351358,  10.32532368]), -16.043277151612067, 18.617122870523133]
[array([ 39.95249956,  99.91039785, -21.00214484,  16.49067452]), -16.052009588196356, 18.762935153229]
[array([151.47091294, 185.30888861,  18.82257652,  26.23925924]), -16.06683820894607, 18.619913287953352]
[array([132.13942886, 226.45975197,  -6.69173471,  50.07567169]), -16.070170436062526, 18.892695814412313]
[array([ 91.87890732, 141.16332591, -14.08741689,  20.56299001]), -15.933389366667551, 18.61633215243253]
[array([107.89370003, 182.41120637,  -4.50716411,  33.8012768 ]), -16.071641440818222, 18.86995878039038]
[array([ 1.24620395e+02,  2.11626639e+02, -8.08517099e-02,  6.31733362e+01]), -16.060197373923305, 18.618655031957136]
[array([127.68886699, 165.40382341,  23.43315029,  34.23723556]), -16.070673874601457, 18.85504159891506]
[array([171.82692013, 224.12044272,  21.39297377,  21.93277449]), -16.072298384928583, 18.797271196767653]
[array([ 31.32901075,  91.96683206, -10.62599361,  27.94255574]), -16.064384912497108, 18.78747980291018]
[array([105.50658954, 156.53737798,  -5.63300308,  21.79958592]), -16.069247226161565, 18.637936464901564]
[array([117.74773994,  91.08831202,  29.48822441, -26.00741702]), -16.07028036417761, 18.849566549521576]
[array([142.08980524, 163.79030179, -10.04545642, -20.07879592]), -16.070338088709317, 18.620626444316624]
[array([145.565205  , 264.23691441,  -7.84019019,  54.75586403]), -16.06120111399147, 18.723363794479127]
[array([148.24675922, 121.38978475,  30.75894817, -35.62495298]), -16.07164422250201, 18.828534210263285]
[array([101.57155222, 168.17907061,  -7.49759926,  37.09546902]), -16.06584470493603, 18.62580537584537]
[array([102.95695114, 108.80670186,  -2.00808963, -14.06700037]), -16.02691522122557, 18.617278754460916]
[array([159.88382565, 232.92280644,  18.66305687,  39.8052993 ]), -16.057998647269706, 18.72372866594965]
[array([140.20746369,  31.60340425,  78.15503432, -67.20320996]), -16.054466794261007, 18.683240655206212]
[array([208.62165645, 239.32288805,  48.96543139,  41.81224032]), -16.07123296628342, 18.746027660171723]
[array([156.19368358, 110.46722162,  40.2680856 , -55.93951731]), -16.03219076012986, 18.777127872329185]
[array([ 49.77849705, 142.8163144 ,  -8.35125054,  45.97726887]), -16.05318042250819, 18.271755453379427]
[array([147.61046824, 215.6562403 ,  15.95447723,  50.69401659]), -16.070983432334298, 18.85144590670131]
[array([ 50.70464517,  18.8119575 ,  -1.59758572, -56.03096766]), -16.04289007499418, 18.780471923654403]
[array([185.15195643, 147.8096465 ,  45.62312367, -32.02810471]), -16.069116183256888, 18.89925605674084]
[array([119.814542  , 231.17424525,   1.36461486,  58.56025213]), -16.054193219058337, 18.829140303427412]
[array([ 87.77002516,  73.5511673 ,  28.16650181, -19.24788562]), -16.06489388314744, 18.77959630358568]
[array([212.48357976, 256.52439224,  42.25016909,  40.19233993]), -16.070189241144, 18.89688365404255]
[array([144.87263135, 130.8354746 ,  46.86077753,  -5.60577463]), -16.032237917813017, 18.724355280243746]
[array([237.09885391, 203.40477933,  89.60306772,  20.29099593]), -16.071193524247423, 18.784885443622986]
[array([255.36465132, 227.34448005,  92.45870592,  16.2075981 ]), -16.06893392027126, 18.90085531787904]
[array([ 94.76906916, 123.24596722,  16.19322568,  19.67035557]), -16.069866017048707, 18.861728676525562]
[array([152.80806421, 226.26145805,  23.27086996,  51.55289882]), -16.070027559985803, 18.77817071150915]
[array([170.05441039, 281.16990786,  43.52068813, 101.18066787]), -16.02325034520964, 18.745780923970546]
[array([260.65262073, 228.05668326,  73.4683447 ,  34.72333416]), -15.903643109901978, 18.615841014498432]
[array([326.88918178, 273.75904958, 103.82878648,   7.65882385]), -16.06786132536399, 18.61750863284128]
[array([179.81378733, 137.76871938,  79.47516046, -12.6919156 ]), -16.074659749934103, 18.862964584998554]
[array([304.41325277, 200.99284736, 145.12189316, -16.96115093]), -16.058346298716074, 18.719018979926332]
[array([147.25425712,  92.69903108, 103.38632344,   7.47399708]), -15.996406118285842, 17.555791497217452]
[array([224.79215132, 291.37844221,  54.14081831,  65.83952803]), -16.07264181186937, 18.88589094443768]
[array([ 80.10512275, 151.36703817,  15.24498603,  70.73092209]), -16.069012974591303, 18.773662861054827]
[array([168.00082359, 170.16814611,  69.10542176,  19.48721333]), -16.075817368380466, 18.85200497701301]
[array([228.87158128, 130.27539649, 126.7250044 , -12.64675704]), -16.027460427893455, 18.724953685493126]
[array([106.53354869, 161.97916419,  58.13081096,  83.43816315]), -16.05169543989611, 18.516218949448405]
[array([241.15289874, 288.78595873,  73.02150491,  44.17757575]), -16.053805547692637, 18.827889643129854]
[array([214.02530887, 211.86072012,  56.60527028,  20.34304593]), -16.07103832508899, 18.627080346094367]
[array([159.26247307, 173.72616945,  47.80872582,  16.37023133]), -16.02314655590311, 18.732132353339654]
[array([236.24069832, 210.2330951 , 124.69808642,  42.46787142]), -16.076094659572927, 18.864687222148877]
[array([199.97110171, 269.24334668,  38.89774399,  56.91419616]), -16.07207054442614, 18.89007827752077]
[array([251.87175082, 209.64000798, 112.84486108,  -0.40661436]), -16.07761822670231, 18.86591744046734]
[array([185.87155259, 119.07402024, 131.86989509,  25.86298971]), -16.060034861161565, 18.140768045322535]
[array([55.26528561, 92.73023796, 17.02327815, 32.71856074]), -16.05978916700941, 18.68997817350963]
[array([216.74152289, 270.0522677 ,  41.73357789,  39.57969317]), -16.071961384506686, 18.893981158612227]
[array([155.04111399, 119.22781839,  91.89270833,  -0.89430936]), -15.999126447465944, 17.74144798337003]
[array([224.26618   , 228.904566  ,  87.8203759 ,  51.41180081]), -16.06959460813851, 18.898759846634764]
[array([263.41958458, 237.44489181, 112.93568978,  12.78095484]), -16.075887958380356, 18.869832606743298]
[array([280.08402217, 330.64432737, 104.943038  , 102.35850238]), -16.06948005469115, 18.901455285008936]
[array([385.04484164, 365.72463538, 189.81669571,  55.60228441]), -16.051526157239632, 18.75446848000068]
[array([202.94400444, 123.2634259 , 137.34385841, -17.55869164]), -15.973092327107997, 16.637759016829616]
[array([321.23001186, 353.39921107, 122.76323274,  62.89130849]), -16.065012735538854, 18.854085765308955]
[array([356.26188906, 348.6561647 , 122.3331074 ,  32.52126233]), -16.073232698763544, 18.74736129332966]
[array([277.50315384, 299.77831298, 117.07264042,  67.68582495]), -16.041966861438407, 18.80507847789446]
[array([326.29287679, 279.55439008, 124.73745221,  15.80903592]), -16.070225015295005, 18.902168185689842]
[array([ 276.08354235,   78.84546114,  149.66947259, -107.24895888]), -16.06673252622209, 18.856422055153526]
[array([224.60665653, 118.83065744, 132.40948853, -65.6472213 ]), -15.99733758183901, 17.26519082942795]
[array([217.05942953, 145.10381699, 123.59416126,  -5.61325248]), -16.045167508888504, 18.643217588382704]
[array([393.61700732, 355.46174015, 219.88798059,  64.29666532]), -16.057041169520367, 18.043578124159957]
[array([358.41737598, 287.53107571, 151.25465419, -24.01151914]), -16.078117280237695, 18.870415154617927]
[array([413.63550113, 420.83260481, 174.04150334,  90.46628034]), -16.04019825684631, 18.71205996959266]
[array([326.04060735, 383.00172688, 121.42555766, 109.69926533]), -16.073743034501252, 18.845920988695998]
[array([431.22237743, 266.00713242, 208.38078985, -88.26226682]), -16.050800314644444, 18.751671485997097]
[array([243.75784347, 122.08129397, 135.78278126, -64.97598596]), -16.07035753717168, 18.12855808350612]
[array([510.84335085, 290.04886194, 245.21220611, -76.16732839]), -16.040201158046706, 18.711737691410683]
[array([141.16073458, 275.39848758,  24.93692967, 103.00923194]), -16.07142839439341, 18.86328852901321]
[array([260.76776979, 183.01137787, 113.69817789, -52.24385348]), -16.04779096133336, 18.729659760494613]
[array([289.74881829, 232.69684445, 101.94383684, -11.99943165]), -16.069295122131038, 18.902051558662848]
[array([168.76504275, 136.96024286, 100.63311576,  28.71161279]), -16.05500671013049, 18.707079584848792]
[array([332.70084132, 388.41826665,  97.68741115,  70.08983664]), -16.072732927777697, 18.733599326861874]
[array([507.44590931, 420.36977014, 198.03846567,  15.90676869]), -16.069429916332904, 18.905002386899827]
[array([308.54711919, 298.83296622, 100.40568637,  -3.65043364]), -16.05298854387418, 18.82372074749238]
[array([191.5748573 , 276.51182939,  65.84442301,  65.49031738]), -16.05891189513556, 18.074953154329457]
[array([300.99100628, 356.555762  ,  66.03839192,  20.20621097]), -16.02162998250326, 18.76694827399332]
[array([118.93298175, 170.44069971,  80.68965327,  96.59952737]), -16.00091228392154, 17.592155527763605]
[array([368.83334219, 315.84152536, 114.15709241, -51.03192614]), -16.029002817316762, 18.789181136150244]
[array([235.87158986, 285.18950765,  76.81323221,  39.53479868]), -16.075452867931016, 18.835697660010766]
[array([257.34051604, 239.19532152, 115.26555837,   8.81232415]), -16.039729533931823, 18.645652312287147]
[array([404.04494505, 335.88199902, 179.18260543,  -6.12987053]), -16.07840852098886, 18.865203564927626]
[array([268.65974178, 358.99126968,  58.76960873,  73.07137014]), -16.06831564018634, 18.718287680801158]
[array([308.10425525, 444.08815441,  72.07526569, 103.36240197]), -16.03472164488307, 18.795176857747748]
[array([347.02929487, 316.18708165, 161.76840693,  16.5145184 ]), -16.04034798589144, 18.695525713545965]
[array([416.82417428, 388.32774492, 156.34058375, -10.57449957]), -16.078260247706044, 18.854704207227545]
[array([372.15547009, 460.40441099, 121.6188838 , 103.70873748]), -16.0185642824065, 18.737247292009513]
[array([496.23949173, 418.8513387 , 211.72293682,   9.78724726]), -16.024378264820935, 18.785131794812823]
[array([166.8739419 , 324.76411531,  17.83404833, 100.14392147]), -16.07764788441117, 18.867886584861388]
[array([385.51051608, 336.91277051, 201.05585979,  28.18675407]), -16.05421381191281, 18.043970980001575]
[array([308.12960079, 225.65398833, 148.33235283, -42.11360802]), -16.05667518852228, 18.052922829642835]
[array([268.99902781, 318.91668607,  69.76580842,  24.67086411]), -16.07182415046506, 18.87023236035701]
[array([268.43492263, 369.02575431,  10.610047  ,  31.97002776]), -16.06967885891273, 18.90420279361723]
[array([331.76415441, 335.22828298,  89.98272589, -11.93292587]), -16.024269111129332, 18.779445456532073]
[array([196.32095655, 247.67978482,  49.80581578,  25.95814224]), -16.077839371260087, 18.86548377657664]
[array([324.83153409, 363.08027759, 100.21384165,  52.71948894]), -16.03431690758209, 18.713370803025178]
[array([380.33803392, 342.04105318, 153.14702909, -13.61611189]), -16.06693041587014, 18.803585079382827]
[array([468.25219418, 517.8655069 , 215.00033266,  73.55243818]), -16.062219474480504, 18.206955686069776]
[array([451.37571697, 387.73364451, 176.01189265, -17.24356051]), -16.07012961547287, 18.87091231367821]
[array([337.92203777, 388.06109421, 102.03306248, -14.22117041]), -16.079115311954695, 18.03512403925709]
[array([201.94946214, 266.22334457,  23.51649885, -10.53224104]), -16.07404849028049, 18.827413082970455]
[array([401.0364653 , 432.9368912 , 130.1449987 ,  74.53664935]), -16.073481242692242, 18.892943215904655]
[array([194.2186971 , 267.68952075,  69.7719235 ,  48.22533543]), -16.062619210979058, 18.206333857159187]
[array([ 384.95809736,  323.62102014,  127.24119764, -103.81021591]), -16.036670397943748, 18.09614647043571]
[array([168.07528738, 203.06543479,  58.24900446, -60.63241319]), -15.91715231927874, 16.325585097785822]
[array([ 1.72586159e+02,  3.44777612e+02, -3.08504072e-01,  2.85958848e+01]), -16.06840903369947, 17.988686062999047]
[array([394.03338278, 338.46824373, 175.21111985, -25.53730655]), -16.041393629032296, 18.07325351269575]
[array([471.53923331, 447.7395083 , 209.31164345,  19.73139468]), -16.033717630364688, 18.64109242091951]
[array([291.48348507, 387.91814744,  77.67274972,  38.49485427]), -16.034254814066195, 18.585071368809434]
[array([438.48707828, 282.34553597, 218.06370748, -78.49726601]), -16.033794582838475, 18.545912710237463]
[array([353.15182651, 392.5969063 ,  86.17010224,  37.02652088]), -16.07390431875255, 18.870102176661888]
[array([310.29600836, 452.2307234 ,  60.26913355,  35.98946816]), -16.041210480514042, 18.049074818942476]
[array([245.83921542, 332.15536613,  34.46729278,  19.09687684]), -16.0735440978125, 18.87204903628331]
[array([243.76816571, 260.81206984,  67.39667652, -19.25780631]), -16.052027910602778, 18.75555623045809]
[array([ 64.33417826, 231.31095005, -72.94231264,   8.27660626]), -16.039033714808447, 18.618182008126823]
[array([225.10971023, 291.9853271 ,  15.25411343,  -3.12007715]), -16.01708141347961, 18.713434435630777]
[array([291.66385667, 415.5820194 ,  53.92742971,  73.91599714]), -16.025664574102624, 18.782282577599787]
[array([283.12603316, 360.52208522,  56.34664051,   3.24704366]), -16.05808596991193, 18.78099790687606]
[array([174.08923619, 272.44737381,  14.07921085,  27.03301341]), -16.077274171296008, 18.84930503718463]
[array([247.06636041, 417.29308122,  14.5228716 , 118.19674115]), -16.068589341161907, 18.900235562610067]
[array([252.81458373, 372.85923968,  56.90677124,  85.16747572]), -16.067978528110373, 18.862394215351483]
[array([402.20241806, 317.99133046, 147.00338822, -52.57223631]), -16.052259073066587, 18.81838353769202]
[array([ 47.19645873, 266.4029421 , -58.8982373 ,  58.59711116]), -15.983327262092223, 17.57676872231717]
[array([362.38138528, 527.8811495 ,  54.36638361,  80.85358931]), -16.051925510798586, 18.81294331829354]
[array([351.83350578, 302.8450773 , 166.16454205,  -6.35862421]), -16.044745694626812, 18.082488960161264]
[array([207.93593305, 404.41940681,   2.2662963 ,  42.86524882]), -16.061299737567364, 18.21805840067732]
[array([231.79296108, 361.15657707,  25.73143673,  61.70889872]), -16.052811013844444, 18.823518239481427]
[array([211.25716427, 258.80720203,  43.03652364, -34.40129561]), -16.06978105709666, 18.16433558771629]
[array([162.54331643, 360.59723424, -44.76968744,  55.83843534]), -16.06906222038674, 18.865576564039205]
[array([192.15586315, 274.74413003,  48.36703022,  26.41239422]), -16.07507461994255, 18.1100865837299]
[array([317.24614367, 367.04528097,  75.86782867, -23.71659798]), -16.039497856206673, 18.709719492951947]
[array([ 77.46326176, 278.87562381, -52.05256369,  85.61599463]), -16.074959820805553, 18.86794689804677]
[array([268.33616329, 297.42228682,  61.36095166,  10.92918308]), -16.030761614107902, 18.714207339823552]
[array([  0.8770111 , 192.93765501, -73.29044794,  34.80898111]), -15.98103594473289, 16.673258851069253]
[array([126.97204815, 321.25178295, -23.30057681, 105.93116768]), -16.02691330623302, 18.769084961662127]
[array([ 79.49943677, 195.34309967, -23.31517778,  18.84228553]), -16.07211509869043, 18.09304227909596]
[array([212.22900804, 187.91877755,  80.43992263, -22.49874354]), -16.049170563781644, 18.73292268747764]
[array([132.59317633, 206.34200421,  63.33746408,  61.03202124]), -15.990375621623258, 16.821923243541143]
[array([280.74250867, 296.09287075,  79.71866456, -19.34871223]), -16.063550591166393, 18.794796377594228]
[array([263.85400993, 245.79530429,  92.88917094, -17.18278511]), -16.076938364802576, 18.84419749659042]
[array([270.68133078, 392.23287475,  44.88838888,  61.57661618]), -16.06655047889967, 18.85830581276969]
[array([103.81206897, 191.88673058,  11.88486805,  21.0948104 ]), -16.028327041286044, 17.898462833597506]
[array([-32.49399919, 224.71629771, -97.16001553, 108.33770028]), -16.05631992489642, 18.086306486587514]
[array([218.62990656, 307.47495584,  26.7762419 ,  54.58536484]), -16.072286888909925, 18.894522785921414]
[array([239.68763313, 195.11033494,  80.92446663, -20.91088017]), -16.066223866445345, 18.730795032637207]
[array([226.27286487, 378.4538805 ,   2.40819709,  46.89208159]), -16.073637067578833, 18.872514731367872]
[array([274.7148025 , 339.94854054,  89.02814889,  41.27752551]), -16.044226635649196, 18.718760421953515]
[array([222.19246931, 375.86957628,   2.26792279,  54.19104639]), -16.065086933821235, 18.853729671237232]
[array([150.26936039, 152.04055611,  56.07898644,  -5.08063866]), -16.052057943804595, 18.175821686799466]
[array([ 39.90253476,  92.5940418 , -26.70570291,  -6.6985798 ]), -16.067624446213525, 18.845378284192982]
[array([252.21642757, 287.64998752,  75.77863372, -17.5581012 ]), -16.076174777149603, 18.11785622986461]
[array([209.55905012, 237.18804562,  62.07907428, -47.08960871]), -15.978482198558208, 17.69876247859471]
[array([235.07197725, 324.41829892,  38.94010637,  20.77102545]), -16.075403981023467, 18.831915336120964]
[array([228.66120775, 292.65299942,  61.37407782,   7.88510036]), -16.076505215100934, 18.040498155023467]
[array([217.3908588 , 250.79152042,  52.32546736, -16.23450891]), -16.040525521650363, 18.684460825834368]
[array([226.73695218, 321.48805701,  56.2243017 ,  31.01164833]), -16.076968567481124, 18.04178737730353]
[array([216.35787467, 259.64752967,  46.54626099, -22.62368561]), -16.0430348104095, 18.121360778871168]
[array([ 59.71737012, 178.49056627, -15.11455616,  28.64489292]), -15.996439893329338, 17.267641400865244]
[array([154.64024169, 223.76816369,  47.21826189,  25.97742902]), -16.048344778191733, 17.958787540498935]
[array([150.55647395, 230.33781044,   7.53107235,  -6.60258074]), -16.04135482115876, 18.21006698458295]
[array([185.58986438, 277.90233271,  35.82256487,  47.63356358]), -16.07654403914558, 18.844200680818272]
[array([170.13303585, 294.19081208,   6.60668408,  19.05404881]), -16.064113132018633, 18.03692395824174]
[array([159.11404014, 287.35850293,  24.42380745,  61.27362269]), -16.059282409999483, 18.064926240909568]
[array([146.12700558, 255.37324896,   4.57749086,  23.03827597]), -16.037031126100345, 18.430145766881335]
[array([271.47735344, 297.90904731,  93.73646887,  -8.54237013]), -16.077481540059697, 18.097701635546617]
[array([190.18901898, 308.24352912,  32.40464199,  37.34941565]), -16.077369752789274, 18.07644862310982]
[array([214.88076973, 334.56633918,  23.64597332,  36.76181296]), -16.07166891635243, 18.81834945808815]
[array([288.53338961, 345.85050853,  92.86619595, -15.69471085]), -16.049451994005164, 17.949025236956775]
[array([183.77357801, 279.62128175,  39.49650381,  25.69700232]), -16.062399528629992, 18.210429233852505]
[array([256.67115903, 324.24402603,  83.84465322,  15.04706273]), -16.06989165227761, 18.21067426484772]
[array([165.78145913, 292.00245757,  43.44217709,  46.16301051]), -16.00324353641837, 17.181078029370738]
[array([248.48375361, 342.89411443,  63.86639256,  54.68664948]), -16.06928126734329, 18.811118068266854]
[array([183.58746563, 266.25408563,  59.77864731,  32.76898115]), -15.996060654453526, 17.786643660213095]
[array([232.28530544, 411.0945593 ,  41.7054274 ,  92.00404718]), -16.054901353381315, 18.039455508704535]
[array([ 2.98990037e+02,  3.59274096e+02,  7.04049583e+01, -1.93043133e-02]), -16.061196028804282, 18.788908640425692]
[array([389.79580964, 369.26588426, 149.3499081 , -40.10026255]), -16.078895346112787, 18.029125348339278]
[array([230.2660789 , 318.17023806,  84.96613502,  63.00528189]), -16.0630631332188, 18.201582557308395]
[array([232.29569789, 342.94122362,  46.11817699,  39.89483014]), -16.036503706728627, 18.63736572402167]
[array([224.47253718, 359.51406988,  28.30456437,  50.9371283 ]), -16.06042957654485, 18.786350713023978]
[array([222.99534603, 321.75701801,  27.40899189,   7.58204298]), -16.045144853818652, 18.723754331344963]
[array([381.65428481, 394.9268624 , 150.74126336,  -5.49194274]), -16.07680579527536, 18.133288668962546]
[array([233.44616542, 200.18500834, 106.90341622, -16.27952833]), -16.074929521784615, 18.06931983747757]
[array([273.77592659, 329.32242141, 116.26918883,  21.29876241]), -15.98049872501854, 17.642492122053586]
[array([134.99163537, 235.686109  ,  37.70242001,  46.92509298]), -15.982195352263219, 17.64624812983737]
[array([402.15771105, 417.74904788, 167.02983689,   4.15840506]), -16.0603379375321, 18.224324288957458]
[array([334.28428496, 384.76891329, 120.57435664,  32.78335832]), -16.03449985353498, 18.333659005370905]
[array([355.85071256, 368.17337423, 145.23294573, -29.07842079]), -15.989036264193041, 17.76010656347589]
[array([315.42992793, 335.66914022,  99.42959048, -20.25549401]), -16.034575532562126, 18.315938709386643]
[array([390.61366179, 447.59940067, 111.78471657, -14.38495202]), -16.035519920377645, 18.105405986047757]
[array([383.23009084, 357.97655182, 172.53388615, -41.04876753]), -15.985916396394561, 17.735454985074416]
[array([359.05353232, 359.25368911, 135.93185997, -32.72179094]), -16.06130043612921, 18.21527436400453]
[array([497.29231159, 361.49311126, 252.04170844, -77.60327947]), -16.07149602039828, 18.231554551851293]
[array([330.41753747, 442.16266603,  92.58661033,  82.8434594 ]), -16.078430104529417, 18.869785472995993]
[array([ 509.8771546 ,  176.203522  ,  327.29317496, -172.66420412]), -15.981219477266512, 17.715179026653967]
[array([531.70086289, 444.07019857, 244.72725595, -76.04801985]), -16.071969273098695, 18.030911100113652]
[array([ 685.07361286,  466.74089818,  351.14234782, -108.89530533]), -16.07945663145179, 18.09105997590576]
[array([362.30259608, 435.28797583, 121.75359466,  35.5563468 ]), -16.039105844088475, 18.074131176725086]
[array([248.50671824, 319.73847003,  56.925785  ,  67.16630786]), -16.072323908742728, 18.89420033735553]
[array([411.10845957, 363.78962043, 178.0862098 , -31.13421439]), -16.076852685631607, 18.02242331439266]
[array([412.44940126, 331.02689204, 204.38134544, -18.14387201]), -16.06022088000451, 18.026863636754378]
[array([477.55269028, 428.28623232, 217.49563135, -62.56378441]), -15.986963038553132, 17.74390999050638]
[array([ 696.05118062,  349.23332076,  375.35395499, -213.83942822]), -16.06013936311721, 18.212123126466683]
