[array([ 3.58425883e+00, -9.93741772e-01,  1.42304068e+00,  1.58346875e-03]), -12.075457309489309, 12.968539466561985]
[array([ 2.83559937, -3.5187641 , -0.14665705,  4.10818767]), -9.95479253801028, 9.659130176591079]
[array([ 4.78617843, -2.53123955,  4.4938588 , -1.52750414]), -4.989744553984651, 5.099951377832198]
[array([ 4.07551589, -3.33057522,  3.49311779,  4.69562132]), -4.399995847609313, 4.4243861372841575]
[array([ 1.68201167, -3.72763317,  1.23392583,  7.98560863]), -3.8555749329792937, 3.881323511544549]
[array([ 4.27512331, -5.36688293, -3.00365924,  2.16755949]), -14.754110064666703, 15.393457364631653]
[array([ 1.58906947, -6.24566966,  1.81926935,  5.4008208 ]), -2.7712328370288524, 2.7882388171718095]
[array([ 6.98592186, -2.02935117, -4.51544433,  1.27796556]), -15.425350651110765, 17.31233865031508]
[array([ 1.56702696, -6.47064546,  0.49051657,  0.1808196 ]), -5.865259108379966, 5.8273535883218885]
[array([ 7.0608819 , -0.14977135, -3.36990038,  0.68652282]), -15.424882812833982, 17.312408213170833]
[array([ 7.89852824,  0.01948692, -4.90797987, -3.80583231]), -15.425807573025379, 17.313753813121583]
[array([ 9.38473961, -6.08705094,  1.4414882 , -4.69799614]), -15.412346733092667, 17.29388747289152]
[array([ 8.24835556,  2.17984879, -2.97611307,  1.74849482]), -15.425507636556606, 17.313314303641732]
[array([ 7.74664004,  3.48497401, -7.89152282, -6.60008399]), -15.425855826751372, 17.314189331760115]
[array([ 5.8095576 , -2.63317115, -1.36128811,  0.56079635]), -15.383462198215014, 17.21056209236897]
[array([ 4.28110735,  0.03718111, -5.91795868,  6.55127488]), -15.436028905312492, 17.23357161587863]
[array([ 1.48382337,  0.66934235,  0.01812898, -2.64904722]), -10.598922345662864, 11.821427152410346]
[array([ 6.18123043, -2.56450459, -5.63886692,  5.47214921]), -15.44379606211221, 17.245827613463018]
[array([10.59143755, -0.08415567,  5.65110599,  3.42370472]), -14.927906297876852, 16.281983797661304]
[array([14.04874591,  1.67522906, -3.13580938, -4.26710093]), -15.425904399748243, 17.313823796703158]
[array([ 5.04406637, -3.21701252, -5.49607163, 13.73151556]), -12.751705889415517, 12.911610149839627]
[array([ 5.43330032, -7.88595094, -0.33595333,  3.03270926]), -11.987149361258965, 11.85852252656892]
[array([11.82684336,  0.56444587, -6.98211026, -8.20191719]), -15.425905292854404, 17.313827690337067]
[array([ 3.50358771, -2.40158177, -5.94059117,  2.60659222]), -15.423209205506508, 17.27007996622272]
[array([ 7.38918709, -6.62239743, -7.47862421,  7.89397122]), -15.689825096591854, 16.115576698773214]
[array([ 13.23141926, -10.59967246,  -4.13364166,  -1.46895079]), -15.42618360385477, 17.313042786474227]
[array([  3.65403623, -10.90213927,  -7.66380309,   5.96712506]), -12.932745776069936, 13.434159284377934]
[array([  7.93728779,   5.79562794, -10.82086296,   9.26308238]), -15.425906056693409, 17.313821758751825]
[array([-2.12325653, -5.05143283, -2.3378401 ,  3.80138934]), -3.5602636504889658, 3.5958772352291715]
[array([10.85122192, -8.12974781, -6.39947319, 11.04451228]), -14.498332054822466, 14.431357028428616]
[array([ 2.2364774 , -9.94859492, -7.31543744, 15.24722657]), -10.972283136816008, 10.323315227227765]
[array([ 8.19242289, -4.06931315, -0.26895024,  2.01727787]), -15.43100576088598, 17.024309002338406]
[array([19.99163458, -5.49990347, -5.71492126, -4.16564994]), -15.425906455618122, 17.313822926963955]
[array([ 7.47371198, -6.11612583, -7.25294785,  5.62735779]), -15.485537011056204, 17.180429042390095]
[array([  8.28767502, -10.76705396,  -2.69715354,  12.88975062]), -11.676784034105228, 11.377554098000934]
[array([ 12.04280836,  -8.57085053, -11.69623133,  12.35106998]), -15.522929279831766, 17.190525121068706]
[array([10.60567856, -2.32379163, -9.25221484,  5.46985935]), -15.425911158322034, 17.313805210235646]
[array([13.16082722, -3.27916425,  1.81160443,  7.16443426]), -15.563186674458569, 16.44873110863891]
[array([  5.57277199,  -8.31565867, -15.22481764,  15.95458425]), -13.523612309699761, 14.073215711099607]
[array([14.36689887, -9.6291266 , -0.46306318,  1.33659908]), -15.450970867942578, 17.256167125276825]
[array([  9.85886892, -19.7956947 ,  -6.97047062,   6.86454869]), -12.90095981275841, 12.899872890625762]
[array([20.75118698,  6.17817906, -3.5823107 , 11.25088407]), -15.42590645524075, 17.313822911372174]
[array([11.95084122, -0.53197405, -7.17710898,  0.97891409]), -15.425906263068699, 17.313822638492397]
[array([ 6.96204455, -2.8908327 ,  1.04341679, 10.52392858]), -11.326646515739979, 10.908770780079161]
[array([10.71994545, -0.37894063, -7.28499521,  9.32355638]), -15.426184479870955, 17.313106181457226]
[array([19.52552396, -3.91690945, -2.14419346,  6.81207441]), -15.425928421306967, 17.313773110999787]
[array([ 7.0613344 , -0.50896135, -2.42941599, 11.42218934]), -13.435887173913903, 14.230639045474131]
[array([ 11.98367125, -10.15879402,  -5.71380866,  13.25086484]), -12.970267566770294, 14.253742393165885]
[array([16.53608077, -6.05026138, -5.86090386, 10.78044773]), -15.43216206743327, 17.30470783620604]
[array([14.74968042, -3.98840762, -5.53400094,  6.49777367]), -15.425973926201186, 17.313665634533816]
[array([ 16.29134176, -12.61896603,   1.4358391 ,  10.70460513]), -12.899769603784026, 13.013202053628913]
[array([22.24243113, -6.69701461, -3.1404902 ,  7.27373368]), -15.425923035235037, 17.313794391737687]
[array([11.64397536, -9.63632503, -5.01506723,  1.15236751]), -15.429394809028055, 17.30592053411673]
[array([14.43041136, -1.30810981, -2.04953738,  6.88026815]), -15.426129940805234, 17.31306349422625]
[array([13.05579772, -3.21954902, -9.26072048,  1.81311567]), -15.42590645051252, 17.313822811450258]
[array([15.13072192, -4.36399849,  0.05075702,  5.60066097]), -15.432716224500961, 17.29667115589714]
[array([ 9.45588214, -0.28033239, -3.7715713 ,  2.9409229 ]), -15.425808716164703, 17.313573409204892]
[array([14.72692969, -3.18464715, -7.48133197, -0.05267723]), -15.4259064437441, 17.31382289772233]
[array([22.78748287, -4.82011075, -0.4008468 ,  5.27416944]), -15.425908862862817, 17.31381704274364]
[array([13.96202263, -8.60094998, -7.00238322,  2.37481892]), -15.425964511393799, 17.313694700650334]
[array([20.69219639, -2.58553236, -4.99358421,  1.67862295]), -15.425906455496621, 17.31382292525325]
[array([26.65609466, -2.39596116, -0.0720702 ,  4.97128846]), -15.425906458699425, 17.313822915123833]
[array([ 15.04992282, -12.71822149,  -2.33904878,  -4.65208369]), -15.425984158275115, 17.313550935480993]
[array([ 20.47524477, -12.39299166,  -4.97213382,  -0.16243826]), -15.425908959975914, 17.313818011640343]
[array([ 20.01693912, -10.8084972 ,  -6.67914101,   9.20744439]), -15.428111795806934, 17.311078160109997]
[array([18.62769187, -1.96461743,  2.71171347,  4.64843032]), -15.42595386072557, 17.313526886687104]
[array([ 8.81384743, -8.02472452,  1.82555785,  6.85570337]), -11.651933417426793, 11.310414899360444]
[array([ 17.51841194, -15.94307943,  -3.10708048,   6.39737353]), -15.016964656527879, 14.510267213320839]
[array([ 19.08257385, -17.24746524, -13.04861078,  10.13060922]), -15.442098956156624, 17.298596819375415]
[array([17.15600963, -5.01817682, -8.05124841, 10.72745609]), -15.426030680982072, 17.31363156268092]
[array([ 6.80116856, -6.58405368,  0.30155016,  5.30570478]), -12.179885771210865, 12.104527539209325]
[array([ 22.13144521, -11.64641549,  -4.18138593,  -6.0979186 ]), -15.425906455983542, 17.313822923970523]
[array([ 15.39265338, -11.4858232 ,  -7.27428525,  11.95381974]), -15.825331451449426, 15.286201719378118]
[array([ 28.71082528, -10.77481398,  -1.47539243,  -2.41704534]), -15.425906456182974, 17.313822926344482]
[array([ 17.4625552 , -11.27666842,  -7.3777855 ,   7.45048261]), -15.42969830576502, 17.308810284315033]
[array([17.64330072, -7.27192851, -8.8679954 ,  1.89293372]), -15.425906486623383, 17.313822841343757]
[array([ 26.04459046, -14.24472676,  -1.7025297 ,   7.45766343]), -15.430166976189609, 17.308884665143072]
[array([ 16.1577259 , -16.72760074,  -2.76860227,  -5.80565297]), -15.426326622568125, 17.312889119734404]
[array([  7.97121578, -12.19428458,  -8.31939524,   0.11716523]), -15.450638621676175, 17.264106571678226]
[array([ 9.34197074, -4.05477997, -8.71973184,  2.58027179]), -15.425912201201964, 17.31378756686098]
[array([ 21.5378748 , -17.10449927,  -3.64913289,   2.0491698 ]), -15.430046069101072, 17.308458065375383]
[array([ 26.13179892, -18.12182353,  -3.7913253 ,   8.80805086]), -15.51441472268085, 17.22594244575449]
[array([ 10.48898351, -24.17762053, -10.52892727,  11.6645654 ]), -12.596818984708964, 12.349375844519438]
[array([ 13.37301274, -25.73705141, -15.1484799 ,  16.36356558]), -13.133940922104523, 13.624266187029578]
[array([24.93042884, -6.97352681, -1.1043851 , -1.51542438]), -15.425906455953902, 17.31382292323855]
[array([ 13.38025911, -12.87931407, -14.03898634,  14.44636335]), -16.072218499159035, 16.175137573807046]
[array([ 18.00420577, -12.76608796,  -9.26647293,  17.95802657]), -13.981727908949615, 13.845961244178104]
[array([ 29.17354855, -17.41465901, -14.07282783,  16.11798995]), -15.426024336376395, 17.313733338036307]
[array([ 20.4637629 , -18.09683284,  -8.36433709,   5.40329343]), -15.43478286009385, 17.30422673663369]
[array([ 16.23848339, -17.92111735, -12.43332333,   9.93869413]), -15.921013746884668, 16.66972725400737]
[array([ 22.24166973, -13.39794036,   0.19518551,   7.73330408]), -15.829396605107485, 16.620359227452646]
[array([  8.61682756, -12.56108921, -14.34559876,  10.05813071]), -15.94777901361437, 16.2671748861448]
[array([ 11.46219   , -11.11857827,  -6.48115149,   9.17821236]), -14.165836998453491, 14.271326617573582]
[array([ 20.38121395, -30.42911517, -21.88465992,   8.30313031]), -15.481283452071441, 17.27704120096564]
[array([ 14.61440174, -22.06092253, -10.19854239,   6.86596628]), -13.372156956157205, 13.954845510053804]
[array([ 16.07113368, -17.00758179, -14.08850726,   9.15358581]), -15.459583168032674, 17.28044363758182]
[array([ 21.3648967 , -23.30230566, -13.47515542,   8.9609222 ]), -15.559594997619573, 17.2006183618775]
[array([ 6.90868289, -7.16686565, -3.98836093, 14.46154635]), -11.951139111990104, 11.802286139144949]
[array([ 15.02183801, -21.63802189, -15.44636172,  13.64695558]), -13.279529327557306, 13.801437936909853]
[array([  5.62221591, -15.58988497, -12.33996806,   7.47708454]), -12.978450193289888, 14.28938770744994]
[array([  9.39747311, -12.30776401, -19.97434283,  22.01997114]), -13.177382375457857, 13.872754608938584]
[array([ 21.66470835, -13.31640364, -10.71699431,  20.94756591]), -15.812399419849898, 14.495620002472524]
[array([ 7.46415814, -6.99059918, -3.45899928, 12.11323534]), -12.46227602980279, 12.403238221512558]
[array([11.59184627, -6.21531029, -7.62705654,  3.01972112]), -15.425955358041744, 17.313687692745592]
[array([13.1150698 , -6.19354219, -8.08443066, 20.84100231]), -12.916394251131827, 14.35380488499023]
[array([ 18.57095059, -17.81157131, -10.10247061,   2.23362107]), -15.42622153343263, 17.31343174615736]
[array([ 15.20100016, -16.40795699, -14.40538345,  10.75484082]), -15.572062747893053, 17.16510988207175]
[array([ 18.36492014, -18.90258275,  -9.53012934,   7.81099158]), -15.817135954501381, 16.830392481818564]
[array([ 19.21132143, -18.33806316,  -9.23907524,  17.06073632]), -12.83132127251702, 14.364937421815107]
[array([ 24.30227062, -20.58210178,  -5.36379861,  10.68166401]), -15.821320941294198, 14.683061024649986]
[array([  8.00466784, -15.10118471, -15.04188128,  11.16863965]), -13.84787836874995, 13.990455196148037]
[array([ 13.9827671 , -15.56777409, -16.2216967 ,  15.04794923]), -16.17902288464708, 15.816772920873337]
[array([  9.27684088, -15.69852054, -15.53689565,   2.92664496]), -15.429416797981965, 17.309160653980026]
[array([ 13.92267051, -18.99093552, -12.31894973,   9.58682836]), -14.94288971270629, 14.15386923330523]
[array([ 23.50463058, -25.78890413, -12.78828358,   4.330514  ]), -15.429912205105419, 17.310414580328146]
[array([ 17.32091341, -20.1935557 , -14.25534294,  15.34391349]), -13.889653098988555, 13.706619958719141]
[array([ 25.51355562, -10.84853997,  -4.70431486,  11.93180101]), -15.426981726994745, 17.31263215801092]
[array([ 19.71202092, -12.87805225,  -2.95866782,   4.17543908]), -15.431887945561373, 17.305211708587727]
[array([ 11.51807052, -11.4228549 , -18.8208476 ,  16.63090382]), -15.594992991154424, 17.14500738653894]
[array([ 20.33517476, -19.6731802 , -10.08747646,  16.91915184]), -12.896030042142522, 14.089834379939294]
[array([ 18.37462692, -16.33144116, -16.36492505,  24.17228509]), -13.060907782842857, 13.77871397096776]
[array([ 19.77184409, -12.97971122,  -8.74275406,  11.56981649]), -15.460220649195278, 17.277695586032184]
[array([ 12.64640489, -14.67112292, -17.23944591,  17.64395255]), -15.176024217464633, 14.101463855084726]
[array([ 17.92762959, -12.61623542,  -8.06313744,  11.5678967 ]), -15.667165420922677, 17.019591062475087]
[array([ 15.46258484, -13.09744502, -10.36200827,   5.04659989]), -15.42669035370592, 17.312759180816176]
[array([10.11967852, -6.9276641 , -7.26217101,  4.18405119]), -15.428311899225248, 17.30856632030669]
[array([ 19.50685971, -23.44228011, -12.63003777,  12.90976748]), -13.733474413162106, 13.691236323235605]
[array([ 19.80482765, -15.59200757,  -8.61151769,  13.64253013]), -16.086103799735575, 15.382237379278825]
[array([ 22.68414899, -20.73308146, -10.99992395,  13.84248672]), -16.251846262950924, 15.461803243912158]
[array([19.80957584, -8.04217169, -2.48637837, 12.59111919]), -15.677592605942317, 16.9459195324115]
[array([ 15.9315623 ,  -8.77899249, -11.31744316,  13.35631476]), -15.436713908711763, 17.3014713043882]
[array([ 22.73690501, -20.16010277,  -6.81953111,   5.01614024]), -15.448908154494777, 17.290315688788525]
[array([ 19.98267926, -19.57997252, -10.33184827,  12.50303459]), -15.75285980906533, 14.551539211732273]
[array([20.64648013, -9.12465785, -7.51032438, 17.08310565]), -15.646670285882736, 17.069714834842614]
[array([ 25.54187211, -18.94472223,  -5.88581716,  14.63901848]), -15.541967842241247, 14.27576604334385]
[array([ 18.3095726 , -15.01896996, -11.60392824,  13.02826835]), -15.666161091414878, 17.063008296602792]
[array([ 18.4794146 , -14.856032  , -11.95027917,  17.69627148]), -15.492638324487695, 14.288241712933987]
[array([ 16.86177496, -16.00929247, -15.11902532,  14.26454064]), -15.703358815636486, 17.040186514832257]
[array([ 26.77988432, -18.76953603,  -7.26336894,  16.72286684]), -16.130020499255483, 14.923732479044777]
[array([ 20.35687724, -17.34685306, -10.12807296,  10.60688788]), -15.561928969822791, 17.180135215378943]
[array([ 23.4984929 , -17.69690781,  -7.97618447,   9.31250458]), -15.44736004516663, 17.293329518032458]
[array([ 18.62965565, -20.25853984, -11.31729556,  12.804424  ]), -14.515215330482052, 13.842885685118826]
[array([ 27.75102086, -23.56962317,  -9.15644093,  15.86229421]), -15.65112036330903, 14.093969799715213]
[array([ 20.83129697, -11.61130929,  -5.62767532,   9.15683741]), -15.431887197811209, 17.30660412712776]
[array([ 16.73407641, -17.63030507, -15.81777737,  17.33249435]), -15.414399072731362, 14.122720385123495]
[array([ 22.29438127, -17.55344166,  -4.52977522,   8.18086615]), -15.834252730602191, 16.777275942876216]
[array([ 20.00656756, -15.07093141,  -7.21885994,  12.9188284 ]), -16.050195219364788, 15.402493926146393]
[array([ 22.53569997, -14.60507768,  -6.99424828,  14.92813728]), -16.12434451773234, 16.148800323643478]
[array([ 25.58515056, -20.87607184,  -6.83690247,  16.46651853]), -13.314973146801702, 13.737068755937907]
[array([20.64659116, -7.13914175, -3.90155764, 17.29086857]), -16.00995289688473, 16.12819182410513]
[array([ 29.04463864, -26.62320752,  -9.2599456 ,  16.64470807]), -13.603745434163828, 13.558668700968665]
[array([ 24.76064943, -21.18521615, -11.76336733,  20.00407939]), -13.697896086908953, 13.588217025994462]
[array([ 21.5839078 , -16.43604184, -10.76953085,  18.43815578]), -15.300267515378662, 14.059260373245284]
[array([ 28.7879677 , -21.77560989,  -7.12466257,  14.13557381]), -16.202410859971668, 16.305220256858718]
[array([ 23.13769973, -18.81875924,  -4.67411953,  11.93196219]), -14.497058562493365, 13.918479796512193]
[array([ 22.89072673, -16.40544285,  -9.53099899,  12.51757941]), -15.481492790892187, 17.26328043835096]
[array([ 22.2613665 , -20.93966375, -10.79682369,  14.14016619]), -15.761371038811184, 14.396476790563689]
[array([ 24.57877949, -18.59719822, -10.16954852,  16.94232894]), -16.286157829454684, 15.591576627902041]
[array([ 19.47693232, -15.62708776, -10.23798851,   9.0364581 ]), -15.437716400309636, 17.301592653683212]
[array([ 20.30980107, -13.0699588 ,  -5.99948823,  12.38331066]), -15.89000973709476, 16.6554766050592]
[array([ 36.46170076, -22.60548032,  -4.54076446,  23.45419084]), -13.710874543072897, 13.502368539667891]
[array([ 29.62312713, -21.59091621,  -4.54157397,  15.70067186]), -14.879473368734212, 13.797744495607798]
[array([ 20.34071423, -14.87063297, -11.57331151,  15.69517705]), -15.789683593159166, 16.936990427492525]
[array([ 27.95235804, -14.42107958,  -0.69559218,  17.17035492]), -14.567209881358655, 13.905239794561421]
[array([ 26.26615488, -19.12492901,  -6.59271543,  14.64638478]), -16.224943925792374, 15.416568498923429]
[array([ 27.29318717, -21.6275194 ,  -7.44333652,  12.01688079]), -15.868934496758678, 16.877713354055064]
[array([ 21.90103998, -16.90595701, -13.84730689,  16.70333386]), -15.623665566479088, 17.14782703994282]
[array([ 26.61942641, -22.62087415, -11.32802796,  13.97552772]), -15.801299545859901, 16.994821135696935]
[array([ 28.73590111, -24.55871469,  -8.02261783,  12.27404805]), -16.228815296832998, 16.26948546287917]
[array([ 23.97428797, -23.00390386, -13.7698246 ,  14.76516887]), -16.224353071227252, 16.328698811116272]
[array([20.73818236, -7.48677668, -5.45222331, 16.21687799]), -15.561728200281337, 17.15676715503433]
[array([ 21.32232246, -19.65394545,  -9.18494635,  11.74462859]), -16.149914887613328, 15.368997275781167]
[array([ 23.80532604, -12.73528962,  -3.17077904,  14.77458951]), -16.080708126958125, 15.615541700182378]
[array([ 24.43971876, -19.65841194,  -5.17255645,  11.0216958 ]), -16.068166019195687, 15.172427720887674]
[array([ 13.36119175, -17.07343013, -13.42048696,  10.61977751]), -15.988898651751928, 15.249998070978872]
[array([ 24.73990195, -14.26192287,  -3.87582024,  13.5948594 ]), -15.935047556863775, 16.64068160258353]
[array([ 22.11772676, -22.22176505, -11.51166886,  10.82411084]), -16.019540156562748, 16.629582695627615]
[array([ 27.9204481 , -16.54671319,  -3.93345527,  12.42072803]), -15.524983598107337, 17.221781494633756]
[array([ 28.34759801, -20.55574649,  -5.67173027,  11.99277038]), -15.76312649097621, 16.994286364821306]
[array([ 32.55087656, -24.95301105,  -4.82630001,  13.20502248]), -16.34131093830362, 15.681691764365603]
[array([ 23.12192365, -21.63574875, -15.60339216,  19.6745679 ]), -15.731902250806872, 14.077859507463145]
[array([ 19.21991795, -16.98277546,  -9.71557323,  11.39818694]), -15.992651472987301, 16.52896225670345]
[array([ 29.46098027, -24.32173229,  -9.63514277,  16.09872404]), -16.34368705967288, 15.199902290877374]
[array([ 23.74781786, -29.85112531, -18.38128346,  14.22067894]), -16.276319946634164, 14.68212753830944]
[array([ 29.63391882, -18.6701284 ,  -6.52557318,  17.81777973]), -16.275832495230595, 16.052785592147774]
[array([ 29.85977707, -29.10331664, -14.47114328,  15.50352156]), -16.333356898287555, 16.30346798627381]
[array([ 35.92562252, -22.00288873,  -2.7796824 ,  18.78679847]), -16.058684822957158, 14.4603608880521]
[array([ 23.90766495, -22.30326422, -10.19308241,  13.18256625]), -16.155831215652153, 14.987389355975834]
[array([ 28.42832658, -22.52118032,  -4.33616925,  14.54932952]), -13.709065707057976, 13.675696257377414]
[array([ 29.45429179, -32.57770616, -13.43381061,   8.99018762]), -15.815185504915132, 17.0277581041264]
[array([ 32.90179743, -37.74648994, -17.84106217,  14.28789005]), -16.54712104614116, 15.622657904068339]
[array([ 37.91759638, -27.35327041,  -8.61076929,  20.78153963]), -16.479345115062504, 15.16239188177104]
[array([ 30.68565997, -30.61658403, -12.51530846,  13.79787305]), -16.446059116581253, 15.446502343821283]
[array([ 30.03347408, -19.64937427,  -4.15663456,  16.95129595]), -15.542595848710322, 14.13683487954264]
[array([ 31.56280335, -27.47144094, -13.28070688,  19.49180545]), -16.31207374807223, 14.595056104111082]
[array([ 23.04728543, -16.71171877,  -9.8853484 ,  17.74912507]), -16.044096734977444, 14.819292218258438]
[array([ 35.53507336, -28.48371387,  -9.38709671,  19.03511361]), -16.094415146011684, 14.18165936661217]
[array([ 30.26956913, -25.28306175,  -7.31030913,  12.48727072]), -16.263834392890413, 16.201263332643787]
[array([ 34.20821589, -29.0469288 , -12.12932258,  19.60988351]), -16.29110921310479, 14.45376114837842]
[array([ 29.44035993, -44.60041436, -25.78558953,  11.68895402]), -16.553349216446033, 15.973099070025773]
[array([ 43.20987844, -37.30655769,  -5.1432452 ,  14.55113737]), -15.682548673896854, 13.669967086619447]
[array([ 31.98289491, -34.10477258, -15.81628574,  15.76326602]), -16.42224719272091, 14.737799571780117]
[array([ 33.77979031, -35.94833411, -13.62974594,  12.57781806]), -16.502629712640232, 15.680319054036328]
[array([ 19.2154471 , -36.64816399, -26.35020348,   8.20916169]), -16.013634749874956, 16.861731250921483]
[array([ 41.03797374, -29.83518931,  -8.64844112,  19.61636509]), -16.186661423049156, 16.715143457840913]
[array([ 36.97668996, -30.51511894, -11.20827479,  18.33317828]), -16.446010788918738, 16.10527288564811]
[array([ 30.5608405 , -37.25127824, -15.43209248,  11.11832792]), -16.253376340456526, 14.39250433597681]
[array([ 30.40731441, -37.17816011, -15.05087194,   7.67749044]), -16.050379426484337, 16.818410556389505]
[array([ 38.70321516, -56.8869601 , -26.53659247,  10.86313153]), -16.66006222053737, 14.912238336603671]
[array([ 35.11320469, -52.77550191, -27.65090781,  12.78353536]), -16.590783941829947, 14.534580104121446]
[array([ 31.28397167, -36.01492388, -18.12707238,  14.685386  ]), -16.533441591145024, 15.580184679745232]
[array([ 37.12137698, -27.54964368,  -3.81705234,  11.48993003]), -15.671953824017484, 17.134902916857943]
[array([ 34.63572906, -47.90971738, -20.3743073 ,   5.15204025]), -15.664674234242636, 17.19850308990027]
[array([ 32.18623807, -31.58023273, -13.21541171,  12.40866789]), -15.790799922321616, 17.068172921656572]
[array([ 32.63723133, -40.11404997, -15.62093529,   9.92035726]), -16.492245695967036, 15.048915732981207]
[array([ 25.66992864, -42.77854977, -31.62667512,  17.22527032]), -16.49985646166504, 14.432911819915626]
[array([ 48.1583888 , -43.36033295, -11.8757416 ,  20.93449712]), -15.879574428892068, 13.446513459122627]
[array([ 28.8698444 , -49.67863135, -27.05247039,   7.54367463]), -16.58674249143007, 15.784819802626965]
[array([ 24.15188651, -53.67950955, -34.75893605,   8.86692318]), -16.194944435744397, 13.74022251234202]
[array([ 33.90767176, -68.16340045, -32.16592267,   0.41088851]), -16.66872376304145, 14.953362235031388]
[array([ 56.53906076, -69.27883644, -26.8995868 ,  20.55308034]), -15.836545205240588, 13.039862675297273]
[array([ 20.01156405, -35.97323713, -28.74153093,  13.54906057]), -16.469765403284196, 16.033853556788824]
[array([ 51.65346323, -68.99238254, -28.3545322 ,  16.55331238]), -16.14507671820966, 13.179981956683793]
[array([ 28.86913035, -33.70857164, -11.37665673,   5.438322  ]), -15.878110747720859, 16.940171534718527]
[array([ 50.56584686, -79.17388574, -38.7059902 ,  18.51032729]), -14.691023466565962, 13.06422319772532]
[array([ 29.94559023, -40.33085744, -24.75544742,  19.4582526 ]), -14.780922582485735, 13.30217137993646]
[array([ 36.41648134, -41.81935657, -21.59397768,  16.80363726]), -16.46774450448294, 16.388750028564882]
[array([ 35.15119554, -55.0532218 , -24.78431219,   6.01154395]), -16.581258771203135, 16.054942326615258]
[array([ 49.87860505, -56.10287173, -18.2355889 ,  13.63146963]), -16.665745695300473, 15.884099067955777]
[array([ 34.95971851, -59.14219642, -27.60783083,   8.03141245]), -15.794170012223148, 13.346549833670828]
[array([ 25.35793316, -68.00171166, -42.44975666,  -2.78804062]), -15.56085430141639, 17.269242263844205]
[array([ 21.61969489, -57.63868704, -38.48133062,  -0.0899531 ]), -15.56622070655454, 17.25692008915028]
[array([ 49.83198661, -37.19319292,  -5.64847023,  17.37585929]), -15.949554927416976, 17.023145705349698]
[array([ 24.5559834 , -46.57110644, -22.94162278,   3.85821409]), -16.032433030162675, 13.987036175790784]
[array([ 38.60915089, -55.46576028, -27.04285938,  10.57522944]), -16.411895075250676, 16.664884482533832]
[array([ 26.86539763, -42.09171387, -15.56380979,  -0.36711765]), -16.01018681410731, 16.82066753298588]
[array([ 33.10115764, -50.03652457, -25.13361442,   8.64285087]), -16.42186860376353, 16.499837669182398]
[array([ 26.19259169, -71.55581969, -42.88303238,   0.84182839]), -16.595439128594478, 14.251505420291185]
[array([ 53.46534064, -68.36195298, -22.60082308,  11.05863297]), -16.67934675921556, 14.463881878429628]
[array([ 43.25498868, -42.97134804, -18.56801802,  23.48602638]), -15.726424021607883, 13.336240175473465]
[array([ 39.23110305, -59.15242252, -31.31551329,  11.76028028]), -16.406869839358336, 16.749313324450696]
[array([ 27.46729789, -54.92943656, -29.95384148,   3.29751584]), -16.512839309205916, 16.23908251393548]
[array([ 38.0161125 , -65.50189384, -31.83533287,   7.99298066]), -16.53694022120585, 13.99861400522311]
[array([ 23.83885616, -62.60599331, -39.53140876,  -1.08690083]), -15.684982559967999, 17.213135184661283]
[array([ 52.12396688, -89.14377978, -44.96640933,  10.66092891]), -16.761106631186994, 15.847023276826862]
[array([ 40.01211926, -38.02124791, -11.57917965,  12.23858113]), -15.81581566428613, 17.091105811929932]
[array([ 38.26230142, -27.88150894,  -6.55318952,  19.77881888]), -15.935968080923153, 13.998333334675362]
[array([ 47.5522523 , -81.8538269 , -40.55943615,   7.85177069]), -16.682622268448515, 16.417215884771]
