[array([11.05584947,  0.36498833,  3.48850019, 14.81690109]), -11.143467403025143, 16.201574513800544]
[array([10.06343895,  5.48846197,  8.03156622,  9.07394441]), -9.443695445436283, 10.700914682920995]
[array([13.02885585,  7.28906659, -4.36014345,  9.5406218 ]), -13.277389460021643, 9.916849797733157]
[array([10.967363  ,  6.21051952, -1.39946612, 10.51375529]), -13.276870202029261, 9.91756841477077]
[array([10.95800436,  0.67008949,  3.58561399,  8.61472978]), -12.797347313883252, 11.243467739528532]
[array([ 9.01452626,  6.10080732, -1.07540845, 10.96669404]), -13.270217824711061, 9.92659227753153]
[array([11.434835  , -0.86207636, -1.50582359,  3.89589855]), -13.277002428160483, 9.917377819420324]
[array([4.96326347, 4.16047467, 1.16702179, 6.88241992]), -12.275845805137012, 10.891449737176513]
[array([ 7.83363439, 10.57943535, -3.75969705,  9.58556655]), -13.277131261149814, 9.916812174589863]
[array([12.52508449,  5.0408746 , -6.88171561, 11.94594519]), -13.277387864857653, 9.916850648343384]
[array([ 8.72290376,  3.12134147, -0.16276219,  2.94647503]), -13.27333649533423, 9.916921259752696]
[array([ 8.36691063,  4.65647912,  2.89656373, 10.07913143]), -12.666581421050772, 11.335727827167206]
[array([ 6.67917026, 11.9528495 , -8.71019119, 12.63025669]), -13.277384069029935, 9.916850422133177]
[array([7.59992782, 3.62611225, 5.08100274, 5.76178051]), -10.839531769609003, 10.973406356469523]
[array([ 19.09738084,   7.74971374, -22.04084981,   5.29820157]), -13.277390786184577, 9.916848626953444]
[array([16.71680419,  6.25349406, -9.51883031,  9.32855705]), -13.277390785922787, 9.916848627261839]
[array([15.8092849 ,  4.42258205,  2.26735603,  2.72927562]), -13.277353707632301, 9.91684058602367]
[array([13.20523184, 12.11250178, -5.99993301,  7.74952604]), -13.277390610680648, 9.916848599880831]
[array([ 14.79193315,   9.90894443, -22.81418193,   2.94795945]), -13.277390786184576, 9.916848626953445]
[array([16.57265833,  3.34353041, -6.20860353,  0.57633458]), -13.277390782329428, 9.916848626003592]
[array([22.16866464,  7.79314683, -2.34818658, -6.40557109]), -13.277390716544382, 9.916848636716061]
[array([18.4216145 ,  4.24376158, -6.05240978, 17.15219133]), -13.277386820417885, 9.916840434300958]
[array([12.52873604,  3.34860149, -8.95475431,  5.29981317]), -13.277390766065855, 9.916848642264059]
[array([ 25.02865206,  19.38067885, -28.56221333,  -3.11001192]), -13.277390786184577, 9.916848626953444]
[array([ 17.70900576,  17.35273473, -13.85195844,  11.60796173]), -13.27739078618351, 9.91684862695345]
[array([ 19.38805354,   6.8012821 , -15.53783042,   1.46472146]), -13.277390786184549, 9.916848626953437]
[array([16.95706178,  4.58581011, -9.13733711, 10.79835062]), -13.277390784073907, 9.916848629035654]
[array([ 19.32330492,  11.66219944, -14.84976286,   6.80236344]), -13.277390786184519, 9.916848626953431]
[array([ 28.78277514,   7.05834017, -33.06619887, -12.96321702]), -13.277390786184577, 9.916848626953444]
[array([ 35.69918659,   5.58807267, -38.18587452,  -3.81446608]), -13.277390786184577, 9.916848626953444]
[array([15.73867985,  4.04294954, -0.03523335, -3.81127247]), -13.277374273269597, 9.916851262417259]
[array([ 12.69852037,   2.27470877, -40.19580356,  -7.89375967]), -13.277390786184577, 9.916848626953444]
[array([ 39.90494947,   8.6834746 , -50.91725422, -12.13155018]), -13.277390786184577, 9.916848626953444]
[array([ 8.40480437,  9.53864695, -6.77170355,  1.9846769 ]), -13.27736427700798, 9.91685237490934]
[array([ 36.70651449,   0.87905031, -26.00138754,  -0.40271052]), -13.277390786184577, 9.916848626953444]
[array([ 18.23683409,   0.82130935, -32.23466803,   8.69656827]), -13.277390786184577, 9.916848626953444]
[array([ 34.99044661,  24.13201509, -40.94845682,  10.6479479 ]), -13.277390786184577, 9.916848626953444]
[array([ 27.06358607,  26.93399191, -34.25840264,  -4.30168249]), -13.277390786184577, 9.916848626953444]
[array([ 14.05069065,  -6.9404895 , -15.2307952 , -10.77129236]), -13.277390786177884, 9.916848626952126]
[array([ 28.02207837,  41.3900978 , -21.77058152, -13.2972868 ]), -13.277390771656403, 9.916848617146245]
[array([ 17.27365058,  -9.90863157, -35.97049318, -10.63465675]), -13.277390786184577, 9.916848626953444]
[array([ 39.68847209,  -5.52013169, -75.43114659, -30.60767811]), -13.277390786184577, 9.916848626953444]
[array([ 26.1478208 ,  -6.70961639, -23.89199264,  -8.96143881]), -13.277390786184577, 9.916848626953444]
[array([ 34.02753203,   6.26268243, -72.89397448, -15.80658717]), -13.277390786184577, 9.916848626953444]
[array([ 33.06260723,  -0.50333215, -34.43039791, -10.96726973]), -13.277390786184577, 9.916848626953444]
[array([ 52.07598029,   0.98387001, -79.78692814, -25.19630421]), -13.277390786184577, 9.916848626953444]
[array([ 28.72385535, -31.27089401, -31.25205874,  11.12542793]), -13.277390779260063, 9.916848593660486]
[array([ 15.791772  ,   1.89843314, -69.58836485, -12.45126721]), -13.277390786184577, 9.916848626953444]
