[array([ 1.01517806, -1.7713698 ,  1.11133975, -1.51737639]), 99996.57467123725, 4.099749126319546]
[array([ 4.11769188, -3.79758385, -4.54627401, -4.03471254]), -13.27235551690035, 9.916863925981552]
[array([ 1.37739573, -0.34448631, -0.01017133,  2.38327308]), -8.081206987312155, 9.00094700477296]
[array([ 4.648551  , -4.97611478,  0.81421044,  1.42263577]), -11.247390207014769, 13.72219201971302]
[array([ 6.17735053,  1.03364636, -6.6879083 , -3.84653907]), -13.277279160928233, 9.91683693672241]
[array([ 4.45858342, -5.41805187, -4.27263501,  1.07822703]), -13.19400957395172, 10.008332557089398]
[array([ 2.94990664, -5.73480672,  0.40258428, -5.61583366]), -11.284309671509568, 9.880462269241372]
[array([ 0.01691267, -1.08735404, -1.84738153, -0.2292936 ]), -9.738519737930877, 9.884715735035234]
[array([0.26258752, 2.89633512, 0.14918711, 6.09751331]), -3.9311285347311373, 3.806954959694615]
[array([ 1.692453  , -2.88137124, -8.32436753, -2.77551646]), -13.27604765693332, 9.916970481293623]
[array([ 1.0429353 , -5.54898626,  0.60342879,  2.74291577]), 99995.92234274851, 3.4438646012847545]
[array([ 2.38531748, -4.59658607, -0.98624988, -3.18214587]), -12.155614454046383, 10.390187151407485]
[array([ 5.19886978, -3.9027683 , -6.37567299,  2.16122492]), -13.273591993600325, 9.920840540160778]
[array([ 5.80624237, -6.19745863, -5.94667445, -2.94661216]), -13.276838772178628, 9.917526565560882]
[array([ 12.84355007,  -4.68830636, -17.03866576,  -4.29633246]), -13.277390786181307, 9.916848626954023]
[array([ 2.44972119, -0.83008753, -9.18675284, -4.6369495 ]), -13.27708442242223, 9.916787493359331]
[array([ 8.25809701, -1.87526997, -5.83603481, -2.4583212 ]), -13.277369190518332, 9.916847098878284]
[array([ 14.49485709,  -1.6450201 , -13.61774027,  -4.88007181]), -13.277390786164904, 9.916848626948859]
[array([ 9.11636541, -2.14523463, -6.52228456, -2.15300959]), -13.277385981217718, 9.916848916332693]
[array([ 5.42557698,  1.84999152, -9.46072676, -2.88940002]), -13.277376476723257, 9.916846928478178]
[array([  2.76127299,  -4.01470831, -14.06925643,  -0.53668387]), -13.277386951154119, 9.916853549268174]
[array([ 13.84572378,   2.48390953, -18.44696577,  -5.20455641]), -13.277390786183553, 9.916848626953604]
[array([  5.93781317, -14.13121219,  -9.17556314,  -6.95360003]), -13.277123878257871, 9.91699947766528]
[array([ 13.2407244 , -11.53724647, -35.63912927,  -9.33398313]), -13.277390786184577, 9.916848626953444]
[array([ 1.96852697, -6.25845389, -8.51166722, -2.35266559]), -13.274653436499925, 9.920563984897163]
[array([ 15.8110358 ,  -2.07921548, -10.43830262,   4.60054027]), -13.277390783581154, 9.916848629018206]
[array([ 10.68433041,  -1.85301098, -10.44814557,   5.19470486]), -13.277390202285256, 9.91684899235728]
[array([ 19.97278874, -11.51660423,  -9.74413005, -13.28402502]), -13.277390786181053, 9.916848626952666]
[array([  7.53232269,   8.43859058, -13.9570415 ,   0.99925987]), -13.27739074029419, 9.916848633091075]
[array([ 21.28928022,  -4.60905119, -14.04467537,  -4.04709258]), -13.277390786184565, 9.916848626953442]
[array([14.13579282, -5.08463935, -8.67480774, -9.76811076]), -13.277390781072684, 9.916848626318762]
[array([ 30.37497964,  -6.46723733,  -7.97491275, -19.92229011]), -13.277390786184537, 9.91684862695345]
[array([  1.13543047,  -3.78811478, -19.92845356,  -6.35764176]), -13.277390765099238, 9.916848621728208]
[array([ 27.63395718,  11.38137309, -25.12827262,  -5.27276524]), -13.277390786184577, 9.916848626953444]
[array([ 10.81986903,   9.4455679 , -22.29028356,  -2.36472209]), -13.277390786181162, 9.916848626954126]
[array([ 32.60295836, -27.82522429, -52.37002528,  -5.2857233 ]), -13.277390786184577, 9.916848626953444]
[array([ -1.45469335,  -7.2324657 , -12.85252375,  -0.09449906]), -13.26690545549865, 9.923297214883334]
[array([ 14.52858706,  -9.09887385, -21.64671684,  -4.31508163]), -13.277390786184547, 9.916848626953485]
[array([ 16.48957758, -17.07749928, -25.61218993, -21.09179061]), -13.277390786184577, 9.916848626953444]
[array([12.65963735,  1.44274879, -5.85396528, -5.23711144]), -13.277390111362104, 9.916848677022223]
[array([ 33.33902715, -15.26913802, -44.72004481,   4.56532389]), -13.277390786184577, 9.916848626953444]
[array([ 50.72787565, -19.64208728, -31.22004564, -17.05023133]), -13.277390786184577, 9.916848626953444]
[array([ 27.18118794,  -3.80414883, -32.16675053, -13.86576349]), -13.277390786184577, 9.916848626953444]
[array([ 30.53730901,   8.11681516, -12.91498625,   7.32671555]), -13.277390786184577, 9.916848626953444]
[array([ 10.01304012,   0.46245284, -30.65812446,  -0.96670638]), -13.277390786184577, 9.916848626953444]
[array([  7.77185363, -28.88240305, -55.95043543, -27.12817883]), -13.277390786184577, 9.916848626953444]
[array([ 16.06135825, -19.52720721, -48.0086368 ,   4.67455566]), -13.277390786184577, 9.916848626953444]
[array([ 31.06941585,   5.51852103, -34.45837269, -16.04021101]), -13.277390786184577, 9.916848626953444]
[array([ 37.84157613,  -8.76054507, -16.50575309,  16.18988087]), -13.277390786184526, 9.916848626953218]
[array([ 31.17450602, -19.37870482, -36.30669091, -17.27590204]), -13.277390786184577, 9.916848626953444]
[array([16.10639727, -6.07848724, -0.06597742, -3.79423662]), -13.277386260300402, 9.91685268147044]
[array([35.13699437, 10.7118168 , -5.20405295, 21.03619602]), -13.277390786184533, 9.916848626953398]
[array([ 47.49247459, -13.0375516 , -34.99078618,   6.58913071]), -13.277390786184577, 9.916848626953444]
[array([ 23.0337677 , -14.45855628, -49.55674783,  -3.51968401]), -13.277390786184577, 9.916848626953444]
[array([ 41.25644854,   6.81732132,   1.12798985, -13.41591167]), -13.2773907861842, 9.916848626953449]
[array([ 28.87330004,  32.50796891,  -9.77419552, -21.47800114]), -13.27672533546015, 9.916436145724669]
[array([ 44.42447069,  -5.15273432, -12.44898165, -18.95374726]), -13.277390786184577, 9.916848626953444]
[array([ 30.79624489, -13.96310622, -39.36869805, -12.73287184]), -13.277390786184577, 9.916848626953444]
[array([ 41.31722613,   0.42676281, -28.96511254, -30.63218549]), -13.277390786184577, 9.916848626953444]
[array([ 48.50317231, -38.4131978 , -42.28920729, -20.95081909]), -13.277390786184577, 9.916848626953444]
[array([ 49.49703014, -28.56600607, -21.40546985, -21.81794245]), -13.277390786184577, 9.916848626953444]
[array([ 48.76420559,   3.10130076, -25.56288488,  15.37833345]), -13.277390786184577, 9.916848626953444]
[array([ 18.8772665 ,   2.29171893, -16.04763227,  -0.75143603]), -13.27739078618456, 9.916848626953433]
[array([ 21.49450843,  -5.4328065 , -46.55904334, -28.0920718 ]), -13.277390786184577, 9.916848626953444]
[array([ 22.99626272,  -1.1558858 , -42.72010615,   5.33172514]), -13.277390786184577, 9.916848626953444]
[array([ 63.23431745, -32.69834778, -40.89279329, -20.82685424]), -13.277390786184577, 9.916848626953444]
[array([ 46.30534475,  -7.46444584, -26.44426175,  23.0337578 ]), -13.277390786184577, 9.916848626953444]
[array([ 11.06512704,   4.17426292, -36.80763146,   6.68687708]), -13.277390786184577, 9.916848626953444]
[array([ 34.01142159,  -7.02783506, -22.48306323,  -3.41282226]), -13.277390786184577, 9.916848626953444]
[array([ 44.88153091,  -4.39929096, -63.33149485,   9.43555143]), -13.277390786184577, 9.916848626953444]
[array([ 29.03411913,   3.73078858, -69.45200847,  -8.86090249]), -13.277390786184577, 9.916848626953444]
[array([ 31.96344304,  -3.80109523, -48.37092666,  12.54516251]), -13.277390786184577, 9.916848626953444]
[array([ 25.23937317,  10.47657026, -25.6969904 , -11.79416033]), -13.277390786184577, 9.916848626953444]
[array([ 33.02294112,  -6.97413126, -27.4773488 ,  10.12393758]), -13.277390786184577, 9.916848626953444]
[array([ 33.81694156, -17.29292723, -54.9521473 ,   6.91857227]), -13.277390786184577, 9.916848626953444]
[array([ 67.73728653, -20.01499465, -28.47142384, -22.33518096]), -13.277390786184577, 9.916848626953444]
[array([ 25.901073  ,   4.91095005, -38.69519955,  -9.50569432]), -13.277390786184577, 9.916848626953444]
[array([ 43.20300332, -18.24606212, -42.20650437,  -3.46831764]), -13.277390786184577, 9.916848626953444]
[array([33.36625022, -1.33285586, -2.86351557, 15.93455242]), -13.27739078413028, 9.916848620246025]
[array([ 33.22560276,   2.92993424, -68.08396073,  -6.72363443]), -13.277390786184577, 9.916848626953444]
[array([ 39.22758729,  -2.15530565, -19.67448272,  19.29228998]), -13.277390786184577, 9.916848626953444]
[array([ 17.24233192,  -4.83806676, -38.88009739,  14.80362015]), -13.277390786184577, 9.916848626953444]
[array([ 55.9854009 , -20.26389804, -38.19153656,  20.64745823]), -13.277390786184577, 9.916848626953444]
[array([ 33.8546452 ,  -1.9588162 , -45.62570811,  -7.90659217]), -13.277390786184577, 9.916848626953444]
[array([ 31.19781694,  -1.59901261, -59.03497996,  -1.94037784]), -13.277390786184577, 9.916848626953444]
[array([ 27.99527479,  -2.23632124, -33.87243027,  13.40963106]), -13.277390786184577, 9.916848626953444]
[array([ 48.61832549,  -9.01489237, -43.5064611 ,  14.03323592]), -13.277390786184577, 9.916848626953444]
[array([  4.27551286,  15.98273911, -40.16255235,  34.53506415]), -13.277390786182618, 9.916848626946575]
[array([ 15.41495724,  -8.9280257 , -56.84392549,  -2.03219734]), -13.277390786184577, 9.916848626953444]
[array([ 17.9474108 ,   6.67412257, -46.17589536,  29.23218359]), -13.277390786184577, 9.916848626953444]
[array([ 30.99099285,  13.07446638, -34.14248704,   2.69823185]), -13.277390786184577, 9.916848626953444]
[array([ 21.43060459, -36.08064889, -45.68908651,   8.91443232]), -13.277390786111233, 9.916848626597385]
[array([ 50.50533973, -24.00401773, -35.04964727, -12.28548684]), -13.277390786184577, 9.916848626953444]
[array([  3.26895374,  -9.52145982, -30.30227992,  13.55655176]), -13.277381910517137, 9.916812571212624]
[array([ 23.95117196,   4.45427746, -33.3167064 ,  17.29067473]), -13.277390786184577, 9.916848626953444]
[array([ 32.68101586,   3.15769094, -51.68001797,  10.80919939]), -13.277390786184577, 9.916848626953444]
[array([ 30.78397918, -12.18399787, -67.61050815,  15.53696777]), -13.277390786184577, 9.916848626953444]
[array([ 30.32877194,  -9.33904035, -27.91944867,  14.33752543]), -13.277390786184577, 9.916848626953444]
[array([ 30.04127437, -21.7767354 , -27.34039408,   3.16896018]), -13.277390786184576, 9.916848626953435]
[array([ 33.82608737, -23.13077048, -49.78968361,  15.02634372]), -13.277390786184577, 9.916848626953444]
[array([ 53.60265176, -14.53199531, -21.16836917,   6.34090962]), -13.277390786184577, 9.916848626953444]
