[array([ 3.40334502, -0.35421206,  2.28045428,  4.35359616]), -6.676927198068948, 6.58917492847679]
[array([ 1.99033834, -1.69402699,  2.03633629,  2.78936151]), -3.228616883766932, 3.306710740651541]
[array([ 2.95084242,  0.65654579, -3.26129987, -1.0385621 ]), -15.267736693510479, 13.02560772654183]
[array([4.50080793, 6.12300969, 2.65106729, 5.2460873 ]), -11.841648182571177, 10.627739244741434]
[array([ 3.08780179, -0.10138384,  1.37589406, -1.06850861]), -11.441336444812196, 10.322137177927651]
[array([ 8.32286385e-01,  4.22451140e+00, -2.30410690e-03,  1.19099328e+00]), -8.180410214631493, 7.671073950069641]
[array([3.44813146, 0.38879918, 3.65246069, 3.81153691]), -2.8379388959948706, 2.9662755891733945]
[array([ 2.36750169,  3.45658801, -2.01220218,  1.97907792]), -14.987938145480394, 12.820244187929816]
[array([ 4.5552131 , -1.11137897,  0.1242568 ,  0.71101699]), -14.821704739562524, 12.842930920219583]
[array([ 7.33784352,  1.36026438,  4.90798029, -1.14572458]), -13.119459576000077, 11.307933897420744]
[array([ 0.67863481,  2.53463946, -0.71484743, -2.90315776]), -9.7162228733619, 8.718780542521962]
[array([11.2883105 ,  5.31148349,  0.53326151, -1.93676328]), -15.320638611274623, 13.058887576027434]
[array([ 3.49990854,  3.63084747, -0.11070948,  5.52807689]), -14.211593782297873, 12.536524961853377]
[array([ 3.70604188,  5.01637731, -0.10614524,  0.05648296]), -14.415367621112484, 11.903461879814563]
[array([ 9.06319602, -1.00497627,  3.56028688, -2.36550697]), -15.212880752546695, 12.987854753607094]
[array([12.45575438,  4.59789932, -2.14870425, -0.73175549]), -15.322749758922727, 13.067952510139289]
[array([ 4.22220213, -0.28494505, -3.37288907,  4.88474874]), -15.123201707036094, 13.080688010378474]
[array([ 9.74151668,  8.15795841, -1.5447072 , -0.15503012]), -15.32083688308966, 13.05636093741423]
[array([ 4.79314869, -0.75967669,  0.33420507,  0.36389547]), -14.92981760357637, 12.861078066698669]
[array([10.53679839,  5.16984105,  4.86644606,  1.61601904]), -15.205370358258836, 12.929166252441338]
[array([ 8.20524531,  2.3170537 ,  7.03748744, -4.80546001]), -8.616940805786298, 7.928593602965264]
[array([ 6.92435993,  6.35906877, -3.95465914,  2.88821613]), -15.322133417184466, 13.067246577431094]
[array([12.18420041,  6.39156943, -3.99755165,  3.44543957]), -15.322770571001518, 13.068002006335929]
[array([  9.27672482,   6.5659083 , -10.80445101,  -0.06914269]), -15.32277335123616, 13.068004467627542]
[array([ 8.79235709,  6.53007703, -4.39200177,  0.48540664]), -15.322651120908965, 13.067657090660932]
[array([ 9.84387908, 13.0543112 , -0.61755212,  4.24213803]), -15.317294774080374, 13.030186357463837]
[array([19.64275426,  5.02662735, -4.44712616,  0.94060516]), -15.322773501374012, 13.06800499414782]
[array([ 12.58013868,   8.02599954, -10.89719775,   4.51376503]), -15.32277350051657, 13.068004993435824]
[array([ 13.83226815,   6.04478443, -10.53531598,   7.34720871]), -15.322773501739167, 13.06800499558121]
[array([15.2698432 ,  8.19850079, -9.71093095, -3.49280629]), -15.32277349238505, 13.068004823823683]
[array([10.39799472, -1.39357508, -2.48750757,  6.19830059]), -15.312877321481588, 13.069976837419631]
[array([16.6918467 ,  3.43688927, -4.7030791 , -1.53266254]), -15.322773478528301, 13.068004948981827]
[array([16.60936329,  7.85059037,  1.44219149, -1.57121786]), -15.322708189735947, 13.067449778825479]
[array([ 10.86198326,   2.73837092, -13.27013405,   8.66738857]), -15.322773475002432, 13.068005000218523]
[array([11.68947626,  0.65054185, -8.65362834,  0.93350478]), -15.322773459853035, 13.068004970649328]
[array([ 9.25412431, -3.17057533, -2.01732981,  5.94092507]), -15.128833432715107, 13.104281515530733]
[array([25.73352939,  7.73998591, -4.01166923,  5.21537318]), -15.322773502691065, 13.068004996046211]
[array([ 9.52018801,  6.46144192, -9.1708871 ,  9.99131774]), -15.322772628522616, 13.068004898835172]
[array([12.20074061, -1.47227621, -3.2877438 ,  4.74783438]), -15.322568653268124, 13.068038683115917]
[array([15.40652373,  9.72615851, -8.77276089,  4.32368795]), -15.32277350101036, 13.06800499222952]
[array([14.39967726,  2.85179226, -5.19343114, -0.90964771]), -15.32277339176596, 13.068004852229716]
[array([ 13.31964285,   6.05717418, -11.19388701,  -1.92800172]), -15.322773499654401, 13.068004979458694]
[array([21.29032014,  7.17980531, -2.018156  ,  7.55821542]), -15.322773500455412, 13.068004994739274]
[array([30.58950929, 14.39613536, -5.10305975,  3.84734742]), -15.322773502694467, 13.068004996047867]
[array([42.06244549, 12.02654306, -9.16579825, 18.60032246]), -15.322773502694606, 13.068004996049464]
[array([33.14388649,  6.93957913, -7.57272688, -4.14161053]), -15.322773502694604, 13.068004996049448]
[array([26.87992776,  9.97967985, -2.96377146, 15.71653863]), -15.322773502617645, 13.06800499606027]
[array([ 7.91994227,  7.55934927, -0.58566754,  4.09812016]), -15.315918579179254, 13.059917450960231]
[array([ 7.25916641,  6.66233014, -6.73800585, 11.11622134]), -15.322579561759046, 13.068009829294736]
[array([ 8.80746201,  4.6868177 , -2.11864825,  4.69789698]), -15.322263911727632, 13.067692182809495]
[array([19.25804643,  6.21694181,  3.88728589,  8.55298524]), -15.322761824320215, 13.068001162076932]
[array([20.5163601 ,  3.60799003, -3.72594995,  2.86695339]), -15.322773501893165, 13.068004995511654]
[array([21.22624504, 10.7235595 ,  8.08057276, 11.44509981]), -15.322711808958998, 13.067970775785163]
[array([ 13.52383279,  -2.80262428, -22.62366045,   9.46440315]), -15.322773502625175, 13.06800499606286]
[array([36.1978637 , 11.76837472, -5.1582009 , 25.65831872]), -15.322773502692781, 13.068004996049792]
[array([46.17712064,  8.33653499,  1.15466784, 12.87376248]), -15.322773502694606, 13.068004996049464]
[array([42.37350526, -7.60317195,  6.05741121,  0.0783016 ]), -15.322773502693888, 13.068004996049604]
[array([58.13788876, 10.63818836, -7.52523833, 13.26319726]), -15.322773502694606, 13.068004996049464]
[array([ 45.90069971,   9.93399178, -16.09543899,  30.13107094]), -15.322773502694606, 13.068004996049464]
[array([32.24397329, 22.28033823, -9.82581389,  0.8522225 ]), -15.322773502694812, 13.068004996036453]
[array([ 27.95712056,  12.67271032, -23.60052256,  17.16152691]), -15.322773502694606, 13.068004996049464]
[array([ 23.88743815,  10.26591299, -26.54087031,  11.34104012]), -15.322773502694606, 13.068004996049464]
[array([ 30.95190311,   6.94008408,  -3.3485136 , -16.02894819]), -15.322773504757528, 13.06800489313422]
[array([21.07216072, 13.84651047, -7.08004967, -5.2718159 ]), -15.322773521058355, 13.06800263825257]
[array([ 55.30121919,   6.94907539,  15.42060531, -10.42310738]), -15.3227735026946, 13.068004996044618]
[array([ 27.57406225,  -0.45109351, -35.97863114, -11.63202003]), -15.322773502694606, 13.068004996049464]
[array([ -0.16001637,  16.87320967, -12.02696058, -27.16846639]), -13.23366743317812, 10.713679840608817]
[array([ 31.30944294,   7.36848939, -23.66228982,  11.10320194]), -15.322773502694606, 13.068004996049464]
[array([41.86285336,  8.43234916, -7.9883773 , -0.09943225]), -15.322773502694606, 13.068004996049464]
[array([ 13.6332994 ,   4.98323934, -13.52525086, -19.44387701]), -15.32278310931957, 13.067597676531399]
[array([ 24.10995414,   5.54604134,  14.56295945, -24.64759591]), -13.533391014137106, 10.629142758089088]
[array([38.31654273, 22.60833353, -1.24236209, -7.27945057]), -15.322773506312883, 13.068004877519773]
[array([ 36.40847108,  11.64585916, -12.87828716,   4.71453972]), -15.322773502694606, 13.068004996049464]
[array([ 13.38573526,  -3.21743873, -14.92694399,  -3.5234072 ]), -15.322773502680826, 13.068004996040761]
[array([ 13.07653886,   7.65632512, -16.68949531, -20.54801981]), -15.322790952343668, 13.067430842282679]
[array([ 20.13574231,  18.8138688 , -16.16979295, -17.6902242 ]), -15.32279723879734, 13.067512268019934]
[array([  4.62775209,  -4.43068005,  -7.61022969, -26.61167996]), -14.769020542001996, 11.611969940114168]
[array([ 13.85488   ,  14.43683202,  -5.62018471, -22.80708043]), -14.702011762716072, 11.62339614783558]
[array([33.04320786,  4.21405588, -6.7670292 , -1.4103826 ]), -15.322773502694606, 13.068004996049458]
[array([  7.74054555,   4.98876732, -11.68245113, -13.84785106]), -15.322875783669378, 13.05641073476525]
[array([ 25.33498878,  12.83226878,  -2.64689308, -22.63608925]), -15.342963084365573, 12.542025516238079]
[array([ 26.73233153,  22.27208732,  -6.94730051, -29.19917994]), -15.225121738728207, 11.68465821239301]
[array([ 31.1320589 ,  10.49903579, -29.52050993,   4.4528298 ]), -15.322773502694606, 13.068004996049464]
[array([ 24.97630665,  19.624482  , -12.73918571, -20.33349034]), -15.322890137115671, 13.06630297137727]
[array([ 57.46230216,  11.94928012,   1.60049201, -14.94447969]), -15.322773502694606, 13.068004996049458]
[array([  6.97457958,  11.02711581, -12.92744686, -41.73448089]), -14.209206335260397, 10.626005992107856]
[array([ 22.26491218,   8.95770189, -12.02891182, -18.70610649]), -15.322773616661216, 13.068000929652845]
[array([ 34.61851292,  14.99290844,   6.54922422, -12.64715938]), -15.322838451222418, 13.065982728463622]
[array([ 4.5786138 ,  8.54085775, -1.07174894, -8.13596436]), -13.444332559908926, 10.604548969708654]
[array([ 27.29824695,  20.29683894, -15.78005994,  -2.18027373]), -15.322773502694812, 13.06800499603867]
[array([34.60546058, 24.13894728, -6.73773432, -4.26120315]), -15.322773502875606, 13.068004989786068]
[array([ -5.59453198,   7.02380079, -15.85450372, -32.43159746]), -13.124797585818284, 10.606407869122036]
[array([  5.98249066,  13.08887766, -13.17669337, -18.9589548 ]), -14.878945029260487, 11.664597278436537]
[array([ 16.12363697,   8.4523241 , -21.07920393, -23.28367551]), -15.32277367216387, 13.067999771076114]
[array([  1.33347591,   8.56124032, -12.11681726, -40.18576141]), -13.277788868043041, 10.772366804312325]
[array([ 30.99217421,  16.49009978, -17.08628207, -13.34770588]), -15.322773502695293, 13.068004996026703]
[array([ 27.84354471,  18.43242838,  -0.79318357, -22.91467533]), -15.307463366813703, 11.819935723287673]
[array([ 25.98894695,  21.10034733, -13.12450167, -23.11337267]), -15.323706898825227, 13.053177450899257]
[array([ 22.43518418,  20.30467122, -19.26981399,   3.68325694]), -15.322773502694602, 13.068004996049027]
[array([ 24.06500379,  24.48697013,  -5.49490592, -38.7914654 ]), -14.682548666116498, 11.55202015077968]
[array([ 27.28748087,   4.4679475 ,   0.34617956, -13.25332724]), -15.322773505534535, 13.068002345117739]
[array([ 28.19635408,  29.46465582,  -3.68373803, -15.76884214]), -15.331386311418056, 11.870253198422247]
[array([ -1.84092425,  13.1943481 , -31.52519483, -21.14660853]), -15.326322630807557, 12.987905171051969]
[array([ 20.36313556,  23.3826966 , -17.13160697, -16.12943032]), -15.322873401703653, 13.06650299171663]
[array([ 20.2290135 ,  16.19880243, -13.28093097,  -7.08960345]), -15.322773508745339, 13.06800470470981]
[array([ 24.70875928,  28.76086996,  -5.72157033, -34.04960889]), -14.72190218061809, 11.588031854965152]
[array([ 28.69391637,  18.72654366, -12.81131536,  -8.72023508]), -15.322773502764905, 13.068004993515217]
[array([ -0.41053534,  11.38783705,  -9.12378658, -13.16266025]), -13.859436394821097, 10.706120053107378]
[array([ 18.56244816,  21.79704039, -20.03028542, -16.40789857]), -15.322782133593092, 13.067828945557796]
[array([ 16.26481452,  40.26217546, -19.15722034,  -5.17799534]), -15.348724723961613, 12.46262302832114]
[array([  1.46712769,  32.17828604, -23.93516895, -22.57884157]), -14.671154091997279, 11.52303116989739]
[array([ 18.9061414 ,  21.89313567, -16.99014266, -27.82407151]), -15.351782550381486, 11.975633573152486]
[array([ 13.12779984,  17.42353602, -20.36337101, -55.66193917]), -14.661404197267272, 11.539910831112442]
[array([ 27.58782421,  17.60246426, -16.70738876,  -6.73836259]), -15.322773502694918, 13.068004996035711]
[array([ 16.43749746,  33.05471431, -28.51917171, -17.71632818]), -15.32333171582718, 13.061784046498468]
[array([ 22.65333479,  25.58378314, -16.09619279, -38.66426911]), -14.817360841310546, 11.653495542269093]
[array([ 22.04242046,  24.2666709 , -30.22019915, -27.96060377]), -15.322774172044754, 13.068019606672523]
[array([ 14.28707499,  26.67034605,   4.89044942, -11.48825637]), -12.939589972329534, 10.456674994409758]
[array([  6.8378088 ,  17.06464457, -43.99853193,  -9.50620789]), -15.322773502694611, 13.068004996049346]
[array([ 19.71393196,  32.38024545, -27.0572562 ,   4.29101933]), -15.322773502695217, 13.068004996027868]
[array([ 24.99794435,  25.81837663,  11.95838926, -26.92960529]), -13.159628363033619, 10.620865221375084]
[array([ 23.84967695,  40.39848006, -55.91209785, -15.33815035]), -15.322773502694606, 13.068004996049458]
[array([ 12.90636116,  32.82110328, -16.71585799, -24.48434074]), -14.70558452923203, 11.64133485838883]
[array([ 26.40015474,  52.92956462, -34.9563953 , -16.11335028]), -15.32290111970863, 13.06934508617903]
[array([ 17.4232424 ,  21.51182682, -40.47347557, -20.78438213]), -15.322773502695323, 13.068004996036638]
[array([  6.46851725,  21.15557953, -34.40881974, -31.01852436]), -15.347716227402925, 12.492413962669945]
[array([  5.4116309 ,   5.34765279, -26.09782926, -46.23546229]), -14.904575255425426, 11.657241374901188]
[array([ 37.60166088,  23.52879762, -46.18745725,  -6.81143482]), -15.322773502694606, 13.068004996049464]
[array([ 11.82196949,  46.16785379, -35.4693402 ,  -2.8824365 ]), -15.322785056266408, 13.06803149265006]
[array([ 28.33220388,  18.9785319 , -15.00452164, -20.91489442]), -15.322773739410344, 13.067999834658925]
[array([  8.27503206,  33.97041856, -32.62263415, -17.05292644]), -15.339395536877019, 12.666681773547396]
[array([  9.67931311,  21.40804468, -17.39574609, -21.70597298]), -15.041284381821116, 11.669906509664667]
[array([  9.34005188,  35.29946601, -47.78716224, -23.49434652]), -15.322775015165165, 13.068081358864838]
[array([  9.86768245,  34.49168734, -54.08374393, -12.01232385]), -15.32277350269465, 13.068004996049245]
[array([ 20.6814433 ,  20.93545387, -13.39798937, -22.37194742]), -15.3454681373765, 12.528240169406121]
[array([  8.39695498,  27.56256669, -38.37579186, -20.45026891]), -15.322781255964152, 13.068006160373047]
[array([  3.21901172,  35.74192018, -37.30305968, -32.78276739]), -14.742930599605028, 11.649988083954078]
[array([ 15.98360496,  40.81907228, -21.91506019, -10.90691963]), -15.35882533385825, 12.0616467586207]
[array([ 18.86217429,  39.38220354, -20.94641981, -17.66259722]), -15.332471065022368, 11.803975226346973]
[array([ -5.45379977,  36.68017312, -69.03042435, -18.43293727]), -15.322773502740148, 13.06800499956395]
[array([ 10.88843209,  28.55974846, -27.77254518, -15.58931463]), -15.324138667118246, 13.044840627540989]
[array([ 36.7025149 ,  23.19450909,  -3.14420692, -32.01700621]), -15.355010201286479, 11.962760470715269]
[array([  3.11295987,  19.55938908, -16.92130315, -31.53620164]), -14.349300902395047, 10.755074859112018]
[array([ 48.82241255,  25.47266093,   3.10903796, -21.42588714]), -15.322782594002565, 13.067980159723845]
[array([ 30.48417677,  40.87166653,  -9.69175531, -18.16447425]), -15.310884714045923, 11.730985836236231]
[array([ 39.14906201,  41.16862596,  26.9816973 , -11.95480153]), -12.953677557916704, 10.341503753715108]
[array([40.110059  , 36.26211249, 14.09912822, -4.62302659]), -15.093080707431834, 11.679737181678941]
[array([ 21.75582254,  37.01476786, -13.63062348, -26.35022813]), -14.67855413461294, 11.65620909374031]
[array([ 26.96482658,  60.6081151 , -15.6267019 , -16.99922972]), -14.662509417899395, 11.664047313586467]
[array([ 21.11037631,  26.13220416, -24.1157461 , -33.39698741]), -15.35984564581078, 12.298347519616929]
[array([ 22.54119664,  31.77694756,  -6.80570918, -27.46337975]), -14.727342385879961, 11.606968897783613]
[array([  2.0347251 ,  39.12916925, -25.66658209, -26.88938086]), -14.558661546036202, 11.12514627658429]
[array([ 12.53661387,  34.27567551, -13.80460292, -12.03091449]), -14.723024381694794, 11.652833031421862]
[array([ 50.71999349,  26.61241497,  -2.72874171, -43.16232866]), -15.35765908953103, 12.346579684092132]
[array([45.20725716, 48.40623297, -3.9964735 , -9.96573282]), -15.325901082984187, 13.013629301192776]
[array([ 40.51200127,   5.54409037,  -4.11379107, -19.31249325]), -15.322773502694956, 13.068004996034674]
[array([ 19.53047961,  17.99651239, -27.11866249, -40.67690961]), -15.34209339024651, 12.598058985517083]
[array([ 25.62874652,  34.40086153, -21.30155783, -23.51338882]), -15.335039053103518, 12.764266512297896]
[array([ 33.41151573,  32.45872594,  -6.44357001, -28.95786297]), -15.224290516701986, 11.669330190742908]
[array([ 23.78440695,  39.32977026, -24.84175386, -26.86064611]), -15.366563887793252, 12.07095960817555]
[array([ -3.80825769,  18.54885373, -36.1932434 , -14.23526489]), -15.322835652689786, 13.066536923728123]
[array([ 30.69230596,  44.53057572,   1.7100183 , -11.34809867]), -14.702871009271119, 11.642551347816477]
[array([ 59.82469398,  27.37572827,   0.81109555, -22.79439187]), -15.322773502798404, 13.06800499772111]
[array([ 44.94432395,  23.82968185,  -7.35573226, -40.18440965]), -15.331771537645553, 12.845813415979451]
[array([22.12797934, 10.45339579, -8.25935375, -7.03680727]), -15.32277350268041, 13.068004925533653]
[array([ 22.39252011,  40.72309607, -30.32290192, -37.19396636]), -15.315327968298284, 11.701201971502996]
[array([ 16.83714611,  21.69994893, -26.43593196, -46.36814981]), -15.143742474631921, 11.65984625268725]
[array([ 46.72233053,  28.54488249,  -1.83723654, -42.07224481]), -15.324738513234474, 11.742247328488842]
[array([ 33.02829497,  46.48110877, -10.1615413 , -32.3748731 ]), -14.66160849440736, 11.665019735031347]
[array([ 43.56943747,  34.47062789, -12.10967409, -33.49137861]), -15.330564040024969, 12.877553366994379]
[array([ 41.67303728,  21.57219267,  -6.36858009, -20.80548446]), -15.322773517433047, 13.068004738244978]
[array([ 30.97150832,  28.11895205, -14.46483956, -44.7971305 ]), -15.008697349614321, 11.657210442301766]
[array([ 28.95259466,  37.942051  , -24.60024441, -28.41579822]), -15.335818454481261, 12.733291887150148]
[array([ 32.03644768,  31.35280248, -15.43771234, -22.52119251]), -15.323331643860206, 13.062719680506087]
[array([ 35.67042843,  30.34806561, -14.546962  , -45.74786394]), -15.29366737116401, 11.67128891345346]
[array([ 42.38043249,  38.43550816,  -1.8698845 , -22.15209076]), -15.36265884471312, 12.031743929619152]
[array([ 43.84577457,  21.1573456 ,  -9.79428149, -54.95801401]), -15.344036778539763, 11.812942604687889]
[array([ 35.61545929,  31.68258371, -16.87218109, -51.11259573]), -15.152060609300138, 11.65734954982065]
[array([ 35.26694373,  35.19925348,  -8.93108155, -34.31685386]), -15.147144429432636, 11.659523421141103]
[array([ 34.68288528,  34.6148567 , -16.85336122, -25.73673546]), -15.324454154376385, 13.04821758173351]
[array([ 39.18644711,  32.03581576,  -1.52566964, -26.91901199]), -15.324481312773832, 11.767728389076648]
[array([ 38.24278561,  40.30460515,  -9.17937804, -31.9660144 ]), -15.27830226291799, 11.669298598477049]
[array([ 43.2166575 ,  38.2704804 , -25.68787398, -32.46157181]), -15.32277368035446, 13.06804507462018]
[array([ 27.33609635,  29.15309911, -17.19932632, -33.18147221]), -15.351960429014564, 11.893708545388495]
[array([ 34.51713876,  36.39972284, -10.27218696, -29.32599703]), -15.316359065150724, 11.725663948027199]
[array([ 48.80488433,  26.96478061,  18.72604745, -18.91509834]), -15.214530198828475, 11.695383478561686]
[array([ 30.66268653,  23.84898333,   2.69864426, -27.23054231]), -14.687457365432358, 11.655149681743666]
[array([ 48.60705744,  30.65607292,   4.04583809, -29.4820109 ]), -15.364902645029842, 12.135030821209606]
[array([ 27.99035095,  39.49906507, -26.33149949, -31.98473948]), -15.361422067687553, 12.306730647288083]
[array([ 41.51985092,  31.83839677,   1.78306256, -28.6676558 ]), -15.257746707174768, 11.677992110050422]
[array([ 20.6561788 ,  38.24224309, -31.36373336, -33.77531685]), -15.361570863784799, 11.942082784488816]
[array([ 34.42449692,  36.46052827, -15.94981992, -30.74834204]), -15.365933400649578, 12.220005737740546]
[array([ 27.11894797,  32.04991755, -13.94886387, -33.92125669]), -15.001175930322507, 11.65758168265204]
[array([ 39.50579418,  44.70338524, -13.07212038, -40.29442289]), -14.943328935260098, 11.656882082010297]
[array([ 26.84099907,  47.23089774, -18.04935811, -16.88482033]), -15.337488018108285, 11.803874916344684]
[array([ 35.97610323,  36.39834509,  -9.92877755, -37.06034296]), -15.030964022460713, 11.657371234188359]
[array([ 35.66594755,  40.19563038, -16.02781758, -31.62891021]), -15.359245781740995, 11.919516059094788]
[array([ 27.85914924,  27.44033763, -13.1727265 , -32.76019156]), -15.313315465695998, 11.732759410024554]
[array([ 35.21669584,  32.77655063, -10.04185349, -32.51724864]), -15.32984385801802, 11.7697923616544]
[array([ 59.36060552,  33.29006422,  -1.46397054, -37.31799196]), -15.32349552697247, 13.068945509135988]
[array([ 33.17541299,  30.34366064, -12.19528093, -29.60667093]), -15.361207006864218, 12.275475533382076]
[array([ 29.31262337,  29.477699  , -19.27394079, -38.10593599]), -15.357487144319636, 11.919192135740577]
[array([ 54.01157311,  43.33884518, -14.53848752, -34.42597478]), -15.322896849343095, 13.069758352141077]
[array([ 21.32838611,  35.02157158, -23.43279603, -31.47780227]), -15.306036633544748, 11.701518397779854]
[array([ 37.7030081 ,  27.68850711,  -8.44691803, -27.17618267]), -15.326542961030185, 12.995717049255688]
[array([ 35.8493044 ,  37.77200224,  -9.28110177, -26.68353732]), -15.337599160066494, 11.803555498173756]
[array([ 25.67992526,  34.96321088, -19.74519073, -27.34405303]), -15.36279354958734, 12.017633098716722]
[array([ 26.0249975 ,  30.61258771, -17.61041443, -30.60857171]), -15.34999374826944, 11.883607134308638]
[array([ 26.95177775,  29.86143508, -14.72087807, -33.92188891]), -15.251320401433079, 11.671654196454986]
[array([ 42.01339319,  32.01020766,  -4.828875  , -27.65808174]), -15.347142778441954, 12.498480213984797]
[array([ 31.05239375,  39.45898725,  -9.9762982 , -22.76975137]), -15.270306938872247, 11.679853488823976]
[array([ 40.08219471,  35.20947289, -10.30522503, -30.84257082]), -15.359226127179982, 12.324175493234998]
[array([ 25.721972  ,  30.83104063, -17.84657022, -29.92526142]), -15.353822714118998, 11.91625331063321]
[array([ 30.50447224,  30.47333602, -13.57994293, -27.55022319]), -15.359513662289178, 12.298039930176495]
[array([ 20.90995524,  33.87803821, -22.45044723, -26.31053979]), -15.356329391995594, 11.943502503639625]
[array([ 24.08027827,  26.81701998, -13.5648666 , -25.64881523]), -15.350245465837844, 11.935478462912656]
[array([ 33.55286348,  36.05608827, -18.94081401, -32.35730543]), -15.35685663068883, 12.354961395596845]
[array([ 35.52136179,  30.24461188, -11.97496251, -33.68396278]), -15.366373138386596, 12.155466638547587]
[array([ 30.44413108,  35.2952968 , -15.5641192 , -27.86336352]), -15.362838884348388, 12.011052155336484]
[array([ 28.34338456,  36.74886231, -24.10799902, -36.91129574]), -15.351907875312383, 11.859210509104308]
[array([ 43.52275751,  33.54889789,  -7.64988023, -32.41127236]), -15.352061167634076, 12.415088669372189]
[array([ 28.34097051,  37.28575236, -16.27741254, -24.79030569]), -15.355706659681793, 11.927014809829052]
[array([ 28.38483252,  31.24268376, -20.17823812, -35.38306984]), -15.364410316060699, 12.011847981684113]
[array([ 28.27594848,  30.26064759, -17.81714861, -31.05427362]), -15.363496376260565, 12.234484134708708]
[array([ 29.84440673,  36.18710403, -18.29476301, -26.92957348]), -15.358978133547206, 12.322146062772253]
[array([ 26.35700495,  34.55422339, -21.95983803, -31.58203425]), -15.365054640370092, 12.029081743563916]
[array([ 32.03753703,  34.23078877, -19.5680587 , -38.21683766]), -15.352003240784978, 11.862537428904849]
[array([ 36.85789887,  32.35352186, -10.47699819, -32.6018869 ]), -15.363694049952938, 12.011861603411958]
[array([ 30.07074446,  29.59207594, -12.51197781, -28.19115321]), -15.363387065822055, 12.096479911308585]
[array([ 30.62902015,  34.86654745, -17.07080271, -28.95087823]), -15.365558427650496, 12.198133687526562]
[array([ 22.73970112,  38.24251901, -21.29381718, -22.9779901 ]), -15.35580797576543, 11.932414506420098]
[array([ 28.5712114 ,  30.57731736, -19.03290683, -38.85655815]), -15.322303018058472, 11.735912885956713]
[array([ 31.56680489,  32.06610691, -15.23208812, -33.71829337]), -15.349877156236207, 11.866531225428957]
[array([ 32.5850566 ,  38.62826787, -18.3742305 , -31.76756467]), -15.362396026409083, 11.958852806900477]
[array([ 28.40220037,  33.58851918, -20.91035139, -34.52129152]), -15.361804390269327, 11.963008888999333]
[array([ 27.89712953,  31.48653826, -20.05758057, -32.76943929]), -15.365971296907274, 12.187875824063607]
[array([ 25.51670478,  35.73351405, -20.93888603, -30.03759579]), -15.344576580342776, 11.83490778732054]
[array([ 28.78119108,  32.86684307, -17.15879086, -30.09049885]), -15.363383484929718, 12.023264099402128]
[array([ 34.93065738,  34.01268223, -16.47324702, -35.27088907]), -15.36838876514641, 12.147895318122483]
[array([ 26.93904515,  34.17855006, -21.39248374, -32.41413761]), -15.362538744075525, 11.981525489984742]
[array([ 24.75894117,  29.07825732, -18.87021847, -33.04012844]), -15.339446901470566, 11.81842278856318]
[array([ 21.30894459,  39.09008274, -24.93523864, -26.5815674 ]), -15.342238360033589, 11.822869397040314]
[array([ 23.23165693,  33.93721876, -22.37204169, -24.84443222]), -15.351827919542389, 12.421273946661747]
[array([ 33.7263999 ,  36.9800673 , -17.82035827, -30.698679  ]), -15.3600594409103, 12.31640407884887]
[array([ 29.51975838,  37.26646698, -21.2238903 , -30.61798448]), -15.36680044725963, 12.20205883722921]
[array([ 34.60191754,  31.11527073, -13.91909992, -34.96241811]), -15.36642523188921, 12.067490426304207]
[array([ 34.77356711,  30.17798804, -13.95185632, -35.28034177]), -15.366752707828276, 12.170153949772786]
[array([ 24.93751003,  32.29855412, -23.13352676, -32.08989442]), -15.3659550307429, 12.190521835037801]
[array([ 27.8389168 ,  34.13598861, -18.11728927, -30.16556214]), -15.352753014020717, 11.89204330440176]
[array([ 32.15561954,  33.49776076, -21.27762304, -35.78045047]), -15.354604496231786, 12.381118986397137]
[array([ 32.17056988,  33.01894133, -15.67976896, -31.29430119]), -15.36639684655694, 12.166022102251322]
[array([ 33.17956304,  33.27500246, -16.56127494, -33.42092623]), -15.366894057066487, 12.184726381479557]
[array([ 37.16429345,  32.77726224, -15.61580502, -36.46373272]), -15.359835733433483, 12.321499586937751]
[array([ 30.25581482,  35.67114562, -18.11617981, -30.74874569]), -15.363997828138126, 12.00592342526684]
[array([ 41.41473415,  35.56521869, -13.00182098, -36.95247118]), -15.366865242120726, 12.23328099283908]
[array([ 34.90414822,  33.96358727, -18.02588924, -37.98812844]), -15.368949268162897, 12.080300619215382]
[array([ 37.52143538,  33.75804502, -12.67402401, -35.69814844]), -15.36118789175425, 11.949016419791558]
[array([ 27.15749128,  33.44012303, -21.2033775 , -31.58752237]), -15.366697823079454, 12.16327868541075]
[array([ 28.19153402,  33.50841911, -20.88193512, -29.98088569]), -15.353542029796087, 12.395823259628894]
[array([ 40.40317066,  34.5266028 , -10.62756783, -34.81487485]), -15.36807519650682, 12.083933402806302]
[array([ 29.39824282,  37.75147569, -21.25067193, -31.50238596]), -15.366561366489488, 12.034913134585265]
[array([ 26.4168107 ,  39.36284723, -21.13489402, -25.76276424]), -15.364472342045081, 12.025783177418305]
[array([ 34.26611835,  35.90614766, -17.46572812, -35.08988647]), -15.365795445048324, 12.005302584785104]
[array([ 34.63072224,  37.12071765, -20.22494497, -34.76576503]), -15.359518723718532, 12.328139124242353]
[array([ 37.32052558,  32.97326018, -11.13220878, -31.62017651]), -15.36499792345262, 12.222984761516074]
[array([ 41.27705198,  33.54038287, -14.54343641, -41.17819633]), -15.368798561496128, 12.20472200333743]
[array([ 35.90252968,  36.36604256, -13.30175711, -28.85460839]), -15.363425447699242, 12.260159869375114]
[array([ 38.59636994,  32.27927556, -11.13477979, -35.01721734]), -15.367716517094825, 12.116341311883929]
[array([ 44.30253111,  31.15348007,  -9.26209581, -43.32405319]), -15.359318343262071, 11.911281460122359]
[array([ 34.5002314 ,  32.00599646, -14.59237404, -36.31969983]), -15.357317450314822, 11.914762360046213]
[array([ 38.29084525,  35.8617748 , -12.65227168, -35.95529567]), -15.348750003589691, 11.844342073792708]
[array([ 30.42907804,  34.81974638, -19.67250894, -32.50828946]), -15.367431837441316, 12.16911051486828]
[array([ 35.17471816,  35.13459765, -16.69562679, -34.25963824]), -15.367241542872364, 12.203200010837893]
[array([ 37.13224518,  30.00972418, -16.84540685, -41.66697948]), -15.365367435456207, 12.255332527872316]
[array([ 32.10263225,  32.06154727, -21.55256909, -36.81102302]), -15.350338666776198, 12.436542039946442]
[array([ 42.20054572,  31.78348871, -11.42039978, -38.86943444]), -15.361925961806538, 12.29921646215185]
[array([ 41.54062776,  34.0860971 , -11.75965202, -37.59617966]), -15.368945586014803, 12.16637395583268]
[array([ 49.12961632,  36.22214186, -11.07276   , -44.42430896]), -15.370462055024571, 12.205383175889343]
[array([ 34.47871816,  36.65583943, -16.35703147, -32.21140129]), -15.368237411991009, 12.107970435957945]
[array([ 41.31230212,  31.59374557, -14.82368799, -44.27536687]), -15.370688788213062, 12.129177189828676]
[array([ 31.64418424,  32.10753861, -16.08578904, -30.65835552]), -15.360080682492782, 12.305288811858883]
[array([ 44.56222724,  30.98131769, -14.48296472, -47.39910327]), -15.366306186681392, 12.2648902585087]
[array([ 39.35917072,  32.47233485, -12.08914597, -35.78683268]), -15.36438656727283, 12.257172146012795]
[array([ 46.96230591,  37.4869361 , -18.6771563 , -50.91042279]), -15.373792566267337, 12.168942510498493]
[array([ 42.31065394,  32.06743577, -13.49396604, -44.2525842 ]), -15.368838869712198, 12.028533066054385]
[array([ 38.67817944,  33.61286623, -19.08035079, -43.37159607]), -15.367848435738098, 12.237270259927898]
[array([ 48.30296299,  35.80664215,  -9.52836112, -43.39713256]), -15.369154016229595, 12.014707671543922]
[array([ 48.72825698,  32.99585533,  -4.98573293, -39.10497257]), -15.36875289784863, 12.181294096233849]
[array([ 41.76540718,  37.06333278, -14.84889062, -42.15427803]), -15.355358466460363, 11.869483280414]
[array([ 39.69327906,  36.41423869, -20.26550213, -45.35233497]), -15.371402474919321, 12.050510851503018]
[array([ 50.83678777,  33.75562509,  -8.17471001, -48.30063257]), -15.360539422064276, 11.900315225439277]
[array([ 40.73358328,  31.97135682, -12.32807076, -39.39478765]), -15.368855908241866, 12.165621371476774]
[array([ 37.01281137,  36.57439307, -21.92497921, -44.61686186]), -15.366742832253324, 11.965721041730168]
[array([ 39.12531516,  46.99459203, -24.23943334, -39.74692218]), -15.371382974430764, 12.013223732560926]
[array([ 50.14493698,  32.98191134, -12.59705107, -52.8556209 ]), -15.371408181710326, 12.019284490773524]
[array([ 35.78795956,  33.4625762 , -21.54903466, -43.03763364]), -15.368141622806654, 12.229785548313401]
[array([ 44.52409678,  39.76053208, -10.77455   , -34.63524289]), -15.369824783627367, 12.165732613946016]
[array([ 59.96957662,  36.20841067, -10.23071018, -57.86804058]), -15.373378043754737, 12.218032506457705]
[array([ 49.5444739 ,  39.6890159 , -25.61548835, -61.84654487]), -15.377477712691567, 12.147954473453703]
[array([ 40.96876929,  33.68501057, -25.13405893, -55.11573524]), -15.373224236355304, 12.19135765420277]
[array([ 49.44898267,  35.82840298, -10.07714098, -45.02902596]), -15.371967623796088, 12.086290182806483]
[array([ 46.90487662,  40.05630642, -11.69446306, -41.95665533]), -15.355465327226204, 11.86478517330917]
[array([ 42.89606749,  38.82894264, -22.60293056, -51.79874512]), -15.365544969737616, 11.921517152367905]
[array([ 51.68938329,  34.09783498, -12.01091836, -53.34807507]), -15.370169613498835, 11.987746424197988]
[array([ 69.88761209,  42.95144205, -33.42495273, -95.9450856 ]), -15.382052893874503, 12.236326428443302]
[array([ 51.83711388,  35.56665025, -16.49814446, -52.44858102]), -15.351498485017531, 12.399687632845737]
[array([ 57.37279649,  31.09446084, -18.57133323, -70.94770395]), -15.376021869982717, 12.20374925839794]
[array([ 55.62473876,  30.27732605, -25.87136856, -81.00650142]), -15.377935233292161, 12.023394810520328]
[array([ 47.75853539,  51.01750482, -27.21930598, -51.01862045]), -15.37721127316443, 12.065933673285441]
[array([ 78.65268464,  34.83570805,  -5.10387067, -77.50255552]), -15.376844343605441, 12.232508959395954]
[array([ 54.45043118,  37.35046031, -11.40117071, -53.66743566]), -15.366417593990363, 11.928793762112754]
[array([ 71.35317757,  31.76789666, -19.24862848, -87.07742829]), -15.359000963816536, 12.34649687946445]
[array([ 68.58337239,  42.44495543, -23.87326557, -78.72858107]), -15.358272247708197, 12.348577915111758]
[array([ 64.27131646,  40.99320297, -28.55062954, -86.29406709]), -15.377792026596849, 11.962087520821663]
[array([ 62.40065292,  45.82674739, -27.46127979, -71.93801379]), -15.358436264790738, 12.347671720928355]
[array([ 64.62734942,  34.86239556, -34.49599166, -96.28843555]), -15.365771628734988, 12.33627072213586]
[array([ 46.92490947,  43.47200016, -45.36916511, -82.85296314]), -15.379083138136627, 11.985136955128441]
[array([ 40.25900216,  29.50474329, -40.17547513, -77.15676913]), -15.367830038341147, 12.304590200050296]
[array([ 76.23516282,  39.54470467, -12.28877293, -83.20204679]), -15.366383555583262, 11.870636594049586]
[array([ 100.48713987,   40.63431695,  -13.43402301, -109.17573224]), -15.35901304241674, 12.353459800319845]
[array([ 83.57811345,  32.80625617,  24.44763991, -44.26867654]), -15.357085425242358, 12.354216250729172]
[array([ 58.82031423,  47.26009449, -22.31276225, -59.78774253]), -15.363846007725474, 12.325272525176636]
[array([ 42.25721087,  63.51908765, -18.63938994, -18.99650096]), -15.372697567368144, 12.108965844046477]
[array([ 89.24535621,  44.33017659, -11.57708092, -99.36745551]), -15.340789225102, 11.782399853724687]
[array([ 66.00411092,  38.8845295 ,  -8.41404943, -61.17485564]), -15.375907079347542, 12.195168985718233]
[array([ 103.7787881 ,   37.28867935,   -5.9039611 , -112.13496821]), -15.385087741239094, 12.037820054438031]
[array([  88.04303778,   31.75200415,  -17.3946112 , -113.65267862]), -15.373815319656527, 11.888192450726732]
[array([ 20.82350918,  39.73000737, -45.11952494, -52.7798704 ]), -15.354092728277832, 11.841996266105198]
[array([ 50.67404912,  42.7771385 , -20.00074858, -46.24613516]), -15.342382953399559, 12.548957078296146]
[array([ 74.09779093,  60.33557771, -18.78508058, -63.73529907]), -15.375151418415427, 12.281851160034744]
[array([ 16.3398388 ,  45.17019576, -55.67063515, -54.65395539]), -15.36510980603944, 11.897310145077327]
[array([ 19.12173089,  41.1891814 , -58.6422444 , -71.88948309]), -15.323257943469262, 11.725173548451064]
[array([  66.33566387,   43.42389453,  -44.86778283, -110.34526538]), -15.370818926316113, 11.860657606581311]
