[array([ 2.7718456 , -8.00517343,  2.87531269,  1.48336929]), -3.209127979330299, 2.668508039698536]
[array([ 5.12921939, -6.83454177,  2.0944785 ,  3.39259845]), -8.736543934299986, 8.187481972088284]
[array([ 2.46480735, -9.19264424, -0.61893325,  2.77478248]), -8.349839325106538, 7.792245776079962]
[array([ 3.98952398, -8.52715285,  2.64998871,  2.33127332]), -6.003203253152885, 5.284520283851912]
[array([  2.6208417 , -14.6140661 ,   1.85587234,   2.7730797 ]), -4.532431777619466, 3.6915232359853847]
[array([ 4.39258637, -7.15210669, -2.84743547,  7.6788849 ]), -11.241149351313947, 10.296614364090091]
[array([  4.22633117, -10.48169585,   4.35140579,  -3.03568492]), -3.160296512818039, 2.687426648073208]
[array([ 7.49410603, -8.9069671 , -3.71990882,  9.56412312]), -12.605832050834985, 10.49573388390257]
[array([ 6.13102898, -8.95879804,  2.60306674,  1.6447628 ]), -9.224565731527361, 8.694310177849504]
[array([ 5.39050157, -7.95961198, -7.9224352 ,  8.32998551]), -13.502725730776879, 11.393189219637248]
[array([ 2.78418795, -5.68474215, -1.02716091,  1.39464767]), -11.2320985564593, 10.27517592999361]
[array([ 6.82878106, -7.07723486, -5.92799067,  9.0625358 ]), -13.45775254186504, 11.356691845916835]
[array([ 5.91572422, -6.98374801, -4.05650236, -0.35181128]), -13.706140553667947, 12.90618887274957]
[array([-2.61972953,  0.68746783, -2.31114794,  4.49932194]), -2.738843463684195, 2.42505688475968]
[array([  7.12510971, -10.31018934,  -5.37392966,   2.7811779 ]), -13.626182537541906, 11.790246698819317]
[array([ 4.95751215, -2.31301635, -0.71770036,  2.2290476 ]), -13.667323427396655, 12.327041087487894]
[array([ 2.18235746, -7.46863949, -1.0625854 , -1.52289369]), -11.037301993289237, 10.115267158052886]
[array([ 0.45467205, -1.8646953 , -8.4270399 , -2.28106197]), -13.696652442510933, 12.987320440583959]
[array([ 7.27897738, -3.43397001, -5.68594635, -4.90119604]), -13.698977773338868, 12.989890466748648]
[array([  4.22809324, -11.13394332,   0.94247015,  -6.86721719]), -12.197330422411508, 10.863733376708664]
[array([ 3.92318202,  0.63192755, -2.65974188,  1.97468676]), -13.674355933892176, 12.951325230615454]
[array([ 7.69467499, -4.41542425,  0.23267617, -3.25052746]), -13.688746795466654, 12.974935507731173]
[array([ 7.04097884, -7.21556926, -7.56547664,  3.87025026]), -13.695567945837553, 12.9355474009838]
[array([ 0.78894492, -2.91084611, -3.06269271, -3.71000208]), -13.351046472196664, 12.604513063088547]
[array([  7.81519157, -10.6657196 , -16.5374135 ,   4.03959198]), -13.69899279942047, 12.989836977317847]
[array([  6.87257897, -12.03110793,  -8.79139942,  -0.36953052]), -13.696166896302396, 12.957158393115872]
[array([ 14.65406743, -12.25222292, -20.86882363,   6.07516075]), -13.699013305823843, 12.989934941718044]
[array([  3.48539158,  -8.32047615, -13.27616285,  13.80263544]), -13.411014676318358, 11.34932117491267]
[array([  6.03247864,  -0.82686056, -17.08561504,  -3.68438506]), -13.699013319894165, 12.989934981238436]
[array([  4.4470276 , -16.77112307,  -5.94962859,   5.74023394]), -11.010571909256315, 10.295301731689664]
[array([  5.96358886,  -2.73936961, -14.4524149 ,   6.96431962]), -13.699012760409358, 12.989889412869505]
[array([ 12.31933632, -11.70716045, -17.04695634,   9.93839527]), -13.698788891087975, 12.989484833613133]
[array([  3.78824397, -12.02144263, -18.58573538,  -4.55863852]), -13.699013372822765, 12.989934202625586]
[array([  0.99103721, -11.63751052,  -5.98133682,   4.42142663]), -10.632278206214725, 9.997205236090215]
[array([  6.9550627 , -22.06818355,  -8.901055  ,   6.31172038]), -12.225910263881042, 10.27734991204688]
[array([ 14.80433969,  -5.11951156, -28.65146096,   0.5209901 ]), -13.6990133206957, 12.98993498349209]
[array([ 15.92145306,  -5.73272192, -31.55078151,  -4.06021896]), -13.6990133206957, 12.98993498349209]
[array([ -2.68243042, -19.38821724, -19.24701012,  -7.97648184]), -13.698179611567358, 12.979298839897295]
[array([ 7.51102044, -9.28149521, -8.05630107, -4.11564524]), -13.699020547906725, 12.98985227583901]
[array([ 13.06040717, -14.1441583 , -40.32571742,  -0.44589994]), -13.6990133206957, 12.98993498349209]
[array([  5.25493235, -13.63945327,   4.17231944,  -2.70442196]), -5.5140603479177255, 4.792836786768491]
[array([  2.72564906,   9.61714468, -10.6974297 ,  -8.83690136]), -14.677957767280775, 12.758276603914393]
[array([ 17.71806265, -12.24070894, -48.54580197,  -1.84780743]), -13.6990133206957, 12.98993498349209]
[array([  4.11845274, -11.25481011, -19.18467805,  -8.57682866]), -13.699013319622058, 12.989934979003124]
[array([-2.38209638, -6.78478083, -7.40263284, -2.05083607]), -13.527371817691957, 11.896331045585082]
[array([  8.64750641, -11.04025278, -12.52510668,   0.09152944]), -13.699007754255497, 12.989853080938554]
[array([  0.46483479,   3.0170567 , -14.08839624,  -7.33342142]), -13.701710430907802, 12.985423955825548]
[array([ -3.26708732,  13.38297467, -16.00218583,  -1.58631316]), -14.155539371506036, 12.767687490035312]
[array([  7.88058335,   3.44505156, -14.22894944,  -8.52271143]), -13.699018731140688, 12.989922914866373]
[array([  7.04397067,  14.90243019,  -5.10812134, -19.69051084]), -13.353211338507654, 11.662749515209173]
[array([  8.14682813,  17.04076573,  -3.15277111, -16.65970217]), -12.975549023436493, 11.694824842310235]
[array([ 13.87499646,   0.47200416, -23.35434464,  -1.32039536]), -13.699013320695698, 12.989934983492091]
[array([  1.11173644,   6.56003613, -22.96915599,  -0.91001752]), -13.699013337732513, 12.98993496324018]
[array([-13.50080256,  27.83591785, -19.61627349, -19.90930833]), -9.452080309210185, 9.998350342823876]
[array([ -5.85278248,  31.63759411, -24.54578067,  -7.80853556]), -14.867838950782506, 11.771213551668577]
[array([-6.41096251, 14.03409018, -7.01080401, -1.77869344]), -6.556082694127033, 6.692891084302855]
[array([ -6.81322043,   3.42012366, -17.00271921,  -8.97155549]), -14.266459706020486, 12.746546386883333]
[array([ 5.90308123,  6.75581364, -6.51359573, -3.42014754]), -13.718458897063229, 12.96058192772108]
[array([ -2.53399041, -13.0345994 , -20.09716022, -11.64397344]), -13.699012902511397, 12.989934309463795]
[array([15.34657846, -1.16897398, -4.8318457 , -5.21326886]), -13.699013334426827, 12.989934913710286]
[array([ -0.41778617,   3.86644772, -16.31823556, -11.70134263]), -13.749170984011188, 12.863354151675855]
[array([ -4.18144677,  -6.72048749, -35.20770666,  -0.68575345]), -13.699013320699109, 12.98993498345633]
[array([  6.93509086,  12.16291631, -10.90635275, -23.64625751]), -14.828924579135558, 11.903320395269334]
[array([-16.55194494,  23.59910469, -19.235136  ,   0.28550383]), -8.993571531088627, 9.341252272264919]
[array([ 17.02545516,  11.8272052 , -25.19895398,  -4.2494366 ]), -13.699013320695995, 12.989934983490704]
[array([  7.87179219,  37.18762986,  -7.41341995, -10.07201969]), -12.682294650193299, 11.769134168052696]
[array([ -5.99850277,  52.12587523,  -2.89242001, -25.3117285 ]), -3.9174253535830386, 4.05452577006437]
[array([ 13.84572717,  -8.33230356,  -1.78140582, -19.98937551]), -13.701740738859034, 12.984271764799507]
[array([ 29.56699327,  -8.50249108, -27.81903344,  -1.1655215 ]), -13.6990133206957, 12.98993498349209]
[array([  6.07536706,  -4.27943462, -30.53114607,  -3.93118556]), -13.699013320695697, 12.989934983492079]
[array([ 10.32990968,  18.94997656, -13.40755013, -24.86770731]), -14.779348406197842, 12.144841164980656]
[array([  7.30988992,  23.73960418, -17.50227615,  -4.69858598]), -13.924657877870963, 12.733983672084243]
[array([  0.77659211,  20.36581672, -28.68706274, -11.79752051]), -13.754115189838307, 12.69995108309151]
[array([ 23.49140145,  -9.2928508 , -24.11604162,   4.85713148]), -13.6990133206957, 12.98993498349209]
[array([ -2.22524296,  23.83839065, -10.01659419, -29.08351573]), -9.61033967186546, 10.851013440769236]
[array([-11.64573447,  43.48525727,  -9.8773122 , -29.35696037]), -4.320366490074157, 4.5967631918669305]
[array([ 15.28899811,   0.08186636, -19.62735686, -20.48211236]), -13.699013338369912, 12.98993479630564]
[array([ 11.61402261,  46.12304356, -27.85167573, -17.53122696]), -14.78134877514219, 12.402024871048022]
[array([ 23.68924889,  19.13067881, -16.9969813 , -44.10140881]), -14.811576741725984, 12.58567222697424]
[array([ -4.47074288,  37.60692126, -24.49446922,  -8.60510224]), -14.882535241393182, 11.612805482763084]
[array([ 15.67387513,  16.26855299, -20.7151496 , -31.56594822]), -14.825622422274407, 12.938043725949544]
[array([ 12.44336943,  22.51998872, -13.22676413,   5.9633102 ]), -13.69902008911482, 12.989900357342961]
[array([  2.31578136,  25.5176893 , -15.28857518, -36.43638371]), -11.658956259003476, 11.781100528778069]
[array([  7.65267008,  26.12778814, -12.29334655, -21.54717842]), -14.767597694252158, 11.581417820788207]
[array([ 24.74857646,  -1.86899759,  -9.64401229, -27.73254498]), -13.69901565687871, 12.98987087731734]
[array([  4.96886083,  12.34829653, -23.9225678 ,   5.38283915]), -13.699013320784255, 12.989934983388547]
[array([  6.77363836,  30.84820596, -21.48573749,   1.18284065]), -13.723131735565183, 12.733137543877875]
[array([  6.84490067,  43.61889155,  -6.09685995, -39.39465899]), -9.51049425334171, 11.359310437524323]
[array([  2.26251678,  51.14158051, -34.88685894, -14.35464202]), -14.749574842296049, 12.237300056486507]
[array([ -9.19512906,  63.59181438, -41.28975118, -22.04289075]), -13.7572389651467, 11.494137703945627]
[array([  5.07827939,  43.9012671 , -28.55919548,  -5.11088363]), -14.85533517053018, 12.823431489324548]
[array([  5.77765034,  20.75995162, -26.8011196 , -31.44989713]), -14.788051107749359, 12.443248250161885]
[array([ 29.12827258,  41.32441756, -36.48746097, -22.92074963]), -13.699015622135864, 12.92372194963602]
[array([ -4.19110993,  15.11383184, -36.36482135, -21.55643954]), -13.837178667743032, 12.714620126860183]
[array([ -1.95226285,  51.8769702 , -29.68996865, -17.63007627]), -14.54492630643482, 11.53393227464937]
[array([  3.40010039,  19.78558832, -15.12924752, -38.51984322]), -12.525111556586376, 11.821080126844327]
[array([  7.75792291,  55.97436342, -41.93825792, -28.39364607]), -14.744141690962302, 12.220755110112844]
[array([ -9.06177993,  23.64800222, -42.65685029, -13.4553589 ]), -13.75103905099381, 12.690050244212161]
[array([ 28.87899627,  47.14693593, -14.73679353, -31.90250007]), -14.759533356661716, 12.23959119413938]
[array([  7.34675336,  39.68673532, -34.39671268,  -3.65094881]), -13.701612791122635, 12.717290687033604]
[array([ 12.07987525,  57.30931063, -15.76354856,  -3.88171192]), -14.973413772168758, 11.656816363025742]
[array([  6.16764779,  62.05325668, -32.90702438, -15.71470951]), -14.818561512447708, 11.904122308414175]
[array([  8.15575674,  46.12484225, -40.7723313 , -21.56880791]), -14.877754893360752, 12.938311269595896]
[array([  9.72831551,  22.86120795,  -8.80523736, -23.0979182 ]), -14.510061441436967, 11.566680372738878]
[array([  5.3293396 ,  33.72453817, -31.4251834 , -20.09221624]), -14.855130434324098, 12.81789065451307]
[array([  6.85032625,  27.09989633, -31.2285629 , -15.07782823]), -13.738055863177772, 12.682800984843272]
[array([ 18.68732281,  36.40782587, -16.87599982,  -5.52904574]), -13.992620694921957, 12.753093386307189]
[array([ -6.87817612,  47.22823369, -34.53507048, -30.37471669]), -13.428020082679806, 11.577818096124194]
[array([ 26.09150426,  48.90316143, -28.65325426, -24.50534978]), -14.88612011105911, 12.977594686953962]
[array([ 18.87578169,  54.36062096,  -3.59814196, -11.18964177]), -13.17163513105763, 11.705523503730593]
[array([  1.90028149,  76.17267391, -32.89545802,  -2.4158691 ]), -15.075865651346597, 11.605544064492738]
[array([ 15.06855476,  34.16713168, -24.05315413,  -5.58418334]), -13.70089314966569, 12.776419229247084]
[array([  7.62265356,  41.63638502, -48.08063494, -13.47556926]), -13.699046361701805, 12.87338706934113]
[array([ -5.50218338,  53.99426022, -36.98273028,   0.4682764 ]), -14.756265451352714, 12.264337568581032]
[array([ 28.83674772,  66.56922942, -39.82677743, -21.83085186]), -14.8739352615769, 12.952315063251895]
[array([ -7.6469729 ,  49.18880689, -19.72901216, -11.60989106]), -10.17915041039317, 11.838809318246572]
[array([  7.53828364,  32.43842711, -39.85200432, -19.96540975]), -13.71544893421385, 12.670260888807816]
[array([ 12.43087532, 105.68465903, -43.78845251,   4.24316547]), -14.756606375496862, 12.260679617121962]
[array([ -6.29806349,  56.83493561, -25.58013027,  -7.89076057]), -11.968432045946527, 11.79367918358197]
[array([  9.53192579,  72.42647668, -22.65396262,  -0.90943343]), -15.075479347129107, 11.598366939097206]
[array([ 27.95817458,  13.71559108, -14.24302888, -22.13633295]), -13.699016828481923, 12.989364693865724]
[array([  5.42783983,  94.81425512, -23.10759499,   1.8499335 ]), -12.183180970012495, 11.866699096639756]
[array([ 23.81525032,  95.08507271, -43.18786005, -16.34161985]), -14.755655973683165, 12.206679986044573]
[array([ 13.60459529,  46.39356887, -30.5609223 ,  -4.29571202]), -13.794085992555914, 12.71321148481389]
[array([  8.21578135,  47.76032999, -36.29825115, -11.39288945]), -14.870955398295978, 12.964367692611452]
[array([ -7.86638095,  88.27044966, -35.85449507,   2.09808833]), -12.734821471415655, 11.901289706028393]
[array([ 17.93647529,  58.19280401, -48.25515338, -12.03366916]), -13.699128433761738, 12.66426174004333]
[array([  7.3112952 , 111.07093015, -43.72741244,   6.54124578]), -14.833831552419696, 11.785831668110518]
[array([ 14.40439388,  83.6205025 , -29.1101106 ,  -8.67496904]), -14.873605375434169, 11.707304289408448]
[array([ 12.18994709,  81.53841842, -40.40439094,  -4.59016979]), -14.768527877605086, 12.297750211306978]
[array([ 13.90939618,  59.04185065, -24.89633854, -19.0239483 ]), -14.82689036064857, 11.861294027508528]
[array([ 18.05510218,  78.16575797, -36.32960104, -10.11051227]), -14.775180901808765, 12.34419629478461]
[array([ 25.84812972,  71.07406562, -36.47514643,   0.80242814]), -13.713950745230624, 12.679328767926624]
[array([ 12.45483948,  29.50483092, -26.64433576,  -1.85940781]), -13.699015268932556, 12.989792388110283]
[array([ 15.88215726,  68.37038858, -41.53480896,   0.65508785]), -13.879446745896397, 12.75057368709325]
[array([ -4.2716352 ,  73.44499193, -32.07083931,  -7.7563153 ]), -13.165171864175033, 11.704862295155106]
[array([ 17.47067784, 100.32637934, -34.13186649,  -4.01272092]), -14.82897324037318, 11.825599288631999]
[array([  6.75959498,  97.61247248, -38.70021698,  12.48062345]), -14.776018000814776, 12.183531298761228]
[array([ 14.44207749,  64.15486273, -18.39458993,  -3.12044519]), -14.847298129388625, 11.80913959724123]
[array([ 19.9069791 ,  70.15117429, -20.22727744,   3.27969002]), -14.758874388080713, 12.272232362524473]
[array([ 16.70444165, 102.31917829, -36.17713967,  -6.15534635]), -14.833824622627645, 11.779923012756885]
[array([ 10.02048635, 110.55558085, -46.79361035,  -0.88799169]), -14.8049038735844, 11.95794777087709]
[array([  2.9213634 ,  85.92897984, -39.95178578,  -5.74443412]), -14.893192034550353, 11.691509740669275]
[array([ 14.04475882,  92.03883908, -41.39883116,   1.52716109]), -14.770840179383177, 12.30828961704213]
[array([  5.00374961, 137.12367433, -51.87835139,  -8.82223604]), -14.262957834412983, 11.491673838051815]
[array([ 29.20809673, 144.70490401, -47.43392384,   1.38921848]), -14.773502131272103, 12.2383753476907]
[array([  3.42486495,  78.4425439 , -30.36332395,  -1.75317642]), -15.060025807558729, 11.566506408357872]
[array([ 13.36466149, 101.80948965, -28.94774378,  -8.59249469]), -13.97099879771663, 11.479555079084363]
[array([ -5.44661587,  89.18499988, -41.95684734,   1.36456896]), -15.028275526318755, 11.560919232588526]
[array([ 10.99213743,  93.77054676, -24.54432633,   1.64819255]), -14.103470992718348, 11.495232485147186]
[array([-7.66529900e-02,  8.04934986e+01, -3.94569243e+01,  3.02837286e+00]), -14.809258126135786, 11.956119193942273]
[array([ 17.47885027,  78.2208647 , -16.21422325,  -0.50264112]), -15.09731021667403, 11.574941249404391]
[array([  1.29621238,  68.89807601, -30.22349349,   8.22352487]), -14.7968942123147, 12.047145915841659]
[array([ -2.9841386 , 107.50317354, -42.72184025,   6.76689521]), -14.455308878237746, 11.515797107796793]
[array([ -2.31215599,  49.84651495, -30.12047095, -10.35241456]), -14.941126892790331, 11.684361211729394]
[array([ 11.52641385,  77.37994166, -23.5428056 ,  -0.31360721]), -15.017091295176462, 11.633122293374154]
[array([  4.49501761,  45.32530417, -31.77937958,  -6.2631242 ]), -14.865666405632378, 12.885763602177615]
[array([  3.35854786,  92.08466652, -35.36926921,  12.62775553]), -14.841897186565527, 11.794700950893237]
[array([ 15.53950877,  59.4416382 , -16.31528263, -10.32254903]), -14.975651074409686, 11.656075757136724]
[array([ 15.82662104,  79.02426503, -25.79199341,  -6.24995319]), -14.83840455401463, 11.794630287176604]
[array([  1.45866502,  99.62917151, -40.22883521,  13.2816419 ]), -14.846379161527764, 11.763872874508104]
[array([  4.02080112,  80.69329817, -34.92903201,   7.186632  ]), -14.781296585906416, 12.140308680436878]
[array([ 12.15188096,  73.21857055, -13.9419327 ,  -1.38027406]), -13.314746478445427, 11.635701132464426]
[array([  1.68422847,  57.31039359, -24.01508058,  -5.78621385]), -14.719382767487136, 11.550000476602245]
[array([ -2.60463815,  76.62115046, -45.26044599,   5.08292456]), -14.753886171216696, 12.249863747896228]
[array([  0.97727839,  86.17233157, -24.07189351,   8.48828872]), -12.661941367169671, 11.88506904369339]
[array([ 19.76996555,  45.59875296,  -9.93623042, -22.12891951]), -15.052452646940482, 11.601306421191156]
[array([ -6.76641287,  64.960321  , -23.96013476,   4.67731273]), -11.685941123534827, 11.780182373514993]
[array([ 15.05276779,  23.77367023,  -7.86339069, -13.14796845]), -14.7902720255386, 12.443690770474275]
[array([15.15360684, 16.27193873,  6.34830798, -5.87446861]), -14.017545612359061, 11.661757187916649]
[array([ -1.98644563,  97.15060204, -35.10837441,  -3.70773163]), -12.841333131767676, 11.902623208544927]
[array([17.10370409, 66.27393833, -8.43420912, -8.42305239]), -13.152613359561174, 11.712746700100752]
[array([ 23.15316496,  70.47339025, -23.79271497, -10.36926766]), -14.74079801587694, 12.228756558409168]
[array([ 20.89365921,  48.01155175, -20.43191108, -18.43698505]), -14.783309212512584, 12.415140230408769]
[array([ 11.68724269,  93.24656292, -39.19912167,   2.26969948]), -14.750194484526109, 12.254512900178876]
[array([ 17.29441085,  59.28860674, -19.86523866, -22.87395347]), -15.0135597603927, 11.63438328941306]
[array([12.41276563, 58.4834394 , -8.70174862, -3.90475423]), -13.068179537011309, 11.740121609506925]
[array([ 14.74746813,  46.2524831 , -18.70722544, -25.62708866]), -14.923570420259727, 11.689822011899773]
[array([ 27.93268991,  49.02305468, -15.13491142, -30.05084166]), -14.76661937138545, 12.22344931726669]
[array([ 17.51966463,  61.13423326, -21.11269433, -12.4842217 ]), -14.78698823485334, 12.10203185169889]
[array([ 28.74424588,  53.44024203, -12.00481977, -13.89791921]), -14.763887198587277, 12.294240879871756]
[array([ 20.43863818,  52.13826774, -18.14908665, -15.06876844]), -14.746333498667154, 12.237745672207264]
[array([ 19.38616177,  56.00502785,  -9.08164611, -20.37271965]), -13.745612477936449, 11.510841534515325]
[array([ 30.89702735,  62.53095783,  -5.58612909, -25.71390503]), -14.990978395327879, 11.558392793100092]
[array([ 24.37201349,  68.31779704, -21.55284456, -22.92168627]), -14.816378682566196, 11.90327583959654]
[array([ 31.11644957,  47.65449439,  -8.13478506, -19.77507149]), -14.746543998439124, 12.237771469762231]
[array([  0.40070358,  80.74377014, -40.78566077,   9.04364866]), -14.744301076410844, 12.237030153316853]
[array([ 26.05401548,  45.28422828,   3.19600765, -24.21883079]), -12.831366896558903, 11.82456861752414]
[array([ 32.25806909,  57.37379672,  -6.55889341, -23.42899518]), -14.855404255182666, 11.754383684401763]
[array([ 31.55708423,  62.64505817, -10.06542268, -27.95778052]), -14.95277075104731, 11.658635901852872]
[array([ 20.63694733,  70.80467237, -26.64229161, -16.86860094]), -14.771384122466129, 12.214655750011008]
[array([ 33.8358929 ,  37.04831215,  10.39585505, -37.98516273]), -12.364157481233397, 11.871331614816429]
[array([ 24.01434144,  58.55967032, -15.72336581, -23.88295366]), -14.850477546694048, 11.761917895441023]
[array([ 32.50492241,  48.81556374,   3.33693576, -28.462405  ]), -13.866758982803509, 11.5041770682896]
[array([ 16.13787147,  60.38620683, -14.19856405, -16.17688439]), -14.47903526974445, 11.525590732374251]
[array([ 37.13500788, 130.55624114, -26.82347952, -24.47853755]), -15.162898120174239, 11.576630093051477]
[array([ 24.08539901,  66.42522217, -12.4104343 , -32.9413515 ]), -13.531239511802273, 11.490124398545934]
[array([ 22.12618326,  89.68053067, -19.58157671, -28.19664323]), -13.369307397214996, 11.539887042455991]
[array([ 54.4273823 ,  68.98869334,  -3.5586428 , -55.97344575]), -14.886805172514219, 11.67385140748152]
[array([ 30.61566198,   4.75778015,  -7.23359984, -46.81443496]), -14.86975520868247, 12.941873811069826]
[array([ 30.62745921,  81.8868181 , -27.94132323, -23.33870165]), -14.75327920216418, 12.263023376289446]
[array([ 33.87148929,  99.59168506, -18.43259712, -31.52939761]), -14.68571530614944, 11.533739884242976]
[array([ 38.3672603 , 104.32395796, -19.1467683 , -41.89888387]), -14.442037765406136, 11.508721693517233]
[array([ 38.90067272,  70.01876281, -12.77539072, -29.34081763]), -14.78896733491983, 12.077511789453292]
[array([ 26.71036647,  83.94725013,  -8.05001651, -30.99104262]), -11.998502210735047, 11.799195787885411]
[array([ 36.80159002, 142.77740742, -32.79352385, -12.95617625]), -15.092183101735534, 11.602772755029987]
[array([ 38.26498121,  94.36143011, -23.38325755, -59.03493882]), -14.844871076552185, 11.54996351314044]
[array([ 30.10253263, 103.70211707, -22.35433354, -17.79788114]), -15.22105564107977, 11.565311171494614]
[array([ 36.47144985, 147.10447604, -42.36693317, -27.81212061]), -15.02915531658468, 11.619757860827939]
[array([ 38.64960242,  87.78256374, -17.00624661, -24.84879579]), -14.830065138037803, 11.818785293521337]
[array([ 45.48454819, 137.81673879, -33.18340111, -40.6432752 ]), -15.195828595518353, 11.574305482431882]
[array([ 45.47350038, 152.98811337, -17.47331095, -12.63495366]), -13.733865206051835, 11.45325645042398]
[array([ 34.75407597,  17.78553985,   2.48563823, -66.7621103 ]), -13.972181643419356, 11.495760140620812]
[array([ 33.89119683, 129.4386495 , -18.1325828 ,  -3.74340985]), -14.303106288186896, 11.497259653487307]
[array([ 44.71819362, 154.49299526, -37.5727448 , -40.48307716]), -15.278003548786927, 11.563436821820241]
[array([ 53.63875801, 123.58293548, -19.91263816, -49.04256241]), -15.276435455518293, 11.554492922495854]
[array([ 27.50563396, 139.37516262, -46.18478726, -14.17028887]), -14.825016100810148, 11.732944764456695]
[array([ 45.47793066, 107.88313091, -36.51973422, -57.41960578]), -14.836552072669154, 11.816351975479927]
[array([ 24.7312041 , 104.24248731, -28.36883589, -40.06911961]), -13.395688915898244, 11.458810490099657]
[array([ 36.47727002, 139.13599242, -37.8134715 , -28.8090863 ]), -15.167742321396704, 11.581956950598945]
[array([ 47.13414174, 177.99133305, -36.52385915, -21.97884929]), -15.266172477497037, 11.57713641106438]
[array([ 64.58497938,  43.13387245,   7.07500894, -90.0198428 ]), -15.236553587837005, 11.56190122078496]
[array([ 32.79396106, 133.77910591, -23.94592029, -29.78588154]), -13.303850162026992, 11.570980065724948]
[array([ 47.27674854, 160.45427963, -37.44160423, -29.28918524]), -15.100392996143075, 11.599934249122596]
[array([ 25.09271169, 136.00771936, -37.91003996,  -7.61045813]), -15.200124488460544, 11.572571747335283]
[array([ 38.79871382, 184.36700684, -51.25975431, -40.41536035]), -14.84733290551407, 11.551895846752826]
[array([ 40.80927319, 135.97652267, -43.64893544, -35.88381739]), -14.838911753555413, 11.790740991515626]
[array([ 37.42378531, 116.00098843, -29.97514204, -48.57397116]), -15.117477092389652, 11.576281849586788]
[array([ 21.48464418,  85.5175362 , -12.60493917, -11.81682013]), -13.31948743233041, 11.59811868905164]
[array([ 42.30333505, 171.57661313, -42.70539576, -16.28968891]), -14.99924860752843, 11.62788028739546]
[array([ 46.82282305, 164.33114229, -43.1445845 , -50.37492928]), -15.274655979653456, 11.57600862384962]
[array([ 68.14787945,  98.87148181,   5.39964426, -49.29271331]), -15.253564526249578, 11.562204294861338]
[array([ 62.12387858, 181.15169571, -37.97477459, -52.28502288]), -15.294980152194183, 11.540236271246508]
[array([ 27.62061619, 139.77102298, -38.19083852,  -4.25164497]), -14.948622063350282, 11.646042333487378]
[array([ 45.09956082, 164.10057137, -50.4379711 , -65.28936381]), -15.268322902265071, 11.587040391216668]
[array([ 28.21160966, 114.70460159, -37.12617728, -15.99140683]), -14.825802608109889, 11.852057183651795]
[array([ 49.0374478 , 145.50125098, -38.46810478, -44.99838301]), -14.902469642243206, 11.656941869910794]
[array([ 48.80002678, 101.25224844, -11.66426932, -48.49024798]), -14.914593114635657, 11.556699219255124]
[array([ 44.64148544, 221.7933117 , -64.38945859, -49.10343802]), -14.973743969494755, 11.564377874391988]
[array([ 52.84786896, 154.44166829, -31.56532561, -35.40204839]), -15.13469364794478, 11.590916714087667]
[array([ 56.6918099 , 257.40263921, -63.41491604, -35.30061629]), -15.243334186934709, 11.598721734185473]
[array([ 51.86270101, 117.82679241, -29.32829641, -68.73908344]), -15.262334768621008, 11.554002699357806]
[array([ 45.2035901 , 193.34349577, -55.29835025, -50.05887338]), -15.24893016528849, 11.595317223117558]
[array([  40.06909703,  273.94627649, -101.8888233 ,  -52.26977294]), -15.309872068192842, 11.540378649589535]
[array([ 74.31092708, 135.30178883, -11.86966673, -64.68512437]), -15.285981022865538, 11.545258814157886]
[array([ 73.65733031, 183.80458504, -42.03295259, -96.44782632]), -15.262402120989265, 11.60048642203379]
[array([ 43.6501694 , 186.36624476, -71.28714617, -51.76118635]), -14.829879737878318, 11.739346341615395]
[array([ 16.43444725, 183.61116461, -88.12867731, -17.83809966]), -14.781030282433147, 12.090240944321557]
[array([ -2.64849389, 125.41217437, -78.03141377,  -5.15541936]), -14.728135796718792, 12.228981683915464]
[array([ 51.49686998, 281.76026294, -77.95787289, -51.47469175]), -14.280023288993618, 11.473940926107945]
[array([ 61.28871024, 287.95193909, -83.07324381, -45.62367213]), -15.31004808815298, 11.533094903920311]
[array([ 58.29767399, 101.27342488, -18.8900168 , -67.06051864]), -14.91939671441358, 11.653084163744454]
[array([ 38.73633302, 115.45731946, -14.58317224, -11.77885764]), -15.197029749637867, 11.56762795614231]
[array([ 61.57068202, 202.30641752, -42.01037071, -50.397716  ]), -15.215809958280122, 11.593385815646181]
[array([ 29.01638   , 132.86957757, -36.87319245, -14.61094327]), -15.093050639828926, 11.602754385614173]
[array([ 40.50486552, 110.8603702 , -28.61789733, -50.05093099]), -15.268708775736926, 11.553496540081062]
[array([ 29.67658755, 193.97903487, -66.46491943,  -5.67259116]), -14.825357672376448, 11.736028436393196]
[array([ 66.24652813, 227.11631246, -56.60904108, -44.11638676]), -14.981970428659379, 11.631533856886781]
[array([ 46.74006667,  91.47408971, -12.50162386, -38.82017841]), -14.982788446533176, 11.636683092650097]
[array([ 78.50848177, 296.81591669, -95.39023838, -81.40428622]), -14.885916373537883, 11.658625132640983]
[array([ 38.03465399, 252.24918582, -85.23625618, -33.58164409]), -15.30325772485872, 11.533961630496957]
[array([ 34.13449895, 167.05754724, -44.74750878, -33.12282811]), -14.49482595121039, 11.511836364983106]
[array([ 48.0088912 , 168.3400405 , -44.26027579, -42.95038538]), -15.263645552034543, 11.554526005228121]
[array([ 54.54619889, 246.21487766, -48.24441079,   5.09083085]), -15.293394550496453, 11.543953893430864]
[array([ 76.34735324, 219.10171839, -47.94307438, -59.65173859]), -15.107283363623713, 11.597117394793443]
[array([ 39.49566119, 240.84633781, -74.22452241, -28.77530108]), -15.289195680765888, 11.562831597063504]
[array([ 65.75984569, 158.02264171, -35.20494189, -66.08415917]), -15.023621805400504, 11.619950358341535]
[array([ 33.2282927 , 228.26405322, -59.75127056,  19.16733028]), -15.13646161948793, 11.590466699578204]
[array([ 30.33537703, 159.05651344, -58.71317753, -35.56628114]), -14.925858436892344, 11.649489121640775]
[array([ 20.6911955 , 236.17705679, -79.70465601,  -1.75668266]), -15.286889682034685, 11.562674523907699]
[array([ 40.71785283, 195.69113398, -52.18490351, -21.60509458]), -15.291566883243725, 11.544469141749838]
[array([ 47.37452968, 227.25011689, -56.85701328, -38.58995126]), -14.401554442774474, 11.498309862760122]
[array([  0.79341333, 128.6770038 , -43.91099147,  27.86883502]), -15.109270432916919, 11.598647420797613]
[array([ 38.11388723, 253.0280492 , -72.51071641,  -0.35058788]), -15.28268073858552, 11.54987375927789]
[array([ 45.38464056, 197.0751391 , -54.53224206, -45.73758619]), -15.233171863550872, 11.594644833291314]
[array([ 37.5107566 , 311.8126424 , -99.41157906, -10.49644222]), -15.293371072228794, 11.541330765917264]
[array([  4.42936111, 111.81794678, -47.7219822 ,   4.88448282]), -14.833894221327784, 11.781604764289424]
[array([  29.37624782,  325.1935534 , -103.73897407,   12.30525465]), -15.294206259911189, 11.539259240088144]
[array([ 62.02228883, 151.62979196, -29.07324735, -46.00405257]), -14.88021479045337, 11.663644763560628]
[array([ 12.39847864, 197.8952854 , -57.71751846,  45.64579534]), -14.902326929866652, 11.660709897808346]
[array([  22.13087426,  372.95050896, -126.57829299,   41.74488307]), -15.02611622711341, 11.61632234878832]
[array([  16.81047949,  343.29194682, -124.59744312,    8.1537286 ]), -15.290800659652838, 11.559884378081012]
[array([ 21.95693569, 276.63847339, -97.99464531,  -8.43948265]), -15.288676004091938, 11.569348802457483]
[array([ 57.93511864, 235.72482907, -50.06240508, -34.92567965]), -14.76137699421991, 11.544570906865797]
[array([ 52.80426867, 228.58071243, -69.73914382, -41.76154788]), -14.977859359326688, 11.632827187933705]
[array([  25.53791754,  309.08337844, -104.81766055,    7.81474837]), -15.306502824905843, 11.534901228642246]
[array([  19.92748578,  328.93696957, -104.91056373,   23.21265469]), -15.218332839497162, 11.593479963074895]
[array([  20.2157711 ,  406.96055115, -128.67257544,   38.95461779]), -15.140553912674166, 11.577850265447058]
[array([  21.75690647,  312.77692808, -103.11903712,   15.72118715]), -15.288733154897384, 11.57224694683829]
[array([  29.75402055,  383.36216631, -118.01980533,   36.83078911]), -15.295343707827838, 11.532670807492199]
[array([  10.64262636,  429.76845139, -128.96096789,   91.71016349]), -15.275736524990586, 11.60651397004533]
[array([ 22.50108021, 211.93109988, -80.51932538, -18.5858893 ]), -15.089359721121484, 11.60221115627765]
[array([ 24.65988282, 213.41710373, -75.7413437 , -16.75148809]), -15.276368154552916, 11.550705576814874]
[array([ 40.75403905, 224.72378621, -61.78218803, -28.11380522]), -15.102202536843574, 11.57834769631533]
[array([  -0.61970924,  291.61447914, -124.60424365,    6.95896794]), -15.299182071194714, 11.543941586971286]
[array([   8.27542808,  430.94414474, -161.36565971,   21.70574696]), -15.28556034014347, 11.611095993734615]
[array([  38.59677912,  412.43051902, -121.84998513,   28.59714183]), -15.28894502351586, 11.59441431526203]
