[array([-2.22428117, -2.57695541, -1.76389521, -2.14453744]), -2.492078771483412, 2.4179213450422314]
[array([  0.65861391,  -0.98449718, -12.04777058,   0.80263209]), -13.42181630750994, 15.743419761695433]
[array([ 3.15577892, -5.73002936, -6.64465835, -4.18573149]), -13.42077835225103, 15.740098321916113]
[array([  3.21706542,   0.83327609,  -3.21762475, -11.67938095]), -12.050464522341963, 15.882066564947463]
[array([-0.22545613, -7.73128081, -7.57985878,  9.01218262]), -9.273244931203509, 10.747462229965958]
[array([-3.85842306, -4.33932546, -4.97701168, -4.41379408]), -8.629176104296805, 8.799551945507856]
[array([ 1.3933012 , -0.65863885, -4.20032182,  3.92700734]), -13.241003152212757, 14.10405380168208]
[array([ 0.16895477,  0.35901826, -9.65538698,  5.32200844]), -13.421497297933652, 15.696503279899666]
[array([-1.86920968, -5.57570891, -5.99760562, -2.5658731 ]), -12.95450325594983, 13.796668943175623]
[array([ 1.42380636,  1.30838443, -3.14463703, -0.51848747]), -13.166313221583685, 15.45000092818801]
[array([-5.81274419, -1.03660784, -8.9953718 ,  0.37042757]), -12.579911296526102, 13.697101319622387]
[array([ 3.98460755,  0.86029496, -4.40385567, -1.11587879]), -13.415910207083241, 15.737147057282296]
[array([ -4.67435546,   1.85780473, -10.61602905,  -0.03693202]), -13.354784180259877, 15.668640357645783]
[array([ 0.08004268, -7.45972933, -3.13660793,  5.6759438 ]), -7.161185282602525, 8.234057549319418]
[array([-3.51400365, -0.81783459, -2.97348462, -0.7361641 ]), -2.300367000406125, 2.222764425370448]
[array([-1.81027593, 10.62350883, -6.97411234,  0.38498036]), -11.854927006403601, 15.632344719403111]
[array([  2.18040432,  -2.17456371, -11.83172598,  -7.23411019]), -13.421788310803882, 15.74361563859116]
[array([-7.66019329,  1.30906709, -8.63585877, -0.28611422]), -8.066135812373751, 8.824093200018456]
[array([-1.36298911, -4.18541094, -1.09291056, -1.84668805]), -2.7958907623645137, 2.7910392372162938]
[array([-2.02903556, -6.8014547 , -9.26158224,  7.21578508]), -9.901618927332585, 11.4519810561438]
[array([ -2.72807453,   3.7417818 , -14.58321069,   0.83698758]), -13.421627395338314, 15.743441539153386]
[array([ -7.01679327,  -3.04685877, -14.67303002,  -7.70450423]), -13.38314130158545, 15.729606602160233]
[array([ 0.20211187, -1.11019792, -8.96342457, -1.16442636]), -13.419806977642514, 15.739907522550192]
[array([ -0.03351637,  -0.30579616, -15.73763605, -14.09516527]), -13.391662849162294, 15.742253245793814]
[array([ 4.1061188 ,  1.31048977, -7.32042141,  4.89589214]), -13.421659224220306, 15.740770678078013]
[array([  3.84917305,   1.38074929, -17.97146224, -10.32882458]), -13.42186673756088, 15.743640427086152]
[array([  6.38750277,  -6.34923174, -13.71704688,  -7.08630733]), -13.421876969960527, 15.74364088775185]
[array([ 4.03736115,  1.55656344, -7.0182718 , -8.28518066]), -13.351379087915117, 15.73926026709864]
[array([-0.93994333, -6.50224619, -7.19187931, -8.25796453]), -13.374148693790314, 15.688218112445266]
[array([ -0.2434794 ,  -2.40699208, -13.72124808,  -3.96344052]), -13.42184358032771, 15.743600030245746]
[array([  0.04497313,   1.4214927 , -15.58893774, -10.91653268]), -13.413080590952198, 15.743207360071283]
[array([ -0.41848777,  -3.6354778 , -22.26666933, -11.81336873]), -13.421876610798519, 15.743640918377883]
[array([  9.89250151,  -9.70600077,  -3.99288149, -11.93655041]), -13.421850790233403, 15.743614541321167]
[array([  2.90300181,  -4.75318891, -14.34313261, -10.55500198]), -13.421871168188645, 15.743639845001862]
[array([  5.01148894,  -3.98788101, -18.95880232,  -8.5856792 ]), -13.421877005714723, 15.743640945323117]
[array([  6.62745806,  -1.0930215 ,  -8.0181201 , -10.03422826]), -13.420833612072753, 15.743576449392142]
[array([  1.73219936,  -5.78879979, -15.55914049,  -0.18659342]), -13.421877534831978, 15.743592085180335]
[array([ 2.84949603, -2.72141157, -8.69207529, -6.54614537]), -13.42136521491546, 15.743363782760392]
[array([  6.78311415,  -5.84992273, -15.89091672,  -3.7000528 ]), -13.421877005963799, 15.743640933573712]
[array([  0.26512325,  -4.61403107, -13.50847636,  -3.27474283]), -13.421856495262643, 15.743580759680064]
[array([  6.9014615 ,   0.58845295, -23.83244395,  -7.2036639 ]), -13.421877008816711, 15.74364094647281]
[array([ 9.71202641, -1.91483261, -8.6943956 , -8.55075032]), -13.421873559170796, 15.743640525250862]
[array([  3.96272194,  -1.56012508, -21.58537863,  -2.01642433]), -13.421877008692835, 15.743640946210986]
[array([  9.1389748 ,  -0.09155414, -17.16305783,   4.18018028]), -13.421877008795486, 15.743640944687783]
[array([ -3.48484083,  -0.85355833, -19.80390251,   4.68587553]), -13.4218781550501, 15.743519049779412]
[array([  0.62120551,  -6.13744317, -21.32443037, -15.54989695]), -13.421875930352138, 15.743640883284694]
[array([ -0.59617857,   3.05597454, -12.69021625,  10.75964285]), -13.423894872965592, 15.680721989660201]
[array([ 1.71215677, -9.07383645, -7.61815937,  8.51702294]), -9.985439963615622, 11.689659041756114]
[array([  8.38251937, -12.092967  , -10.0578223 ,   0.19857311]), -13.422213695366134, 15.73483699663549]
[array([ -1.97936619,  -1.49687353, -13.78325516,   3.33138847]), -13.421813963865745, 15.737834810072494]
[array([  6.93043097,  -9.31738771, -22.79675647, -11.48371214]), -13.421877008852867, 15.743640946472397]
[array([ 4.20939016, -0.20486176, -8.0038336 , 13.44874536]), -12.885779561850411, 12.065853254565145]
[array([  6.26770234,   3.81524801, -19.44612332,   8.38737785]), -13.421877008770698, 15.743640942274483]
[array([  1.53853084,   0.99716416, -18.75411988,   3.18640861]), -13.421876977507697, 15.74364080332037]
[array([  5.1020872 ,  -3.31465381, -18.22407787,   5.01388375]), -13.42187706455086, 15.743639420821882]
[array([  5.88913923,   1.21759243, -15.77041586,   7.08026662]), -13.421877021343105, 15.743640157788352]
[array([-0.21181693,  2.88417779, -8.39837122, 13.56836131]), -12.09729124027649, 12.117687362276785]
[array([ -2.98579807,   0.0646839 , -20.82707463,   6.56222339]), -13.42187863402323, 15.743575913894004]
[array([13.11040817, -3.22437498, -5.94449761, -1.3249361 ]), -13.421876902141179, 15.743640533578212]
[array([-5.77886262,  4.88418171, -6.93369639, 12.39390925]), -5.4067313433189135, 5.838274416392321]
[array([  5.49715908,  -9.46265831, -16.84845518,   6.63247449]), -13.422137893927742, 15.736933912924455]
[array([  4.05883002,  -8.26526379, -20.59105689,  10.13722066]), -13.422128317849374, 15.737552141257746]
[array([ -3.40080994,  -6.06175303, -11.92009841,   3.93148204]), -12.66268635580987, 12.154317552884555]
[array([ 4.85164803, -9.64065599, -7.41260194,  8.63393001]), -11.461202486204808, 12.667939007360049]
[array([ 13.14893416,  -9.07354552, -25.18447752,   3.14494086]), -13.421877008856988, 15.743640946457056]
[array([  4.54805592,  -9.72469508, -11.61478531,  -4.56799636]), -13.421876986883507, 15.743540726588058]
[array([  1.7491974 ,  -7.23599791, -13.22632431,  15.17848039]), -11.49625830590435, 12.83108134261906]
[array([  2.21698238, -14.83960232, -14.97136142,  10.43679323]), -11.612762476489523, 12.906036373826408]
[array([  0.65141295,   0.08588178, -29.37015912,   6.15385552]), -13.421877008860612, 15.743640946252778]
[array([  3.74470894,   6.66265827, -28.37088184,   1.84298301]), -13.421877008855226, 15.74364094647556]
[array([ -0.82527019,  -0.6300467 , -21.00340332, -16.12237895]), -13.419858833472217, 15.743563900951456]
[array([  6.27684553,  -2.75959221, -21.85389407,   4.90729319]), -13.42187700908344, 15.743640939806504]
[array([ -3.00070019,  -6.95210787, -24.27139136,  -1.5691061 ]), -13.42187701315781, 15.743640200282455]
[array([ 12.84691345,   9.64223697, -24.82035146,   0.76026442]), -13.421877008856164, 15.743640946475919]
[array([  3.36080205,   2.56079351, -28.12684753,   7.22340978]), -13.42187700885599, 15.743640946461703]
[array([ 11.55329995,  -7.02852194, -22.24166351,  -6.55219929]), -13.421877008856235, 15.74364094647583]
[array([  3.81806134, -16.93245039, -31.31027558,  18.30897059]), -13.379184999714047, 14.391092802601774]
[array([  0.60802519, -10.15372121, -28.18507137,   3.12343872]), -13.42187703655287, 15.74364022573175]
[array([  5.8783509 , -10.00101114, -21.06500134,  12.1636193 ]), -13.422947901718466, 15.721081417371755]
[array([ 10.13141521,  -0.92610073, -29.58116209,  19.02184405]), -13.421877009195953, 15.743640938779704]
[array([  8.19205403, -13.8289134 , -30.64963706,   1.38496948]), -13.421877008863946, 15.74364094627772]
[array([ -6.57838735, -10.93843572, -23.14280846,  14.3526025 ]), -11.429579565592222, 12.895981152242305]
[array([  6.47812413, -11.70311459, -27.41586777,   6.64810173]), -13.421877032159982, 15.743640385383888]
[array([  7.3532499 , -16.52499584, -21.11122536,  17.04750492]), -12.42226075944733, 11.309377961754949]
[array([ 11.46049073, -12.04774812, -18.89083897, -10.22915896]), -13.421877008854926, 15.743640946470938]
[array([ -0.35834738, -11.07420054, -16.15320823,   5.72001775]), -13.085037747755099, 12.45457570262033]
[array([  4.54685666, -15.67400102, -18.36826739,  10.47167021]), -12.59428175513677, 11.333091897271835]
[array([  6.35307301, -15.26453665, -30.88033497,   6.25033135]), -13.421877028429012, 15.743640533938859]
[array([ -3.55340807,  -7.9851903 , -20.36707348,   9.50879276]), -13.178209204517533, 12.85265944394038]
[array([  1.21259519,  -4.50948113, -21.80250565,   5.18247265]), -13.421877302849968, 15.743633325202401]
[array([ -0.58604124,  -9.57478924, -26.71917043,   3.21029821]), -13.421877256745958, 15.743634504855583]
[array([  9.26055697,  -6.22452774, -27.91835653,   9.21455121]), -13.421877008906604, 15.743640945179695]
[array([  1.50238685,   0.67418265, -19.23889733,   9.5116903 ]), -13.421878244197256, 15.743608119101111]
[array([  6.43865984,  -4.33007369, -19.2653924 ,  -0.25643163]), -13.421877008734814, 15.743640943739651]
[array([ -0.34602914,  -5.55653304, -20.81266929,   7.11421341]), -13.421941151639714, 15.74197218410155]
[array([  1.10214246,  -6.98189934, -24.97106811,   0.17746389]), -13.421877009858564, 15.743640914190479]
[array([ -5.09097149,  -6.31115647, -25.15920894,   0.2523034 ]), -13.421877200881266, 15.743633483868228]
[array([ -2.08638821,  -5.10805403, -27.68604047,   4.86405469]), -13.421877037919424, 15.743640195728895]
[array([ -2.99328671,  -6.7838724 , -33.55378176,   0.65100803]), -13.421877008871757, 15.74364094600445]
[array([  0.90167388,   0.20323003, -25.19138242,   8.78369772]), -13.421877013380541, 15.743640824628871]
[array([ -8.40141346,   7.64852825, -10.33646919,  11.47101347]), -8.898193381481125, 9.02001275534113]
[array([  6.25517341, -11.07181644, -17.89085606,  -3.98725829]), -13.421877015158943, 15.743640739808798]
[array([  7.87042068,  -2.06829349, -24.21271436,   8.7726027 ]), -13.42187700895822, 15.743640943849154]
[array([ -3.21776007,   3.40020903, -16.65746001,  11.72388297]), -13.422931041229269, 15.713945481530335]
[array([ -3.49524061,  -2.67181625, -24.29139952,   5.63877206]), -13.421877695241049, 15.743622118006513]
[array([ -4.40712255,   1.95594764, -15.37687747,   6.70762867]), -13.42170377567194, 15.731177525573914]
[array([  5.40584017,  -0.90685083, -21.34587553,  16.20929966]), -13.421885722333812, 15.743423397979607]
[array([  4.16946765,  -5.58701836, -23.67414107,  11.29508646]), -13.421879333833154, 15.74358258363838]
[array([ -0.84039199,  -7.42902518, -17.25864926,  -2.49837947]), -13.421876557977846, 15.743577764429894]
[array([  2.03292191,  -6.75423749, -27.13689007,   3.65536936]), -13.421877010101083, 15.743640914407361]
[array([ -5.76049325,  -2.35862332, -17.64402464,   9.77061909]), -13.250690875391827, 13.132691536901568]
[array([ -3.76333894,   8.9775815 , -11.32495952,  21.80050075]), -10.62449566259284, 12.009932977876412]
[array([  2.13629736,  -3.42482311, -16.23765089,   2.40466223]), -13.42187732020074, 15.743620509773098]
[array([  4.74149031,   1.268349  , -18.25611169,  14.44419941]), -13.421885275961843, 15.743425810626645]
[array([ -0.03684391,  -6.16148344, -25.26816419,  10.77193939]), -13.421910296308932, 15.74280554464538]
[array([  1.27720152,  -8.79907731, -10.9779387 ,  18.15797085]), -9.218597405231819, 10.87069301138588]
[array([-4.29171193,  8.5648848 , -7.55855297, 16.34461682]), -8.922149510918528, 9.878315917306672]
[array([ 8.29339565, -4.5415983 , -5.47043222,  8.61167531]), -13.390984794528869, 14.20562769029347]
[array([  0.1914174 ,  -2.63376914, -14.71499115,  14.41152874]), -12.719881529682931, 11.730197592457888]
[array([  5.28191691,   1.12252878, -16.18774011,  15.02211783]), -13.4219528582568, 15.741662802803877]
[array([ -0.82908642,  -2.08855975, -21.30306275,  20.14523678]), -12.900609276176175, 11.915918059663616]
[array([  4.14699936,   2.20313312, -17.15858694,   2.08196076]), -13.421876997757185, 15.74364092682025]
[array([  3.19436789,   2.11343874, -22.67354574,  11.96436007]), -13.421877028631235, 15.743640434982096]
[array([ -0.25233811,  -7.05158546, -20.23209178,   3.44446622]), -13.421890251950304, 15.743299727559124]
[array([  5.9395575 ,  11.84558022, -18.65106238,  24.55433546]), -13.42187808691763, 15.743612940135902]
[array([ -3.22287124,  -4.56926737, -16.59946671,  10.6237734 ]), -12.785977725122107, 11.873843771829062]
[array([  0.11207038,  -4.69095315, -24.96456431,   4.62421549]), -13.421877034784593, 15.743640269039803]
[array([ 10.63594532,  -1.5043336 , -20.68133834,  16.27817007]), -13.42187718355708, 15.743636664251122]
[array([  0.55443725,   2.05476838, -12.23816847,  21.86560842]), -11.270113348965182, 12.697917424302144]
[array([  9.22150716,   2.16278662, -12.97201462,  10.31021333]), -13.421877152227204, 15.743636959594879]
[array([  1.22014431,   7.42348237, -19.56877168,  20.03846158]), -13.421921109221527, 15.742494488832492]
[array([  5.4304781 ,   3.23935191, -19.36431446,  15.63885793]), -13.42187766412438, 15.743623947962123]
[array([  0.72640588,   5.5101918 , -11.2645256 ,  17.65341616]), -13.272625865522116, 13.246315935055822]
[array([  5.93686014,   2.63486252, -24.19450513,  24.45694087]), -13.421909385911523, 15.74296828893079]
[array([  2.21297245,   9.53677857, -21.18005103,  25.06712734]), -13.421930291597704, 15.742268168373203]
[array([  3.79298395,   1.1298216 , -17.6266522 ,  15.93810701]), -13.422066993530146, 15.738689904546758]
[array([  5.66738396,   9.14517757, -17.02694224,  27.9144769 ]), -13.424225642853811, 15.683105472515678]
[array([  2.61923933,   5.00842328, -18.75975614,  13.30813282]), -13.421877387815407, 15.743630542395621]
[array([  7.95428106,  -7.02951841, -17.17402345,  17.724488  ]), -13.388531233947026, 14.476883017417956]
[array([  3.56008913,   5.68276478, -10.65490434,  14.77813473]), -13.422933382524901, 15.715140277415866]
[array([  4.18774751,   0.32032074, -18.72099639,  12.9474305 ]), -13.421882370854206, 15.743501683544315]
[array([  9.4519409 ,   4.75805496, -16.16737374,  25.55065908]), -13.422886300658341, 15.720904117149075]
[array([  1.78767308,  -1.60985568, -18.47487568,  19.32302324]), -13.196347105359198, 13.05099844094828]
[array([  2.66065731,  10.47422169, -20.8074134 ,  31.14107247]), -13.427812201097597, 15.575086426708333]
[array([ 8.30076567,  4.85193659, -3.89183952,  9.15482894]), -13.421796775526634, 15.741176064843879]
[array([ -2.45876984,  -5.38561332, -19.75882273,   9.45225859]), -13.42960320156665, 15.446859394292893]
[array([  3.64800693,  10.93210789, -12.6163542 ,  26.509197  ]), -13.39856634641807, 14.397780577876173]
[array([ -0.90918345,   3.51626642, -14.99763165,  21.90712593]), -12.057041444762499, 12.199668617917482]
[array([  9.72436492,   7.35667445, -18.33032755,  27.77595238]), -13.421939846884234, 15.742243543892924]
[array([ 10.62678301,   3.94886981, -20.92202417,  26.18102134]), -13.421888893179666, 15.743399317532809]
[array([  2.77540455,  22.53411838, -12.84628433,  35.47940166]), -13.429339661698213, 15.481071107674246]
[array([  0.60464901,  16.13336607, -13.06467634,  25.53535241]), -13.424241871440934, 15.67823127571533]
[array([ 5.12652185, -1.86111912, -8.54837236, 11.87680627]), -13.301035649306579, 13.433625303774352]
[array([ -3.86650377,   4.40123959, -20.75851324,  11.73405707]), -13.421888901409458, 15.743271485024167]
[array([  4.98499588,  -2.62417759, -14.18191036,  11.32286566]), -13.422652494102392, 15.723008813569656]
[array([  2.24566804,  10.59434939, -12.66124144,  28.3300915 ]), -12.507390030873088, 11.702338626625806]
[array([  0.8958037 ,  11.57522922, -12.94527266,  28.72544073]), -12.314969963251585, 11.893877761672892]
[array([  1.80308941,  -4.08669934, -18.0577382 ,  14.81030215]), -13.415684776571881, 14.777604415698816]
[array([ -8.97973739,  -9.2400445 , -19.55166888,  -7.15175419]), -13.421356939906191, 15.741404283958735]
[array([  1.35920933,   6.90347916, -14.3214514 ,  25.55585988]), -12.493323361935303, 11.663976685928795]
[array([  6.94266224,   4.8042927 , -13.9160633 ,  25.35399439]), -13.37130914615419, 14.230661715787619]
[array([  1.95158092,   9.71461162, -12.64968327,  17.30649052]), -13.422033251645999, 15.73897838504736]
[array([ -0.42760349,  12.75807988, -15.63081725,  20.81549227]), -13.422018117715352, 15.739668635419779]
[array([  5.4257486 ,   4.4884018 , -16.191876  ,  20.24572397]), -13.422264347563026, 15.733590594101518]
[array([ -0.45831354,   1.92388456, -19.10929433,  15.21746261]), -13.42257544902362, 15.725114314636777]
[array([  3.62678641,   8.6348534 , -19.58578711,  26.74472312]), -13.422653391629947, 15.724319214626474]
[array([  0.79001924,  12.71106887, -16.92077291,  25.82998632]), -13.423352311522452, 15.703645967424682]
[array([  0.29102419,   6.60481698, -12.85861477,  15.86992083]), -13.42523582073182, 15.647648012443069]
[array([  1.24869753,  14.31880203, -15.22619447,  22.25728138]), -13.421912029435338, 15.742645611230243]
[array([ -3.54609178,  17.64515514, -16.38945024,  22.87320276]), -13.42188187738806, 15.740684743481923]
[array([ -2.80965888,  25.24999628, -13.17335247,  29.58712753]), -13.421379874674528, 15.727858529297905]
[array([  2.83253472,  15.18510877, -10.58471253,  27.20056329]), -13.427945501050756, 14.878593899547623]
[array([  3.13381719,   8.34681273, -16.23684511,  26.94624275]), -13.406087494444582, 14.604215915109666]
[array([  4.71325822,   4.51644901, -20.09771613,  23.06151434]), -13.42212345691323, 15.737699797743439]
[array([  3.97241204,   9.23242979, -13.59645183,  19.42295094]), -13.421986881543445, 15.740800470955243]
[array([ -1.97452156,   8.83684586, -10.22215521,  15.67746565]), -13.407944394159315, 14.690982222873892]
[array([  2.76319365,   5.41738525, -14.2771047 ,  17.2199517 ]), -13.422722689460238, 15.721304229591022]
[array([  4.5398254 ,   9.97026451, -13.31615807,  25.17552388]), -13.428747764827557, 15.499401879904083]
[array([  4.34777529,   9.99596408, -18.73716679,  33.87051537]), -13.180613132266677, 13.064856209045892]
[array([ 1.39210356, 18.0211318 , -9.69868934, 22.93563836]), -13.421772069669865, 15.730849002022019]
[array([ -1.52267507,   7.06268864, -19.33913952,  19.03510287]), -13.422339496774123, 15.731531637008539]
[array([  3.33645842,   8.93253505, -15.70099671,  23.86824908]), -13.424037447161512, 15.683690235483079]
[array([  6.91355793,   9.33476699, -14.25106876,  24.09625604]), -13.422111027670015, 15.737532391482098]
[array([  6.80057735,  12.19905256, -11.51161823,  26.63267143]), -13.4245739129925, 15.667231517666345]
[array([  0.3485061 ,  14.98118525, -12.78228348,  29.70603004]), -12.85645402120356, 11.971205303147729]
[array([ 2.91248584, 17.13317428, -8.818945  , 29.44687227]), -13.160817333233155, 12.754153882831611]
[array([  1.87939887,  12.85710029, -10.01506797,  25.0402545 ]), -13.240673058812652, 13.083587432578877]
[array([10.88029366,  8.94578327, -9.21288689, 20.96886045]), -13.421927420979124, 15.742334177315836]
[array([  3.64966198,  10.66150536, -11.23649627,  24.14031292]), -13.427499595659423, 14.929084663142966]
[array([ 6.86441247, 14.92377716, -9.99188987, 31.20922482]), -13.390071293852168, 14.31048390667748]
[array([ 8.99901717, 19.54112126, -9.12725377, 40.76734295]), -12.532690246936218, 11.520411789683262]
[array([ 4.17857501, 11.7406601 , -9.67093924, 24.38566711]), -13.423222834383827, 14.748955107332005]
[array([ 3.92175222, 13.92696145, -9.95267551, 29.10470255]), -12.96976590402346, 12.14312089549293]
[array([  1.4233762 ,  13.95700278, -17.26412549,  28.16931135]), -13.423445681462422, 15.700882371349337]
[array([  4.5730738 ,  15.64649483, -11.16951677,  27.70863824]), -13.42547128663923, 15.640433250427582]
[array([  1.61173624,   8.64313173, -13.31807539,  18.835082  ]), -13.423357314653796, 15.704088012502613]
[array([10.372052  , 13.88781036, -7.73231627, 31.42914306]), -13.390602132226558, 14.359740967589552]
[array([  9.23315658,   7.34627137, -12.46014623,  26.27813115]), -13.427903564336024, 15.555718462877056]
[array([  5.90435594,   9.50938825, -10.17903848,  24.36278464]), -13.423371652320565, 14.845670518569403]
[array([ 9.48981099,  9.79396274, -9.38946578, 26.72522603]), -13.430257124062443, 15.303713608529565]
[array([  7.37573804,   9.90659578, -14.68861575,  26.67091325]), -13.422531492134844, 15.726822488659533]
[array([ 8.3773561 , 14.59783254, -8.81823497, 29.63345301]), -13.43048282034776, 15.352880564180118]
[array([  9.03325249,  11.61563125, -11.94488638,  31.61344845]), -13.417238783134215, 14.827027973896374]
[array([  2.36279377,   4.76543861, -15.46891311,  18.65232085]), -13.424476720600719, 15.67030986347307]
[array([ 7.50839262,  7.60643844, -9.40132185, 22.80640111]), -13.42998397141258, 15.158486317156108]
[array([ 8.92207049,  7.05924504, -9.83667728, 22.933365  ]), -13.427654613029562, 15.554033437157612]
[array([  6.10554304,  13.34967326, -11.97656978,  29.24975396]), -13.43019893247697, 15.374245784456294]
[array([12.03072229, 12.3846599 , -8.16111583, 31.82164272]), -13.406007295275492, 14.621958497182076]
[array([ 4.94805906, 15.89500071, -9.64495349, 27.15486037]), -13.426901374497179, 15.593417450499606]
[array([  7.47434326,   7.50056751, -12.05053486,  20.48702424]), -13.42209799946598, 15.737860743770984]
[array([  8.82223616,   6.06102017, -11.68972621,  24.05958445]), -13.428893347521981, 15.495865682368608]
[array([11.01212458, 20.49271718, -7.59977055, 33.61265747]), -13.422494335767439, 15.72731213942884]
[array([11.59526623, 11.91573058, -8.55558231, 28.04491   ]), -13.424116816495637, 15.682052828553026]
[array([  6.52174468,   8.82987872, -10.75587317,  25.091571  ]), -13.416528586065983, 14.72649454457883]
[array([ 5.37205251, 19.66585328, -9.58928824, 32.98939396]), -13.430297253082347, 15.071924277994412]
[array([ 7.64424297, 15.11577415, -8.23136479, 27.1199901 ]), -13.424920694045884, 15.65787014655428]
[array([13.06409553, 12.98581821, -4.41290337, 30.20503471]), -13.359021852820321, 14.009571261973562]
[array([ 9.27602554, 17.51708783, -9.03244499, 29.93204174]), -13.422307623599556, 15.732345606609575]
[array([  7.71416816,  10.57470109, -10.4479976 ,  25.08653812]), -13.425166486612085, 15.648308418462861]
[array([ 13.6519855,  15.0484554, -10.1913143,  33.8724901]), -13.422713970291493, 15.72327090498979]
[array([  8.90550413,  14.19300897, -13.21101476,  30.98978447]), -13.422518582877963, 15.727172943466998]
[array([  4.27345472,   8.56366109, -12.2295874 ,  23.75500983]), -13.425177938622152, 14.915776430234123]
[array([ 5.19170641, 22.95452196, -6.26879096, 31.36040352]), -13.428395593611212, 15.519718663005342]
[array([  4.73842312,  15.27172071, -10.28878842,  28.84716328]), -13.428151894253116, 14.962228878756738]
[array([  0.19871447,  22.45624522, -11.70353321,  32.32096802]), -13.432701105764842, 15.201903603570917]
[array([ 7.21603955, 18.57494481, -9.95726533, 36.4153003 ]), -13.183316447679353, 12.886672431107364]
[array([  5.14088468,  17.33479606, -11.8564119 ,  32.18707192]), -13.430573664978661, 15.344405297987862]
[array([  5.97946419,  12.74006293, -10.35297833,  25.11899976]), -13.424649880838643, 15.665860221452554]
[array([  4.81803224,  13.84672007, -13.34444271,  27.44931749]), -13.423363760434206, 15.703243095457976]
[array([  3.15547472,  15.10191349, -11.92964322,  27.12823087]), -13.427878551115164, 15.554234121531122]
[array([  6.84411752,  13.44073503, -11.7472203 ,  28.03754222]), -13.42429020109411, 15.675983839840388]
[array([  4.14777573,  21.42114876, -13.87415935,  34.6044977 ]), -13.423038555768917, 15.71243155188891]
[array([ 4.78850531, 24.98092313, -5.79624979, 33.49493199]), -13.431719759146764, 15.186849943442088]
[array([ -1.34821117,  23.85593242, -12.64626579,  35.87117531]), -13.1118987224318, 12.608230502238637]
[array([  7.90069725,  20.71887591, -10.65972717,  39.36032586]), -13.312329326981457, 13.675554693335974]
[array([ -2.56860814,  26.96357165, -15.50060662,  36.42357272]), -13.426661475553923, 15.60122387005126]
[array([ -6.11629138,  22.78893237, -14.46409061,  32.16110019]), -12.860619962836312, 12.35308698185522]
[array([  2.13278412,  17.58630592, -10.87946468,  27.86994369]), -13.430050475420856, 15.463049004090681]
[array([ 1.4087355 , 22.95835211, -6.73719048, 30.67302625]), -13.31664165175481, 13.734739144135686]
[array([  4.02108371,  29.70274236, -10.03131749,  39.42172467]), -13.424083446974306, 15.683271225817794]
[array([ 6.78395527, 17.62468429, -7.43940268, 26.85438544]), -13.423068006886515, 15.711543449707436]
[array([ 0.58269539, 22.66929417, -8.25803576, 30.36580293]), -13.405078972080007, 14.498760604402491]
[array([  1.29058712,  34.48264179, -10.29838061,  43.10289276]), -13.42887035449771, 15.502970646188686]
[array([ 3.98612083, 26.51430564, -7.0358749 , 34.10596961]), -13.426430315893985, 15.581449952644988]
[array([-0.51722812, 24.56864401, -6.61758724, 27.13196523]), -13.37379082872023, 15.483952529017163]
[array([ 4.34446526, 22.87904808, -2.68425213, 32.40249403]), -11.866155080402871, 12.091969746267319]
[array([ 7.81742986, 22.72731616, -8.99096652, 38.12048442]), -13.426995963616674, 14.99162728893892]
[array([ 1.95953172, 28.01346108, -8.03323346, 33.4109411 ]), -13.422098936104694, 15.684502107414636]
[array([10.97239349, 25.59901066,  4.41719816, 31.2346651 ]), -13.313819068842047, 14.137036599579133]
[array([ 6.7138615 , 21.03811781, -3.59022737, 29.12607609]), -13.431040118956922, 15.24585528376236]
[array([-1.12042326, 32.41421635, -9.04738395, 36.86114174]), -13.415237834211949, 15.550902584453434]
[array([ 5.62257272, 26.00502287, -6.30219114, 36.43637293]), -13.429447352447884, 14.893081722282227]
[array([13.10211605,  5.25635094, -4.97753398, 25.32825303]), -12.81735240477029, 11.72878511464409]
[array([ 2.81726005, 20.59856236, -5.00246562, 27.72559591]), -13.344459963687298, 13.999598700407994]
[array([ 7.67158166, 32.10607265, -8.52188738, 46.99625023]), -13.42506747756294, 14.900367068539623]
[array([ 1.04392318, 32.38022676, -3.8617416 , 34.20009859]), -13.26939611715022, 15.221637925285252]
[array([10.8820729 , 16.27856001, -2.38827739, 28.19130942]), -13.427120649970455, 14.842631964005458]
[array([ 4.72971229, 24.82265323, -9.14626345, 37.98034986]), -13.399548449785042, 14.320222460121144]
[array([-4.55068523, 32.53697175, -9.29984222, 36.16399575]), -13.123708818627186, 14.029267860022497]
[array([10.0508159 , 18.27972479, -6.3059115 , 32.45714411]), -13.430749635401874, 15.345913169477777]
[array([10.51301901, 34.80000379, -4.8516782 , 46.5573372 ]), -13.425767263502367, 15.631237336745857]
