[array([ 2.67084984,  2.75179784, -3.298208  ,  0.82573192]), -15.379226088906087, 16.61267554663166]
[array([ 1.71401516, -4.81199708, -3.38371261,  3.66835549]), -11.770849690461525, 13.726859174774235]
[array([ 6.55600315, -0.91075061, -5.57878639,  2.24111824]), -15.436247664900547, 16.690493305683606]
[array([ 4.74942919,  2.07581859, -3.01943299,  2.37792831]), -15.42417618403947, 16.67455703844256]
[array([ 0.06204395, -0.11172125,  0.02916795,  0.18154604]), -4.216396599224718, 4.2882959409850825]
[array([ 4.88348358, -4.49613095, -1.50078797,  0.5557512 ]), -14.908798762041412, 16.24523070467115]
[array([-0.98784123, -0.32904252, -3.68485933, -3.02834377]), -14.016651210425467, 14.830812053149387]
[array([ 2.9245813 ,  1.10885471, -4.41099722,  3.53141883]), -15.394319612430202, 16.646649979116955]
[array([ 0.4621498 , -2.36019234, -2.70602084,  3.84474215]), -10.476488815314669, 11.599994150674398]
[array([ 4.75961791,  4.68667408, -7.17755314,  4.5407913 ]), -15.436595603685479, 16.69076453210743]
[array([ 9.4979    , -1.22469561, -0.81469613,  1.69980615]), -15.433923738514098, 16.688187032379336]
[array([ 3.61062759, -1.26647155, -9.06627117, -2.93214692]), -15.436702219148804, 16.690904945490914]
[array([ 6.18169786,  2.17861261, -3.33727448,  3.65556689]), -15.433637106665145, 16.68732423480447]
[array([ 5.22497489, -2.81516947, -3.46944249,  6.64944412]), -14.191645903217989, 16.110474275226927]
[array([ 4.84896901, -2.26806508, -1.90821973,  5.55179131]), -13.570473017878241, 15.76159684362835]
[array([ 4.14340688,  8.51179266, -2.55117462, -1.65870539]), -15.353231666994848, 16.490188310407007]
[array([ 6.49834998, -3.0560096 , -6.16285528,  3.13428929]), -15.434304269928484, 16.68810089313247]
[array([ 8.37510382, -2.39763236, -8.84104562,  2.58726676]), -15.43676274146838, 16.690991727194714]
[array([  6.93195969,   0.77823822, -10.27248548,   3.57779097]), -15.436770978665425, 16.690999736837934]
[array([ 5.846086  ,  5.28222362, -8.48445318,  8.41744259]), -15.436715716833126, 16.690946259149847]
[array([ 9.43426418,  1.2828019 , -8.46646232,  4.40577057]), -15.436772058577041, 16.691000866125307]
[array([ 9.61966164,  0.31568245, -3.73006369, -4.53660383]), -15.4367422167774, 16.69095414224332]
[array([  5.13777671,   1.54212743, -12.78667909,   4.35932537]), -15.436772351367711, 16.69100111256211]
[array([  7.97466749,  -5.08323617, -11.73547065,   1.07111914]), -15.436771588665074, 16.690999994606052]
[array([11.90986341, -2.95805929, -4.78366142,  1.5691382 ]), -15.436760272595329, 16.690989766869183]
[array([  1.36806343,  -0.72965529, -10.30978354,   4.58145566]), -15.43327057532068, 16.687445512588695]
[array([-6.75615767,  2.18532863, -7.93669244,  3.4655376 ]), -8.535044134021197, 8.771603274574266]
[array([ 9.10982031,  0.87364285, -5.12853795,  5.36799428]), -15.436621011137776, 16.690858391488785]
[array([ 5.28852706, -2.58382271, -6.25905245, -0.15312322]), -15.436139346340692, 16.690340827255113]
[array([ 3.76644011,  2.39681002, -4.18760702, -0.57301223]), -15.429135251816147, 16.68058447948697]
[array([  7.33771825,   1.77690466, -10.03113324,   0.01849309]), -15.436773026947307, 16.691001549164188]
[array([ 16.26038929,  -2.19354397, -17.15787956,   5.21085589]), -15.436773678476209, 16.691002437795646]
[array([  9.10333865,   1.43767352, -10.48446825,   2.98014319]), -15.436773542078804, 16.691002279075516]
[array([-3.01383697,  7.6915483 , -6.07999242,  7.79920157]), -14.185165850226841, 15.080958154113226]
[array([ 11.61068576,  -1.59019245, -11.3151453 ,   0.69836281]), -15.436773671725945, 16.691002430635482]
[array([-2.06511881,  1.01759538, -8.33703377,  5.86851828]), -14.922161890118533, 16.252560804754587]
[array([ 4.79939608,  1.19599447, -6.96516024,  1.01914717]), -15.436563214523423, 16.69072091666775]
[array([ 7.67778505,  1.97934125, -4.35151748,  1.6477402 ]), -15.436616318711906, 16.69079079559143]
[array([  8.75538521,  -0.7287914 , -13.17154778,  -2.37032254]), -15.43677367160363, 16.691002428419935]
[array([ 16.56725716,  -1.49856734, -10.95137813,   9.71741926]), -15.436773656213814, 16.69100228301573]
[array([ 21.66800827,  -0.65629111, -14.54628775,  10.07678863]), -15.436773678478994, 16.69100243778886]
[array([ 11.48376405,  -6.32099483, -21.12249639,   4.03304859]), -15.436773678391612, 16.69100243740858]
[array([  7.71932885,   3.85754874, -14.75582334,   0.8283723 ]), -15.436773674715692, 16.691002432662746]
[array([ 12.02196007,  -0.14723738, -15.36855614,   7.07301683]), -15.4367736763959, 16.691002434693488]
[array([  5.03418967,  -0.64490328, -18.98900254,   6.75246032]), -15.436773609780865, 16.691002330479368]
[array([  8.57986854,   3.97876033, -11.17860585,   0.7926169 ]), -15.43677362171752, 16.69100236011936]
[array([ 2.78565994,  0.39499955, -9.23594234,  1.12042008]), -15.436573848539885, 16.69074948438263]
[array([ 16.49044167,  -0.43187585, -17.89562134,  10.06012758]), -15.436773678465537, 16.69100243772774]
[array([ 13.77550822,  -1.74936045, -19.52159505,   5.66336403]), -15.436773678475449, 16.691002437794417]
[array([ 8.07446768,  3.01112361, -8.19327679,  5.44527023]), -15.436768013852605, 16.690996532073086]
[array([ 27.3745057 ,   1.53615484, -23.56688035,  12.84129887]), -15.436773678481998, 16.691002437804645]
[array([ 10.66399618,   0.29254731, -12.95841782,  13.75658339]), -15.436775088914722, 16.69092656094038]
[array([ 13.67377211,   6.14399977, -22.7557544 ,  11.18126664]), -15.43677367848194, 16.691002437804592]
[array([ 12.17313036,  -3.447577  , -10.75288832,   5.65685271]), -15.436773007166298, 16.691000661761308]
[array([ 10.97037281,   1.10028285, -11.58823963,   7.27569723]), -15.436773555552099, 16.69100229348971]
[array([  9.62384001,  -7.54323885, -28.00743067,   2.34336924]), -15.43677367848154, 16.69100243780302]
[array([ 8.81952514,  0.53032759, -4.56433404,  7.40132724]), -15.434810526874518, 16.68832428401382]
[array([ 9.47669399, -2.42471595, -5.07331414,  6.50003177]), -15.434183279840274, 16.68461907658632]
[array([ 21.64643557,   2.513678  , -15.24714901,  11.60130731]), -15.436773678481416, 16.691002437803146]
[array([  5.83946782,  -1.89806937, -17.02533961,   4.37042281]), -15.436773581660756, 16.691002321994336]
[array([ 17.30052065,  -4.45033723, -22.69189264,   9.93620895]), -15.43677367848299, 16.69100243778952]
[array([ 10.87438605,   8.04814988, -14.66742411,  19.51090935]), -15.436773502629697, 16.691000999518668]
[array([ 23.52648948,   3.17131713, -12.90557092,   8.36040068]), -15.43677367848194, 16.691002437804585]
[array([ 25.87811693,   0.30815041, -26.80328815,  21.48456282]), -15.43677367848201, 16.691002437804595]
[array([ 19.18621141,  -8.37589157, -24.35310014,  14.0088443 ]), -15.436773678864098, 16.69100243632453]
[array([  8.96688101,   2.74089685, -11.65504537,   7.37860643]), -15.43677339380496, 16.691002166953304]
[array([16.01344513,  9.93488702, -9.85202948, 20.29152034]), -15.436773601912288, 16.6910021017637]
[array([ 17.06101248,   0.25258782, -15.72663054,  12.63460262]), -15.43677367834923, 16.69100243517859]
[array([ 19.61751891,   3.56313709, -13.66038341,   5.52813155]), -15.436773678481794, 16.691002437804453]
[array([ 19.51665129,   2.64284244, -11.13937871,  19.92400248]), -15.436774242629085, 16.690999155667665]
[array([ 16.57474139, -11.776012  , -27.98133574,   4.32600549]), -15.436773678482114, 16.691002437803736]
[array([ 24.10042547,  -6.31667208, -32.8261955 ,  25.69591042]), -15.436773678493044, 16.691002437767075]
[array([  9.6461165,  -4.2489159, -35.6028764,   4.6193018]), -15.436773678482, 16.69100243780464]
[array([ 15.17803741,  -7.98124159, -22.53835501,   8.42696214]), -15.436773678651418, 16.691002436646176]
[array([ 13.78485886,  -3.30844913, -22.22566647,  14.3761261 ]), -15.43677368274585, 16.691002414417817]
[array([ 19.65068632,  -6.39204749, -19.48178294,   8.12184075]), -15.436773678484961, 16.691002437763913]
[array([ 23.15758024,   1.41861964, -25.88903103,  -3.12820873]), -15.436773678481998, 16.691002437804645]
[array([ 19.01530136,  -1.43256047, -18.6555312 ,  18.55412498]), -15.436773689001283, 16.691002391723497]
[array([ 25.58481782, -16.51067779,  -9.61040358,  10.70224909]), -15.437008122694474, 16.69018489495896]
[array([ 43.35006404, -18.01108824, -34.34391249,  23.21142118]), -15.436773678481998, 16.69100243780464]
[array([17.9618815 ,  4.75010433, -4.00026247,  6.95267229]), -15.436773661503016, 16.691002419594447]
[array([ 35.7454774 , -14.31047625,  -7.81540149,  14.14657032]), -15.436773872008853, 16.691001770302975]
[array([11.43639168, -7.42489055,  3.12336548, -3.94435256]), -15.407545103324706, 16.66337048578136]
[array([ 17.612554  , -11.96220834, -28.84461558,  20.53005414]), -15.436774309263747, 16.691000293441274]
[array([ 31.9274613 , -17.62140785, -12.01767164,   7.16481022]), -15.436773681572754, 16.69100242661555]
[array([ 9.26202433,  0.58403131, -6.15612776, 13.84718787]), -15.431452080128738, 16.509676421443217]
[array([ 1.68952571, -3.68228697, -7.67262047,  6.45175187]), -14.308323573044714, 16.161350518240578]
[array([ 40.7211347 , -18.43974516, -13.68016401,  18.6526827 ]), -15.436773701136943, 16.691002360292575]
[array([ 25.10822033, -17.67443176, -20.07384266,  13.23988912]), -15.436774138623917, 16.691000869589274]
[array([ 13.48244337,   1.05624219, -34.56946213,   9.33179191]), -15.436773678481998, 16.691002437804645]
[array([ 34.52669114, -20.12043417, -28.52766382,  34.83607702]), -15.43699217214931, 16.69019153292231]
[array([ 33.84111693, -28.37071478, -17.55797531,  35.7331795 ]), -12.091214886934775, 17.019087566785615]
[array([ 34.3534011 , -19.42761851, -28.83885341,  19.57578124]), -15.436773678505316, 16.69100243772431]
[array([ 34.89154773, -12.62426565, -55.34890041,  31.33943558]), -15.436773678481998, 16.691002437804645]
[array([ 29.26672889,  -5.99404187, -20.69115086,  10.14638488]), -15.436773678481993, 16.691002437804638]
[array([ 24.56740329, -26.79013138, -46.44003172,  22.7153343 ]), -15.43677367881794, 16.691002436590573]
[array([ 12.36829267, -16.21539218, -35.01892723,   2.33123041]), -15.436773678482124, 16.69100243780399]
[array([ 32.19769637, -18.46433597, -32.19026141,  16.80118294]), -15.436773678482169, 16.69100243780407]
[array([ 21.11301214, -10.39627484, -19.9151541 ,  15.95217472]), -15.436773962628143, 16.691001436087074]
[array([ 31.3674136 , -27.224759  , -11.12682069,  25.46230965]), -12.200952848528742, 17.016912532305035]
[array([ 25.27357867, -20.67603824, -46.07302577,  41.73571941]), -15.436865657601118, 16.69064881435935]
[array([ 52.01792572, -35.81129716, -26.86615608,  30.30246446]), -15.436775635910125, 16.690994786162065]
[array([ 20.67093089, -10.93596226, -23.67100524,  13.73045364]), -15.436773680318847, 16.691002431138177]
[array([ 19.57010746, -11.01865496,   1.6374755 ,  19.9955688 ]), -12.199241694197335, 14.115837995098065]
[array([ 24.74107879, -24.00289772, -26.16125711,  26.46445244]), -15.758958182730161, 15.930005251390986]
[array([ 21.11436113, -13.98277583, -45.71174687,  22.64203448]), -15.43677367848205, 16.691002437804446]
[array([ 31.17743098, -15.68194047, -19.74646067,  24.37410777]), -15.436787903919337, 16.69095325896156]
[array([ 20.58696132, -28.28877749, -20.43100919,   8.87733731]), -15.45234923106675, 16.638747535954302]
[array([ 37.34067805, -23.26836612, -33.88436544,  31.91862374]), -15.436773756245271, 16.691002148792602]
[array([ 40.29784527, -23.06748805, -29.4714551 ,  24.91105023]), -15.43677367873483, 16.69100243689781]
[array([ 13.77500384, -32.34500859, -38.25910427,  30.3649155 ]), -12.427697210459382, 17.229999872744006]
[array([ 38.65807632, -13.85878357, -43.40723042,  34.09440295]), -15.436773678481996, 16.691002437804638]
[array([  6.94594424, -30.92160105, -21.17497291,   2.56650475]), -13.23931523346618, 16.96558426555607]
[array([ 13.19174595, -25.24802037,  -3.27875071,  24.95238673]), -9.477939819746348, 10.8870920047953]
[array([ 21.29318347, -39.74693737, -36.8038902 ,  20.1169357 ]), -16.24376851623347, 15.870186103322942]
[array([ 31.70810802, -23.17743304, -56.00835032,  34.38688323]), -15.43677367848206, 16.69100243780443]
[array([ 27.8367086 , -33.51998244, -43.49054144,  40.94886077]), -16.39267935961112, 16.01027850934534]
[array([ 26.10705105, -17.52382818, -14.71328708,  19.24394515]), -15.449545619703567, 16.648048958505253]
[array([ 21.02118148, -24.44674046, -35.57664621,  11.5000773 ]), -15.436773679281295, 16.691002435078033]
[array([ 27.82389311, -18.60127371, -24.33560772,  34.558491  ]), -16.098776141255833, 15.795064242054218]
[array([ 27.52392086,  -5.82054268, -29.21663042,  49.05886419]), -15.537696074588458, 16.36266886679638]
[array([ 37.71598217, -26.60753653, -44.72506824,  18.75189678]), -15.436773678481998, 16.691002437804645]
[array([ 27.36082885, -47.35043045, -27.21274815,  13.34941213]), -15.797999782300167, 16.709107653441176]
[array([ 17.13737585, -14.75035288, -10.19168541,  13.35687332]), -15.854242294852233, 16.061044404080665]
[array([ 14.83517651, -17.51726615, -46.05642548,  41.584973  ]), -15.54297363050381, 16.341401829314275]
[array([ 27.75210778, -50.99902568, -30.28366114,  20.1504695 ]), -12.155626386289718, 17.242255226415065]
[array([ 27.43285753, -35.94748115, -38.56738977,  30.32134414]), -15.914052765307867, 15.728473296569334]
[array([ 33.43212192, -43.06940563, -18.23546454,  21.83711525]), -12.058888649172792, 16.90736980613428]
[array([ 36.67948422, -36.40677731, -30.48693962,  35.54581917]), -16.453563707993446, 16.2632678867622]
[array([ 27.68421318, -35.19958264, -11.77830665,  29.76772458]), -12.176366780004821, 14.340187696800776]
[array([ 27.56229408, -42.00855256, -37.61038629,  44.96447217]), -12.002034142996012, 16.00290656891802]
[array([ 25.41517429, -26.71022159, -24.29389321,   9.7836046 ]), -15.436775035399904, 16.690997802889047]
[array([ 30.25811337, -10.99062913, -14.06735087,  32.79624495]), -15.738324286497981, 15.983314041502197]
[array([ 34.65730767, -26.62791989, -24.45296041,  34.97661659]), -16.33857655962801, 16.002072190418087]
[array([ 18.1068232 , -24.83679317,  -6.42947742,  14.10847626]), -12.626424157728207, 14.734603001940396]
[array([ 32.01177266, -27.27164377, -23.60648519,  46.36491165]), -11.99109322888827, 16.08399500335905]
[array([ 48.69747774, -21.27906006,  -1.93723943,  29.42019982]), -15.875373026395904, 15.819432261012738]
[array([ 16.33941773, -33.57299914, -29.67734281,  38.24767598]), -13.04332769314708, 14.865189415339916]
[array([ 20.10362053, -19.87658257, -22.93193818,  26.70245208]), -16.11121426029418, 16.424082018598636]
[array([ 31.91932999, -19.81117289,  -9.08685813,  24.50707988]), -16.080992284583235, 16.413139325322458]
[array([ 30.29679996, -16.49129697, -12.00097198,  34.03039496]), -12.807318623683509, 17.1500162734938]
[array([21.817414  , -8.84469155, -9.46113312, 26.81337784]), -14.530578498038867, 16.84724955974773]
[array([ 19.34479344, -29.47729121, -22.36361798,  31.51208065]), -12.848805068391696, 15.587433032501854]
[array([ 27.39332886, -12.0197247 , -15.04725048,  22.01249711]), -15.436938376121354, 16.690442500147284]
[array([ 26.34241133, -12.25733636, -13.57620775,  18.33322821]), -15.436837765134495, 16.690783833613416]
[array([ 30.95851834, -29.31949071, -41.28936232,  46.22693737]), -16.404037734900616, 16.02586639743478]
[array([ 40.50520483, -34.12184162, -27.8960122 ,  40.76851779]), -16.319041799188266, 16.518474759961453]
[array([ 32.2168402 , -35.94817522, -22.92299017,  24.66748203]), -16.098408944709867, 16.575608274216265]
[array([ 29.40921799, -14.99855616,  -5.06203022,  25.01512218]), -13.904275740974427, 16.981639683761927]
[array([ 60.19500697, -51.51073204, -39.62976644,  60.08683158]), -16.11062978962558, 16.811908940578235]
[array([ 35.72803585, -37.28912317, -30.22911817,  36.75040652]), -15.631591852586572, 16.825259949599573]
[array([ 40.13136302, -38.67876122, -43.52615574,  53.43041809]), -16.345726498822295, 16.58866559237747]
[array([ 37.95996068, -34.44419219, -44.15874166,  49.52195101]), -16.234961910689655, 15.735385584973644]
[array([ 41.2071201 , -45.90801119, -44.71489819,  55.29909238]), -12.683848903456541, 17.17081920590175]
[array([ 33.9208741 , -21.44081613, -28.23223388,  42.78999306]), -16.28804163384535, 15.896960996510604]
[array([ 35.34807888, -43.35801253, -39.15249474,  45.54712709]), -12.382031435878734, 17.253309969919574]
[array([ 51.89016889, -39.35941331, -35.28201473,  46.14035052]), -15.54452169929213, 16.301777381714174]
[array([ 55.22736557, -36.36840977, -32.96690153,  50.37854924]), -15.56778702335923, 16.231453480317185]
[array([ 25.56280479, -17.22014303, -29.93423842,  35.05289544]), -15.46486132230657, 16.591766579457744]
[array([ 36.34359434, -49.34773328, -37.36893033,  42.75230348]), -12.03981407462655, 17.11438598948658]
[array([ 41.13979743, -30.04077659, -36.87654887,  44.53319059]), -15.457653975932063, 16.60888055122661]
[array([ 35.32448479, -25.46213627, -39.79123347,  54.40350062]), -16.47946062901092, 16.171936549953]
[array([ 48.96937023, -42.18232808, -50.40980358,  66.60374537]), -16.47060756515395, 16.505911840936133]
[array([ 44.2668824 , -30.22144506, -43.09853809,  59.19296909]), -16.259207960566815, 15.743931672941864]
[array([ 36.18456602, -40.39695758, -61.19418258,  62.35903398]), -16.484482939000394, 16.07361570285313]
[array([ 37.27726252, -22.00757623, -38.2300072 ,  50.58639781]), -15.472005126147348, 16.556223261809667]
[array([ 50.07862365, -47.51300394, -55.77431173,  65.82859865]), -16.543263542057115, 16.184053180811727]
[array([ 41.76266062, -31.61834556, -44.55355785,  51.74622988]), -15.469363096121043, 16.560771011419096]
[array([ 28.001414  , -35.21230916, -37.68312576,  40.66966487]), -13.942025268778067, 17.058324588033074]
[array([ 63.87225294, -58.71228299, -66.0506117 ,  91.23345677]), -13.79544706108052, 17.057844728471053]
[array([ 17.84771876,  -5.13646383, -31.9593633 ,  33.47167298]), -15.436783894459907, 16.69096731291318]
[array([ 46.30346608, -50.19588   , -57.16942705,  70.24755557]), -13.205565424617184, 17.101315071326503]
[array([ 31.98891738, -25.92032832, -26.49246374,  48.73234626]), -11.991042720464527, 16.5996481043811]
[array([ 45.65641049, -61.53311495, -59.64026656,  59.93840279]), -13.90784931902306, 17.059301893831012]
[array([ 18.68061463, -15.75440272, -19.8707112 ,  20.8203479 ]), -15.529813244253864, 16.409185929252363]
[array([ 45.62415928, -39.87724463, -55.41765439,  62.13556879]), -16.05271527053367, 15.59441900394506]
[array([ 66.39482087, -44.928909  , -50.62995169,  65.64006193]), -15.437681240813664, 16.686824595192117]
[array([ 46.92331902, -56.99555168, -57.90567522,  56.31184097]), -16.541922532271016, 16.32097168350843]
[array([ 46.85069346, -39.0298587 , -52.63036403,  78.38188951]), -12.509725093335863, 17.17594973235614]
[array([ 47.30132443, -52.27987379, -60.55946624,  62.41214802]), -16.526396183194205, 16.108853005688612]
[array([ 19.76353264, -27.54240254, -31.32596616,  27.03354063]), -16.3324091207987, 16.27426439653958]
[array([ 58.55595649, -65.74932884, -76.09044127,  70.92583264]), -16.23386511794664, 15.59967748371609]
[array([ 41.20205921, -43.37875291, -47.19004428,  41.99591975]), -15.46711469512094, 16.568494554189687]
[array([ 49.15220072, -41.45691906, -45.82884267,  42.98636933]), -15.43679065200849, 16.690931014990422]
[array([ 47.37286914, -50.66749814, -60.04446746,  69.62856331]), -16.10048930663209, 16.84308501767435]
[array([ 39.77926201, -36.32671912, -31.21096554,  34.97068346]), -15.91890702865567, 15.708406499442697]
[array([ 47.36965529, -56.51118754, -65.74449823,  66.68468105]), -16.52751752925584, 16.435378134977817]
[array([ 38.01298711, -50.32149196, -58.05389144,  55.20995568]), -16.42780481895983, 16.555201845725637]
[array([ 43.35763256, -33.09507538, -37.35847957,  52.86072643]), -16.496523534263478, 16.17397316222939]
[array([ 54.70511202, -42.98775783, -48.07353263,  55.09681816]), -15.442298293105772, 16.66680057602184]
[array([ 48.78891517, -53.52763582, -65.16369216,  67.29778058]), -16.51836112538909, 16.078902083340925]
[array([ 39.40610673, -47.40500665, -62.59881535,  63.92319372]), -16.498264137430684, 16.46430559033034]
[array([ 37.52424557, -34.11210349, -39.59273343,  43.78579743]), -16.0288216656925, 15.655930283284263]
[array([ 54.11684336, -66.73961858, -67.23234721,  61.67543398]), -16.512039969905402, 16.05829162102849]
[array([ 49.5387231 , -67.1821869 , -73.92802805,  65.39028669]), -16.560362626113246, 16.20310236362727]
[array([ 49.6550979 , -38.97276127, -59.56668052,  77.14806395]), -16.526761440497864, 16.105315497103856]
[array([ 46.61689586, -48.79121354, -58.68073482,  58.90378352]), -16.288718829422773, 15.728702810165865]
[array([ 55.54176904, -44.7662752 , -44.4455725 ,  64.72594745]), -16.469002994621118, 16.51095529657367]
[array([ 46.11522435, -27.20371867, -31.86490803,  56.48915267]), -16.495214691629634, 16.25956435839602]
[array([ 47.86813136, -57.19925717, -88.32857978,  75.87705203]), -15.459708110150972, 16.582017334113896]
[array([ 55.46192715, -65.64816887, -84.33492921,  86.14373095]), -16.561566837156697, 16.397611878515466]
[array([ 45.5002364 , -68.29064714, -75.50973346,  60.33719576]), -16.532894943480535, 16.085451850426143]
[array([ 40.46399982, -53.64228735, -57.6304597 ,  52.86811863]), -16.517780795040423, 16.391056050544822]
[array([ 56.91201485, -66.43978932, -67.89471842,  68.7738923 ]), -16.557448783083327, 16.35618503168055]
[array([ 40.65278124, -45.85752263, -61.65015458,  71.75116356]), -14.227057760549433, 17.04475171335461]
[array([ 44.2939488 , -39.87696843, -42.43079645,  49.5732426 ]), -16.33463485175207, 15.857269230374841]
[array([ 51.46850924, -55.28220804, -81.33960526,  81.22088243]), -16.361059121923965, 15.820414389952418]
[array([ 48.82876461, -64.74270331, -56.69511824,  52.93291292]), -16.21302863689027, 16.778385844185213]
[array([ 50.58038174, -77.7921991 , -94.59554015,  73.30764084]), -16.40550826758915, 15.979761172611623]
[array([ 55.07585707, -61.37624658, -74.16151846,  73.23671179]), -16.413145308723006, 15.981951359891873]
[array([  86.93296278,  -91.76912129, -102.1082828 ,  113.38399892]), -16.581561523041564, 16.414535583220843]
[array([  59.29022444,  -88.21280787, -116.41675514,  100.19161586]), -16.57479323119555, 16.138683904461125]
[array([ 54.069293  , -56.36448473, -50.27575147,  58.96022149]), -16.378084770115695, 16.64070861612661]
[array([ 53.88157582, -72.50632997, -88.47999125,  82.67837125]), -16.547591089760857, 16.455538458738715]
[array([ 46.52192281, -63.37714244, -87.50710932,  82.39570771]), -16.55238522873997, 16.420936845994635]
[array([ 55.97093813, -60.11311772, -70.03326285,  79.38602107]), -16.406254994751713, 16.661353088797554]
[array([ 61.9014413 , -68.05651628, -78.06886084,  79.81559739]), -16.508482313931744, 16.033656826909294]
[array([ 36.09221976, -51.98454915, -53.29062593,  50.91072499]), -14.128775952671697, 17.048542441943702]
[array([ 58.36934639, -80.21406551, -91.68641238,  88.72738303]), -16.110294515403723, 16.95280375566849]
[array([ 55.57925578, -55.11450194, -68.26497511,  78.00073302]), -16.561575982438814, 16.21977588659588]
[array([ 67.77512971, -81.98840869, -70.83344092,  80.85196035]), -12.510330024925938, 17.140604776220133]
[array([  68.26398591,  -94.98061528, -131.13143066,  112.55376002]), -16.388877306975125, 15.992394813040494]
[array([  68.29305813, -101.20379044, -127.57223829,  111.43332467]), -16.58244259192117, 16.424353186326137]
[array([  75.14142772,  -96.37033165, -117.74758642,  111.21605688]), -16.58337607681029, 16.220952952665247]
[array([  44.35305079,  -91.031523  , -105.05449557,   73.7240535 ]), -16.469887371320397, 16.59200272117223]
[array([  96.44648438, -138.44801617, -161.28982636,  146.6168959 ]), -16.45900772146728, 16.583290223661773]
[array([ 60.36822161, -64.8719491 , -72.27344212,  80.02465522]), -16.530184150811763, 16.48003696279841]
[array([  80.0411114 , -100.71009145, -101.72754378,   96.02753403]), -16.583730265598202, 16.360074651974866]
[array([ 46.53833835, -61.54592152, -75.56514939,  69.49915635]), -16.558969914667767, 16.196655121766867]
[array([ 55.94270267, -72.03811031, -86.76753359,  89.42326626]), -15.814711628164131, 16.993332496574293]
[array([  71.99200121, -124.14794229, -139.13165217,  103.76752009]), -16.58928503564182, 16.308813374419586]
[array([ 71.97423553, -89.55956451, -99.24596492,  98.52182241]), -16.508220491834546, 16.53980119354513]
[array([ 83.86422612, -93.67482858, -94.68430352, 105.9880417 ]), -16.34601045573515, 16.858797867138648]
[array([  63.66337773,  -92.43375696, -104.12987594,   76.81294139]), -16.111552240107272, 15.511957747913112]
[array([ 67.59704934, -72.68207625, -80.43430369,  93.62154747]), -16.179878134121633, 16.92269055561519]
[array([  75.40660678, -108.04178748, -101.68160668,   83.98976991]), -16.57985284762051, 16.394318957662552]
[array([  86.6198863 , -108.70600632, -119.46629153,  112.18851441]), -16.57716855012367, 16.111276330057084]
[array([  83.76309048, -105.087201  , -138.22540659,  127.89345096]), -16.46002021574121, 16.011921170694148]
[array([ 58.88433917, -67.85102322, -77.88362986,  77.93843807]), -16.550219753589683, 16.088358254904797]
[array([  76.73496084, -120.65174451, -127.17530617,   92.51693971]), -16.419308368029327, 16.00845873494498]
[array([ 105.94604766, -174.56537464, -192.34572509,  146.04287801]), -16.58620296807219, 16.162578590456054]
[array([  77.59268043, -130.24715199, -151.41389557,  119.96370672]), -16.556537376657523, 16.501660081274196]
[array([  98.82027356, -151.46568164, -172.85398428,  138.61397578]), -16.570404326276705, 15.999372526507795]
[array([  87.82982019, -157.30156547, -170.10321781,  122.38372836]), -16.596276718416124, 16.435315357008296]
[array([ 82.07322143, -99.22189224, -96.90122822,  90.30172778]), -16.533171332804503, 16.01217323773548]
[array([ 53.81009859, -94.3240241 , -95.96041228,  73.39483423]), -16.270579420032686, 16.8720445064916]
[array([  68.01548762, -113.60615886, -118.35061634,   94.2257456 ]), -16.383889805459102, 16.796463304504982]
[array([  87.70634992, -158.25402863, -173.20432275,  121.53430429]), -16.580086896433617, 16.095320305723664]
[array([  82.18028452, -129.76082702, -141.03212199,  109.49673725]), -16.578144566453375, 16.102126319029495]
[array([ 101.2702001 , -224.60400028, -166.88611053,   72.68009762]), -16.43947155172649, 16.62255446521565]
[array([  98.18649313, -135.06765538, -136.43367645,  115.72603141]), -16.57228714869541, 16.037121003999157]
[array([  38.81551053,  -70.77479926, -103.45801989,   78.65737802]), -16.467261723636597, 16.019540757488855]
[array([  75.19142736, -139.43356824, -156.2209218 ,   98.67026606]), -16.38238288963393, 15.870259138128572]
[array([  74.1218296 , -152.08069287, -210.18720791,  149.22981505]), -16.554300420096936, 15.981993989641438]
[array([  59.3694758 , -148.57847898, -151.22596897,   88.62503427]), -16.260572121626737, 16.99653540750117]
[array([  99.98421517, -219.34792328, -226.37222827,  136.47566782]), -16.585114173244293, 16.507362078762736]
[array([ 106.00039993, -187.73585068, -211.5722308 ,  146.27644776]), -16.49583117458857, 16.012721674986253]
[array([  94.35312577, -147.4049532 , -116.86921294,   94.31481109]), -14.69358465980939, 17.038736779336205]
[array([  76.70840456, -139.04388285, -161.88319548,  113.37428473]), -16.539937160106327, 15.994515431830747]
