[array([ 1.1221036 ,  2.69734515, -4.47705329, -8.23808429]), -12.349505090806826, 13.993418471873175]
[array([-3.40163573,  0.16982349, -2.86420883, -1.20666493]), 99997.71374965983, 2.5843754962283785]
[array([ 0.4795447 , -2.61131691, -2.1283591 , -7.38358036]), -11.16112547700136, 12.709217968963367]
[array([ -2.66231567,   2.8825433 ,  -2.81046482, -10.45267815]), -4.2489901623109, 6.612278905655572]
[array([-1.75251869, -1.46161091, -3.10608614, -4.53744503]), -8.773463064152445, 10.05398082345422]
[array([-1.30781445, -0.20711457, -3.71365197, -5.2605224 ]), -10.810745362283358, 12.222306201611222]
[array([-2.67238092, -0.44920787, -2.00709752, -3.42643194]), 99997.89288181264, 2.7875137237524585]
[array([ 1.26810001, -3.72921375, -1.3382898 , -7.97291411]), -11.241470880065899, 12.885773471334586]
[array([ 4.39051449, -2.33172106, -7.28229211, -5.4001922 ]), -12.949653675647617, 15.697857742024269]
[array([-0.05008262, -2.23544562, -7.28189368, -5.11183891]), -12.932343019763826, 15.666486346926916]
[array([  5.43377402,  -7.66741372,  -9.14643069, -10.76248368]), -12.949854919751935, 15.698234080351845]
[array([ 9.05428321, -1.54215747,  0.44675694, -4.56306569]), -12.945337736928497, 15.68985159415449]
[array([ 5.91876133,  4.74783366, -5.16913509, -8.71365535]), -12.833487095995846, 15.370818137107895]
[array([ 4.20536634, -2.30446044, -7.72565639, -8.03255649]), -12.949487991544958, 15.697157567286817]
[array([ 6.34224754, -8.8705785 , -6.35257114, -2.96940778]), -12.95045057806534, 15.697794356226904]
[array([-0.82971051,  1.00992632, -5.45772991, -6.69252422]), -12.316162187406963, 14.22701712915279]
[array([  7.45211011,   2.44504748, -15.97934336,  -8.05541404]), -12.949866515227194, 15.69825558887103]
[array([  4.38174401, -11.72009933,  -5.11305035,  -2.22250486]), -13.371637979652135, 15.425938010605114]
[array([ 5.41769195, -8.89980109, -5.30055954, -7.51896354]), -12.94924375886822, 15.697421982722034]
[array([ -1.72043635, -11.63238211,  -9.76544106,  -2.97810646]), -13.290541413686467, 15.150293654464365]
[array([ 5.40916015, -2.89170345, -4.97630317, -8.79157144]), -12.947939942232075, 15.692532321533085]
[array([ -3.63640004,   5.81956429,  -4.42998119, -12.57674641]), -4.984389917956563, 7.7217908223586225]
[array([  7.28806124,  -9.74636899, -12.50561487,   0.71095115]), -12.949954368496972, 15.698252559170223]
[array([  7.045032  ,  -7.10586248, -12.10518317,  -5.08897416]), -12.949866449939188, 15.69825581189166]
[array([ 7.12668603, -7.48602468, -6.407177  , -4.43278777]), -12.94982188482746, 15.698182973011836]
[array([ -1.62703235, -11.74489631, -11.28962875,   6.46316946]), -10.99251378192086, 12.656512180420965]
[array([ 2.56751386, -5.93695266, -2.34368921, -7.10938384]), -12.790178651004368, 15.461748336453818]
[array([  2.67664274, -15.24803115,   1.2062385 , -10.0296234 ]), -7.239730104683721, 7.471956545933131]
[array([ -7.41964124, -11.60685639, -10.28085344,   1.60890649]), -7.567259249898113, 7.773689731382619]
[array([ 6.96388156, -1.56044351, -7.15969445, -1.93779781]), -12.949849919621318, 15.6982325825846]
[array([10.70947874, -9.83642573, -6.81956817, -8.46208827]), -12.949865913643206, 15.698255099221804]
[array([  4.10713636, -10.4153547 ,  -1.10100059,  -5.35651889]), -12.697934188254552, 14.936447692436838]
[array([ -2.05329726,  -4.83767565, -10.77749541,   0.35965583]), -12.956914549026905, 15.679148578454047]
[array([ 11.03788359, -15.85464612, -12.75560146,  -7.3183061 ]), -12.949866817933746, 15.698255993731996]
[array([ 11.19019468, -16.08000905,  -5.76074225,  -1.03754215]), -13.076805096444355, 15.687686868083036]
[array([  9.79471082, -25.016297  ,  -7.43205659,   9.75240539]), -10.828366715662602, 12.253328759548912]
[array([ 12.67076082, -13.8717448 ,  -4.26448387,  -1.5527419 ]), -12.959666912209997, 15.698054202533305]
[array([  6.36810032, -14.0528662 , -10.89763465,  -5.46065313]), -12.9500253385263, 15.698239489474055]
[array([ -2.70295311, -15.70071377,  -4.77086843,   4.75334014]), -5.44041829739729, 5.435277573568249]
[array([ 5.3690543 , -4.49733454, -6.81702757, -4.11822892]), -12.949741957902202, 15.698087040534553]
[array([  9.44144609, -10.43878082, -12.31596403,   8.75949754]), -13.014021029431252, 15.697785471334209]
[array([ 6.76953845, -7.80026433, -3.94513436, -2.46597862]), -12.95136790656568, 15.6955831233127]
[array([  3.98337736,  -4.83828112, -10.81695565,  -4.8558559 ]), -12.949857858176294, 15.698243971279496]
[array([  5.35797244, -15.7269937 , -11.2062288 ,  -1.73947242]), -13.019801107050913, 15.694825395352304]
[array([ -2.84606711, -10.3640905 ,  -7.23625694,   4.45172411]), -8.878926109033566, 9.359368005772037]
[array([ 12.48671955, -23.61834564, -10.03013361,  -5.18161574]), -12.964800430882985, 15.698637096759837]
[array([  7.90125316,  -7.25502438, -17.64821612,   5.3979175 ]), -12.949869098476047, 15.69825599109525]
[array([  6.13589123, -15.5883336 , -10.59444899,  -3.46430147]), -12.959775583983676, 15.698031217383713]
[array([ 18.60919562, -14.93587039,  -7.63911288,   7.65480671]), -12.970618379063806, 15.699522044097124]
[array([ 11.47207716, -10.85517432, -11.32638004,  -2.05343531]), -12.949867384178718, 15.698255944610592]
[array([  8.50939874, -12.92606053,  -5.55990208,   1.62400184]), -13.627404538414552, 15.36868467949488]
[array([  6.98636508, -11.29965165, -15.15625694,  -3.88841813]), -12.94986692680417, 15.698255946409729]
[array([  5.90852567, -17.50346325,  -4.22228488,  -1.69176865]), -11.884826832591381, 13.783217515688994]
[array([ 13.24758764,  -5.03359232, -15.97678266,  -3.02829528]), -12.949866599241087, 15.698256017191293]
[array([ 13.19943896, -16.43110629, -13.83502868,   5.96243722]), -12.957760060712683, 15.698808746121967]
[array([ 7.57528489, -9.70624209, -0.334925  ,  3.51430778]), -11.438672787888786, 13.224844811959779]
[array([ 9.60238873, -6.36625885, -4.566803  ,  0.81391109]), -12.950591422208408, 15.698070778854326]
[array([ 17.37027129, -14.20747433,  -5.1804748 ,  -3.29775262]), -12.94987540233375, 15.698255741680523]
[array([ 16.31551037, -13.87140128, -13.53588851,  -2.37454955]), -12.949866609961244, 15.698256016954502]
[array([  5.71840234, -16.73682796,  -9.00047214,  -2.55886471]), -13.332334091658549, 15.593321702030055]
[array([  4.61068054,  -2.25963705, -13.40819504,  -0.87510035]), -12.949866178496405, 15.698255453756394]
[array([ 10.45414265, -14.26233804, -12.89834258,   9.54387059]), -13.537699448885792, 15.43455297916763]
[array([ 10.33575075, -15.43792982,  -0.37085616,   2.14798503]), -11.585360342033205, 13.572925078480008]
[array([ 20.68539098, -25.372769  ,  -6.18483758,  -1.03248606]), -13.00936330438338, 15.70093325117697]
[array([ 5.09338349, -9.75773748,  4.26651476, 12.67913803]), -3.829183490759679, 3.7945369620747145]
[array([  9.44980936, -13.0455797 ,  -4.44541024,   2.77204771]), -13.94409363179604, 14.945856391094146]
[array([ 10.35412856, -14.52808701, -12.395909  ,   6.79193896]), -13.119311700205776, 15.684768470366503]
[array([ 4.68229446, -7.06096088, -8.59652643,  5.96381594]), -13.408124091055656, 15.539276495837866]
[array([  8.70293488, -13.73544998, -12.51901185,   7.23426226]), -13.364126911617458, 15.577436685849182]
[array([ 18.00478892, -19.81355819, -10.43789364,  14.76143147]), -14.6601484666475, 14.661695135063132]
[array([ 17.48302779, -12.75655374,  -0.15030979,   0.6661076 ]), -12.96433813615174, 15.698054058514929]
[array([ 21.67780281, -20.12254007,  -4.11158385,   9.64448203]), -14.551607728398189, 14.65378113404255]
[array([15.74706717, -6.21194253, -9.4463326 , 17.79674164]), -13.14676608591525, 15.681582725102825]
[array([  8.15160719, -17.9813665 , -12.95967616,   1.2737848 ]), -13.072073926854571, 15.691649226917681]
[array([ 10.77333966, -13.00637314,  -9.33131779,   7.32545111]), -13.509928197432831, 15.471377399875172]
[array([ 21.71266237, -16.1396252 ,   0.50967769,  11.73811502]), -13.48495954349462, 14.535982799411467]
[array([ 21.86469699, -26.02351011,  -5.17138287,  19.59020926]), -11.520875969807703, 14.127197640005722]
[array([ 17.55375655, -15.3440356 ,  -7.80305568,  -3.05022498]), -12.94986872152349, 15.698255987668727]
[array([ 18.99958129, -26.13601868,  -9.95119525,   4.83121065]), -13.879891468552659, 14.961572946599071]
[array([ 19.03643428, -19.5887829 , -10.15416454,  16.23722136]), -14.591051303158721, 14.663526662906234]
[array([ 22.46768896, -26.60835375,  -5.10871208,  13.65841845]), -12.701957248267561, 14.217319360145638]
[array([ 17.80591671, -19.94596056,  -8.49946876,  13.20699485]), -14.132853413976122, 14.640567720448935]
[array([ 25.02599532, -26.00620148, -12.24490723,  22.7611431 ]), -13.407268487482764, 14.591780280674039]
[array([ 11.8728157 , -28.64052259, -12.7751116 ,  12.64216325]), -11.572400087284326, 14.109285964055239]
[array([ 27.63316389, -18.39259589,  -7.92526676,  21.25388425]), -14.288544067810811, 14.537580229987153]
[array([ 20.96859164, -10.70101457, -10.63415531,  28.60361256]), -14.463365106912715, 14.663692499774498]
[array([ 26.32641929, -32.07527055, -11.72037311,  18.15005304]), -13.261692685335277, 14.563245669852076]
[array([ 16.82107487, -23.98672637, -19.01405607,  15.38972613]), -14.102142920942496, 14.59914210794277]
[array([ 34.79825901, -28.2918382 ,   2.42901819,  17.51197445]), -12.894332287055436, 14.244767000208533]
[array([ 27.83106948, -28.49634425, -19.81371769,  21.14419947]), -13.66339558754153, 15.225214206517578]
[array([ 11.69723693, -25.79305031, -12.86279339,  14.57608534]), -11.730320263535582, 14.194474880911548]
[array([ 14.01686057, -17.70569186,  -8.18685377,   8.27419038]), -14.47293568402921, 14.692989994324492]
[array([  7.28820352, -22.15811231,  -7.83713496,  -0.55398997]), -12.684615109542989, 14.290150680971005]
[array([ 25.02194584, -25.28558105,  -6.99608811,  10.98456857]), -14.488435875017766, 14.571337996829168]
[array([ 30.26629712, -24.09758598, -15.33837208,  39.84909579]), -12.983922956986051, 14.231414983933819]
[array([ 14.62450745, -20.64246566, -13.42752761,   4.80306942]), -13.00415257563326, 15.701589754126871]
[array([ 24.72359192, -25.21670806, -14.52583766,  14.49233577]), -13.417322555753602, 15.575041483024307]
[array([ 14.63702439, -14.3897702 ,  -2.74130098,  17.16547641]), -11.161694064024486, 13.148100595026662]
[array([ 23.61987146, -23.7262724 ,  -0.56882364,   5.44712941]), -14.534404737716573, 14.665015806630096]
[array([ 12.75826191, -11.27801436,  -6.0690858 ,   5.90351404]), -13.103439395742255, 15.68422207132781]
[array([ 27.79294734, -31.25684862, -13.2129524 ,  21.58938802]), -13.67874422747597, 14.639403181593638]
[array([  9.54429115, -13.95744455,  -4.04952102,  -2.85286244]), -13.026844136712164, 15.69167532389639]
[array([ 13.80932683, -20.17945702,  -3.97985066,   2.20386351]), -13.900710694099828, 14.629019612059999]
[array([ 24.58667175, -22.73794802, -11.04666605,  16.54503705]), -14.141976964375516, 14.582767722877536]
[array([ 12.3126154 , -16.41760788, -10.06910727,   0.26289073]), -12.952966418337834, 15.698317194988391]
[array([ 20.57633073, -27.19095609,  -6.53668671,  10.5737223 ]), -12.950419908025806, 14.33316967554137]
[array([  6.95510956, -19.56675712,  -1.2998038 ,  -9.86440781]), -13.246565925653645, 14.83662901848217]
[array([  9.40369482, -19.74983509,   5.01222434,  -4.04595248]), -8.697581289982022, 9.100210609652843]
[array([ 22.42554649, -24.9083593 ,  -5.21907569,  11.83281896]), -13.31415650549175, 14.514722851294428]
[array([ 31.52556344, -29.69935445,  -5.18481778,  19.78269908]), -13.082126938431772, 14.470119142279193]
[array([ 19.88504438, -26.28264795,  -1.93043944,   2.5352957 ]), -13.429732527032506, 14.52393948330035]
[array([ 30.07495645, -26.88846023, -10.57170952,  18.85677691]), -14.42441012225428, 14.45999677894538]
[array([ 28.56853463, -32.56089486,   1.55807013,   5.47874371]), -12.89248565566778, 14.295324643456086]
[array([ 14.01638863, -15.66401164,  -3.01789149,   1.92132861]), -13.644217842646189, 15.365510734004348]
[array([ 31.32637136, -25.40246884,  -4.47702684,  15.1419027 ]), -14.509744013207047, 14.521607845303159]
[array([ 26.50893605, -22.33479734,  -6.03184681,   3.51376442]), -12.950825917698479, 15.698365562773377]
[array([ 33.20739543, -27.10732875,  -8.27500591,  12.15347633]), -13.015234304384352, 15.710914360352147]
[array([ 19.28110707, -18.21503151, -10.35930483,  16.56271518]), -14.762954151938068, 14.627277813417662]
[array([ 23.96165831, -10.73359965,  -2.68193924,   5.29701107]), -12.949889788254195, 15.698256406304555]
[array([ 25.5118113 , -16.30744599,  -0.21013526,  11.50332646]), -13.980505492007161, 14.920815533823465]
[array([ 22.96612224, -22.96181596,  -3.17128125,   9.36638437]), -14.397362107355788, 14.657299267956024]
[array([ 28.67898525, -21.20352273,  -3.66742489,  10.86990672]), -13.287277573271583, 15.642570631816588]
[array([ 23.08575338, -18.35965036,  -7.3748768 ,  11.17015952]), -13.169503266244275, 15.685396831830426]
[array([ 41.62124055, -33.38917119,  -7.6902553 ,  25.26520361]), -15.248319277873021, 14.661111509468617]
[array([ 22.6578408 , -18.45799409,  -0.44401889,  16.19676829]), -12.481722762180482, 14.232864485424589]
[array([ 32.37121855, -24.3114133 ,  -4.59889159,  19.1816798 ]), -14.969537517159377, 14.614968851022327]
[array([ 40.39370195, -37.61483681, -18.31130336,  35.61718355]), -14.763935979574269, 14.660857440267195]
[array([ 35.0666144 , -28.04214535,  -6.88135879,  18.15200991]), -14.089083259416553, 14.489505926696895]
[array([ 18.84508698, -20.04842574,  -3.19406483,   5.19129615]), -14.383776628560843, 14.729001978429677]
[array([ 33.55115315, -34.34967601,  -9.11962105,  20.08148291]), -13.943881439367058, 14.65800686530241]
[array([ 38.28602006, -31.58972193, -11.94716572,  21.80885729]), -13.766335441600118, 14.838573604870476]
[array([ 28.46580383, -26.68819968, -13.11814656,  25.43756645]), -14.444865768728704, 14.669573109908233]
[array([ 24.29959935, -16.07899933,  -1.6485797 ,  17.51134877]), -13.696144571931791, 14.5895364902554]
[array([ 29.49460787, -24.68577189,  -8.04683933,  25.53227979]), -13.127872827186389, 14.507326580752656]
[array([ 32.60528335, -26.74836439,  -3.16015082,  14.94619102]), -14.872773725054461, 14.590225158316233]
[array([ 36.16864911, -28.36462273,  -1.99562262,  16.24146129]), -14.942294897537433, 14.593809628606607]
[array([ 41.59981265, -25.86892432,  -0.59691768,  19.62834648]), -13.874985240925824, 14.685066517807897]
[array([ 35.6587127 , -26.84851756,  -5.60020975,  24.53075831]), -14.611093456056729, 14.671612754800977]
[array([ 24.39054864, -17.70600044,  -7.27412278,  12.27889983]), -13.067721316414815, 15.704090738283751]
[array([ 24.01330031, -18.91755264,  -6.27548745,  19.20456387]), -14.220237495030984, 14.652061313242887]
[array([ 34.02482987, -25.75454647,  -5.20727213,  24.08204387]), -14.066951161569182, 14.658005223926198]
[array([ 38.48929052, -31.3036218 ,  -7.74262469,  24.66833051]), -15.176893208376727, 14.673542533154686]
[array([ 28.9753844 , -23.7738875 ,  -8.79003402,  16.55703194]), -13.827789332410946, 14.865403308371674]
[array([ 23.75957295, -24.70918216,  -7.05018158,  15.45564698]), -13.550509988693603, 14.585445165013118]
[array([ 46.28893838, -34.93072855,  -6.00626388,  30.84043549]), -14.417582701951382, 14.668795948661177]
[array([ 39.81446536, -31.93633333, -14.40408488,  34.89586528]), -15.058834176752363, 14.66564150180939]
[array([ 36.50312933, -29.45426871,  -3.65794531,  17.56333618]), -14.99295718454314, 14.598438029467312]
[array([ 37.37904452, -32.52329889,  -8.69988305,  26.15872283]), -13.981272058996387, 14.663543455416136]
[array([ 48.0692295 , -39.33639302,  -1.48772752,  23.77932041]), -13.965894095848016, 14.666627175870065]
[array([ 36.38676768, -30.69989505,  -5.1972375 ,  18.45335527]), -15.091851278682794, 14.6312102498887]
[array([ 34.4773824 , -28.45118574,  -5.13359064,  19.13800999]), -15.072776336953993, 14.661019025925269]
[array([ 46.71409993, -32.44109519,   3.93948986,  24.69080439]), -13.083357569917581, 14.524399169947028]
[array([ 40.45096613, -33.14337013,  -6.99864145,  25.52233148]), -14.882450322217103, 14.671003841964065]
[array([ 38.40633506, -30.07230553,  -3.51450959,  18.98284125]), -15.016786911947436, 14.596856094464014]
[array([ 41.29712457, -29.31371048,  -7.72168264,  29.51345361]), -15.260670722904349, 14.672375408934602]
[array([ 42.16563961, -31.00965912,  -8.40268374,  29.64329716]), -15.284600825991507, 14.674121439312252]
[array([ 34.26155337, -30.42335677,  -7.87033676,  22.23320615]), -14.530572870317553, 14.670735547224547]
[array([ 37.36932077, -28.40602903,  -4.60034282,  22.35426574]), -15.09508707334369, 14.66977173647386]
[array([ 46.26392996, -32.43097343,  -7.84658091,  36.11725437]), -14.149043957850099, 14.670252813939848]
[array([ 34.5180503 , -26.0437063 ,  -9.01238928,  25.58574177]), -15.144824363922973, 14.643434761165377]
[array([ 36.2438913 , -26.75934904,  -7.69885003,  28.72087731]), -14.252547665192425, 14.667409123972224]
[array([ 46.57968431, -35.25522431,  -5.90592125,  28.10518148]), -15.299619345253072, 14.677510226314817]
[array([ 41.05063237, -31.21787567, -10.40155696,  29.15402529]), -15.163578409125664, 14.622104738586993]
[array([ 35.82301236, -25.78142166,  -1.46651278,  18.70132647]), -15.024909282645703, 14.647482327117444]
[array([ 42.95329217, -30.83943118,  -7.3993621 ,  25.46416477]), -14.285670480654343, 14.354518093481225]
[array([ 30.55031299, -22.77246226,  -5.75444401,  19.32191705]), -14.827643203044836, 14.57193453752102]
[array([ 40.44208173, -34.06387763,  -7.48423747,  26.31888533]), -14.335796208138069, 14.669300453788926]
[array([ 49.60047558, -33.6587391 ,  -1.68400398,  29.3258557 ]), -15.088142744219892, 14.669913998263816]
[array([ 42.72190508, -29.90187865,  -8.34975576,  29.39847741]), -15.01701012361129, 14.563391775118383]
[array([ 47.30054804, -35.56985041,  -9.19583909,  32.14860241]), -15.360037718015205, 14.681976101418266]
[array([ 32.40659801, -30.9358394 , -10.86887279,  20.35803924]), -15.137248924559923, 14.64134392453783]
[array([ 44.11363529, -29.01132425,  -4.26143035,  30.0984463 ]), -15.120473659010656, 14.673323925933852]
[array([ 55.34066795, -44.9299137 , -10.63932698,  34.34046286]), -15.451318565267323, 14.691161468419084]
[array([ 49.31109657, -33.58146002,  -6.99731196,  33.72969511]), -15.351684263784962, 14.680708667735953]
[array([ 40.04578851, -34.96133357,  -8.04223971,  23.66014749]), -15.145960602943202, 14.673959607835949]
[array([ 49.27190341, -36.2275395 ,  -8.51137998,  32.52960261]), -15.345290087659976, 14.679071805922103]
[array([ 43.17471367, -35.59938724, -11.53203773,  29.56341287]), -15.320501257750182, 14.674321125035467]
[array([ 53.24720581, -43.79628094,  -4.9649663 ,  24.46944664]), -15.211843101773184, 14.635233325037923]
[array([ 54.11171782, -41.07050727, -15.40757637,  42.97550684]), -15.481924733198248, 14.681760050408249]
[array([ 50.94714979, -41.4314366 , -17.77562784,  39.35652996]), -15.298467620486102, 14.67304526389523]
[array([ 49.06956021, -33.03484078,  -6.71996541,  34.96775994]), -15.274689271148116, 14.67182468357319]
[array([ 66.46941681, -47.06775577,  -7.7201063 ,  40.88364999]), -15.410336096538725, 14.707219434133707]
[array([ 39.92462575, -34.20553766, -10.36572709,  27.94827091]), -14.936863234069772, 14.668872179016205]
[array([ 60.99122898, -41.08307127,  -0.29054121,  33.42941468]), -15.372990516534193, 14.672283386290541]
[array([ 51.27307639, -38.72250253,  -9.89872743,  36.69081633]), -15.15313788739589, 14.656885365321795]
[array([ 21.7810715 , -16.75457221,  -7.76354146,  14.30391139]), -13.738456900077168, 15.144221808782069]
[array([ 61.15948213, -50.45217997, -19.59564358,  44.27375951]), -15.306655364169991, 14.691067990581297]
[array([ 57.37859755, -49.61224628, -18.3200888 ,  42.97204344]), -15.46474269012262, 14.64894683038634]
[array([ 69.22148857, -49.93693995, -13.00963739,  48.53983208]), -15.51794012443861, 14.7110650306859]
[array([ 33.79344035, -25.69615147,  -6.21271797,  23.50843049]), -14.847150205497078, 14.67315661403012]
[array([ 61.44918836, -48.71597471,  -7.26534886,  34.91379216]), -15.446246459447076, 14.66669592460738]
[array([ 66.73601401, -43.53730843,  -8.40390631,  44.85153864]), -15.32871134305244, 14.690871227912812]
[array([ 57.89084338, -47.62494766, -15.4552119 ,  38.36110994]), -15.278993615781811, 14.671194054229982]
[array([ 52.46585409, -41.09520719,  -9.85422416,  32.14808189]), -15.264629159981641, 14.6559251440786]
[array([ 65.90604322, -48.28175318, -11.09081769,  46.450098  ]), -15.38046776362496, 14.635711654436859]
[array([ 50.32691834, -38.45805596,  -3.68965976,  26.59634737]), -15.32855850148437, 14.67911893937886]
[array([ 68.82595478, -50.76216854, -17.2675067 ,  54.58452976]), -15.544219176124182, 14.636445392512188]
[array([ 58.75373436, -48.33833738, -12.63889034,  40.27147326]), -15.071844992843156, 14.641417814331119]
[array([ 63.34740072, -52.70619343,  -3.35355387,  30.40815585]), -14.879012627885805, 14.650827872007394]
[array([ 65.10033222, -49.14791373,  -5.60134214,  37.31273683]), -15.417946118670466, 14.654654819328178]
[array([ 58.43015079, -42.66293681, -22.24815487,  53.94602215]), -15.512423466730205, 14.7098787932853]
[array([ 37.86434051, -17.41957457,  -5.62982758,  28.90487152]), -13.789653159558698, 14.851113056704802]
[array([ 77.44229756, -63.49383931, -19.46382194,  55.94331781]), -15.511514188017907, 14.60498573672187]
[array([ 84.21951557, -63.53829745, -23.39855258,  65.6938313 ]), -15.587066955199527, 14.717482638496374]
[array([ 79.88773781, -59.12204673, -12.02744884,  52.97308736]), -15.603572432269535, 14.643813138788548]
[array([ 94.40734365, -73.13468974, -20.95223005,  66.06340727]), -15.634429426617578, 14.696142830250322]
[array([ 90.54094774, -69.8845295 , -22.90137839,  73.12061217]), -14.3949415310634, 14.662042174443968]
[array([ 83.62617164, -64.61674473, -14.09167954,  55.31458281]), -15.589207368503388, 14.613816717056615]
[array([106.45564863, -74.03341739, -23.77153665,  78.88766008]), -15.360109020597047, 14.768420462728871]
[array([101.66894391, -71.60687575, -22.73495091,  78.37835182]), -15.635465739988577, 14.703056097894647]
[array([ 52.51346141, -46.49799382,  -8.93850137,  30.16807846]), -14.785685496466039, 14.657949516262109]
[array([ 89.72565625, -68.80737069, -26.89700151,  74.23172011]), -15.693344756779116, 14.5974671115837]
[array([104.91932335, -67.60291399, -18.20906327,  79.56048661]), -15.552404895076203, 14.742828730416974]
[array([ 53.79322862, -33.59299223,  -3.63588149,  36.58459016]), -15.266480289644656, 14.668415492599356]
[array([ 67.40145361, -54.26842042, -13.7581722 ,  43.87284677]), -15.555960834059738, 14.681731504773436]
[array([101.32127521, -88.4543471 , -29.27106151,  70.94520238]), -15.73074174365823, 14.618627498957169]
[array([131.22197331, -90.09413066, -20.90228522,  89.8892959 ]), -15.431426461956805, 14.780027741233301]
[array([ 36.53662023, -31.92563455,  -3.39628897,  14.86340556]), -14.996622973871382, 14.601432368853477]
[array([ 93.98918452, -62.01589696, -11.14436572,  66.03156166]), -15.661472398875091, 14.642627363193208]
[array([ 93.48912364, -71.64943829, -24.47616773,  75.22733541]), -15.264433258561684, 14.595624707611695]
[array([104.54149811, -77.5851042 , -28.72695677,  85.54897056]), -15.749088512987901, 14.59736064406345]
[array([ 98.91107817, -78.94712188, -28.83657466,  78.1716173 ]), -15.720516944421735, 14.575125949222809]
[array([ 95.37046145, -77.8993018 , -24.65409027,  68.18613399]), -15.696787468619936, 14.641553540982114]
[array([103.22537515, -73.52907936, -26.56320754,  85.50097347]), -15.74183200891492, 14.593033587021754]
[array([ 87.90878448, -67.60187112, -24.21657732,  68.42045164]), -15.66516494348574, 14.664135984735296]
[array([ 71.34305078, -49.73307676, -24.13657512,  65.66703147]), -15.609072577952155, 14.68447277463721]
[array([ 158.87655187, -122.4908738 ,  -51.65491059,  132.53720254]), -15.681080183769287, 14.679746892284998]
[array([ 98.78889782, -72.24730138, -28.67777715,  84.56653511]), -15.716917232611626, 14.57437055007891]
[array([ 145.18971584, -106.93986211,  -34.71627345,  114.81446591]), -15.87526534388374, 14.524007049573003]
[array([103.54569369, -85.61169147, -21.63806583,  69.42732451]), -15.55632227401844, 14.569756239531712]
[array([102.81253204, -83.5435545 , -44.29463043,  93.44864703]), -15.62742388031216, 14.721019704343268]
[array([102.84026613, -81.87387858, -25.73667296,  76.35852799]), -15.718321009344283, 14.57206924668586]
[array([104.04373512, -82.46238658, -34.88956487,  86.78378577]), -15.728391523146167, 14.631282353524082]
[array([100.07844213, -75.9080956 , -30.79891215,  82.03724453]), -15.647534523654937, 14.698640094546967]
[array([ 143.8656409 , -113.54621761,  -36.00972918,  110.69190879]), -15.412064085386215, 14.579213071805057]
[array([106.26043256, -84.09484148, -20.74649242,  69.67745476]), -15.67081843637973, 14.676874050731223]
[array([125.86147338, -99.71418004, -23.2427868 ,  84.2789333 ]), -15.768155502703182, 14.544722455026683]
[array([ 84.03167282, -65.95527249, -19.86179956,  59.96683911]), -15.64340520219651, 14.67015015236439]
[array([ 129.3690646 , -105.07454526,  -41.55625955,  105.55846124]), -15.852727097681829, 14.531520173688795]
[array([ 180.42830216, -133.90181715,  -41.04997031,  137.65813579]), -15.861970454685393, 14.560727594006494]
[array([ 69.39944534, -54.98143489, -11.51164973,  44.20440053]), -15.481100763204331, 14.637290793393877]
[array([ 96.64664494, -76.42360484, -26.50957247,  75.9892927 ]), -15.570993936465277, 14.5708336143328]
[array([107.87976162, -78.22860248, -13.07108444,  73.28478842]), -14.869976330630536, 14.628902929451392]
[array([ 174.45079722, -128.06220803,  -51.22329262,  150.99656141]), -15.96120567249929, 14.482337001419111]
[array([ 92.99808744, -81.35288088, -33.62533212,  74.98176835]), -15.655874743339506, 14.566603836845408]
