[array([-1.46577251,  0.82903082, -1.83564945, -8.3429128 ]), -6.40675715770716, 6.926279439260787]
[array([ 3.95434294,  3.70235771,  3.19909298, -2.15721382]), -7.589225018169771, 8.774822209628963]
[array([0.86929762, 3.19666706, 0.94315656, 3.39181416]), -3.8694719532791613, 4.030022029678318]
[array([ 1.29300247,  2.10043604, -0.81767375, -2.68678826]), -10.981474410221335, 13.254048792978338]
[array([ 1.73656306,  4.37802813, -0.77029655, -6.58236697]), -10.681085798341403, 12.879007500833373]
[array([ 3.28344416,  4.53346452, -0.90156962, -6.29697833]), -12.487007794763011, 14.929275505732296]
[array([2.20533605, 2.85709011, 0.05783591, 0.21915101]), -10.875692590525905, 13.561237138150204]
[array([ 0.387723  ,  6.03166238, -0.6580235 , -6.70693299]), -7.84105058675482, 8.643063270452247]
[array([ 1.48236445,  4.28143561,  0.77477344, -8.90652789]), -7.109340972055868, 7.549751198735279]
[array([ 1.75367197,  6.82137034,  1.26611004, -2.58048507]), -6.711265531701574, 7.306646591164366]
[array([ 3.57282592,  6.02570235, -1.76877648, -2.38039582]), -12.727225719408558, 15.389621720461038]
[array([ 3.09287952, -0.0803165 ,  0.50582725, -0.27249328]), -11.090023145454728, 13.932528076573078]
[array([ 2.56178079,  7.54580376, -1.03756054, -4.16479418]), -11.863195026252088, 14.37016459951339]
[array([ 3.29405529, -2.16061043, -0.58491353, -2.23192025]), -11.806439005600554, 15.270787211377863]
[array([ 3.37904863, -1.56444946, -2.96556458, -5.38809989]), -12.093271556671473, 15.798945832943138]
[array([ 4.6233057 ,  8.47196698, -4.6026885 , -5.4023407 ]), -12.831571816515213, 15.492483934246161]
[array([ 0.67673281,  5.72925934, -2.32910124, -3.44697362]), -11.705034585562785, 14.052282531180717]
[array([  7.40936171,   3.68893981,   1.24068125, -11.59945679]), -12.945185500599948, 15.34629150671583]
[array([ 6.48201888,  3.33907002, -4.86327313,  2.07326989]), -12.08494435132529, 15.859492966436964]
[array([ 9.82744811, -0.23757227, -1.44492438, -7.7845059 ]), -12.089208216967785, 15.85021574406678]
[array([  5.29416487,   8.85593627,  -1.85391474, -14.10368933]), -12.323488874371634, 15.210449778256093]
[array([ 5.37706376,  5.48044005, -6.0503174 , -9.36018516]), -12.53851295486307, 15.539669733139844]
[array([-0.94555875,  3.81307809, -3.72512992, -0.3579472 ]), -11.720314238648006, 14.41597379257819]
[array([ 0.92237103,  8.20614097, -1.75598252, -6.72449353]), -10.219152853829247, 12.379053553111744]
[array([  8.74612526,   1.53027872,   3.34429067, -10.05296827]), -12.918932136793886, 15.298525024263556]
[array([  7.00618565,   2.34195306,   5.62736603, -12.73632154]), -8.2937833722142, 9.218382326884004]
[array([  5.60319478,   3.07645692,   3.60214003, -13.25994468]), -9.157485890499805, 10.611490332635428]
[array([  7.22745601,   2.60965414,  -1.60683044, -13.11304649]), -13.074715144596725, 15.411997936050676]
[array([ 11.10364262,   6.14576906,  -8.53950836, -20.71323102]), -12.661736424853565, 15.60679221079689]
[array([ 5.69152033, -1.96476665, -5.7211345 , -9.35072643]), -12.088232455110445, 15.852627651920079]
[array([ 14.66647551,   3.26328156,  -1.45199655, -17.08407267]), -12.456291276419748, 15.546901738209083]
[array([ 18.65197145,   5.17952402, -10.48934213, -18.50458782]), -12.085117116397564, 15.85808128223613]
[array([  2.65530373,   1.13358925,  -1.8093128 , -17.70498669]), -11.292849112184754, 14.148130150667555]
[array([  7.90790229,   7.3405022 ,   1.48712007, -11.61964947]), -12.596524217984635, 15.258834275482764]
[array([  8.65015516,   4.07659322,   1.37644246, -16.90342541]), -12.739454269868864, 15.354721722786968]
[array([ 7.20012459,  3.39947091,  0.2690285 , -7.07457474]), -12.788600990824554, 15.473966498614093]
[array([  3.20230355,   5.94465511,  -5.7216957 , -13.6781924 ]), -13.235165192304631, 15.443831276371304]
[array([ 3.73215873,  7.08449701, -1.11185328, -6.27569282]), -12.554115119923988, 15.069926005603413]
[array([ 2.59748409,  6.11680799, -2.49851844, -5.99816647]), -12.8124701924949, 15.219911700705223]
[array([  8.30617941,   8.55858847,  -4.43105834, -10.94416777]), -12.888654978974913, 15.481189223841653]
[array([ 15.44625436,   4.88268645,  -8.51545514, -25.32193409]), -12.44754790426882, 15.563290397719243]
[array([  8.09049261,   1.90441266,  -5.45625916, -19.02366047]), -12.907095133988278, 15.471105470412343]
[array([  5.16005057,   6.07724631,  -7.82998323, -13.75886033]), -12.884879442646316, 15.483546675728835]
[array([  6.18917352,   4.32262208,  -3.20668859, -14.45773766]), -13.204223460497941, 15.400469340845998]
[array([  3.00974379,   5.52566461,  -0.89012206, -13.67866854]), -10.818130987525036, 13.476923557081129]
[array([ 2.88504159,  1.17599124, -1.71326463, -7.69474775]), -12.74256590378657, 15.211459572391151]
[array([ 6.28660809,  6.69485091,  1.19617036, -9.02989232]), -12.321522679436528, 14.995988448957023]
[array([  9.69538437,   0.25842818,   1.15756053, -13.68063371]), -12.95373615864914, 15.451469904079888]
[array([ 10.62340609,   4.89471595,  -6.69932355, -21.28879884]), -12.881405354109832, 15.494086441802713]
[array([  5.56940047,   6.5211218 ,  -6.50077609, -13.57402968]), -13.020377332462512, 15.410679130976979]
[array([ 10.91255515,  10.26216172,  -9.35727787, -21.70339869]), -12.947723560018598, 15.424681725756855]
[array([-1.26871056, -2.08283107, -3.79345042, -6.81209095]), -11.535330181331075, 14.008102142140446]
[array([ 10.96983236,  10.07441595,  -3.18399827, -17.32722061]), -13.242232147022966, 15.334225946251816]
[array([ 16.23680588,   3.30497774,  -5.03706706, -23.04706267]), -12.3960003792006, 15.534311637993362]
[array([  4.92597469,   3.13881387,  -1.6178023 , -15.55407616]), -12.707744358359278, 15.304615561401313]
[array([  5.31550628,   3.36861873,  -6.67930271, -11.31044452]), -12.40607163081589, 15.532005338360763]
[array([  4.38675711,   1.34933296,  -1.72597299, -11.98530986]), -13.019355160491259, 15.35965702364074]
[array([  9.59117019,   2.54262356,  -1.12288597, -21.6606678 ]), -13.307900749959657, 15.478258430192671]
[array([ 11.18752191,   7.29787753,   0.03649684, -19.96834417]), -13.335195942713924, 15.53634554109482]
[array([  7.9080244 ,   9.45427196,  -1.38051089, -12.53220501]), -13.252931432727491, 15.48855896076083]
[array([  8.14861695,   9.53033886,  -8.5340062 , -21.88331236]), -13.22651258246136, 15.305213366788681]
[array([  8.16555782,  12.3268127 ,  -7.04342315, -19.86269747]), -13.314791973419698, 15.404058037627156]
[array([  7.5707738 ,  10.3288748 ,  -8.17153356, -18.0616346 ]), -13.154114293625769, 15.326213704245447]
[array([  8.85310674,   9.1760812 ,  -3.3929607 , -13.70425331]), -13.184349112982737, 15.354878870343345]
[array([ 3.33332183,  5.297644  , -0.1253447 , -9.0529106 ]), -11.190224794599422, 13.767543054856677]
[array([  3.89266956,   8.04810297,  -7.69940097, -12.14587793]), -13.084280961557868, 15.38625338289318]
[array([ 12.96332588,   6.67855365,  -8.58441259, -25.37330045]), -12.867292690567417, 15.521465648114416]
[array([  8.70761645,   1.7402248 ,  -2.10617426, -23.51222703]), -13.320892624393862, 15.505648096144984]
[array([ 21.2310005 ,   5.22615174,   2.20037244, -22.84434346]), -12.841450111866674, 15.5321413440953]
[array([ 10.32874339,   9.05423184,  -3.64802798, -23.18563081]), -13.381500615585013, 15.52541899095204]
[array([  6.68544206,   8.03442161,  -1.78816242, -15.5581316 ]), -12.939278022253541, 15.444895219763993]
[array([  8.00404756,  10.41511082,  -5.15535242, -17.59574052]), -13.310950873701575, 15.419694621860959]
[array([  9.02032121,  10.84257926,  -3.30582149, -16.44585636]), -13.329857421566572, 15.467017418042357]
[array([  4.91193795,   7.61760055,  -1.3457535 , -15.43162668]), -11.778995171770502, 14.853135762646737]
[array([  9.81611349,  20.68218711,  -6.24328664, -23.71123847]), -13.35291224413928, 15.539841015260588]
[array([ 10.15839587,  11.33146837,  -0.08402636, -23.70513879]), -11.996069621158778, 15.234430001929008]
[array([  7.3757696 ,   7.53387859,   0.53025309, -20.01124959]), -11.483340668006035, 14.678750320842907]
[array([  2.21069273,   2.95788643,  -8.38923077, -14.81795833]), -13.022442150537895, 15.419877204322782]
[array([  1.82295566,  17.82266517, -12.09556543, -22.88975248]), -12.95718466854501, 15.488834817480727]
[array([  4.50574495,   3.52967187,  -5.0014371 , -18.39152696]), -13.26735498686682, 15.47888523195494]
[array([ 11.76778725,  19.92656358,  -7.12996891, -27.79794482]), -13.581539513011279, 15.606043623923382]
[array([-0.37693106, 15.70177198, -2.49453734, -6.12931845]), -8.83722370644095, 9.920683864265692]
[array([  8.02798433,   6.78725961,  -3.26780037, -13.24934487]), -13.107290542122106, 15.381340255512463]
[array([ 10.21152825,  15.55031252,  -2.37223019, -20.14410691]), -13.089036329159411, 15.507302891993465]
[array([  8.58582829,  19.18448845,  -7.73869367, -29.48161747]), -12.859254714210255, 15.480795947832195]
[array([  8.8182129 ,  14.22890333,  -1.76971538, -24.09288521]), -11.732956032440056, 15.116065169895348]
[array([ 14.00860277,  22.78086474,  -6.87393485, -26.77536932]), -13.456128428097507, 15.603060241820119]
[array([  9.7214267 ,  28.0388722 , -12.70339795, -37.2223163 ]), -13.152038108403916, 15.495178145687174]
[array([  8.70863763,  24.91305283,  -8.18320569, -20.630346  ]), -13.477438703709097, 15.561198494330094]
[array([ 12.06515291,  12.3233611 ,  -1.17925788, -32.81246031]), -11.933142344120201, 15.300767228733596]
[array([  9.72233822,  18.64594428,  -9.67223594, -32.97491527]), -13.593330411417353, 15.574514237906826]
[array([ 13.18555286,  14.92571853,  -8.80349281, -29.60141345]), -13.300831030881115, 15.296676263262986]
[array([  9.63388019,  27.94682635, -14.46301323, -36.46194692]), -13.706001722700176, 15.570883100468802]
[array([ 10.51724583,  10.63289256,  -1.29295391, -28.5156097 ]), -12.124966621578926, 15.325334606213302]
[array([  8.19636511,  17.01917551,  -4.25942759, -28.92461273]), -11.609139866302055, 15.095895985644194]
[array([ 15.89114697,  28.009675  , -10.23162829, -29.25366308]), -13.298832430409988, 15.477727609702061]
[array([ 16.59700051,  19.84726114, -11.3926276 , -32.18266741]), -13.271148314261465, 15.254313372870868]
[array([ 13.0978553 ,  21.94522929,  -9.65733731, -34.38036687]), -13.59092111461902, 15.623213703298866]
[array([  2.60435825,  36.30487168, -21.92911097, -37.68672067]), -12.77660294334796, 15.478825544257102]
[array([  9.80250158,  14.85445301,  -4.00901778, -26.83297351]), -12.737246986691499, 15.461365184718494]
[array([ 16.09480537,  31.35868202, -10.95764003, -34.4629306 ]), -13.543432142811032, 15.634353768772977]
[array([  5.77814294,  20.60645982, -16.17305078, -35.18479332]), -13.65003164946839, 15.612347753414214]
[array([  7.01507294,  16.70736139,  -7.46212315, -23.51210758]), -13.267460889325855, 15.532726650523403]
[array([  8.84362895,  21.48211803, -12.62129201, -34.34580846]), -13.666581242330636, 15.596085092799225]
[array([  4.7070908 ,  38.23344711, -11.4374628 , -30.85274538]), -11.302288296349294, 14.648807647992177]
[array([  5.09809061,  17.49895104,  -8.89499575, -25.09345364]), -12.677162521679358, 15.455029755444183]
[array([ 10.22194942,  14.51312714,  -2.68794542, -13.14492671]), -13.313549336283494, 15.428199711823094]
[array([  7.36687762,  18.30606483, -11.73495246, -31.5139465 ]), -13.605959658498074, 15.590202235377705]
[array([ 11.54111287,  46.80263715, -22.94071849, -54.49140431]), -13.136695880063897, 15.478042874060142]
[array([ 17.23486049,  37.24779015, -17.38212542, -53.8473968 ]), -13.86620072664945, 15.589417311246319]
[array([ 13.14401245,  21.4237942 , -13.13315351, -32.06281221]), -13.302250314037853, 15.277785155916977]
[array([  1.14241617,  19.16073037, -13.13998617, -26.29610265]), -12.345434207608545, 15.414216618309583]
[array([  3.11452478,  12.85812372,  -9.42302976, -20.77977732]), -13.296800136316369, 15.545508310155322]
[array([  3.40645937,  22.20075049, -21.07596971, -31.80894697]), -13.310243218929573, 15.492840692142588]
[array([  7.11868609,  26.64891259, -12.00612295, -29.85783505]), -12.967687262845834, 15.488922874038174]
[array([  9.90511306,  29.60358455, -15.14530959, -26.68658225]), -13.325384083831551, 15.543742069827186]
[array([  0.44063363,  21.19170905, -11.15825241, -18.25824559]), -11.98762891041484, 15.275916815311735]
[array([ 10.23708446,  34.61104722,  -8.2943998 , -28.7642406 ]), -11.804663860613093, 15.360351694729625]
[array([ 15.83558829,  43.1272521 , -22.70872904, -56.25747489]), -13.8646182711017, 15.616507919959357]
[array([  9.91997565,  19.89646143, -11.99784221, -40.61682821]), -13.541079991282073, 15.538255349986873]
[array([ 11.3523337 ,  33.93271417, -12.40005241, -27.55629922]), -13.71038554123604, 15.602606164595931]
[array([  9.00492472,  36.18390858, -17.95221275, -29.41972096]), -13.544283616250341, 15.634171050939146]
[array([ 18.57519053,  47.80405512, -23.0335357 , -69.01600113]), -13.71086517124438, 15.497302958063454]
[array([ 18.88901014,  43.12168627, -19.76906082, -59.19919552]), -13.896922856004458, 15.581469233193143]
[array([ 10.88372031,  41.68993485, -32.09466339, -64.05169313]), -13.61091181548373, 15.645893386084701]
[array([ 11.05738733,  21.65449918, -14.75825868, -31.00837416]), -13.301480366099193, 15.28359628595471]
[array([ 16.24336246,  39.13315899, -22.14561871, -48.53394009]), -13.288164853689262, 15.629947253810128]
[array([ 20.33382516,  60.1482296 , -32.48877894, -76.81685785]), -13.944890809242246, 15.6154811732072]
[array([ 22.08767267,  58.93502154, -15.71342852, -68.76889918]), -11.745694533970054, 15.473657337406648]
[array([ 21.72199901,  33.81323746, -13.04291608, -63.48393087]), -13.670525444475453, 15.507211363206167]
[array([ 18.09114984,  58.97464882, -34.46067687, -72.59536768]), -13.767267800306005, 15.647297162967046]
[array([ 20.09198909,  51.46250747, -29.97740522, -77.9563008 ]), -13.927976356692426, 15.618807686358851]
[array([ 13.78825453,  34.60290129, -17.76874715, -46.51369548]), -13.800605682430007, 15.61550770273242]
[array([ 21.03115118,  77.64205688, -34.66080956, -78.59224316]), -13.793816474164508, 15.49018710008392]
[array([ 21.45325274,  55.6907599 , -22.79345984, -83.09657157]), -12.243426379607769, 15.47783023366397]
[array([ 12.50008435,  41.32152518, -19.57238091, -44.37807927]), -13.831270734806534, 15.568661447710653]
[array([ 13.05535132,  33.46227221, -28.3432752 , -72.78417492]), -13.866303890190768, 15.623167989751074]
[array([ 30.07989229,  29.3264491 , -13.01945664, -59.86108526]), -13.288631616061048, 15.235851431766884]
[array([ 19.71536896,  51.76350257, -32.0052839 , -74.08830158]), -13.510941436475257, 15.645830682271727]
[array([ 24.30500053,  77.01481805, -32.2080211 , -88.32121856]), -13.298405342448813, 15.46573055629365]
[array([  26.73492242,  108.22570137,  -55.35893713, -127.61217187]), -13.725966801229289, 15.451490366742538]
[array([ 30.22435307,  84.45007077, -42.38698203, -98.6618595 ]), -13.866850664896425, 15.652320019196202]
[array([ 26.37053625,  44.56097935, -28.83741745, -81.03577031]), -13.25178246794212, 15.663077372244356]
[array([  38.30622335,   93.62946997,  -51.9295992 , -145.6720261 ]), -13.998167662283329, 15.577943957379013]
[array([  22.86033085,   73.82277774,  -53.02142876, -118.22207949]), -13.895227572304773, 15.650578233627137]
[array([ 15.42917502,  54.97706629, -29.58303794, -69.5042835 ]), -13.817315808786988, 15.513924331744166]
[array([  42.35390617,   93.07956794,  -43.32204854, -122.32732606]), -13.865777808904104, 15.657908530461643]
[array([  57.48059145,  117.13169005,  -28.65014432, -140.49054359]), -12.711238332016421, 15.482929369939923]
[array([  50.40003079,  121.60929931,  -70.32873349, -165.97733297]), -13.261437090445945, 15.626888608895545]
[array([  31.63418985,   92.65997279,  -59.56256376, -135.11160371]), -13.817841680164163, 15.662533871224452]
[array([  12.95437697,   24.53881337,  -44.58778502, -105.31405543]), -13.248583655344039, 15.661276064904653]
[array([  39.57949469,   91.71355958,  -72.22114152, -186.73182112]), -13.818585284345248, 15.668530820996569]
[array([ 38.0839043 ,  59.70190332,   3.2652763 , -49.76727039]), -12.265448179055383, 15.476491522530623]
[array([  34.91578401,   78.96334204,  -42.17273359, -136.39551823]), -13.853012254770313, 15.492962375627092]
[array([ 24.77805234,  26.93413713,   4.3475251 , -34.8628355 ]), -12.747467500861307, 15.47698850633901]
[array([  49.59498339,  101.19469465,  -82.25263928, -196.07816341]), -13.246511994059704, 15.700749408570472]
[array([  59.46753787,  127.82229654,  -60.71649314, -184.86017318]), -14.032914858672376, 15.622767769675558]
[array([  92.27916334,  176.49257528,  -74.35253746, -270.88035887]), -13.960994352521041, 15.544625562097671]
[array([  36.73151377,   95.84785013,  -39.98318961, -127.39829088]), -13.498326586591428, 15.455280356165984]
[array([  53.2938773 ,   84.26988229,  -37.10612289, -157.81569987]), -13.968207740651112, 15.556894492999069]
[array([  32.44204393,   97.13141137,  -62.43330204, -133.66683293]), -13.434379476621265, 15.639064536734026]
[array([  58.59750816,  153.02100177,  -63.93808592, -171.23619935]), -14.017225518222327, 15.582734540623715]
[array([  28.07905478,   27.8458032 ,  -22.37553727, -110.67507392]), -13.866091416953124, 15.522300482987111]
[array([  78.49054804,  197.50799223,  -91.68254691, -253.23517755]), -14.024351052456423, 15.579656834138246]
[array([ 23.42758027,  32.38173718, -12.79424472, -66.64134227]), -13.809527172083962, 15.534800757802822]
[array([  58.26861889,  159.99240295, -112.60466015, -308.20883538]), -13.884027489571249, 15.52255942177175]
[array([  57.16454143,  139.85623761,  -47.94387182, -152.99635946]), -13.86509595317315, 15.499451845430576]
[array([  27.51751602,  142.70104078,  -71.79095652, -165.0621754 ]), -12.232158333945238, 15.474087832883123]
[array([  77.28630205,  212.48269006,  -71.85946027, -221.59972895]), -13.70215756619312, 15.437727428255826]
[array([  40.21858843,   92.67726942,  -49.68909626, -107.74458262]), -13.247816497653028, 15.69386280180852]
[array([ 101.36680292,  241.5603884 , -108.80563808, -304.1405334 ]), -14.055165518117125, 15.632601041709611]
[array([  40.56133581,  175.1434759 , -102.93423632, -212.68371038]), -13.928008229057243, 15.535116765060817]
[array([  93.05197787,  246.10548117,  -68.44244602, -216.21548261]), -13.870311816072157, 15.434287593905681]
[array([  85.87050141,  183.08416713,  -74.97573699, -249.88363521]), -13.946336143897124, 15.540227789916639]
[array([  74.18707707,  173.72051037,  -58.49254924, -205.28459876]), -13.859213505686892, 15.44237121188398]
[array([  90.21693506,  216.75453852,  -64.09453901, -237.85677361]), -13.289064471745958, 15.469992197557662]
[array([  82.20450834,  179.85707224,  -90.994331  , -248.95794676]), -13.798931991985429, 15.678932076877132]
[array([ 106.96895762,  205.74921753,  -88.38385861, -266.93697466]), -13.269050198872486, 15.612418978545078]
[array([  88.01245203,  265.89367924, -158.93140037, -370.13683228]), -14.041111119961503, 15.643794614936489]
[array([ 118.18361907,  352.01665337, -154.82478438, -370.18826493]), -14.034896625729466, 15.58414859792277]
[array([  57.04327321,  137.76764138,  -68.98743524, -207.80052173]), -13.886846925206402, 15.522002421463139]
[array([ 147.60589529,  354.22136647, -159.44345599, -402.86198993]), -13.749784025535508, 15.683231846261561]
[array([ 101.91910975,  206.32880566, -103.1889917 , -322.10795285]), -14.033076360937102, 15.642177595096696]
[array([  69.82462606,  213.12250319, -121.22921168, -299.93893781]), -13.959447449925852, 15.542968260476352]
[array([  97.28028944,  205.01724474,  -89.80721531, -267.42127923]), -13.914273315337772, 15.657130068678082]
[array([ 110.22513899,  204.57707837,  -97.37214986, -312.8200537 ]), -13.927378122946756, 15.681548637514311]
[array([  72.31163597,  164.69407338,  -69.26078448, -203.54146409]), -14.041335563499286, 15.6253804901685]
[array([  88.51161686,  241.83964303, -150.43079797, -370.07651195]), -13.983766692271827, 15.645035122703407]
[array([  46.87962149,  122.76366578,  -84.11423168, -206.35949967]), -13.904939402532843, 15.664911093120967]
[array([ 101.17988948,  239.39194058, -121.90528798, -326.01860073]), -13.902271010859856, 15.649608741293955]
[array([  57.23038954,   99.16370405,  -52.06858349, -167.92693986]), -13.482734258967296, 15.646117388848738]
[array([ 142.45655302,  359.18499302, -183.35873206, -486.15200475]), -14.063713404113859, 15.636346504316107]
[array([  94.06695327,  259.2392038 , -126.01237248, -319.20429741]), -14.045514599544122, 15.60447406584577]
[array([  71.4568636 ,  205.73311854, -101.43547578, -241.67623384]), -14.042271202882297, 15.6358973942658]
[array([  94.26031245,  257.27878022,  -91.45500202, -250.32308437]), -13.88725119223009, 15.523038136398911]
[array([  58.43406456,  198.6837462 ,  -88.02990273, -175.90119385]), -13.971318904011616, 15.64508477894498]
[array([  59.92356285,  139.57423121,  -84.73827411, -225.64334687]), -13.918916503429209, 15.658550659349482]
[array([ 175.77493995,  492.13451206, -257.10143987, -666.85333973]), -13.989662432841339, 15.544507095856073]
[array([ 141.93471195,  334.03090908, -142.3439005 , -411.23888268]), -14.050718764729652, 15.613081636614993]
[array([ 155.1859907 ,  436.72812423, -244.32153478, -603.12404817]), -14.060429685385941, 15.630387087721717]
[array([ 153.67942022,  464.32065529, -223.4278378 , -514.27043754]), -14.06475340028187, 15.636509150840888]
[array([ 144.54679014,  361.44121415, -212.62689653, -567.12182022]), -14.06203042889477, 15.632735775510422]
[array([ 128.15468607,  286.0044408 , -171.35184705, -462.65438033]), -13.965047885306134, 15.680454865477635]
[array([  88.51658135,  217.52255236,  -76.93842373, -244.64043118]), -13.8563929150168, 15.498764424196327]
[array([ 127.74134744,  313.06970465, -139.65856186, -373.23396269]), -14.014646998024604, 15.645506359633385]
[array([ 184.74739943,  433.56700777, -190.56214429, -529.35610135]), -14.027291031426374, 15.647071274359417]
[array([ 134.53680377,  302.11017457, -152.40482251, -402.77511822]), -13.547398039004902, 15.672806530667799]
[array([ 161.84343556,  522.295626  , -258.68485283, -566.93060356]), -14.067389418258983, 15.64006920870286]
[array([ 140.38787714,  385.5604412 , -184.79457833, -468.61068939]), -14.04871178465314, 15.608150493178712]
[array([  72.67871727,  152.34941832, -127.78180565, -357.20457069]), -13.918486718047989, 15.647607013495312]
[array([ 110.29788907,  272.4184733 , -111.12908857, -296.01889252]), -14.00896593036414, 15.644518208399987]
[array([ 172.18637694,  429.76410572, -231.7999501 , -662.64102669]), -13.904198175494964, 15.52937376528763]
[array([ 151.25118639,  396.20666494, -220.80231632, -551.6829497 ]), -13.894327098077746, 15.642263025112744]
[array([ 182.90958007,  487.51123692, -236.91062388, -604.82791649]), -14.061100875989583, 15.631204518357064]
[array([ 104.03277229,  312.14362817, -190.9282028 , -414.91818161]), -13.730187155588967, 15.682177602153061]
[array([ 174.56329491,  474.55226716, -280.93354023, -685.7014932 ]), -13.879374935873722, 15.641146724636167]
[array([ 136.07213028,  365.42441297, -167.13990003, -430.49255482]), -14.049349275574977, 15.609858657827271]
[array([ 132.0701013 ,  415.50742748, -195.1471855 , -418.60263459]), -13.909345732740414, 15.643144261208104]
[array([ 154.15897349,  558.98973973, -316.3940686 , -642.15687641]), -13.913919509187306, 15.64314559696347]
[array([ 199.71556858,  652.01909493, -317.16011621, -716.1287092 ]), -14.03449482050702, 15.584417457447193]
[array([ 211.2597177 ,  627.38222369, -333.05621306, -826.72862328]), -14.012936001115216, 15.54671755494498]
[array([ 143.25052107,  466.38473795, -223.8893976 , -473.42534222]), -13.984102038205105, 15.645778876766611]
[array([ 126.28237954,  429.47213779, -251.11331298, -525.42701409]), -13.876722116423151, 15.647447864854522]
[array([ 185.79955279,  577.75956097, -301.6224178 , -685.84686258]), -14.06721757106765, 15.639030113266056]
[array([ 122.26065221,  346.65016531, -187.66903658, -455.41923855]), -14.063722253938064, 15.640238877607633]
[array([ 182.11181411,  515.65777823, -249.63461476, -612.91317711]), -14.053840793846124, 15.621385312420847]
[array([ 161.83473336,  558.65166483, -251.35078287, -496.33945935]), -13.925809484726775, 15.643593637496107]
[array([ 117.64162825,  281.56743496, -144.47824861, -379.54994035]), -13.908148468670362, 15.657733027630192]
[array([ 160.56455471,  572.95090157, -286.44731493, -615.42004616]), -14.02822945043944, 15.56312626804059]
[array([ 192.2336279 ,  646.5608218 , -335.33092058, -716.71232085]), -14.07020508483022, 15.643699495095289]
[array([ 150.00825451,  508.57012115, -261.57332869, -581.73309223]), -14.033681074617963, 15.579962596341556]
[array([ 217.83050866,  688.92847357, -363.68174354, -803.21573011]), -14.054698269645927, 15.64877295519726]
[array([ 240.46343055,  657.95528309, -299.64595922, -738.9892981 ]), -14.069677122210885, 15.642599163098504]
[array([ 234.66563139,  686.83623672, -334.16739004, -801.045476  ]), -14.052522143866524, 15.620424865077723]
[array([ 149.53520103,  411.36225649, -220.0653079 , -559.76135987]), -14.048829019336155, 15.607742564455673]
[array([ 183.41934317,  555.62047006, -271.56632889, -622.44013234]), -14.06815769053529, 15.640813097112021]
[array([ 199.35556585,  655.50050292, -332.41077478, -710.3682052 ]), -14.061296455139143, 15.648824607182815]
[array([ 183.20561208,  557.03695869, -255.53830691, -561.43503531]), -13.89252011544396, 15.64192498862163]
[array([  303.08324472,   923.22985836,  -488.86893746, -1152.12858912]), -14.05210328047252, 15.618256676966187]
[array([ 161.4361138 ,  491.92216303, -238.10031307, -545.29830004]), -14.064551557686118, 15.635884082674274]
[array([ 138.72754534,  485.73808429, -233.6338243 , -465.93865879]), -13.950098592993042, 15.644555019249717]
[array([ 221.97237064,  711.17173641, -365.39073069, -804.83617583]), -14.071361442068609, 15.645276392213466]
[array([ 188.22253108,  613.47835185, -320.51942486, -695.45018418]), -14.068655316489737, 15.648301596020273]
[array([ 169.16445772,  506.24720628, -294.48153289, -674.13816515]), -13.872833499923695, 15.640752671956005]
[array([ 277.74122787,  797.52352217, -369.71631435, -879.72300872]), -14.068784879403266, 15.64086107631953]
[array([ 215.79460572,  698.24383849, -349.70120838, -763.1287468 ]), -14.070365737780325, 15.643675184660857]
[array([ 152.68947831,  434.76451263, -219.86605756, -518.24381837]), -13.969267458093727, 15.64527799315046]
