[array([-10.16910053, -17.73148393,  -9.22002023, -17.09427592,
         3.3491043 , -15.1518632 , -12.90013274, -10.85046203]), -5.702798427536359, 5.585849210460653, 5.72]
[array([-14.60820304, -16.74627664, -10.15794472, -14.79300335,
        -0.92875408, -14.27080696, -15.10204476,  -9.22508932]), -5.698642409733078, 5.5726180595953005, 5.58]
[array([-20.06165506, -16.50507221,  -0.48852141, -19.91849664,
         3.33432688, -18.99289162, -15.19877734,  -5.80224923]), -5.9958104768319345, 5.060143197164086, 5.8]
[array([-10.31871121, -15.48650376,  -9.49393187, -15.71707736,
         1.92691517, -13.99037338, -19.02148782,  -9.17935243]), -5.703454299957875, 5.586637760048601, 5.73]
[array([-14.51833891, -16.50326246,  -2.07529017, -18.25830608,
         1.18334573, -16.44616394, -20.05166937,  -9.0304615 ]), -6.229511158360265, 5.595299114302628, 5.88]
[array([-14.29941182, -15.98020262,  -2.73326671, -22.53703042,
         0.59306324, -20.26728591, -21.73011799,  -5.65768217]), -5.975877106091716, 5.539026668449653, 5.46]
[array([-12.96840006, -12.58357943, -11.17230455, -13.66679866,
        -1.11484062, -15.54261238, -17.46759914, -12.3915991 ]), -5.721629725392262, 5.580835248746, 5.39]
[array([-18.97273056, -17.48398128,  -1.7786742 , -15.78137779,
         0.08631992, -12.75453364, -22.28771821,  -5.22088288]), -6.328933212438386, 5.614890835171047, 5.59]
[array([-14.80952369, -18.92452911,  -6.59941942, -20.88520595,
        -3.98079875, -18.00589044, -19.4134839 , -11.99409048]), -6.042153149235244, 5.591545494685637, 5.83]
[array([-17.91941832, -15.20622818,  -6.76996908, -24.08503948,
         1.79402471, -16.26499796, -15.63219826,  -5.51332282]), -5.5845287341977015, 5.424420181523936, 5.54]
[array([-12.28063536, -18.9083984 ,  -1.0894232 , -16.23250272,
         1.8091996 , -14.1659929 , -26.12725701,   0.39505516]), -6.286112651173919, 5.600607306183209, 6.14]
[array([-11.47509928,  -9.39070041,  -3.55633104, -18.9635349 ,
        -0.50346353, -15.6713679 , -22.7229527 ,  -8.33733677]), -5.488197610803077, 5.22797088088299, 5.64]
[array([-18.56786223, -16.88947343,  -2.69516598, -19.36295049,
         4.90550353,  -9.65096231, -22.93629251,  -9.62754712]), -5.703341781714434, 5.586694936441077, 5.53]
[array([-14.65021444, -14.23693326,  -5.42333141, -13.2305014 ,
         2.05022769, -14.52314732, -18.99355601,  -5.23581162]), -5.879663443760604, 5.586371639176002, 5.66]
[array([-17.54785674, -22.56239669,  -3.92007955, -15.47408708,
         7.88948928, -19.48742974, -19.54711842, -13.2763933 ]), -5.7388262224541196, 5.5868880598025665, 5.58]
[array([-18.41466528, -18.19846061,  10.35931629, -12.49839147,
        13.60428135, -12.45196232, -31.19051007,  -0.8426161 ]), -8.398027101705221, 5.517307592879733, 7.07]
[array([-23.60500365, -24.74789341,   2.22697518, -17.64491505,
         8.69183418, -12.91506125, -27.67028086,  -1.80140282]), -5.7045276096610555, 5.586719261617333, 5.44]
[array([-19.84691737, -22.19045924,   0.45729523, -20.35636798,
         5.93527233, -12.3011415 , -22.21141784,  -3.22912482]), -5.703453297333685, 5.586701079807881, 5.66]
[array([-16.32615522, -18.05044015,  -6.39548746,  -7.52065055,
         6.04152341, -12.56693981, -19.1055698 ,  -7.1546194 ]), -5.756517649400604, 5.5869727921640235, 5.6]
[array([-13.16607412, -22.06308283,  -2.26483623, -11.9287823 ,
         0.63823458, -10.10506898, -16.16138756,  -2.30110595]), -6.424830761746674, 5.5900354195789, 6.12]
[array([-16.49948933, -17.24755392,   2.17432367, -23.33822452,
         2.71439979, -10.06129752, -27.06779688,  -4.84684781]), -5.70342549103846, 5.586700071425884, 5.51]
[array([-18.23916746, -23.72104049,  -1.57919697, -13.77143154,
         7.71548768, -15.12144375, -27.97512907,  -7.21508676]), -5.733939274313729, 5.58686339727764, 5.69]
[array([-12.2121187 , -16.31039596,   0.36227696, -18.41549519,
         8.67795691, -10.161307  , -24.48391542,  -9.95416915]), -5.703344666542916, 5.586695028369183, 5.61]
[array([ -9.80590531, -10.80143378,   0.43395259, -10.99010991,
         8.75315974,  -9.98174621, -16.81428712,   2.81628592]), -5.710770245075556, 5.586370132764072, 5.53]
[array([-11.05735894, -19.65776405,  -0.06863592, -16.08242566,
        11.61041341, -15.33538886, -28.84876499,  -1.18327249]), -5.70368607733123, 5.586696816771985, 5.27]
[array([-17.14970081, -19.71963303,  -0.60107048, -20.1165865 ,
         7.62099074, -14.12113804, -20.10905829,  -4.15495363]), -5.703395244953336, 5.586693182847184, 5.28]
[array([-19.77407064, -14.74603986,   1.16431323, -13.4855097 ,
         3.70912822, -12.07597801, -20.64227755,  -2.3856674 ]), -7.213736421408363, 5.5949605837716465, 6.26]
[array([-23.13374609, -25.61119271,   1.95983231, -11.88817659,
         6.03697775,  -9.8916871 , -25.11329394,   2.37966672]), -5.900187263306199, 5.589517932830304, 5.91]
[array([-11.42712624, -10.18230934,   4.08845348, -20.86860521,
        12.49393012,  -9.84735979, -26.92246394,   0.61918868]), -5.703339478408286, 5.5866947968593905, 5.57]
[array([-23.51547151, -16.01088515,  -1.68305997, -13.2232253 ,
         6.50746702, -13.04900113, -18.18888471, -13.99269794]), -5.723455369498373, 5.586808829228333, 5.81]
[array([-1.54566139e+01, -1.27856534e+01,  1.89826817e-02, -1.41096222e+01,
        1.54688729e+01, -1.32271535e+01, -2.82107899e+01,  3.66991990e-02]), -5.703346141922847, 5.586694819922184, 5.69]
[array([-28.44034987, -25.34698687,   2.18640837, -11.57379153,
         9.30763576, -12.01859908, -14.84924293,   0.72939381]), -5.810633354987483, 5.585783521247579, 5.78]
[array([-19.48131984, -22.24922109,  17.84041536, -18.71047258,
         5.64889173,  -3.32171306, -29.880935  ,  -0.05166338]), -8.614939959982724, 5.586103740996507, 6.65]
[array([-10.89232081, -18.53304301,  -1.98448058,  -8.44280786,
         5.4357574 , -11.58252403, -20.39172266, -10.16526552]), -6.821535273437782, 5.577860333008072, 6.4]
[array([-25.27780439, -15.79123463,   6.31219085, -11.31413297,
        11.05380501,  -7.42874935, -28.96128496,   1.58652919]), -5.718819099374067, 5.587201244135824, 5.59]
[array([-26.98865266, -24.08961157,   3.92774101, -22.70944436,
         4.82522371, -15.66387924, -18.20331844,  -9.51331433]), -5.733984184214656, 5.5885494482508475, 5.45]
[array([-22.33718277, -13.7483952 ,   1.00966309, -18.24159842,
         6.66466202,  -9.12603412, -20.21226861,  -9.78674842]), -5.703372432135344, 5.586696812789265, 5.55]
[array([-15.83309057, -17.17001654,   2.05337295, -15.70604806,
         5.300578  ,  -6.59778142, -17.90628917, -15.51585922]), -5.703711460011333, 5.586717607505516, 5.71]
[array([-12.74195692, -23.84500622,  16.27359832, -16.40954615,
        10.12679375,  -0.64255631, -20.0471835 ,  -3.60934571]), -5.709076040097087, 5.587046012278048, 5.52]
[array([-15.62347381, -25.6905332 ,   7.8906667 , -25.21519027,
         4.36138462,  -6.80489675, -34.90164585,  -4.07240261]), -5.703368953429675, 5.586696606229327, 5.64]
[array([-15.57217364, -21.28266688,   5.52985185, -10.48795476,
        11.91383826,  -0.53357103, -17.26333235, -11.40411336]), -5.70334610010789, 5.586695203183769, 5.65]
[array([-19.8734492 , -17.01764151,   0.39469673, -23.95552066,
        -0.43569903,  -4.61592994, -18.60597203,  -9.37495988]), -5.703339943639523, 5.586694813438119, 5.78]
[array([-29.71303116, -13.75871933,  13.42501194, -19.95857965,
         6.74039727,  -1.87019445, -25.42861165,  -2.74193387]), -5.70430342055602, 5.5867539081648125, 5.57]
[array([-25.59137777, -18.64295948,  -1.17302484, -25.20506517,
         7.37130277, -18.21657351, -24.37497808,  -4.97449168]), -5.703353837547529, 5.5866939396382636, 5.56]
[array([-28.26160082, -18.38428368,   4.83878911, -10.94555241,
         4.36015573,  -4.62451067, -22.9883749 ,  -7.67628633]), -5.950667301571914, 5.6006151819201815, 5.61]
[array([-27.00863553, -19.02009778,   5.29097121, -13.20727937,
        14.70768941,  -7.29559709, -17.17196754,  -1.09531004]), -5.7033582074349365, 5.586694947929632, 5.81]
[array([-31.25213531, -25.94534611,   5.21858194, -19.28234739,
         6.35965042, -12.39376511, -19.99284018,  -9.32371602]), -5.731450354352807, 5.5884025649757945, 5.43]
[array([-23.57367709, -23.76012563,   1.82649219, -14.1808727 ,
        11.08474561, -13.93515056, -14.15620472,  -1.17670459]), -5.709443181781086, 5.586239836398135, 5.78]
[array([-33.66939177, -21.18485842,  -1.9870459 ,  -9.76196802,
        13.39945991, -11.01126881, -20.02614486,  -3.24180807]), -5.703401838626836, 5.586695146348353, 5.58]
[array([-35.76419837, -28.69013698,   1.30579771, -17.8909971 ,
         5.37455889, -11.39865757, -26.51579074,  -0.23329131]), -5.705578443623572, 5.586830245223757, 5.77]
[array([-25.87300194, -16.83305912,   0.28030497, -13.85951452,
         6.02531392, -12.82893786, -17.32821585,  -8.57364612]), -5.801460228141034, 5.5872450610109174, 5.53]
[array([-25.89328524, -25.34784199,   5.18711776, -16.9385499 ,
        17.65806666,  -9.75048729, -30.41142209,  -0.20822981]), -5.703339414116086, 5.586694780519231, 6.01]
[array([-29.68963516, -28.04297544,   3.82475191, -17.45196751,
         9.32062716, -11.33600116, -22.00697123, -13.05978976]), -5.704122292316556, 5.586736589331688, 5.72]
[array([-39.04275164, -22.35699302,   9.57194963, -18.39442547,
         3.91323306,  -8.69683035, -23.64170671,   6.98553505]), -7.100961444473098, 5.631238140820405, 5.7]
[array([-39.20279544, -26.50577065,   6.03882852, -26.22698193,
         2.82269397, -11.62119847, -20.66534287,  -5.91911309]), -5.704315212933827, 5.5867523483063355, 5.55]
[array([-30.95697983, -22.58334201,  -0.18244647, -26.58859024,
         5.164094  , -17.16364171, -19.59050627,  -1.47142573]), -5.691592792588191, 5.571950088255206, 5.71]
[array([-32.34243719, -28.77628873,   2.84355348, -16.72452659,
         6.09580334, -12.86176438,  -8.90229247,  -7.38296921]), -5.766108567908738, 5.581023501618338, 5.53]
[array([-25.02731103, -22.81038201,   6.83198331, -19.92978932,
         1.45200781,  -6.38513166, -23.3376986 ,  -1.95032969]), -5.727904438649574, 5.588189156608986, 5.71]
[array([-27.52877189, -21.30516943,   7.98408556, -28.99345251,
         6.91324792, -13.10980244, -14.74128688,   0.80200736]), -5.65932396341715, 5.531640454137118, 5.48]
[array([-33.37030636, -24.47279124,   3.51896959, -15.28901268,
         5.02419808,  -5.11539429, -12.91310535,  -2.44171628]), -5.704047617590649, 5.586709787094753, 5.7]
[array([-29.69755903, -25.48041229,  10.34769378, -17.85767258,
        16.0883293 ,  -8.57796152, -25.46305594,  -8.15183859]), -5.703365078850637, 5.586696363818663, 5.51]
[array([-29.53272435, -30.74687158,   6.95788619, -23.09105443,
         6.58128246, -13.3118169 , -17.9336546 , -14.12385361]), -5.710469700129765, 5.587131132319488, 5.64]
[array([-35.18669879, -23.03071251,   6.95180204, -24.49260551,
         4.77463383, -11.71730948,  -9.97000558,  -6.21132874]), -5.695608417487176, 5.574467668133435, 5.7]
[array([-30.66969229, -23.43003644,   1.15683981, -16.32789961,
         5.38843678, -15.00250791, -25.38879801,  -6.82125107]), -6.030819975628596, 5.588997685809892, 5.72]
[array([-36.34362431, -31.05214397,   2.31311545, -21.60594999,
         1.74571273, -17.95462597, -15.47781013,  -7.27803667]), -8.76126387858888, 5.45152695694472, 5.6]
[array([-3.37046636e+01, -3.02766335e+01, -3.97894898e-01, -2.38346775e+01,
        1.54720157e-02, -1.17575905e+01, -1.22037429e+01, -5.43362454e+00]), -5.428274964979547, 5.242778600195051, 3.86]
[array([-28.99881903, -24.85343294,  10.64680967, -19.26466571,
         6.19190288,  -7.812649  , -17.78338178,  -7.42344578]), -5.782051600068104, 5.591396702645911, 5.67]
[array([-33.45188139, -33.74294884,   2.19937808, -23.75069284,
         5.50140109, -15.88741273, -17.05274592,  -7.61501301]), -5.7044992679519195, 5.586689918983045, 5.63]
[array([-19.76297133, -23.95420474,   5.29823484, -24.6317498 ,
         2.26648862, -15.78644345, -19.54233776,  -5.50257745]), -5.956800570167148, 5.599760329647991, 5.64]
[array([-29.47539626, -21.30495483,   3.53762332, -13.63068859,
         5.71741054, -10.63142086, -18.85369783,   1.85343293]), -6.176538061281056, 5.607860885779843, 5.7]
[array([-19.56153634, -26.3900617 ,   5.14183276, -17.20469582,
         5.21546807, -13.28196687, -12.51234192,  -3.31367641]), -7.115436686353597, 5.587045057063951, 5.53]
[array([-24.71493697, -23.22263957,   2.8582955 , -17.13608624,
         4.8190428 , -12.83490103, -11.29668211,  -5.82113938]), -5.855503573730641, 5.582138855642768, 5.81]
[array([-29.46832415, -25.71337855,  -0.94695077, -13.13998343,
        11.35517027, -18.54336879, -13.16652303,  -1.97284849]), -5.758649223035914, 5.542171976730054, 5.7]
[array([-27.46069533, -30.993432  ,   8.97402708, -16.18820238,
         9.21038634,  -8.99041939, -18.19281564,  -8.18733325]), -5.754264838730885, 5.589765486305182, 5.53]
[array([-27.37505444, -22.49477401,   5.37537793, -20.3738662 ,
        11.67302444, -15.90982225, -22.295316  , -10.03838664]), -5.705171575319902, 5.586730481712416, 5.55]
[array([-24.7507895 , -31.85194288,   3.12587833, -15.94006598,
         7.73175118, -17.37230712, -13.00087427, -11.07713828]), -8.671268832384749, 5.491618462809984, 7.13]
[array([-21.48847838, -28.06111531,   9.22963676, -14.51077626,
         7.61858867,  -8.69757452, -17.36524589,   5.49102177]), -6.904142129117301, 5.628344777667294, 6.3]
[array([-26.37553718, -33.31066988,   2.39340682, -19.10635208,
         3.72800683, -14.82959716, -17.14528139,  -1.0122318 ]), -5.927464359452258, 5.498513811608717, 4.72]
[array([-28.63883014, -29.59432714,   4.59027265, -15.49416682,
         6.62003128, -13.19843606, -13.98487352,  -1.75623   ]), -6.765482588092709, 5.60769468819152, 5.76]
[array([-23.28087906, -28.60442618,   2.43740507, -17.21706508,
         3.43593633, -14.75366666, -13.8228777 , -12.30228987]), -8.037329216777001, 5.613800424165961, 6.29]
[array([-23.21861639, -30.9998019 ,  15.11570704, -21.76180085,
        11.38371792, -13.10893824, -20.8727352 ,   0.12757446]), -6.3116999391586, 5.61641988215937, 5.96]
[array([-26.88872812, -30.11549331,   3.81544766, -15.20193824,
         9.73952522, -17.68610456, -15.6305863 , -11.77773306]), -8.081626696601248, 5.529162666170561, 6.76]
[array([-26.84138643, -23.64815733,   2.42239488, -15.75413128,
         6.3961306 , -12.60489341, -14.10377121,  -5.4714614 ]), -5.772632162410743, 5.588742849959417, 5.35]
[array([-21.64485933, -30.43280874,   4.43510646, -10.5623408 ,
        12.42408004, -12.93922448, -16.77191386,  -3.77178241]), -6.0135781760220945, 5.587349048111953, 5.76]
[array([-17.93243021, -27.18599091,   4.64530423,  -9.79235923,
        13.39812074, -10.47726186, -12.01690598,  -7.71250121]), -5.730396679338413, 5.586845178657151, 5.63]
[array([-27.87637941, -30.98028241,   8.3617029 , -14.16397694,
         9.98549269, -12.45561529, -15.32260058, -11.45229126]), -8.308078414769469, 5.586192577781444, 6.93]
[array([-21.31575511, -28.72370356,   3.73586488, -19.47126157,
        11.75276455, -17.05612677, -20.76368279,  -5.10071834]), -5.705886903734381, 5.586710514165222, 5.8]
[array([-25.86191589, -30.50516097,   8.06674692, -18.32667699,
         7.67217044, -11.95919565,  -9.33946584, -14.65548007]), -5.920787988536851, 5.599066136733846, 5.45]
[array([-27.59912016, -27.53520057,   3.32216064, -17.87706737,
         9.1378106 , -16.7804534 ,  -9.75238621, -17.00842698]), -5.788986868965721, 5.587187760949914, 5.63]
[array([-26.91380827, -30.4472313 ,   7.92819149, -10.81079095,
        10.15142679,  -6.9826961 , -13.70642292,  -7.57187199]), -5.9045764020556035, 5.597787025262327, 5.52]
[array([-26.12275637, -28.88009533,   7.11587286, -16.21037587,
        14.07757322, -15.75415182, -18.50588127, -12.64599432]), -5.755095008676497, 5.586974703881967, 5.64]
[array([-26.78844158, -38.40715359,   5.74614509, -21.37534142,
         9.11668051, -12.77567913, -14.00633133, -13.07298422]), -5.703886433375971, 5.586728319010556, 5.77]
[array([-36.10853721, -31.69283086,  19.6951742 , -19.46634319,
        14.58489497,  -7.81257365, -12.97403823,  -8.27277699]), -5.8269121348628845, 5.593963281154027, 5.6]
[array([-25.43266811, -31.82580675,   7.50991526, -16.64221912,
         6.23739085, -11.51262268, -21.88688065,  -3.43803822]), -7.352697665519131, 5.631364337185399, 5.67]
[array([-32.58420696, -29.20849074,   5.33344548, -11.34775554,
         9.10984504,  -7.48127122, -17.61934539,  -7.09692355]), -5.744693414432009, 5.588626150950835, 5.65]
[array([-23.89274002, -33.77663387,   3.71607553, -17.80113953,
        11.086331  , -15.55787934, -22.40848055, -10.13485935]), -5.709114417919982, 5.586731917350525, 5.54]
[array([-29.04947049, -36.09081783,   6.17018499, -13.86780211,
         8.16141238,  -9.00411571, -20.90911112,  -5.52229339]), -5.794016537870111, 5.592053291243811, 5.5]
[array([-19.37532983, -25.20440158,   2.866705  , -10.66380141,
         7.65194316,  -9.0205581 , -15.41049049, -12.73031405]), -5.841853799261575, 5.587861677073464, 5.71]
[array([-26.91453979, -32.19477606,   3.90659829, -18.13019153,
        14.49001482, -17.96261987, -12.48430567, -20.04754888]), -5.705191289546149, 5.586705630401877, 5.55]
[array([-26.41260074, -30.79307758,   7.42409858, -12.74808511,
         8.16077536,  -9.57878002, -22.94368702,  -8.86196099]), -7.281490680582415, 5.631442253946096, 6.3]
[array([-27.31857925, -29.26805336,   1.57667786, -13.0913179 ,
         9.55039418, -13.61072886, -15.22357358, -11.81807706]), -5.7532511994426, 5.586959075865716, 5.59]
[array([-30.92262854, -27.59938767,   5.25608738, -16.67852288,
         7.81195042, -12.72927047, -17.1455634 ,  -8.43442383]), -5.831710650045612, 5.5938624123630865, 5.59]
[array([-16.30112756, -32.83141192,   4.5446364 , -13.65142673,
         5.89893563, -10.09496647, -19.56391449,  -8.89722349]), -6.317662858679628, 5.616274901808681, 5.6]
[array([-24.4643222 , -28.2094237 ,   8.95200545, -13.83766884,
         6.61796285,  -5.21193797, -25.57183263,  -8.81483087]), -5.861973687442767, 5.595911900973124, 5.18]
[array([-32.71870001, -28.65022129,   2.33877032, -12.43024011,
         2.26003805,  -7.53419159, -20.54111688,  -9.51265622]), -6.375470797781751, 5.618636768712424, 5.57]
[array([-30.48072665, -26.73751179,   6.43548878, -15.67833218,
         6.19367068,  -8.35631594, -20.98592107,  -7.94186791]), -5.7758019291624, 5.591032442407103, 5.43]
[array([-27.99177726, -26.92438324,  10.64464597, -17.36306528,
        10.86119348, -11.77400437, -18.89417252, -10.88689751]), -5.959801379911506, 5.60107730771702, 5.92]
[array([-31.11619823, -28.2993858 ,  11.26848573, -17.52198501,
         9.86933675,  -8.10670046, -26.60755772,  -9.07347977]), -5.731832245097908, 5.588426014582273, 5.34]
[array([-23.09105142, -27.94880757,   2.42892616, -14.84655634,
         4.40408634, -11.39057759, -18.24594677,  -8.73001739]), -6.073797391504144, 5.605735422671702, 5.75]
[array([-25.61388606, -27.5954955 ,  10.12671767, -12.72437918,
        10.45247632,  -7.3153012 , -21.24311057,  -7.47461327]), -5.9783109656063065, 5.602009163581305, 5.81]
[array([-30.4878262 , -32.96648758,  14.20510772, -16.26921264,
         8.99523088,  -8.17717984, -22.66651265,  -9.65760021]), -9.432401738143716, 5.517667527554215, 5.46]
[array([-22.7873164 , -27.02835316,   4.97470351,  -8.88737587,
         5.81500276,  -3.27921254, -21.48663586,  -8.02287408]), -5.839134966547895, 5.594642587663527, 5.42]
[array([-23.64586201, -26.40312731,   9.15975022, -14.7619107 ,
         4.12615872,  -4.944519  , -22.15452203,  -9.37598453]), -6.397448989432341, 5.619379865008421, 5.48]
[array([-27.14206379, -31.01387543,  14.73164669, -14.33722441,
         9.72239713,  -5.9683429 , -17.09118004, -11.02283963]), -8.248768478692051, 5.606612101911559, 6.16]
[array([-28.05683564, -31.94927597,  10.11221972, -16.69648307,
         4.94407507,  -3.32189324, -27.94128123,  -7.71260442]), -5.726901142444692, 5.588128772484333, 5.6]
[array([-26.9727355 , -33.68760201,   7.08625854, -10.62311432,
         8.72736806,  -8.35479918, -17.60565108, -13.52358558]), -7.276582624022529, 5.623940287902909, 6.57]
[array([-27.82392498, -32.14610651,  11.46083612, -17.2865313 ,
         9.1322494 ,  -8.18795184, -23.74229664,  -6.24818577]), -5.802007886100324, 5.592548607580499, 5.44]
[array([-29.01587964, -26.92920118,   8.90591171, -17.13355056,
         5.1575097 , -10.62619317, -20.94961165, -11.60523348]), -9.78836262892568, 5.477746853767189, 6.26]
[array([-27.43583862, -34.77568445,   4.57134406, -15.5608708 ,
         8.15265417, -15.03575206, -23.95392215,  -5.06319222]), -7.017506998431047, 5.5781667892011635, 6.44]
[array([-24.58853601, -28.30491909,   9.13887176, -15.06773642,
        12.06302834, -13.40473121, -21.14434712,  -5.90683233]), -6.5408657880823595, 5.5986727713394036, 5.95]
[array([-25.49496827, -31.20311802,   4.86460801, -16.65896241,
         3.87964043, -11.80088691, -24.09750823,  -8.35037801]), -7.329044453064996, 5.631540035493415, 5.59]
[array([-33.91104049, -28.91615387,   9.75366182, -16.17886927,
         9.56838508, -12.73522833, -22.14408075,  -3.31107139]), -8.472667865320966, 5.595067447560414, 6.01]
[array([-21.53311179, -29.93169377,   9.05645845, -17.00967185,
        12.77153319, -15.5111848 , -20.57824638,  -7.77936087]), -6.161449564377117, 5.59111388893864, 5.73]
[array([-30.87316777, -29.81961748,   9.96128357, -14.8241851 ,
        10.46555775,  -9.70314816, -22.39529064,  -4.85961259]), -6.009575712099426, 5.603549050548728, 5.77]
[array([-32.03439607, -32.80619342,   7.16579262, -17.50460333,
         9.77219008, -15.49635269, -24.28937079,  -3.11654534]), -6.5192486652766455, 5.606112785718905, 5.93]
[array([-27.01388487, -36.36502993,  13.31230217, -20.59655017,
         4.1576082 ,  -6.25655153, -27.92542402,  -4.7642968 ]), -6.174219930156291, 5.611037881386854, 5.4]
[array([-35.59709062, -34.53927959,   8.58238055, -20.71596526,
         4.23133442, -13.53875602, -24.26013923, -11.81367055]), -9.591821362537106, 5.50056586140842, 5.92]
[array([-25.29780183, -29.87698467,   5.20231408, -16.30876606,
         4.32785003, -12.63448504, -23.25834686, -12.96728581]), -9.668208001268093, 5.492269731264537, 5.86]
[array([-30.77728682, -32.69165839,   6.76531642, -16.09734421,
         5.12408792, -10.14283805, -23.1610488 ,  -6.70286074]), -6.787822799413273, 5.628958564277635, 5.46]
[array([-30.01873673, -26.48667797,  10.15052287, -20.15533092,
         7.88202358, -13.20634119, -23.70374337,  -6.90159633]), -6.4695984496199435, 5.621632018155938, 5.38]
[array([-30.85169259, -29.65533493,   6.21412214, -11.31540272,
         7.97486932,  -9.42007231, -21.11287452, -13.70305465]), -7.675702171514104, 5.610715925905847, 6.81]
[array([-29.95965345, -31.55423661,   8.86462572, -16.97268574,
         8.43512582, -11.67800336, -24.97348857, -11.75585418]), -6.345235485455418, 5.617608243148925, 5.72]
[array([-27.17704893, -25.12765032,  10.99672997, -17.84777458,
         7.62010952, -10.94776163, -24.56918649, -12.33527717]), -7.917356712510208, 5.619923030492528, 6.19]
[array([-33.17026119, -29.47021676,   8.8052745 , -14.75638117,
         4.48955286,  -7.6834277 , -20.87577219, -14.60831599]), -9.793474803545099, 5.477126596308104, 5.6]
[array([-32.47634222, -33.0754029 ,  10.02945083, -16.26711909,
         4.81952777,  -8.14392491, -23.56771593,  -9.72184554]), -9.345577878982809, 5.526457153119101, 4.72]
[array([-29.52719002, -33.66480958,  12.06812405, -17.00111901,
         7.87695725,  -9.00827145, -23.36015509, -10.1975442 ]), -7.436749158133279, 5.63054510955072, 5.48]
[array([-37.8489688 , -32.46658742,  13.08927271, -15.46679953,
         9.32175296,  -8.70616677, -21.194278  ,  -8.34303787]), -9.12874634203957, 5.546811542341187, 6.38]
[array([-30.64255495, -25.57149583,   8.28330018, -14.00003054,
         5.13865373,  -7.75945701, -21.49228093, -16.46963932]), -8.862546108305088, 5.568722430375805, 6.1]
[array([-33.35112598, -31.67916689,   9.62014186, -15.87739046,
         6.83228722,  -9.52331269, -21.40508066,  -9.23884642]), -7.8367798699106235, 5.622416248103645, 5.88]
[array([-34.74500525, -29.41111454,  10.06544097, -13.57221743,
         6.99286277,  -7.75922964, -23.02677656,  -9.94036278]), -9.843553897868182, 5.470994238386996, 6.75]
[array([-32.09775188, -31.96027166,  12.00858061, -12.94534809,
         5.72634229,  -3.85491019, -22.02021529,  -8.05448616]), -9.643810314713537, 5.494716699779992, 5.63]
[array([-33.63326587, -25.58024748,   8.46054555, -15.46334234,
         3.91656242,  -7.91206911, -20.88325808, -13.4813762 ]), -9.091159121263523, 5.550109212160364, 5.71]
[array([-33.68483842, -29.25464926,  12.28321142, -14.94852988,
         6.78373575,  -5.46580665, -20.88214735, -11.96994662]), -7.1745622273392655, 5.6320832728288455, 5.25]
[array([-34.02317306, -31.25836701,   8.75890908, -12.64659565,
         6.46294259,  -7.03935447, -19.27862795, -12.35941704]), -8.353855390816266, 5.6013588109932755, 5.57]
[array([-37.0054085 , -30.48504666,   9.37924309, -14.58238403,
         8.66073797, -10.51349751, -23.19901682, -10.39693656]), -8.268613539118851, 5.605734890801616, 6.6]
[array([-31.51541365, -31.58667994,  10.07022679, -14.16531209,
         4.88021308,  -5.27921873, -18.64927594, -12.35164061]), -7.607386249178045, 5.627937652887743, 5.86]
[array([-29.50222953, -27.32676669,  12.09714381, -12.33918593,
         8.71358862,  -5.91033214, -19.09383254, -14.35685251]), -8.991771941580476, 5.558506247373042, 6.35]
[array([-26.98891045, -30.590897  ,   9.91791285, -14.57559579,
         7.18383975,  -7.24712551, -16.60427391, -12.77721987]), -6.535123371224707, 5.62348893086649, 6.1]
[array([-26.91627985, -30.80560383,  10.10700761, -14.64295654,
         6.69087371,  -8.42411307, -23.34471398,  -7.50008019]), -9.659779261688952, 5.492895398854198, 6.02]
[array([-27.00323166, -30.83814784,  13.35822341, -16.08912216,
         5.99792296,  -5.92457427, -22.01264206,  -8.98521116]), -9.655302283520568, 5.493405691439218, 5.6]
[array([-30.61839893, -27.84389434,  10.51011051, -15.93470421,
         6.76043262,  -8.1226637 , -17.7330487 , -15.39459475]), -7.071856602466528, 5.63187721540418, 6.32]
[array([-29.34668511, -26.95676296,  12.76297818, -16.99821644,
         5.72080334,  -6.30411829, -19.88772388, -13.33536614]), -7.682915363297432, 5.6263759220534855, 6.06]
[array([-29.62291764, -27.31380113,   7.37222896, -16.20430878,
         6.01568269, -10.98853829, -22.66325844, -10.46024633]), -7.349505774826984, 5.631389229282734, 5.11]
[array([-31.58790567, -26.71891188,  14.38553699, -13.80295677,
         8.11254677,  -4.76150523, -19.96367566,  -7.75955364]), -9.760230790367013, 5.481130448803627, 6.33]
[array([-40.26679711, -29.78041284,   9.81921888, -13.82792117,
         5.34277636,  -6.398133  , -23.3972051 ,  -5.5609054 ]), -9.23566016133968, 5.5370589050318415, 5.09]
[array([-28.14270796, -26.26912759,  10.78028601, -16.04744144,
         5.02093387,  -6.94255797, -20.27830468, -11.21659575]), -8.27906694672349, 5.605147834827286, 5.43]
[array([-39.24095402, -26.18844655,  12.98092596, -15.02456998,
         5.30993175,  -4.40351786, -25.99376745,  -3.85220535]), -9.244596071712987, 5.536218706349802, 6.05]
[array([-37.33143812, -25.43983057,  13.82349833, -16.52194441,
         7.84679593,  -6.86455445, -25.5301259 ,  -7.81679698]), -7.633429431726271, 5.62742749278948, 5.31]
